07-09 13:00:38 - hexrd.config - find_orientations:use_quaternion_grid not specified, defaulting to None
07-09 13:00:38 - hexrd.findorientations - 	using map search with paintGrid on 7 processes
07-09 13:00:38 - hexrd.findorientations - clean option specified; recomputing eta/ome orientation maps
07-09 13:00:38 - hexrd.findorientations - building eta_ome maps using hkls: [0 1 2], [1 0 4], [1 1 0], [1 1 3], [2 0 2], [0 2 4]
07-09 13:01:29 - hexrd.findorientations - 		...took 50.632172 seconds
07-09 13:01:29 - hexrd.findorientations - saved eta/ome orientation maps to "/Users/bernier2/Documents/GitHub/hexrd-examples/NIST_ruby/multiruby_dexelas/include/results_mruby_composite_hexrd07_py38_ruby_eta-ome_maps.npz"
07-09 13:01:29 - hexrd.config - find_orientations:use_quaternion_grid not specified, defaulting to None
07-09 13:01:29 - hexrd.findorientations - 	generating search quaternion list using 7 processes
07-09 13:01:29 - hexrd.findorientations - 	using "blob_log" method for fiber generation
07-09 13:01:41 - hexrd.findorientations - 	fiber generation took 3.495 seconds
07-09 13:01:41 - hexrd.findorientations - 		...took 11.816400 seconds
07-09 13:01:41 - hexrd.findorientations - will test 426605 quaternions using 7 processes
07-09 13:01:41 - hexrd.config - find_orientations:omega:period not specified, defaulting to [-180.0, 180]
07-09 13:01:41 - hexrd.config - omega period specification is deprecated
07-09 13:01:41 - hexrd.indexer - using multiprocessing with 7 processes and a chunk size of 10
07-09 13:01:58 - hexrd.indexer - paintGrid took 17.012 seconds
07-09 13:01:58 - hexrd.findorientations - 		...took 17.148188 seconds
07-09 13:01:58 - hexrd.findorientations - 	Saving 426605 scored orientations with max completeness 100.000000%
07-09 13:01:58 - hexrd.findorientations - 	running clustering using 'dbscan'
07-09 13:02:00 - hexrd.findorientations - 	mean reflections per grain: 554
07-09 13:02:00 - hexrd.findorientations - 	neighborhood size: 11
07-09 13:02:01 - hexrd.findorientations - Feeding 395 orientations above 85.0% to clustering
07-09 13:02:01 - hexrd.config - find_orientations:use_quaternion_grid not specified, defaulting to None
07-09 13:02:01 - hexrd.findorientations - using euclidean DBSCAN
07-09 13:02:01 - hexrd.findorientations - dbscan found 0 noise points
07-09 13:02:01 - hexrd.findorientations - 	checking for duplicate orientations...
07-09 13:02:01 - hexrd.findorientations - clustering took 0.944381 seconds
07-09 13:02:01 - hexrd.findorientations - Found 3 orientation clusters with >=85.0% completeness and 1.000000 misorientation
07-09 13:02:01 - hexrd.findorientations - 		...took 2.876125 seconds
07-09 13:02:01 - hexrd.findorientations - 	found 3 grains
