#
# ID	PID	H	K	L	sum(int)	max(int)	pred tth          	pred eta          	 pred ome          	meas tth          	meas eta          	 meas ome          	meas X            	meas Y            	 meas ome
#
0     	1     	0  	-1 	-2 	1.070719e+06	1.445000e+04	4.412886756872e-02	-7.333817383807e-02	-3.818081486305e-01	4.414470862165e-02	-7.318818491819e-02	-3.818871491733e-01	4.758395231446e+01	-1.047820148750e-01	-3.818871491733e-01
1     	14    	0  	-1 	4  	5.619706e+06	1.444200e+04	6.020344197428e-02	-1.330044381439e+00	9.607955680385e-01	6.020468698809e-02	-1.330012321629e+00	9.597319384086e-01	1.659827098684e+01	-5.829475114843e+01	9.597319384086e-01
2     	14    	1  	-1 	-4 	2.647450e+06	1.440700e+04	6.020504660920e-02	5.942623448755e-01	1.088342259002e-01	6.020458000409e-02	5.943767507435e-01	1.092138463021e-01	5.366958697981e+01	3.876276106811e+01	1.092138463021e-01
3     	0     	1  	-2 	0  	1.030051e+06	1.447000e+04	6.454131061673e-02	-3.937593921774e-01	3.078947140837e-01	6.454324684081e-02	-3.938074511992e-01	3.079240866901e-01	6.405789029567e+01	-2.272785030209e+01	3.079240866901e-01
4     	0     	-1 	-1 	0  	2.002098e+06	1.446200e+04	6.454248974487e-02	-6.719620641693e-01	-8.988923870222e-01	6.454744831427e-02	-6.720319507451e-01	-8.986602290577e-01	5.457462674981e+01	-3.896684442803e+01	-8.986602290577e-01
5     	8     	1  	-2 	3  	9.850000e+04	1.003000e+03	7.364651475959e-02	-7.914814452806e-01	6.685199311336e-01	7.356877093879e-02	-7.916217626648e-01	6.679216021436e-01	5.586065934690e+01	-5.178779086948e+01	6.679216021436e-01
6     	8     	1  	-2 	-3 	1.403569e+06	1.442300e+04	7.364941682616e-02	3.881991292751e-02	4.316255549916e-02	7.366444096284e-02	3.897846037663e-02	4.329309747101e-02	7.874512930347e+01	6.381043074403e+00	4.329309747101e-02
7     	8     	-1 	-1 	-3 	1.391781e+06	1.448100e+04	7.365023255236e-02	-1.714002990245e-01	-8.434045730816e-01	7.365624813052e-02	-1.713360958158e-01	-8.433196629961e-01	7.774016349563e+01	-9.857228259317e+00	-8.433196629961e-01
8     	8     	2  	-1 	-3 	8.833200e+04	7.810000e+02	7.364734938629e-02	6.242801881306e-01	7.842646693581e-01	7.339982302689e-02	6.245871343856e-01	7.843275021596e-01	6.389677982747e+01	4.850068818184e+01	7.843275021596e-01
9     	4     	0  	-2 	2  	1.102520e+05	1.508000e+03	7.819315522059e-02	-9.098546798255e-01	-1.192392524199e-01	7.819376699818e-02	-9.098119586731e-01	-1.191965104380e-01	5.197092587726e+01	-6.168140454120e+01	-1.191965104380e-01
10    	4     	2  	-2 	-2 	7.123000e+03	1.170000e+02	7.819263179666e-02	1.565137391814e-01	5.470057008003e-01	7.820399654838e-02	1.564209963593e-01	5.470057008003e-01	8.260060355167e+01	1.619395217459e+01	5.470057008003e-01
11    	17    	0  	-2 	-4 	1.634513e+06	1.449400e+04	8.827923712479e-02	-7.337148585896e-02	-4.039428639320e-01	8.827623095106e-02	-7.340408493815e-02	-4.041905075788e-01	9.403271861656e+01	-3.422936504923e+00	-4.041905075788e-01
12    	45    	1  	-2 	-6 	1.762890e+06	1.444000e+04	9.592373005653e-02	3.236259457410e-01	-1.417006966605e-01	9.592390326379e-02	3.237300311106e-01	-1.416363342472e-01	9.703734722986e+01	3.555392325570e+01	-1.416363342472e-01
13    	45    	1  	1  	-6 	9.797660e+06	1.439600e+04	9.592039961846e-02	1.477585236680e+00	9.483244333335e-01	9.592354441785e-02	1.477566311565e+00	9.486504647768e-01	1.053359672275e+01	1.038727057105e+02	9.486504647768e-01
14    	45    	-1 	-1 	-6 	1.649856e+06	1.444400e+04	9.592418942857e-02	1.578026144609e-01	-8.270623800881e-01	9.593130717954e-02	1.577794365812e-01	-8.270503098185e-01	1.011158792879e+02	1.929242798339e+01	-8.270503098185e-01
15    	45    	2  	-1 	-6 	3.617113e+06	1.442100e+04	9.592119424430e-02	8.290108064202e-01	4.085796391115e-01	9.591857147454e-02	8.289818663301e-01	4.088520493788e-01	6.942158384288e+01	7.785950175089e+01	4.088520493788e-01
16    	2     	1  	-3 	1  	1.007010e+05	1.869000e+03	9.931847721998e-02	-5.949788546183e-01	1.693759430180e-01	9.932469311813e-02	-5.950066853391e-01	1.694181892723e-01	8.812419474528e+01	-5.529962865300e+01	1.694181892723e-01
17    	2     	2  	-3 	-1 	6.327600e+04	1.463000e+03	9.931816795958e-02	-1.892754986468e-01	3.879826703266e-01	9.932257031963e-02	-1.892781044956e-01	3.879826703266e-01	1.041613371862e+02	-1.627821537666e+01	3.879826703266e-01
18    	2     	3  	-2 	-1 	2.351200e+04	5.780000e+02	9.931683112097e-02	2.185450000489e-01	9.129424686738e-01	9.932202732068e-02	2.184762969121e-01	9.121478212749e-01	1.034971088831e+02	2.610805594822e+01	9.121478212749e-01
19    	2     	-1 	-2 	1  	1.616640e+05	1.157000e+03	9.931980939194e-02	-7.978518244116e-01	-6.772066250778e-01	9.932213469052e-02	-7.978555448893e-01	-6.771193931625e-01	7.458566851274e+01	-7.158701614437e+01	-6.771193931625e-01
20    	5     	2  	-3 	2  	1.260000e+03	6.300000e+01	1.014083463520e-01	-4.745242357374e-01	6.065485264647e-01	1.014166574436e-01	-4.751060121548e-01	6.021852033347e-01	9.650123758964e+01	-4.550585193679e+01	6.021852033347e-01
21    	5     	1  	-3 	-2 	8.480900e+04	2.092000e+03	1.014118132090e-01	-2.799759490527e-01	-6.080324930355e-03	1.014211236450e-01	-2.800055604221e-01	-6.080324930355e-03	1.041002595345e+02	-2.612703694209e+01	-6.080324930355e-03
22    	5     	-1 	-2 	-2 	1.042860e+05	1.152000e+03	1.014129596705e-01	-4.428399831634e-01	-6.822843471043e-01	1.014210694521e-01	-4.428691237065e-01	-6.822843471043e-01	9.801431510004e+01	-4.240652965629e+01	-6.822843471043e-01
23    	95    	0  	-1 	-8 	5.862600e+05	6.899000e+03	1.016814658144e-01	5.375164317054e-01	-5.843196850433e-01	1.016936456976e-01	5.375362602561e-01	-5.870600508363e-01	9.325780505542e+01	5.827586955273e+01	-5.870600508363e-01
24    	95    	1  	0  	-8 	1.039490e+06	1.441300e+04	1.016788803155e-01	1.137532918080e+00	-2.514562418628e-01	1.016857124664e-01	1.137511669624e+00	-2.514291969746e-01	4.607549977995e+01	1.005756794331e+02	-2.514291969746e-01
25    	19    	1  	-3 	4  	2.796029e+06	1.448900e+04	1.093771400149e-01	-8.663322404673e-01	3.970569099381e-01	1.093853785390e-01	-8.662836792052e-01	3.992481649404e-01	7.623475388440e+01	-8.456401739895e+01	3.992481649404e-01
26    	19    	2  	-3 	-4 	9.227190e+05	1.446700e+04	1.093797933780e-01	8.203743954600e-02	1.979173455237e-01	1.093786607388e-01	8.205616163516e-02	1.976431526996e-01	1.162428877435e+02	1.290203551569e+01	1.976431526996e-01
27    	19    	3  	-2 	-4 	1.972800e+04	4.210000e+02	1.093777478103e-01	4.665253540962e-01	6.731507629470e-01	1.093914563932e-01	4.664592711143e-01	6.731507629470e-01	1.042586299140e+02	5.530995352774e+01	6.731507629470e-01
28    	19    	-1 	-2 	4  	2.538830e+06	1.446600e+04	1.093784969177e-01	-1.126897726398e+00	-6.941026633039e-01	1.093854246879e-01	-1.126910265412e+00	-6.919442445641e-01	5.111197405026e+01	-1.009036864956e+02	-6.919442445641e-01
29    	6     	3  	-3 	0  	2.281200e+04	4.790000e+02	1.118259056337e-01	-8.374749371104e-02	7.230522469526e-01	1.118373276610e-01	-8.380061299766e-02	7.230522469526e-01	1.189211014313e+02	-6.423072304817e+00	7.230522469526e-01
30    	6     	0  	-3 	0  	3.449001e+06	1.449800e+04	1.118296002627e-01	-6.205801935954e-01	-2.696096839661e-01	1.118372550332e-01	-6.206271334387e-01	-2.698455335945e-01	9.742761156097e+01	-6.520715375059e+01	-2.698455335945e-01
31    	32    	2  	-3 	5  	2.294000e+03	4.200000e+01	1.149918733869e-01	-6.992908483728e-01	8.380814727100e-01	1.149848281607e-01	-6.991496884297e-01	8.380814727100e-01	9.439701625010e+01	-7.469996764141e+01	8.380814727100e-01
32    	32    	1  	-3 	-5 	3.718600e+04	7.930000e+02	1.149977237466e-01	-3.258775173222e-03	-1.411946759968e-01	1.150075541833e-01	-3.183113631583e-03	-1.411946759968e-01	1.226344451599e+02	3.074887298152e+00	-1.411946759968e-01
33    	32    	-1 	-2 	-5 	3.573100e+04	6.950000e+02	1.149985955909e-01	-1.379617152300e-01	-6.964352964912e-01	1.150075492570e-01	-1.379816478748e-01	-6.965017275394e-01	1.215453343501e+02	-1.323076873674e+01	-6.965017275394e-01
34    	32    	3  	-1 	-5 	1.078400e+04	1.320000e+02	1.149936610436e-01	7.706998970706e-01	8.623365166149e-01	1.150149248986e-01	7.709295002264e-01	8.623365166149e-01	8.820399505054e+01	8.795534552927e+01	8.623365166149e-01
35    	102   	0  	-2 	8  	1.289800e+04	2.600000e+02	1.204615217814e-01	-1.335540018248e+00	8.331663851351e-01	1.204680407174e-01	-1.335501129083e+00	8.361927681961e-01	3.128099588352e+01	-1.204634692277e+02	8.361927681961e-01
36    	102   	2  	-2 	-8 	1.594270e+05	2.149000e+03	1.204647354248e-01	5.952171439659e-01	7.245970360844e-02	1.204647840937e-01	5.952027388625e-01	7.249999045851e-02	1.064197704588e+02	7.472142305843e+01	7.249999045851e-02
37    	184   	1  	-1 	-10	2.262742e+06	1.444800e+04	1.240140833945e-01	8.018526499058e-01	-3.357377381857e-01	1.240191636507e-01	8.018447631388e-01	-3.360350661312e-01	9.214035151238e+01	9.749741610290e+01	-3.360350661312e-01
38    	184   	-1 	0  	-10	1.824428e+06	1.446500e+04	1.240138564539e-01	6.361425287926e-01	-9.952690088974e-01	1.240116519660e-01	6.361691593050e-01	-9.948336184010e-01	1.064941621447e+02	8.121125854089e+01	-9.948336184010e-01
39    	137   	1  	-2 	-9 	4.294980e+05	7.198000e+03	1.245059056984e-01	4.865001881106e-01	-2.756148261345e-01	1.245015190814e-01	4.864970262789e-01	-2.755008001348e-01	1.173596980099e+02	6.491106170219e+01	-2.755008001348e-01
40    	137   	1  	1  	-9 	1.796124e+06	1.441700e+04	1.245017466200e-01	1.430522352231e+00	-6.446195969468e-01	1.244966901226e-01	1.430476164162e+00	-6.446421457047e-01	1.940825308981e+01	1.334148581018e+02	-6.446421457047e-01
41    	137   	-1 	-1 	-9 	3.642710e+05	6.354000e+03	1.245061309332e-01	3.506135674677e-01	-8.276816926605e-01	1.245054131376e-01	3.506432346775e-01	-8.277225983282e-01	1.246888944022e+02	4.862092163551e+01	-8.277225983282e-01
42    	137   	2  	-1 	-9 	7.395700e+05	1.122500e+04	1.245032192548e-01	9.122571370785e-01	1.063996564280e-01	1.244987585553e-01	9.122678531695e-01	1.064485835596e-01	8.150585520701e+01	1.073488994970e+02	1.064485835596e-01
43    	3     	2  	-4 	0  	5.465310e+05	7.553000e+03	1.291499570179e-01	-3.943781499369e-01	2.729093978141e-01	1.291538010790e-01	-3.943163609373e-01	2.729467933242e-01	1.273875005693e+02	-4.894683308861e+01	2.729467933242e-01
44    	3     	-2 	-2 	0  	9.360230e+05	9.301000e+03	1.291523189693e-01	-6.731709566336e-01	-9.401888516756e-01	1.291580106703e-01	-6.732368609528e-01	-9.401449444847e-01	1.082109672746e+02	-8.164235845576e+01	-9.401449444847e-01
45    	12    	2  	-4 	3  	3.073810e+05	3.464000e+03	1.339416096932e-01	-6.153448665447e-01	4.364963812435e-01	1.339502637429e-01	-6.153611685436e-01	4.350312275845e-01	1.171003453868e+02	-7.828017785796e+01	4.350312275845e-01
46    	12    	2  	-4 	-3 	1.768890e+05	3.055000e+03	1.339448077349e-01	-1.646226666033e-01	1.296650786609e-01	1.339450163659e-01	-1.646204209565e-01	1.296898196742e-01	1.409888609566e+02	-1.969515068541e+01	1.296898196742e-01
47    	12    	-2 	-2 	-3 	2.331710e+05	3.575000e+03	1.339468456019e-01	-4.056367271502e-01	-9.000937903774e-01	1.339403476549e-01	-4.056599832199e-01	-9.000633256538e-01	1.315265387696e+02	-5.237402372397e+01	-9.000633256538e-01
48    	12    	4  	-2 	-3 	2.229080e+05	3.212000e+03	1.339416101226e-01	4.527889620560e-01	9.410913274420e-01	1.339421865464e-01	4.528460847788e-01	9.411235079973e-01	1.285072433567e+02	6.541450487073e+01	9.411235079973e-01
49    	12    	-2 	-2 	3  	4.630560e+05	4.757000e+03	1.339441276476e-01	-9.406822552292e-01	-1.018322167304e+00	1.339514031351e-01	-9.407189035621e-01	-1.018217356562e+00	8.503677168173e+01	-1.110125592527e+02	-1.018217356562e+00
50    	10    	1  	-4 	2  	2.803510e+05	2.266000e+03	1.365005982047e-01	-6.879708939164e-01	7.704278486626e-02	1.365070252392e-01	-6.879755276802e-01	7.712329633421e-02	1.129853442344e+02	-8.819663851840e+01	7.712329633421e-02
51    	10    	3  	-4 	-2 	1.308190e+05	1.851000e+03	1.364999972744e-01	-9.247076263836e-02	4.119454473721e-01	1.365095436856e-01	-9.251955553755e-02	4.118594943858e-01	1.450239056419e+02	-9.819583357520e+00	4.118594943858e-01
52    	10    	4  	-3 	-2 	1.090000e+03	3.600000e+01	1.364985001443e-01	2.041565015367e-01	7.874449646497e-01	1.364959782236e-01	2.037109314189e-01	7.874449646497e-01	1.425812931828e+02	3.269970373258e+01	7.874449646497e-01
53    	10    	-1 	-3 	2  	3.752660e+05	4.205000e+03	1.365019807608e-01	-8.453167093172e-01	-5.698573451410e-01	1.365070852264e-01	-8.453224395147e-01	-5.698249050278e-01	9.730582301278e+01	-1.045663461263e+02	-5.698249050278e-01
54    	106   	1  	-3 	-8 	9.352800e+04	1.194000e+03	1.367049102561e-01	2.011540690436e-01	-2.482159129733e-01	1.367075302653e-01	2.011470316803e-01	-2.522924626528e-01	1.428175388224e+02	3.237892284163e+01	-2.522924626528e-01
55    	106   	2  	1  	-8 	4.505870e+05	6.308000e+03	1.366997493652e-01	1.328137462060e+00	1.005485069089e+00	1.366949414854e-01	1.328156830461e+00	1.005938699291e+00	3.576783047778e+01	1.435775558173e+02	1.005938699291e+00
56    	106   	-1 	-2 	-8 	9.795900e+04	2.146000e+03	1.367055267311e-01	8.685932508232e-02	-7.152162617434e-01	1.367075707556e-01	8.687168900813e-02	-7.195028829631e-01	1.452488181928e+02	1.605023425329e+01	-7.195028829631e-01
57    	106   	3  	-1 	-8 	1.005400e+05	1.335000e+03	1.367001578136e-01	9.093498885839e-01	5.641464348392e-01	1.367080470062e-01	9.092894068234e-01	5.641464348392e-01	8.983748024405e+01	1.174323513775e+02	5.641464348392e-01
58    	191   	0  	-2 	-10	6.342010e+05	8.746000e+03	1.398449753082e-01	3.572362471656e-01	-5.443889897389e-01	1.398476189949e-01	3.572237473761e-01	-5.445426483720e-01	1.397177915187e+02	5.520403368641e+01	-5.445426483720e-01
59    	191   	2  	0  	-10	1.397351e+06	1.443700e+04	1.398400480630e-01	1.183272599367e+00	1.417042536864e-01	1.398296687520e-01	1.183260240132e+00	1.419860560556e-01	5.686168326242e+01	1.402279539689e+02	1.419860560556e-01
60    	302   	0  	0  	-12	1.019783e+06	1.368200e+04	1.419605883381e-01	8.952527028823e-01	-8.018595534146e-01	1.419552176166e-01	8.952609241105e-01	-8.018325164481e-01	9.494145331995e+01	1.205526753482e+02	-8.018325164481e-01
61    	24    	3  	-4 	4  	2.647320e+05	6.100000e+01	1.425255352488e-01	-4.973170699960e-01	7.330473798651e-01	1.439975806081e-01	-4.980954320869e-01	7.336013411935e-01	1.353317952678e+02	-6.929452588493e+01	7.336013411935e-01
62    	24    	1  	-4 	-4 	3.439550e+05	3.604000e+03	1.425321241021e-01	-2.214755718726e-01	-1.518835306182e-01	1.425385923698e-01	-2.214677212799e-01	-1.549271944461e-01	1.484429025938e+02	-2.959550716451e+01	-1.549271944461e-01
63    	24    	-1 	-3 	-4 	3.817940e+05	6.056000e+03	1.425332228804e-01	-3.343171294067e-01	-6.153755448866e-01	1.425396736831e-01	-3.343105539521e-01	-6.152264490036e-01	1.438359514960e+02	-4.595498608241e+01	-6.152264490036e-01
64    	54    	2  	-4 	6  	6.108800e+04	5.040000e+02	1.473931283521e-01	-7.935020867041e-01	6.160054480762e-01	1.474087893493e-01	-7.935741142676e-01	6.160054480762e-01	1.109888910407e+02	-1.077871374942e+02	6.160054480762e-01
65    	54    	2  	-4 	-6 	6.412470e+05	1.034500e+04	1.473989443378e-01	3.893329243548e-02	6.259898773132e-03	1.473984619034e-01	3.905616180810e-02	6.146210283586e-03	1.571301428439e+02	9.631048202108e+00	6.146210283586e-03
66    	54    	-2 	-2 	-6 	6.908350e+05	1.453800e+04	1.474005791219e-01	-1.717192688117e-01	-8.808290391671e-01	1.473980205049e-01	-1.717539638013e-01	-8.849525243196e-01	1.550696193805e+02	-2.311937184076e+01	-8.849525243196e-01
67    	54    	4  	-2 	-6 	6.473300e+04	8.030000e+02	1.473948010142e-01	6.257940375914e-01	7.387970726531e-01	1.474004144403e-01	6.257218726872e-01	7.387970726531e-01	1.275555936085e+02	9.483423142196e+01	7.387970726531e-01
68    	16    	4  	-4 	2  	6.569000e+03	1.000000e+02	1.510297333721e-01	-2.064637356875e-01	8.022432897308e-01	1.508711917705e-01	-2.064129564928e-01	8.029487013862e-01	1.577465862345e+02	-2.919385666585e+01	8.029487013862e-01
69    	16    	0  	-4 	-2 	2.258680e+05	3.617000e+03	1.510364973016e-01	-4.698525626401e-01	-3.372721482057e-01	1.510435362371e-01	-4.698536927445e-01	-3.372358303232e-01	1.440279888308e+02	-6.888198832510e+01	-3.372358303232e-01
70    	195   	1  	-3 	10 	9.638240e+05	1.076300e+04	1.540575397046e-01	-1.123756722676e+00	9.591166625357e-01	1.540656828712e-01	-1.123695565863e+00	9.624409901247e-01	7.225588972466e+01	-1.438219224180e+02	9.624409901247e-01
71    	195   	2  	-3 	-10	6.287410e+05	1.197200e+04	1.540636019109e-01	4.312913192417e-01	-9.231746361287e-02	1.540618517319e-01	4.312757583071e-01	-9.215548918802e-02	1.493265726419e+02	7.171716910029e+01	-9.215548918802e-02
72    	195   	-2 	-1 	-10	5.352480e+05	6.817000e+03	1.540642272221e-01	2.189962360712e-01	-9.767935444510e-01	1.540586935050e-01	2.190157926360e-01	-9.805853903566e-01	1.604903541301e+02	3.898795495201e+01	-9.805853903566e-01
73    	195   	3  	-2 	-10	1.160850e+06	1.384600e+04	1.540609641041e-01	7.473767847486e-01	2.295123116220e-01	1.540605068689e-01	7.474075928516e-01	2.296329481003e-01	1.206956463521e+02	1.143524101794e+02	2.296329481003e-01
74    	34    	0  	-4 	4  	4.131690e+05	3.739000e+03	1.565061527885e-01	-9.127629638744e-01	-1.831324987660e-01	1.565058242210e-01	-9.127542542125e-01	-1.832294136274e-01	1.029867954392e+02	-1.277606612234e+02	-1.832294136274e-01
75    	34    	4  	-4 	-4 	1.628200e+04	3.000000e+02	1.565051035297e-01	1.569137791424e-01	5.073637823273e-01	1.565132984947e-01	1.569875999309e-01	5.073637823273e-01	1.649974841367e+02	2.947901847057e+01	5.073637823273e-01
76    	115   	1  	-4 	8  	2.424120e+05	1.858000e+03	1.644577816445e-01	-1.044976769345e+00	4.176390773924e-01	1.644598516005e-01	-1.044969363503e+00	4.190096582207e-01	8.918531398951e+01	-1.474588694608e+02	4.190096582207e-01
77    	115   	3  	-4 	-8 	1.293100e+05	2.253000e+03	1.644624993389e-01	2.634721941258e-01	1.338490719491e-01	1.644598285707e-01	2.634343343427e-01	1.338490719491e-01	1.695182112882e+02	4.896937113227e+01	1.338490719491e-01
78    	115   	4  	-3 	-8 	1.892820e+05	3.539000e+03	1.644601465052e-01	5.301859606664e-01	4.424593040210e-01	1.644622983019e-01	5.301962085480e-01	4.424775611818e-01	1.515184314026e+02	9.170024304508e+01	4.424775611818e-01
79    	115   	-1 	-3 	8  	4.905990e+05	7.559000e+03	1.644591265677e-01	-1.283482239743e+00	-5.463563486357e-01	1.644616802197e-01	-1.283497308458e+00	-5.426096552160e-01	5.111358369246e+01	-1.639627196198e+02	-5.426096552160e-01
80    	155   	2  	-4 	9  	6.583000e+03	1.370000e+02	1.674444283552e-01	-9.168732613090e-01	8.004179245619e-01	1.674387971739e-01	-9.168766251044e-01	8.004179245619e-01	1.097040467039e+02	-1.375454370910e+02	8.004179245619e-01
81    	155   	2  	-4 	-9 	8.411700e+04	1.347000e+03	1.674521157193e-01	2.012684508223e-01	-1.000378781413e-01	1.674487588182e-01	2.013017316198e-01	-1.041544458219e-01	1.751937762132e+02	3.908729954273e+01	-1.041544458219e-01
82    	155   	-2 	-2 	-9 	8.403800e+04	1.889000e+03	1.674533639373e-01	1.504086836404e-02	-8.741783597834e-01	1.674347811972e-01	1.513223563468e-02	-8.741783597834e-01	1.788595485462e+02	6.277440482264e+00	-8.741783597834e-01
83    	155   	4  	-2 	-9 	2.033300e+05	2.480000e+03	1.674473758321e-01	7.501633573869e-01	5.331021328475e-01	1.674402749437e-01	7.501370682252e-01	5.331208024542e-01	1.309481542526e+02	1.245440178146e+02	5.331208024542e-01
84    	29    	2  	-5 	4  	8.603670e+05	9.468000e+03	1.693406190454e-01	-6.949090700298e-01	3.080906768621e-01	1.693411321765e-01	-6.948970797204e-01	3.082476184900e-01	1.395509945139e+02	-1.115302171985e+02	3.082476184900e-01
85    	29    	3  	-5 	-4 	3.797480e+05	5.861000e+03	1.693434833806e-01	-9.385008389261e-02	1.995766537007e-01	1.693483476626e-01	-9.386577355453e-02	1.996124452034e-01	1.801791225362e+02	-1.324326299546e+01	1.996124452034e-01
86    	29    	-3 	-2 	-4 	5.107500e+05	8.853000e+03	1.693462616858e-01	-3.767993543149e-01	-1.034788939952e+00	1.693508633376e-01	-3.768088897797e-01	-1.034704150951e+00	1.685310001892e+02	-6.252471525725e+01	-1.034704150951e+00
87    	29    	5  	-3 	-4 	5.611800e+04	1.136000e+03	1.693401050714e-01	3.928157913057e-01	8.210411454807e-01	1.693479492029e-01	3.927925158217e-01	8.210411454807e-01	1.671424970836e+02	7.232653168985e+01	8.210411454807e-01
88    	29    	-2 	-3 	4  	1.107905e+06	1.446200e+04	1.693432792801e-01	-9.669054533124e-01	-8.657403388761e-01	1.693461270361e-01	-9.669508218485e-01	-8.654485579736e-01	1.036864874992e+02	-1.444612012710e+02	-8.654485579736e-01
89    	491   	0  	-1 	-14	5.816540e+05	5.247000e+03	1.698297355994e-01	6.869071884234e-01	-6.899467277035e-01	1.698255111905e-01	6.869226709495e-01	-6.870301139900e-01	1.403338570841e+02	1.177315066142e+02	-6.870301139900e-01
90    	491   	1  	0  	-14	7.340610e+05	9.017000e+03	1.698271090228e-01	1.058731415478e+00	-5.870044868550e-01	1.698291759713e-01	1.058708900076e+00	-5.867816964953e-01	8.922975891832e+01	1.604333166885e+02	-5.867816964953e-01
91    	13    	4  	-5 	0  	1.814500e+04	4.140000e+02	1.709366858707e-01	-2.016745773108e-01	5.408171567709e-01	1.709417080809e-01	-2.016662920358e-01	5.408171567709e-01	1.790920527265e+02	-3.273809702071e+01	5.408171567709e-01
92    	13    	1  	-5 	0  	3.499150e+05	3.157000e+03	1.709407254887e-01	-5.549681356887e-01	-8.755929222871e-02	1.709468717870e-01	-5.549715520490e-01	-8.627132538119e-02	1.556567093233e+02	-9.203007898727e+01	-8.627132538119e-02
93    	13    	-1 	-4 	0  	4.454140e+05	4.948000e+03	1.709420666850e-01	-6.655333836269e-01	-5.406004248732e-01	1.709482445181e-01	-6.655582643047e-01	-5.406561843133e-01	1.442225968079e+02	-1.084816230190e+02	-5.406561843133e-01
94    	13    	5  	-4 	0  	1.942900e+04	3.950000e+02	1.709356033010e-01	3.574641776783e-02	8.417837602703e-01	1.709235387423e-01	3.572297043624e-02	8.417837602703e-01	1.825662350325e+02	1.007694108098e+01	8.417837602703e-01
95    	22    	1  	-5 	3  	1.438960e+05	1.417000e+03	1.745962049520e-01	-7.407958268368e-01	6.456426578307e-03	1.745937189526e-01	-7.407809631737e-01	6.456426578307e-03	1.383383340221e+02	-1.215760953390e+02	6.456426578307e-03
96    	22    	4  	-5 	-3 	2.789300e+04	7.290000e+02	1.745953223102e-01	-3.727306318456e-02	4.165955367642e-01	1.746030475197e-01	-3.725497884088e-02	4.165955367642e-01	1.865238419633e+02	-3.294280149300e+00	4.165955367642e-01
-999  	22    	5  	-4 	-3 	    nan     	    nan     	1.745937398177e-01	1.951243621716e-01	7.078108610891e-01	       nan        	       nan        	       nan        	       nan        	       nan        	       nan        
98    	22    	-1 	-4 	3  	1.629920e+05	1.955000e+03	1.745976106047e-01	-8.688070965503e-01	-5.168826124528e-01	1.746015642371e-01	-8.688223007602e-01	-5.167881673021e-01	1.213085520097e+02	-1.380590302670e+02	-5.167881673021e-01
-999  	23    	4  	-5 	3  	    nan     	    nan     	1.745926792050e-01	-3.629595727965e-01	6.673245669988e-01	       nan        	       nan        	       nan        	       nan        	       nan        	       nan        
100   	23    	1  	-5 	-3 	6.920100e+04	8.760000e+02	1.745997082249e-01	-3.651582342933e-01	-1.688426631052e-01	1.745947789900e-01	-3.651719311828e-01	-1.688426631052e-01	1.745370903583e+02	-6.259678820898e+01	-1.688426631052e-01
101   	23    	-1 	-4 	-3 	8.050800e+04	9.760000e+02	1.746009293344e-01	-4.620478148035e-01	-5.657391264099e-01	1.746050404524e-01	-4.620808283353e-01	-5.657391264099e-01	1.673832552112e+02	-7.905232102818e+01	-5.657391264099e-01
102   	23    	5  	-4 	3  	6.560800e+04	1.331000e+03	1.745921414716e-01	-1.242073428232e-01	9.683797129234e-01	1.745860003111e-01	-1.242085197772e-01	9.683797129234e-01	1.853092979264e+02	-1.935434330525e+01	9.683797129234e-01
103   	127   	0  	-4 	-8 	1.405570e+05	1.980000e+03	1.767310581647e-01	-7.354657290782e-02	-4.482883493617e-01	1.767317262446e-01	-7.351839801424e-02	-4.517322693944e-01	1.884488817673e+02	-1.016807683743e+01	-4.517322693944e-01
104   	211   	1  	-4 	-10	4.058710e+05	5.718000e+03	1.791755071870e-01	1.350855085362e-01	-3.136119946178e-01	1.791731619080e-01	1.350861538834e-01	-3.176386868055e-01	1.897724436490e+02	2.924091603104e+01	-3.176386868055e-01
105   	211   	3  	1  	-10	1.433239e+06	1.446600e+04	1.791684956488e-01	1.251570796617e+00	9.800083148034e-01	1.791661950875e-01	1.251509439240e+00	9.832484933480e-01	6.068807829739e+01	1.840405504351e+02	9.832484933480e-01
106   	211   	-1 	-3 	-10	3.714890e+05	4.762000e+03	1.791762031240e-01	4.824701651392e-02	-6.665604494124e-01	1.791695628997e-01	4.820732260504e-02	-6.703681752730e-01	1.913376660373e+02	1.278814342866e+01	-6.703681752730e-01
107   	211   	4  	-1 	-10	2.810000e+04	3.680000e+02	1.791686932678e-01	9.452027412029e-01	6.426561798282e-01	1.791728029695e-01	9.451459850529e-01	6.426561798282e-01	1.124115766553e+02	1.576956319214e+02	6.426561798282e-01
108   	338   	0  	-3 	12 	7.582000e+03	1.270000e+02	1.808293251618e-01	-1.345127007942e+00	7.012122372623e-01	1.808149898440e-01	-1.345190245462e+00	7.043290610650e-01	4.474302132888e+01	-1.840213598846e+02	7.043290610650e-01
109   	338   	3  	-3 	-12	2.651560e+05	4.426000e+03	1.808341566209e-01	5.967960130885e-01	3.598767855935e-02	1.808304393536e-01	5.968410133616e-01	3.600584563358e-02	1.599033347205e+02	1.114965112618e+02	3.600584563358e-02
110   	341   	0  	-3 	-12	1.555990e+05	2.155000e+03	1.808381107875e-01	2.558506265794e-01	-5.355470507704e-01	1.808373145320e-01	2.558512154636e-01	-5.356340093307e-01	1.870123742474e+02	5.221612675446e+01	-5.356340093307e-01
111   	341   	3  	0  	-12	4.492290e+05	8.406000e+03	1.808310323534e-01	1.175459818165e+00	3.626634708270e-01	1.808299131018e-01	1.175450253044e+00	3.627083542076e-01	7.488371046762e+01	1.806571257869e+02	3.627083542076e-01
112   	504   	2  	-2 	-14	7.088170e+05	7.724000e+03	1.817353744516e-01	7.454088135466e-01	-2.272316104675e-01	1.817330560656e-01	7.454119338591e-01	-2.230167832735e-01	1.428430373048e+02	1.344467325119e+02	-2.230167832735e-01
113   	66    	1  	-5 	6  	7.113270e+05	4.733000e+03	1.851376998482e-01	-9.055689896701e-01	1.165325222637e-01	1.851392653341e-01	-9.055780816031e-01	1.182755402016e-01	1.231158417114e+02	-1.513771439008e+02	1.182755402016e-01
114   	66    	5  	-4 	-6 	2.560300e+04	5.680000e+02	1.851377807150e-01	3.393828209796e-01	5.710031821143e-01	1.851389842213e-01	3.393571240546e-01	5.710031821143e-01	1.867107232185e+02	6.911050909098e+01	5.710031821143e-01
115   	66    	-1 	-4 	6  	7.331790e+05	8.428000e+03	1.851391133668e-01	-1.056141937458e+00	-4.956502279123e-01	1.851415002192e-01	-1.056137523275e+00	-4.954067270358e-01	9.857420939896e+01	-1.679060608815e+02	-4.954067270358e-01
116   	68    	4  	-5 	6  	2.339700e+04	4.280000e+02	1.851347786407e-01	-5.063222934885e-01	7.919957387903e-01	1.851561699727e-01	-5.062867716706e-01	7.919957387903e-01	1.736736803639e+02	-9.186083689822e+01	7.919957387903e-01
117   	68    	1  	-5 	-6 	2.709060e+05	4.252000e+03	1.851443115859e-01	-1.881426843094e-01	-2.402650027832e-01	1.851363890039e-01	-1.881365758383e-01	-2.401824896443e-01	1.946637304050e+02	-3.317210610179e+01	-2.401824896443e-01
118   	68    	-1 	-4 	-6 	2.931580e+05	4.994000e+03	1.851453768209e-01	-2.741441702579e-01	-5.917583303323e-01	1.851465466924e-01	-2.741778168810e-01	-5.917535228450e-01	1.908476482253e+02	-4.965563375335e+01	-5.917535228450e-01
119   	605   	1  	-2 	-15	1.329200e+05	1.997000e+03	1.889636040206e-01	6.472691298331e-01	-4.610635892112e-01	1.889646752648e-01	6.472799538858e-01	-4.610635892112e-01	1.612906959733e+02	1.246986334700e+02	-4.610635892112e-01
120   	605   	1  	1  	-15	2.474840e+05	4.516000e+03	1.889587514117e-01	1.248590547773e+00	-8.421042503474e-01	1.889608367071e-01	1.248640648585e+00	-8.420974096249e-01	6.452529703044e+01	1.939436524592e+02	-8.420974096249e-01
121   	605   	-1 	-1 	-15	1.066440e+05	1.202000e+03	1.889635822872e-01	5.480128826224e-01	-8.519098688449e-01	1.889662300116e-01	5.480418035755e-01	-8.517710856779e-01	1.725719925638e+02	1.082459704797e+02	-8.517710856779e-01
122   	605   	2  	-1 	-15	1.573810e+05	1.538000e+03	1.889608618098e-01	9.558136020385e-01	-2.771945351932e-01	1.889626145813e-01	9.558275655587e-01	-2.770510881832e-01	1.168381087324e+02	1.675639153799e+02	-2.770510881832e-01
123   	223   	0  	-4 	10 	1.245037e+06	1.451800e+04	1.904963233106e-01	-1.230953744425e+00	7.825512382619e-02	1.905066892536e-01	-1.230959311070e+00	8.255742533004e-02	6.929250527359e+01	-1.877659426848e+02	8.255742533004e-02
124   	223   	4  	-4 	-10	4.977190e+05	8.352000e+03	1.904999706003e-01	4.336554260677e-01	2.323826135125e-01	1.904940013118e-01	4.336762693155e-01	2.323912749525e-01	1.849327590152e+02	8.873565686064e+01	2.323912749525e-01
125   	50    	0  	-5 	-4 	3.125400e+05	4.747000e+03	1.924912989102e-01	-3.822001361045e-01	-3.826520065965e-01	1.924902877460e-01	-3.821943649051e-01	-3.826457381762e-01	1.914683785039e+02	-7.275003886445e+01	-3.826457381762e-01
126   	508   	1  	-3 	-14	2.903540e+05	2.697000e+03	1.929184463878e-01	4.444699613907e-01	-4.104863144661e-01	1.929212984892e-01	4.444657153430e-01	-4.094964465993e-01	1.863773102990e+02	9.184746088301e+01	-4.094964465993e-01
127   	508   	-1 	-2 	-14	2.527660e+05	2.795000e+03	1.929187174021e-01	3.571675489341e-01	-7.598812848744e-01	1.929143120626e-01	3.571544428630e-01	-7.597839427511e-01	1.934210087933e+02	7.536656858362e+01	-7.597839427511e-01
128   	508   	3  	-1 	-14	5.390460e+05	5.912000e+03	1.929131750969e-01	1.013837905348e+00	5.724390376390e-02	1.929083587117e-01	1.013855812704e+00	5.727789268845e-02	1.093798859347e+02	1.776605032857e+02	5.727789268845e-02
129   	15    	3  	-6 	0  	6.077960e+05	9.479000e+03	1.938939099005e-01	-3.954379708985e-01	2.378385699207e-01	1.938983278122e-01	-3.954093509094e-01	2.378865323321e-01	1.918786614967e+02	-7.585208908073e+01	2.378865323321e-01
130   	15    	-3 	-3 	0  	1.104292e+06	9.184000e+03	1.938974621236e-01	-6.752267501140e-01	-9.816256906103e-01	1.938929011594e-01	-6.752460185479e-01	-9.817307224818e-01	1.626735076830e+02	-1.253979268497e+02	-9.817307224818e-01
131   	215   	2  	-5 	10 	1.252400e+04	1.450000e+02	2.011941946060e-01	-9.548002138123e-01	5.920487786011e-01	2.011977221249e-01	-9.547491509407e-01	5.953487943059e-01	1.255717571651e+02	-1.714794971920e+02	5.953487943059e-01
132   	215   	5  	-3 	-10	2.429150e+05	2.742000e+03	2.011972875608e-01	6.423293604423e-01	5.073845401559e-01	2.011923571215e-01	6.423387081233e-01	5.073976167433e-01	1.725879920859e+02	1.319468366800e+02	5.073976167433e-01
133   	37    	4  	-6 	4  	2.602100e+04	3.070000e+02	2.030785844187e-01	-4.764682788748e-01	5.493736560306e-01	2.030978856878e-01	-4.764320706823e-01	5.504050845143e-01	1.938368172140e+02	-9.561642100132e+01	5.504050845143e-01
134   	52    	1  	-6 	4  	3.928910e+05	3.132000e+03	2.131589957337e-01	-7.752356593957e-01	-5.234729657230e-02	2.131544273080e-01	-7.752519825691e-01	-5.232522957901e-02	1.640979140980e+02	-1.556243539614e+02	-5.232522957901e-02
135   	52    	-1 	-5 	4  	4.113250e+05	4.098000e+03	2.131604148839e-01	-8.830931347848e-01	-4.925099615923e-01	2.131586456867e-01	-8.830956417336e-01	-4.924767268233e-01	1.460795370381e+02	-1.722296024162e+02	-4.924767268233e-01
136   	523   	4  	-3 	-14	1.909820e+05	2.018000e+03	2.135463905743e-01	7.091264696856e-01	1.362735276135e-01	2.135424301734e-01	7.091163558917e-01	1.362735276135e-01	1.738552670105e+02	1.519323276306e+02	1.362735276135e-01
137   	1     	0  	1  	2  	1.028727e+06	1.435000e+04	4.412886756872e-02	3.068213676745e+00	-3.375602948757e-01	4.412857792041e-02	3.068037781231e+00	-3.375423194912e-01	-4.498516331541e+01	6.485610970485e+00	-3.375423194912e-01
138   	14    	-1 	1  	4  	2.630979e+06	1.443700e+04	6.020504660920e-02	-2.547397321654e+00	1.814847086825e-01	6.021106694428e-02	-2.547531212917e+00	1.816124252147e-01	-5.112705408057e+01	-3.239816460578e+01	1.816124252147e-01
139   	0     	1  	1  	0  	1.807081e+06	1.435000e+04	6.454248974487e-02	2.469554522100e+00	-8.164362726663e-01	6.455178132118e-02	2.469428479899e+00	-8.162303050370e-01	-5.190817679095e+01	4.535269993225e+01	-8.162303050370e-01
140   	0     	-1 	2  	0  	9.989810e+05	1.434300e+04	6.454131061673e-02	2.747768800070e+00	3.777812383881e-01	6.454360503019e-02	2.747740700165e+00	3.778379015187e-01	-6.148613999628e+01	2.910434927220e+01	3.778379015187e-01
141   	8     	1  	1  	3  	1.310460e+06	1.433700e+04	7.365023255236e-02	2.970123407909e+00	-7.686596216949e-01	7.364786165844e-02	2.970156320170e+00	-7.685338389485e-01	-7.509609917204e+01	1.623366564945e+01	-7.685338389485e-01
142   	8     	-2 	1  	3  	3.140980e+05	1.209000e+03	7.364734938629e-02	-2.517396188151e+00	8.750082553937e-01	7.304041798288e-02	-2.517514894307e+00	8.759739437161e-01	-6.096298585352e+01	-4.190012077646e+01	8.759739437161e-01
143   	8     	1  	1  	-3 	3.519521e+06	1.436200e+04	7.364776613455e-02	1.971388836860e+00	-8.937651170799e-01	7.365648607542e-02	1.971455572143e+00	-8.944529001484e-01	-2.905744432075e+01	7.449984777345e+01	-8.944529001484e-01
144   	8     	-1 	2  	-3 	9.014200e+04	1.082000e+03	7.364651475959e-02	2.350014542665e+00	7.732679241596e-01	7.364854888646e-02	2.349921885822e+00	7.731066387136e-01	-5.328039341643e+01	5.823014569175e+01	7.731066387136e-01
145   	8     	-1 	2  	3  	1.376717e+06	1.443300e+04	7.364941682616e-02	-3.102840727009e+00	1.168673854168e-01	7.364900078820e-02	-3.102838077191e+00	1.169422015234e-01	-7.618991343633e+01	7.354781712863e-05	1.169422015234e-01
146   	4     	-2 	2  	2  	4.441000e+03	8.900000e+01	7.819263179666e-02	-2.985151936653e+00	6.261645052978e-01	7.819418829800e-02	-2.985236104936e+00	6.261645052978e-01	-8.000485309223e+01	-9.828617649191e+00	6.261645052978e-01
147   	4     	0  	2  	-2 	1.035760e+05	1.115000e+03	7.819315522059e-02	2.231620461683e+00	8.042618808929e-03	7.820109962876e-02	2.231596653402e+00	8.196170913749e-03	-4.940101217766e+01	6.807740371579e+01	8.196170913749e-03
148   	17    	0  	2  	4  	1.402476e+06	1.433900e+04	8.827923712479e-02	3.068139501717e+00	-3.154254799360e-01	8.827332831702e-02	3.068057873740e+00	-3.153547042237e-01	-9.148555218090e+01	9.803164698495e+00	-3.153547042237e-01
149   	45    	1  	1  	6  	1.638131e+06	1.443700e+04	9.592418942857e-02	-2.983879661706e+00	-7.299338708318e-01	9.592660098047e-02	-2.983868363461e+00	-7.298040603632e-01	-9.851059919477e+01	-1.293097507846e+01	-7.298040603632e-01
150   	45    	-2 	1  	6  	3.096553e+06	1.444400e+04	9.592119424430e-02	-2.312712841614e+00	5.504183681794e-01	9.592465734954e-02	-2.312657605799e+00	5.501429163683e-01	-6.685256699851e+01	-7.153271502021e+01	5.501429163683e-01
151   	45    	-1 	2  	6  	1.807820e+06	1.443600e+04	9.592373005653e-02	-2.818060061822e+00	-4.053504189217e-02	9.593227322223e-02	-2.818078466787e+00	-4.040968764595e-02	-9.453479295437e+01	-2.919079047880e+01	-4.040968764595e-02
152   	2     	2  	1  	1  	9.539900e+04	1.478000e+03	9.932010547909e-02	2.619168356870e+00	-1.002467427349e+00	9.932906984455e-02	2.619193414848e+00	-1.002550669816e+00	-8.952350821519e+01	5.522978193737e+01	-1.002550669816e+00
153   	2     	-3 	2  	1  	7.582000e+03	2.190000e+02	9.931683112097e-02	-2.923141530667e+00	1.014674078319e+00	9.930974357559e-02	-2.923058418596e+00	1.014674078319e+00	-1.008393979083e+02	-1.975994307599e+01	1.014674078319e+00
154   	2     	1  	2  	-1 	1.657920e+05	1.432000e+03	9.931980939194e-02	2.343609565955e+00	-5.350778449746e-01	9.932305501557e-02	2.343640823708e+00	-5.350778449746e-01	-7.197727647371e+01	7.798697946526e+01	-5.350778449746e-01
155   	2     	-1 	3  	-1 	1.067010e+05	1.530000e+03	9.931847721998e-02	2.546503131915e+00	2.892619978592e-01	9.932264563822e-02	2.546524956327e+00	2.892313281153e-01	-8.557550224183e+01	6.169565148342e+01	2.892313281153e-01
156   	2     	-2 	3  	1  	6.017300e+04	1.183000e+03	9.931816795958e-02	2.952223841267e+00	4.891047308816e-01	9.932266719873e-02	2.952208907411e+00	4.848646798059e-01	-1.016158592247e+02	2.266574522852e+01	4.848646798059e-01
157   	5     	1  	2  	2  	9.958900e+04	1.130000e+03	1.014129596705e-01	2.698649094401e+00	-5.700633711918e-01	1.014100994963e-01	2.698622136701e+00	-5.700870303759e-01	-9.541812138346e+01	4.880034186796e+01	-5.700870303759e-01
158   	5     	-2 	3  	-2 	6.400000e+02	3.200000e+01	1.014083463520e-01	2.666963212902e+00	7.205305958753e-01	1.014166574436e-01	2.666381436485e+00	7.205305958753e-01	-9.390470626192e+01	5.190625570833e+01	7.205305958753e-01
159   	5     	-1 	3  	2  	8.947500e+04	1.765000e+03	1.014118132090e-01	2.861519330117e+00	9.943428680429e-02	1.014103236566e-01	2.861557418673e+00	9.943428680429e-02	-1.015728863623e+02	3.250901097092e+01	9.943428680429e-02
160   	95    	0  	1  	8  	5.948230e+05	1.093800e+04	1.016814658144e-01	-2.604185453112e+00	-4.659854178110e-01	1.016804332763e-01	-2.604236833943e+00	-4.663368908786e-01	-9.069594680590e+01	-5.192058691702e+01	-4.663368908786e-01
161   	95    	-1 	0  	8  	1.026025e+06	1.445100e+04	1.016788803155e-01	-2.004283170409e+00	-1.029367799354e-02	1.016788219328e-01	-2.004266960732e+00	-1.011454795589e-02	-4.352923808539e+01	-9.423422168939e+01	-1.011454795589e-02
162   	19    	2  	1  	4  	1.131726e+06	1.434300e+04	1.093812596634e-01	2.939806761202e+00	-9.285053112792e-01	1.093946287716e-01	2.939786612941e+00	-9.321788928040e-01	-1.117996496113e+02	2.606119147246e+01	-9.321788928040e-01
163   	19    	-3 	2  	4  	2.968100e+04	5.470000e+02	1.093777478103e-01	-2.675180321059e+00	7.955811655235e-01	1.093874369903e-01	-2.675277211641e+00	7.955811655235e-01	-1.016758894320e+02	-4.896241574662e+01	7.955811655235e-01
164   	19    	1  	2  	-4 	2.196123e+06	1.437500e+04	1.093784969177e-01	2.014459814736e+00	-4.404674411380e-01	1.093766838785e-01	2.014324051962e+00	-4.407579176755e-01	-4.845787346739e+01	1.073005368759e+02	-4.407579176755e-01
165   	19    	-1 	3  	-4 	1.236530e+06	1.143600e+04	1.093771400149e-01	2.275104527901e+00	5.657294899581e-01	1.093764409403e-01	2.275109296329e+00	5.659169795038e-01	-7.362737818731e+01	9.096920610704e+01	5.659169795038e-01
166   	19    	-2 	3  	4  	9.398730e+05	1.443500e+04	1.093797933780e-01	-3.059656502728e+00	3.076650961122e-01	1.093804334267e-01	-3.059647304246e+00	3.076437315097e-01	-1.137404573153e+02	-6.530890182725e+00	3.076437315097e-01
167   	6     	0  	3  	0  	3.671321e+06	1.435300e+04	1.118296002627e-01	2.520885584100e+00	-1.322162127719e-01	1.118318872920e-01	2.520847360158e+00	-1.318317438429e-01	-9.488257562030e+01	7.161497113850e+01	-1.318317438429e-01
168   	6     	-3 	3  	0  	2.613400e+04	4.660000e+02	1.118259056337e-01	3.057741585755e+00	8.352711665465e-01	1.118219548415e-01	3.057745560985e+00	8.352711665465e-01	-1.163203015906e+02	1.279943424151e+01	8.352711665465e-01
169   	32    	1  	2  	5  	3.483300e+04	5.540000e+02	1.149985955909e-01	3.003523774027e+00	-5.803350982317e-01	1.149967106964e-01	3.003441299029e+00	-5.803350982317e-01	-1.189801804551e+02	1.962630213140e+01	-5.803350982317e-01
170   	32    	-3 	1  	5  	6.007100e+04	5.420000e+02	1.149936610436e-01	-2.371040693064e+00	1.022446063163e+00	1.150007042309e-01	-2.371077308921e+00	1.022446063163e+00	-8.557827270040e+01	-8.159448716801e+01	1.022446063163e+00
171   	32    	-2 	3  	-5 	7.850900e+04	1.228000e+03	1.149918733869e-01	2.442163107399e+00	9.882308524291e-01	1.149874198617e-01	2.442172791754e+00	9.882308524291e-01	-9.172660186932e+01	8.112938909446e+01	9.882308524291e-01
172   	32    	-1 	3  	5  	3.086400e+04	8.800000e+02	1.149977237466e-01	3.138227733334e+00	-2.619627403700e-02	1.149742707806e-01	3.138152060451e+00	-2.619627403700e-02	-1.201104476864e+02	3.321727719703e+00	-2.619627403700e-02
173   	102   	2  	0  	8  	1.050330e+05	1.514000e+03	1.204648679457e-01	-2.832520128878e+00	-1.032605435671e+00	1.204750410568e-01	-2.832550442715e+00	-1.032652129331e+00	-1.197710498664e+02	-3.579775055397e+01	-1.032652129331e+00
174   	102   	-2 	2  	8  	1.580840e+05	1.902000e+03	1.204647354248e-01	-2.546509801805e+00	2.178567552923e-01	1.204639256269e-01	-2.546452628278e+00	2.180252888000e-01	-1.039190795548e+02	-6.839955178083e+01	2.180252888000e-01
175   	184   	1  	0  	10 	1.656896e+06	1.443100e+04	1.240138564539e-01	-2.505592444569e+00	-8.412139249681e-01	1.240182583015e-01	-2.505651891121e+00	-8.412913979074e-01	-1.038978385988e+02	-7.488116586217e+01	-8.412913979074e-01
176   	184   	-1 	1  	10 	2.512132e+06	1.443900e+04	1.240140833945e-01	-2.339904630444e+00	-1.576551465604e-01	1.240124395519e-01	-2.339894482386e+00	-1.571174369279e-01	-8.962383136967e+01	-9.117511037668e+01	-1.571174369279e-01
177   	184   	0  	-1 	10 	2.262134e+06	1.445700e+04	1.240115765421e-01	-1.977042718267e+00	-8.242397537566e-01	1.240202294302e-01	-1.977118682810e+00	-8.243671602598e-01	-5.016913430328e+01	-1.172820386449e+02	-8.243671602598e-01
178   	137   	1  	1  	9  	3.616940e+05	7.569000e+03	1.245061309332e-01	-2.791101471984e+00	-6.951359788204e-01	1.245032104620e-01	-2.791085284595e+00	-6.951021284256e-01	-1.221303538226e+02	-4.227324437530e+01	-6.951021284256e-01
179   	137   	-2 	1  	9  	7.221630e+05	3.570000e+03	1.245032192548e-01	-2.229523315864e+00	3.093875714623e-01	1.245076130871e-01	-2.229534640068e+00	3.116043885194e-01	-7.899879037956e+01	-1.010369937596e+02	3.116043885194e-01
180   	137   	-1 	2  	9  	4.024340e+05	3.232000e+03	1.245059056984e-01	-2.655222490240e+00	-1.348225771507e-01	1.245073218056e-01	-2.655212722133e+00	-1.367800409698e-01	-1.148791476639e+02	-5.858188221356e+01	-1.367800409698e-01
181   	137   	-1 	-1 	9  	1.705391e+06	1.446500e+04	1.245017466200e-01	-1.711890002600e+00	1.919641781270e-01	1.245002866996e-01	-1.711908446633e+00	1.952441919632e-01	-1.691040167230e+01	-1.270847596957e+02	1.952441919632e-01
182   	3     	2  	2  	0  	9.458010e+05	1.015300e+04	1.291523189693e-01	2.468269172496e+00	-7.751360492631e-01	1.291499620599e-01	2.468218067002e+00	-7.751113077985e-01	-1.055710413586e+02	8.806371090430e+01	-7.751113077985e-01
183   	3     	-2 	4  	0  	5.384280e+05	8.916000e+03	1.291499570179e-01	2.747085343997e+00	4.127679629469e-01	1.291512925273e-01	2.747089228843e+00	4.128191871877e-01	-1.248692238166e+02	5.537139608293e+01	4.128191871877e-01
184   	12    	2  	2  	3  	2.135850e+05	1.564000e+03	1.339468456019e-01	2.735821315894e+00	-7.543532648704e-01	1.339407940524e-01	2.735781878131e+00	-7.562610453503e-01	-1.289378198401e+02	5.879904535789e+01	-7.562610453503e-01
185   	12    	2  	2  	-3 	4.526690e+05	4.929000e+03	1.339441276476e-01	2.200700467881e+00	-7.916069905694e-01	1.339433146294e-01	2.200662492613e+00	-7.915022713541e-01	-8.234841795242e+01	1.174334013979e+02	-7.915022713541e-01
186   	12    	-2 	4  	-3 	5.466900e+04	9.680000e+02	1.339416096932e-01	2.526096318578e+00	6.004115793948e-01	1.339372508362e-01	2.526069297853e+00	6.004115793948e-01	-1.145295440256e+02	8.470628589070e+01	6.004115793948e-01
187   	12    	-2 	4  	3  	1.798120e+05	4.493000e+03	1.339448077349e-01	2.976844609005e+00	2.654414740302e-01	1.339447175675e-01	2.976853542636e+00	2.654647694176e-01	-1.385166388916e+02	2.609599326643e+01	2.654647694176e-01
188   	10    	-4 	3  	2  	5.582000e+03	9.600000e+01	1.364985001443e-01	-2.937564870461e+00	9.268272789653e-01	1.364986877469e-01	-2.937550259107e+00	9.268272789653e-01	-1.400141368191e+02	-2.640636258975e+01	9.268272789653e-01
189   	10    	1  	3  	-2 	3.522360e+05	3.342000e+03	1.365019807608e-01	2.296085944711e+00	-3.645078595715e-01	1.364971688844e-01	2.296039641697e+00	-3.644669064996e-01	-9.471113718015e+01	1.109971359786e+02	-3.644669064996e-01
190   	10    	-1 	4  	-2 	2.793140e+05	3.094000e+03	1.365005982047e-01	2.453458586306e+00	2.535613783113e-01	1.365016753432e-01	2.453483373477e+00	2.534638059867e-01	-1.104530139999e+02	9.462652507937e+01	2.534638059867e-01
191   	10    	-3 	4  	2  	9.739000e+04	1.704000e+03	1.364999972744e-01	3.048995301077e+00	5.490301581356e-01	1.364968111036e-01	3.048936695858e+00	5.490495128495e-01	-1.425180345724e+02	1.621496622557e+01	5.490495128495e-01
192   	106   	1  	2  	8  	9.988000e+04	2.336000e+03	1.367055267311e-01	-3.054860044196e+00	-5.779957335100e-01	1.366951065529e-01	-3.054825263694e+00	-5.779957335100e-01	-1.427247898342e+02	-9.679293125844e+00	-5.779957335100e-01
193   	106   	-3 	1  	8  	1.043400e+04	2.150000e+02	1.367001578136e-01	-2.232448243593e+00	7.860935702140e-01	1.367058416197e-01	-2.232553285976e+00	7.860935702140e-01	-8.727854833742e+01	-1.111176333068e+02	7.860935702140e-01
194   	106   	-1 	3  	8  	9.636700e+04	1.473000e+03	1.367049102561e-01	-2.940567418725e+00	-1.087086426295e-01	1.367093577061e-01	-2.940554763472e+00	-1.129410212401e-01	-1.403659698181e+02	-2.602353252421e+01	-1.129410212401e-01
195   	191   	0  	2  	10 	6.622430e+05	1.222900e+04	1.398449753082e-01	-2.784494252906e+00	-3.951578103233e-01	1.398477636807e-01	-2.784498550858e+00	-3.951376818325e-01	-1.372384458436e+02	-4.886606743920e+01	-3.951376818325e-01
196   	191   	-2 	0  	10 	1.257216e+06	1.446200e+04	1.398400480630e-01	-1.958661651444e+00	5.080487705897e-01	1.398471998277e-01	-1.958663602431e+00	5.082576847586e-01	-5.434653490714e+01	-1.339313779472e+02	5.082576847586e-01
197   	302   	0  	0  	12 	9.980070e+05	9.045000e+03	1.419605883381e-01	-2.246549587265e+00	-5.754590921709e-01	1.419637734579e-01	-2.246552816014e+00	-5.755107783876e-01	-9.239293728092e+01	-1.142547121901e+02	-5.755107783876e-01
198   	24    	1  	3  	4  	3.950740e+05	6.550000e+03	1.425332228804e-01	2.807136167382e+00	-4.645154706845e-01	1.425291816538e-01	2.807133918286e+00	-4.644845134595e-01	-1.413127366722e+02	5.237733648604e+01	-4.644845134595e-01
199   	24    	-3 	4  	-4 	1.398262e+06	5.050000e+02	1.425255352488e-01	2.644125803825e+00	8.951431498996e-01	1.437248100385e-01	2.644241063011e+00	8.954665806938e-01	-1.325510202856e+02	7.547379089628e+01	8.954665806938e-01
200   	24    	-1 	4  	4  	3.294020e+05	4.093000e+03	1.425321241021e-01	2.919982146797e+00	-5.793056601640e-03	1.425288273891e-01	2.919955328648e+00	-5.753013354112e-03	-1.459741961939e+02	3.601174979698e+01	-5.753013354112e-03
201   	54    	2  	2  	6  	7.202930e+05	1.436200e+04	1.474005791219e-01	2.969735201389e+00	-7.312344840100e-01	1.473960144285e-01	2.969713099633e+00	-7.312769303550e-01	-1.525301535753e+02	2.952765058395e+01	-7.312769303550e-01
202   	54    	-4 	2  	6  	1.250470e+05	9.340000e+02	1.473948010142e-01	-2.515966581561e+00	9.204717257277e-01	1.473895956361e-01	-2.516012754852e+00	9.232181903655e-01	-1.249896875204e+02	-8.852096404253e+01	9.232181903655e-01
203   	54    	2  	2  	-6 	1.673300e+06	1.438200e+04	1.473956362127e-01	1.966450750505e+00	-7.987141167082e-01	1.473960282243e-01	1.966468801637e+00	-7.946499992114e-01	-5.913883691509e+01	1.470261816146e+02	-7.946499992114e-01
204   	54    	-2 	4  	-6 	1.050560e+05	8.010000e+02	1.473931283521e-01	2.347896433707e+00	8.257901500157e-01	1.473922472307e-01	2.347928842466e+00	8.257901500157e-01	-1.083728039987e+02	1.142109962778e+02	8.257901500157e-01
205   	54    	-2 	4  	6  	6.504150e+05	1.162000e+04	1.473989443378e-01	-3.102795611946e+00	1.537698957910e-01	1.473933909176e-01	-3.102805384585e+00	1.498764777708e-01	-1.546949768412e+02	-3.228632631682e+00	1.498764777708e-01
206   	16    	0  	4  	2  	2.360610e+05	4.166000e+03	1.510364973016e-01	2.671583607649e+00	-1.679555099325e-01	1.510299919002e-01	2.671594786353e+00	-1.679381350856e-01	-1.415299744273e+02	7.531792874300e+01	-1.679381350856e-01
207   	16    	-4 	4  	-2 	1.552500e+04	3.040000e+02	1.510297333721e-01	2.934986374293e+00	9.565397079814e-01	1.510306397629e-01	2.934913853338e+00	9.564059275105e-01	-1.553567612206e+02	3.566577805699e+01	9.564059275105e-01
208   	195   	2  	1  	10 	5.194580e+05	7.035000e+03	1.540642272221e-01	-2.922742226011e+00	-8.189775390052e-01	1.540676105619e-01	-2.922725633123e+00	-8.191521196410e-01	-1.579703796674e+02	-3.263494618030e+01	-8.191521196410e-01
209   	195   	-3 	2  	10 	1.169214e+06	1.262300e+04	1.540609641041e-01	-2.394409893999e+00	4.391811376198e-01	1.540660164741e-01	-2.394429074524e+00	4.393294485260e-01	-1.182336757450e+02	-1.080546704906e+02	4.393294485260e-01
210   	195   	-2 	3  	10 	6.343060e+05	7.930000e+03	1.540636019109e-01	-2.710458003682e+00	7.719950312522e-02	1.540654494506e-01	-2.710471253720e+00	7.727558368226e-02	-1.469067399852e+02	-6.539547154288e+01	7.727558368226e-02
211   	34    	-4 	4  	4  	1.595500e+04	3.970000e+02	1.565051035297e-01	-2.984825263686e+00	6.658057370276e-01	1.565025943796e-01	-2.984882174218e+00	6.658057370276e-01	-1.625287751400e+02	-2.309124789250e+01	6.658057370276e-01
212   	34    	0  	4  	-4 	4.156170e+05	4.129000e+03	1.565061527885e-01	2.228593220640e+00	7.195044577700e-02	1.565052840002e-01	2.228640287341e+00	7.210732371398e-02	-1.004329849020e+02	1.342111074588e+02	7.210732371398e-02
213   	115   	3  	1  	8  	1.253310e+05	1.362000e+03	1.644640387653e-01	3.119571546787e+00	-9.409405538496e-01	1.644751832201e-01	3.119552438175e+00	-9.423571864583e-01	-1.731379951480e+02	6.629170657703e+00	-9.423571864583e-01
214   	115   	-4 	3  	8  	1.636500e+04	2.280000e+02	1.644601465052e-01	-2.611582842490e+00	6.329337281778e-01	1.644731493366e-01	-2.611605231609e+00	6.329337281778e-01	-1.490759853602e+02	-8.539606125587e+01	6.329337281778e-01
215   	115   	1  	3  	-8 	4.849680e+05	4.303000e+03	1.644591265677e-01	1.857573632947e+00	2.018200826102e-02	1.644590536909e-01	1.857606375775e+00	2.247343488718e-02	-4.844441266060e+01	1.703847202052e+02	2.247343488718e-02
216   	115   	-1 	4  	-8 	2.461100e+04	4.390000e+02	1.644577816445e-01	2.096313024753e+00	7.432147553727e-01	1.644435201485e-01	2.096293310914e+00	7.432147553727e-01	-8.653211715966e+01	1.538991679468e+02	7.432147553727e-01
217   	115   	-3 	4  	8  	1.272000e+05	2.261000e+03	1.644624993389e-01	-2.878277864608e+00	3.041583542048e-01	1.644665045402e-01	-2.878229148123e+00	3.041750253923e-01	-1.671215115980e+02	-4.264071876543e+01	3.041750253923e-01
218   	155   	2  	2  	9  	7.495000e+04	1.316000e+03	1.674533639373e-01	-3.126706555752e+00	-7.067062633686e-01	1.674489964777e-01	-3.126606938012e+00	-7.110695864986e-01	-1.763956529530e+02	1.120352649376e-01	-7.110695864986e-01
219   	155   	-4 	2  	9  	6.823000e+03	1.080000e+02	1.674473758321e-01	-2.391640801327e+00	7.615031599770e-01	1.674127861449e-01	-2.391685343395e+00	7.615031599770e-01	-1.284327912356e+02	-1.182376649553e+02	7.615031599770e-01
220   	155   	2  	2  	-9 	4.599690e+05	4.949000e+03	1.674468305542e-01	1.777441950823e+00	-7.783829187277e-01	1.674450327913e-01	1.777413607765e+00	-7.764300482528e-01	-3.551196583370e+01	1.769669159270e+02	-7.764300482528e-01
221   	155   	-2 	4  	9  	8.256000e+04	1.217000e+03	1.674521157193e-01	-2.940482140480e+00	7.084483679940e-02	1.674497305840e-01	-2.940529207001e+00	6.996810269810e-02	-1.728139803207e+02	-3.271776967294e+01	6.996810269810e-02
222   	29    	3  	2  	4  	5.060410e+05	6.241000e+03	1.693462616858e-01	2.764624974723e+00	-8.527281361941e-01	1.693537787959e-01	2.764614311518e+00	-8.526934566215e-01	-1.659742346915e+02	6.898102943595e+01	-8.526934566215e-01
223   	29    	-5 	3  	4  	1.544640e+05	2.250000e+03	1.693401050714e-01	-2.748946264494e+00	1.004261060684e+00	1.693517817829e-01	-2.748902077732e+00	1.004191400732e+00	-1.646321364262e+02	-6.601695707999e+01	1.004191400732e+00
224   	29    	2  	3  	-4 	9.988750e+05	1.244100e+04	1.693432792801e-01	2.174411529708e+00	-5.689451582593e-01	1.693394472533e-01	2.174396072980e+00	-5.684471748278e-01	-1.010429637611e+02	1.509173005224e+02	-5.684471748278e-01
225   	29    	-2 	5  	-4 	8.887200e+05	7.570000e+03	1.693406190454e-01	2.446479812565e+00	5.282082810139e-01	1.693421642957e-01	2.446488255284e+00	5.281407730327e-01	-1.370225851379e+02	1.180077661690e+02	5.281407730327e-01
226   	29    	-3 	5  	4  	3.994360e+05	6.894000e+03	1.693434833806e-01	3.047585368448e+00	3.696663881503e-01	1.693488589959e-01	3.047555182823e+00	3.697032775199e-01	-1.777743558607e+02	1.965830543162e+01	3.697032775199e-01
227   	491   	0  	1  	14 	5.601250e+05	7.097000e+03	1.698297355994e-01	-2.454888445715e+00	-4.706761403394e-01	1.698284024343e-01	-2.454913381596e+00	-4.707147938710e-01	-1.378719081815e+02	-1.114430455056e+02	-4.707147938710e-01
228   	491   	-1 	0  	14 	7.310300e+05	1.111800e+04	1.698271090228e-01	-2.083181482308e+00	-2.430967261524e-01	1.698258050174e-01	-2.083169361585e+00	-2.430131101671e-01	-8.673171785901e+01	-1.541517701216e+02	-2.430131101671e-01
229   	491   	1  	-1 	14 	7.456120e+05	7.328000e+03	1.698265165152e-01	-2.246247578687e+00	-9.069335881509e-01	1.698382035724e-01	-2.246280989909e+00	-9.069085942492e-01	-1.110637407947e+02	-1.377752710676e+02	-9.069085942492e-01
230   	13    	1  	4  	0  	4.334130e+05	4.288000e+03	1.709420666850e-01	2.475858395485e+00	-3.235870216489e-01	1.709415990982e-01	2.475871940008e+00	-3.224306045564e-01	-1.417005004096e+02	1.149495356508e+02	-3.224306045564e-01
231   	13    	-5 	4  	0  	1.682100e+04	4.460000e+02	1.709356033010e-01	-3.106004323268e+00	1.012827693465e+00	1.709302092010e-01	-3.105979753474e+00	1.008464370335e+00	-1.800693621578e+02	-3.697052648045e+00	1.008464370335e+00
232   	13    	-4 	5  	0  	1.932100e+04	3.040000e+02	1.709366858707e-01	2.939756817457e+00	7.152751742815e-01	1.709256053651e-01	2.939823862542e+00	7.152751742815e-01	-1.766154296889e+02	3.915650019706e+01	7.152751742815e-01
233   	13    	-1 	5  	0  	3.514210e+05	3.620000e+03	1.709407254887e-01	2.586438616547e+00	1.133909688562e-01	1.709386408041e-01	2.586466550119e+00	1.172171163140e-01	-1.531847869514e+02	9.849425072654e+01	1.172171163140e-01
-999  	22    	-5 	4  	3  	    nan     	    nan     	1.745937398177e-01	-2.946632795480e+00	8.857614256981e-01	       nan        	       nan        	       nan        	       nan        	       nan        	       nan        
235   	22    	1  	4  	-3 	1.551390e+05	1.850000e+03	1.745976106047e-01	2.272535591153e+00	-2.474113532068e-01	1.745869960229e-01	2.272546428531e+00	-2.473877279970e-01	-1.187381373925e+02	1.445234091274e+02	-2.473877279970e-01
236   	22    	-1 	5  	-3 	1.467670e+05	1.632000e+03	1.745962049520e-01	2.400578102694e+00	2.425820019809e-01	1.745991105623e-01	2.400624246400e+00	2.427252986176e-01	-1.358353370633e+02	1.280595397089e+02	2.427252986176e-01
237   	22    	-4 	5  	3  	1.291200e+04	3.430000e+02	1.745953223102e-01	3.104158091294e+00	5.913121925356e-01	1.745971435629e-01	3.104130565542e+00	5.913121925356e-01	-1.841025703399e+02	9.706968296107e+00	5.913121925356e-01
238   	23    	1  	4  	3  	7.966200e+04	1.083000e+03	1.746009293344e-01	2.679364533314e+00	-3.707989132969e-01	1.746030520353e-01	2.679306550960e+00	-3.717470879184e-01	-1.649050084748e+02	8.552618457876e+01	-3.717470879184e-01
239   	23    	-4 	5  	-3 	4.162000e+03	1.000000e+02	1.745926792050e-01	2.778460444258e+00	8.540225243880e-01	1.745753161723e-01	2.778629441781e+00	8.540225243880e-01	-1.722168997890e+02	6.864349126782e+01	8.540225243880e-01
240   	23    	-1 	5  	3  	6.911100e+04	1.171000e+03	1.745997082249e-01	2.776261631034e+00	1.801842719384e-02	1.745974957940e-01	2.776272694090e+00	1.772926888424e-02	-1.721191052022e+02	6.905355600956e+01	1.772926888424e-02
241   	127   	0  	4  	8  	1.366200e+05	2.200000e+03	1.767310581647e-01	3.067882265986e+00	-2.710795937440e-01	1.767325710013e-01	3.067922631317e+00	-2.710632416620e-01	-1.860569841271e+02	1.657842378122e+01	-2.710632416620e-01
242   	211   	1  	3  	10 	3.764880e+05	4.060000e+03	1.791762031240e-01	-3.093511472612e+00	-4.871772572668e-01	1.791642207585e-01	-3.093494106026e+00	-4.883134263338e-01	-1.889230664417e+02	-6.410687487361e+00	-4.883134263338e-01
243   	211   	-4 	1  	10 	2.570390e+05	3.377000e+03	1.791686932678e-01	-2.196672716171e+00	9.470146254140e-01	1.791682884768e-01	-2.196673714404e+00	9.470035914463e-01	-1.098665171132e+02	-1.514290130094e+02	9.470035914463e-01
244   	211   	-1 	4  	10 	4.057860e+05	6.787000e+03	1.791755071870e-01	-3.006674308639e+00	-1.328000448684e-01	1.791748457842e-01	-3.006656005528e+00	-1.327713457279e-01	-1.874108026281e+02	-2.287558524848e+01	-1.327713457279e-01
245   	338   	3  	0  	12 	1.747800e+05	3.273000e+03	1.808343558555e-01	-2.831821048548e+00	-1.000915973510e+00	1.808536008616e-01	-2.831786372637e+00	-1.000900695138e+00	-1.816439433499e+02	-5.586074220353e+01	-1.000900695138e+00
246   	338   	-3 	3  	12 	2.449270e+05	2.788000e+03	1.808341566209e-01	-2.544998749848e+00	2.543246212073e-01	1.808327284169e-01	-2.544969772136e+00	2.543366461907e-01	-1.575187988711e+02	-1.052126142689e+02	2.543366461907e-01
247   	341   	0  	3  	12 	1.548510e+05	2.646000e+03	1.808381107875e-01	-2.885914836435e+00	-3.486632082327e-01	1.808438783111e-01	-2.885898904843e+00	-3.526122367183e-01	-1.846364443448e+02	-4.587818120405e+01	-3.526122367183e-01
248   	341   	-3 	0  	12 	7.549000e+03	1.420000e+02	1.808310323534e-01	-1.966566713365e+00	8.248421577523e-01	1.808188475597e-01	-1.966587661965e+00	8.248421577523e-01	-7.237172464799e+01	-1.743638432578e+02	8.248421577523e-01
249   	504   	2  	0  	14 	4.932450e+05	7.284000e+03	1.817351078718e-01	-2.609171457652e+00	-8.776236988325e-01	1.817441760682e-01	-2.609190957459e+00	-8.772984609929e-01	-1.649315855449e+02	-9.529058384429e+01	-8.772984609929e-01
250   	504   	-2 	2  	14 	7.210610e+05	5.248000e+03	1.817353744516e-01	-2.396412476292e+00	1.948883986944e-02	1.817306751642e-01	-2.396367667679e+00	1.953901081485e-02	-1.404285739698e+02	-1.281831264850e+02	1.953901081485e-02
251   	504   	0  	-2 	14 	1.086848e+06	1.147100e+04	1.817308746657e-01	-1.881980442938e+00	-9.142819925925e-01	1.817384238288e-01	-1.882008119545e+00	-9.135354950208e-01	-5.738973905378e+01	-1.808638828346e+02	-9.135354950208e-01
252   	66    	4  	1  	6  	3.120380e+05	6.403000e+03	1.851423754912e-01	2.919615070228e+00	-1.032604309056e+00	1.851504198081e-01	2.919622840286e+00	-1.032615090185e+00	-1.908716596922e+02	4.610511198768e+01	-1.032615090185e+00
253   	66    	-5 	4  	6  	2.443900e+04	3.840000e+02	1.851377807150e-01	-2.802391367446e+00	7.672640537824e-01	1.851424303897e-01	-2.802432745146e+00	7.672640537824e-01	-1.843011209061e+02	-6.278482003213e+01	7.672640537824e-01
254   	66    	1  	4  	-6 	6.934220e+05	7.988000e+03	1.851391133668e-01	2.085102833760e+00	-1.227190350312e-01	1.851385114081e-01	2.085115267955e+00	-1.184658297728e-01	-9.596356822779e+01	1.743794955817e+02	-1.184658297728e-01
255   	66    	-1 	5  	-6 	7.146950e+05	7.149000e+03	1.851376998482e-01	2.235746273639e+00	4.151518838599e-01	1.851346440232e-01	2.235771480571e+00	4.151985333426e-01	-1.205574454803e+02	1.578610691285e+02	4.151985333426e-01
256   	66    	-4 	5  	6  	2.734840e+05	4.477000e+03	1.851397669689e-01	-3.026734218895e+00	4.841553172350e-01	1.851440432758e-01	-3.026718439357e+00	4.842142694185e-01	-1.943543560279e+02	-1.984680560763e+01	4.842142694185e-01
257   	68    	1  	4  	6  	3.103550e+05	5.537000e+03	1.851453768209e-01	2.867270645398e+00	-3.994694144512e-01	1.851472529423e-01	2.867244766825e+00	-3.994439674152e-01	-1.884283987878e+02	5.611176603539e+01	-3.994439674152e-01
258   	68    	-4 	5  	-6 	1.666450e+05	2.595000e+03	1.851347786407e-01	2.635074607695e+00	1.003517249445e+00	1.851327559774e-01	2.635109649517e+00	1.007660344480e+00	-1.710967471271e+02	9.833687213051e+01	1.007660344480e+00
259   	68    	-1 	5  	6  	2.740400e+05	3.257000e+03	1.851443115859e-01	2.953275699452e+00	-5.181110651176e-02	1.851411565995e-01	2.953263153658e+00	-5.535668072687e-02	-1.922960352913e+02	3.961820059442e+01	-5.535668072687e-02
260   	605   	1  	1  	15 	1.000060e+05	1.395000e+03	1.889635822872e-01	-2.593784481618e+00	-6.307854625361e-01	1.889633265739e-01	-2.593796770907e+00	-6.307854625361e-01	-1.701337076946e+02	-1.019544108491e+02	-6.307854625361e-01
261   	605   	-2 	1  	15 	1.629980e+05	1.686000e+03	1.889608618098e-01	-2.186081860734e+00	4.832801011070e-02	1.889624117454e-01	-2.186074990392e+00	4.832801011070e-02	-1.144110828629e+02	-1.613077049842e+02	4.832801011070e-02
262   	605   	-1 	2  	15 	1.228070e+05	1.478000e+03	1.889636040206e-01	-2.494542556296e+00	-2.246080829710e-01	1.889602243848e-01	-2.494526064886e+00	-2.246080829710e-01	-1.588937219003e+02	-1.184278591898e+02	-2.246080829710e-01
263   	605   	2  	-1 	15 	1.485790e+05	1.371000e+03	1.889600085981e-01	-2.430617372277e+00	-9.930505278698e-01	1.889659765422e-01	-2.430624530957e+00	-9.930505278698e-01	-1.507225401781e+02	-1.283972693464e+02	-9.930505278698e-01
264   	605   	-1 	-1 	15 	2.273060e+05	3.790000e+03	1.889587514117e-01	-1.893553471942e+00	-2.610136180628e-01	1.889659516692e-01	-1.893567668542e+00	-2.608986927393e-01	-6.205355750861e+01	-1.876632332925e+02	-2.608986927393e-01
265   	223   	-4 	4  	10 	5.362280e+05	6.167000e+03	1.904999706003e-01	-2.708131363003e+00	4.421697852194e-01	1.905099175728e-01	-2.708129488223e+00	4.422035540472e-01	-1.825909285543e+02	-8.243830016677e+01	4.422035540472e-01
266   	223   	0  	4  	-10	3.109000e+03	3.200000e+01	1.904963233106e-01	1.910110011975e+00	6.369017324956e-01	1.892912217007e-01	1.911691514402e+00	6.376750329281e-01	-6.646078726867e+01	1.928660056274e+02	6.376750329281e-01
267   	50    	0  	5  	4  	3.155460e+05	4.739000e+03	1.924912989102e-01	2.759200639576e+00	-1.752868705931e-01	1.924940485455e-01	2.759196315359e+00	-1.751485367698e-01	-1.890675763286e+02	7.923703703007e+01	-1.751485367698e-01
268   	508   	1  	2  	14 	2.683450e+05	3.748000e+03	1.929187174021e-01	-2.784615540672e+00	-5.540634027958e-01	1.929189412499e-01	-2.784612931131e+00	-5.577078170378e-01	-1.910330584480e+02	-6.905529756254e+01	-5.577078170378e-01
269   	508   	-3 	1  	14 	5.413370e+05	5.801000e+03	1.929131750969e-01	-2.128092183624e+00	4.192224846163e-01	1.929103909740e-01	-2.128101391266e+00	4.192435702863e-01	-1.069487722127e+02	-1.714062079959e+02	4.192435702863e-01
270   	508   	-1 	3  	14 	2.713830e+05	3.114000e+03	1.929184463878e-01	-2.697320308292e+00	-1.969661812792e-01	1.929197213081e-01	-2.697307930165e+00	-1.967842254166e-01	-1.840243349966e+02	-8.555265418271e+01	-1.967842254166e-01
271   	15    	3  	3  	0  	1.075942e+06	1.138500e+04	1.938974621236e-01	2.466136132166e+00	-7.336928810214e-01	1.938990103271e-01	2.466102696396e+00	-7.300590142636e-01	-1.600988975045e+02	1.319144357974e+02	-7.300590142636e-01
272   	15    	-3 	6  	0  	6.165680e+05	9.820000e+03	1.938939099005e-01	2.745960346396e+00	4.478411553457e-01	1.938973182181e-01	2.745974578005e+00	4.479286174108e-01	-1.894649876565e+02	8.234185143653e+01	4.479286174108e-01
273   	215   	-5 	3  	10 	9.143000e+03	1.040000e+02	2.011972875608e-01	-2.499495733195e+00	7.581671092679e-01	2.012083334702e-01	-2.499444974092e+00	7.590141943117e-01	-1.701890553801e+02	-1.257074160166e+02	7.590141943117e-01
274   	215   	-2 	5  	-10	9.266800e+04	1.082000e+03	2.011941946060e-01	2.186470217420e+00	9.380388666457e-01	2.011958677123e-01	2.186489727212e+00	9.424021897757e-01	-1.229148188722e+02	1.779908636898e+02	9.424021897757e-01
275   	37    	2  	4  	4  	1.766000e+05	2.182000e+03	2.030878469076e-01	2.696752863050e+00	-5.137731610466e-01	2.030921929355e-01	2.696730946428e+00	-5.137731610466e-01	-1.944084706174e+02	9.593706913161e+01	-5.137731610466e-01
276   	37    	4  	2  	-4 	3.887820e+05	3.281000e+03	2.030830302935e-01	2.271533458189e+00	-1.025954844194e+00	2.030924163964e-01	2.271560030800e+00	-1.021650857375e+00	-1.386257347920e+02	1.683526023764e+02	-1.021650857375e+00
277   	37    	-4 	6  	-4 	1.637100e+04	2.860000e+02	2.030785844187e-01	2.664912929895e+00	7.777101258222e-01	2.030876475681e-01	2.664935584740e+00	7.777101258222e-01	-1.913600801305e+02	1.021246959351e+02	7.777101258222e-01
278   	52    	1  	5  	-4 	4.065280e+05	3.607000e+03	2.131604148839e-01	2.258188666234e+00	-1.584985753787e-01	2.131628677935e-01	2.258183781829e+00	-1.547346446158e-01	-1.435348696626e+02	1.787700981109e+02	-1.547346446158e-01
279   	52    	-1 	6  	-4 	4.375040e+05	3.024000e+03	2.131589957337e-01	2.366080754210e+00	2.450519449513e-01	2.131661634492e-01	2.366097708682e+00	2.450886463966e-01	-1.616218289020e+02	1.621709316103e+02	2.450886463966e-01
280   	523   	-4 	3  	14 	2.021720e+05	2.434000e+03	2.135463905743e-01	-2.432726574633e+00	4.168391207427e-01	2.135441538249e-01	-2.432722816881e+00	4.168948460673e-01	-1.715115241551e+02	-1.457030391016e+02	4.168948460673e-01
