#
# ID	PID	H	K	L	sum(int)	max(int)	pred tth          	pred eta          	 pred ome          	meas tth          	meas eta          	 meas ome          	meas X            	meas Y            	 meas ome
#
0     	1     	0  	-1 	-2 	9.444160e+05	1.445000e+04	4.412134925844e-02	-7.333856860247e-02	-3.819497765752e-01	4.412472613456e-02	-7.312637740128e-02	-3.820491093346e-01	4.770772001867e+01	-4.593461766588e-02	-3.820491093346e-01
1     	14    	0  	-1 	4  	5.560135e+06	1.444200e+04	6.019572550967e-02	-1.329994231349e+00	9.606733719301e-01	6.020176277897e-02	-1.330051731581e+00	9.594247031391e-01	1.668353856810e+01	-5.823063874618e+01	9.594247031391e-01
2     	14    	1  	-1 	-4 	2.651555e+06	1.440900e+04	6.019585101534e-02	5.942644631038e-01	1.087268213073e-01	6.019505090274e-02	5.943261615710e-01	1.090265144202e-01	5.381562568979e+01	3.880861310390e+01	1.090265144202e-01
3     	0     	1  	-2 	0  	1.185032e+06	1.447100e+04	6.453427654845e-02	-3.937514412743e-01	3.078136825146e-01	6.453684712073e-02	-3.937776867827e-01	3.078362680853e-01	6.419717512904e+01	-2.266770221016e+01	3.078362680853e-01
4     	0     	-1 	-1 	0  	1.775435e+06	1.446000e+04	6.453268294901e-02	-6.719619270010e-01	-8.990622336138e-01	6.452667644259e-02	-6.721613116569e-01	-8.987869053401e-01	5.465207277542e+01	-3.891038037825e+01	-8.987869053401e-01
5     	8     	1  	-2 	3  	2.360190e+05	7.400000e+01	7.363996350251e-02	-7.914359566303e-01	6.684284336973e-01	7.512588926114e-02	-7.919167515090e-01	6.673721508118e-01	5.712016039877e+01	-5.291253265011e+01	6.673721508118e-01
6     	8     	1  	-2 	-3 	1.417716e+06	1.442300e+04	7.363860068049e-02	3.881653240458e-02	4.306437687435e-02	7.363858947113e-02	3.872243572275e-02	4.320734280408e-02	7.887223792904e+01	6.414734366026e+00	4.320734280408e-02
7     	8     	-1 	-1 	-3 	1.488718e+06	1.448200e+04	7.363891838504e-02	-1.713955953360e-01	-8.435896347942e-01	7.362782933238e-02	-1.714221851205e-01	-8.435377691178e-01	7.781844263745e+01	-9.805556439115e+00	-8.435377691178e-01
8     	8     	2  	-1 	-3 	9.250100e+04	7.190000e+02	7.363920423473e-02	6.242463722717e-01	7.841556484354e-01	7.335205637730e-02	6.243697232623e-01	7.847755166449e-01	6.397002275575e+01	4.850733460956e+01	7.847755166449e-01
9     	4     	0  	-2 	2  	1.163230e+05	1.563000e+03	7.818226420618e-02	-9.098513126098e-01	-1.193116768534e-01	7.818375258789e-02	-9.098326422981e-01	-1.192449083281e-01	5.211660272458e+01	-6.162068952449e+01	-1.192449083281e-01
10    	4     	2  	-2 	-2 	7.137000e+03	2.360000e+02	7.818521839784e-02	1.564975639479e-01	5.469118870185e-01	7.819751330111e-02	1.564386689694e-01	5.469118870185e-01	8.272027615818e+01	1.624787622325e+01	5.469118870185e-01
11    	17    	0  	-2 	-4 	1.611199e+06	1.449300e+04	8.826418950987e-02	-7.337186606542e-02	-4.040807177040e-01	8.827988043882e-02	-7.343300796842e-02	-4.043538507440e-01	9.418249182622e+01	-3.371598579357e+00	-4.043538507440e-01
12    	45    	1  	-2 	-6 	1.859898e+06	1.444400e+04	9.590797807865e-02	3.236312870102e-01	-1.418184669595e-01	9.591725287750e-02	3.236345010320e-01	-1.417640162693e-01	9.718801546492e+01	3.559794084834e+01	-1.417640162693e-01
13    	45    	1  	1  	-6 	9.735031e+06	1.439600e+04	9.590636443558e-02	1.477601185308e+00	9.482783749570e-01	9.591290889933e-02	1.477533460738e+00	9.488023915883e-01	1.062643109813e+01	1.039036922565e+02	9.488023915883e-01
14    	45    	-1 	-1 	-6 	1.606697e+06	1.444500e+04	9.590953942804e-02	1.578102614551e-01	-8.272536465815e-01	9.591288108063e-02	1.579143475288e-01	-8.273130092867e-01	1.012077459278e+02	1.935918780944e+01	-8.273130092867e-01
15    	45    	2  	-1 	-6 	3.789563e+06	1.442200e+04	9.590764803575e-02	8.290006110829e-01	4.084840773291e-01	9.591415153190e-02	8.290148151552e-01	4.088188530416e-01	6.955433873489e+01	7.790865734037e+01	4.088188530416e-01
16    	2     	1  	-3 	1  	1.156220e+05	1.669000e+03	9.930649659663e-02	-5.949684934785e-01	1.693020143947e-01	9.931390797787e-02	-5.949394550404e-01	1.693897925822e-01	8.826881241496e+01	-5.523143445537e+01	1.693897925822e-01
17    	2     	2  	-3 	-1 	6.620800e+04	1.327000e+03	9.930824204267e-02	-1.892743888852e-01	3.878985862090e-01	9.931514662331e-02	-1.892721481743e-01	3.878985862090e-01	1.042916306578e+02	-1.622051095911e+01	3.878985862090e-01
18    	2     	3  	-2 	-1 	2.334800e+04	4.330000e+02	9.931001069745e-02	2.185175007589e-01	9.128195012964e-01	9.930230131928e-02	2.184132008787e-01	9.121185065619e-01	1.035625198198e+02	2.614882151862e+01	9.121185065619e-01
19    	2     	-1 	-2 	1  	1.681600e+05	2.363000e+03	9.930434484356e-02	-7.978597810038e-01	-6.773413421282e-01	9.931183367671e-02	-7.977658272847e-01	-6.772882017513e-01	7.471000401258e+01	-7.152494639923e+01	-6.772882017513e-01
20    	5     	2  	-3 	2  	2.360000e+03	4.900000e+01	1.014005491179e-01	-4.744991848773e-01	6.064570759550e-01	1.014023803754e-01	-4.743456409802e-01	6.064570759550e-01	9.664520524231e+01	-4.536808364181e+01	6.064570759550e-01
21    	5     	1  	-3 	-2 	8.805800e+04	1.738000e+03	1.013973537627e-01	-2.799787874753e-01	-6.171323057077e-03	1.014001439547e-01	-2.800487925052e-01	-6.171323057077e-03	1.042318275777e+02	-2.607079990713e+01	-6.171323057077e-03
22    	5     	-1 	-2 	-2 	1.001840e+05	2.082000e+03	1.013964924357e-01	-4.428442318431e-01	-6.824395715844e-01	1.013980561992e-01	-4.428093769244e-01	-6.824395715844e-01	9.812197269803e+01	-4.233995518907e+01	-6.824395715844e-01
23    	95    	0  	-1 	-8 	5.967130e+05	6.548000e+03	1.016649017433e-01	5.375313657321e-01	-5.844960593632e-01	1.016645801699e-01	5.375183841365e-01	-5.873747734850e-01	9.336677658759e+01	5.831762890771e+01	-5.873747734850e-01
24    	95    	1  	0  	-8 	1.067985e+06	1.263600e+04	1.016633000410e-01	1.137552464468e+00	-2.516211122847e-01	1.016648186069e-01	1.137533750825e+00	-2.515706065187e-01	4.621430892968e+01	1.006149528174e+02	-2.515706065187e-01
25    	19    	1  	-3 	4  	2.708204e+06	1.448900e+04	1.093653900620e-01	-8.662973471155e-01	3.969917297259e-01	1.093682083631e-01	-8.663470503799e-01	3.991015501081e-01	7.635597344535e+01	-8.449545057778e+01	3.991015501081e-01
26    	19    	2  	-3 	-4 	1.043670e+06	1.446700e+04	1.093655975888e-01	8.203090117993e-02	1.978292076508e-01	1.093713762652e-01	8.202643852816e-02	1.975677435591e-01	1.163838388945e+02	1.295234277782e+01	1.975677435591e-01
27    	19    	3  	-2 	-4 	1.977500e+04	3.970000e+02	1.093665077726e-01	4.664951790071e-01	6.730500126797e-01	1.093626064979e-01	4.665908157207e-01	6.730500126797e-01	1.043370352086e+02	5.535946239619e+01	6.730500126797e-01
28    	19    	-1 	-2 	4  	2.795473e+06	1.446700e+04	1.093622797948e-01	-1.126903264995e+00	-6.941938575296e-01	1.093616412200e-01	-1.126927183442e+00	-6.921371414872e-01	5.122099154188e+01	-1.008369203392e+02	-6.921371414872e-01
29    	6     	3  	-3 	0  	2.379100e+04	4.300000e+02	1.118185704525e-01	-8.375087708927e-02	7.229472967792e-01	1.118260136884e-01	-8.375637042359e-02	7.229472967792e-01	1.190153245265e+02	-6.361486297769e+00	7.229472967792e-01
30    	6     	0  	-3 	0  	3.838066e+06	1.449800e+04	1.118125699488e-01	-6.205865431963e-01	-2.697088934386e-01	1.118147838397e-01	-6.206169464497e-01	-2.698627326081e-01	9.756051004068e+01	-6.514043746381e+01	-2.698627326081e-01
31    	32    	2  	-3 	5  	1.276000e+03	4.400000e+01	1.149834623750e-01	-6.992423873217e-01	8.379681178389e-01	1.150322112265e-01	-6.994734499998e-01	8.379681178389e-01	9.450519919105e+01	-7.469965088158e+01	8.379681178389e-01
32    	32    	1  	-3 	-5 	3.953400e+04	9.020000e+02	1.149793321740e-01	-3.260471601739e-03	-1.413020006585e-01	1.149859217767e-01	-3.245892876619e-03	-1.413020006585e-01	1.227662769143e+02	3.121973288939e+00	-1.413020006585e-01
33    	32    	-1 	-2 	-5 	3.849200e+04	7.860000e+02	1.149796717390e-01	-1.379598471718e-01	-6.966015519087e-01	1.149859457298e-01	-1.378505404718e-01	-6.966627644850e-01	1.216527358248e+02	-1.315879686014e+01	-6.966627644850e-01
34    	32    	3  	-1 	-5 	8.928000e+03	1.670000e+02	1.149799226194e-01	7.706655558456e-01	8.622249610945e-01	1.149646443718e-01	7.706963128426e-01	8.622249610945e-01	8.827785974663e+01	8.794282986594e+01	8.622249610945e-01
35    	102   	0  	-2 	8  	1.168000e+04	1.360000e+02	1.204460678233e-01	-1.335487205850e+00	8.330875355804e-01	1.204664013574e-01	-1.335455143611e+00	8.358852176798e-01	3.138799400502e+01	-1.203926136408e+02	8.358852176798e-01
36    	102   	2  	-2 	-8 	1.663830e+05	2.367000e+03	1.204463191766e-01	5.952189790743e-01	7.235781586815e-02	1.204400452326e-01	5.952439244710e-01	7.238076236953e-02	1.065478744514e+02	7.476497760411e+01	7.238076236953e-02
37    	184   	1  	-1 	-10	2.448961e+06	1.445300e+04	1.239940177431e-01	8.018713357980e-01	-3.358881561254e-01	1.240039191029e-01	8.019207195608e-01	-3.361156761378e-01	9.227103318625e+01	9.755205695966e+01	-3.361156761378e-01
38    	184   	-1 	0  	-10	1.859346e+06	1.446500e+04	1.239971405401e-01	6.361433868329e-01	-9.954847847713e-01	1.239943130431e-01	6.361352379653e-01	-9.951128120529e-01	1.065767837411e+02	8.126098638847e+01	-9.951128120529e-01
39    	137   	1  	-2 	-9 	4.491680e+05	7.451000e+03	1.244850332243e-01	4.865124639574e-01	-2.757474608799e-01	1.244870859303e-01	4.865240358521e-01	-2.756379620324e-01	1.174968161670e+02	6.496426018978e+01	-2.756379620324e-01
40    	137   	1  	1  	-9 	1.697797e+06	1.440900e+04	1.244835802991e-01	1.430536552004e+00	-6.449138944054e-01	1.244796720866e-01	1.430450733042e+00	-6.447058844681e-01	1.953227303541e+01	1.334627781770e+02	-6.447058844681e-01
41    	137   	-1 	-1 	-9 	3.424770e+05	5.398000e+03	1.244872533450e-01	3.506224088795e-01	-8.278752867797e-01	1.244871020517e-01	3.506337728826e-01	-8.279338420494e-01	1.247868506655e+02	4.867263757580e+01	-8.279338420494e-01
42    	137   	2  	-1 	-9 	7.378120e+05	7.420000e+03	1.244841665007e-01	9.122639372150e-01	1.062933734641e-01	1.244851320383e-01	9.123235167889e-01	1.063212869233e-01	8.164345575113e+01	1.073951002871e+02	1.063212869233e-01
43    	3     	2  	-4 	0  	5.968780e+05	1.230500e+04	1.291358668411e-01	-3.943700457111e-01	2.728323037264e-01	1.291367493614e-01	-3.944215474966e-01	2.728831172245e-01	1.275093855852e+02	-4.889656600298e+01	2.728831172245e-01
44    	3     	-2 	-2 	0  	9.324410e+05	1.098400e+04	1.291326746495e-01	-6.731704446775e-01	-9.403524004755e-01	1.291316194501e-01	-6.731845707686e-01	-9.402971968509e-01	1.082948784644e+02	-8.157475485262e+01	-9.402971968509e-01
45    	12    	2  	-4 	3  	2.946630e+05	1.681000e+03	1.339289833462e-01	-6.153178778120e-01	4.364203415222e-01	1.339294042109e-01	-6.153418918325e-01	4.346656862914e-01	1.172173605478e+02	-7.820564762560e+01	4.346656862914e-01
46    	12    	2  	-4 	-3 	1.830420e+05	3.603000e+03	1.339274815430e-01	-1.646250620174e-01	1.295812416478e-01	1.339293750190e-01	-1.646467140971e-01	1.296085121194e-01	1.411224173680e+02	-1.964108680231e+01	1.296085121194e-01
47    	12    	-2 	-2 	-3 	2.201960e+05	3.573000e+03	1.339262923454e-01	-4.056340720281e-01	-9.002673349057e-01	1.339295341830e-01	-4.056399154381e-01	-9.002375123780e-01	1.316259083420e+02	-5.231868826555e+01	-9.002375123780e-01
48    	12    	4  	-2 	-3 	2.189000e+05	3.157000e+03	1.339299502248e-01	4.527502770813e-01	9.409678400205e-01	1.339281722055e-01	4.528362849204e-01	9.410108951962e-01	1.285720661981e+02	6.545379293510e+01	9.410108951962e-01
49    	12    	-2 	-2 	3  	4.655810e+05	6.592000e+03	1.339240153184e-01	-9.406831952556e-01	-1.018467997910e+00	1.339244006939e-01	-9.407003314059e-01	-1.018356239423e+00	8.511102796936e+01	-1.109474447768e+02	-1.018356239423e+00
50    	10    	1  	-4 	2  	3.062980e+05	4.262000e+03	1.364833463788e-01	-6.879609443710e-01	7.697414214635e-02	1.364801681836e-01	-6.879746613508e-01	7.706280522335e-02	1.131158331285e+02	-8.812283473020e+01	7.706280522335e-02
51    	10    	3  	-4 	-2 	1.319300e+05	2.809000e+03	1.364867379950e-01	-9.247406227389e-02	4.118607523074e-01	1.364817860940e-01	-9.247721693089e-02	4.117767468443e-01	1.451287952855e+02	-9.755498302524e+00	4.117767468443e-01
52    	10    	4  	-3 	-2 	6.460000e+02	3.800000e+01	1.364884305413e-01	2.041316523798e-01	7.873340919074e-01	1.365461804062e-01	2.047338304589e-01	7.873340919074e-01	1.426995079805e+02	3.290665548171e+01	7.873340919074e-01
53    	10    	-1 	-3 	2  	3.714380e+05	4.209000e+03	1.364809658625e-01	-8.453249745452e-01	-5.699692342872e-01	1.364905159016e-01	-8.453011355125e-01	-5.699398665116e-01	9.743237993365e+01	-1.045050706183e+02	-5.699398665116e-01
54    	106   	1  	-3 	-8 	9.944400e+04	1.679000e+03	1.366819618967e-01	2.011583597093e-01	-2.483362638553e-01	1.366858217729e-01	2.011899985374e-01	-2.524163597338e-01	1.429475293340e+02	3.243614262404e+01	-2.524163597338e-01
55    	106   	2  	1  	-8 	4.588600e+05	6.374000e+03	1.366795945418e-01	1.328138873419e+00	1.005401596489e+00	1.366863140176e-01	1.328066342767e+00	1.005930822721e+00	3.585851688088e+01	1.436026222513e+02	1.005930822721e+00
56    	106   	-1 	-2 	-8 	9.856100e+04	2.237000e+03	1.366831735774e-01	8.686584011671e-02	-7.153887117348e-01	1.366840694680e-01	8.683870754278e-02	-7.197187436138e-01	1.453525416779e+02	1.609919080344e+01	-7.197187436138e-01
57    	106   	3  	-1 	-8 	1.125060e+05	1.660000e+03	1.366813433536e-01	9.093324404986e-01	5.640539923901e-01	1.366840323100e-01	9.093104844579e-01	5.640539923901e-01	8.994393391199e+01	1.174596911442e+02	5.640539923901e-01
58    	191   	0  	-2 	-10	6.506490e+05	1.132000e+04	1.398214089903e-01	3.572481722754e-01	-5.445487930270e-01	1.398250308592e-01	3.572845224999e-01	-5.446823250699e-01	1.398332094697e+02	5.526268445627e+01	-5.446823250699e-01
59    	191   	2  	0  	-10	1.488726e+06	1.443700e+04	1.398189250054e-01	1.183283295741e+00	1.415940287705e-01	1.398129496319e-01	1.183281197209e+00	1.418779050681e-01	5.700380398497e+01	1.402646064327e+02	1.418779050681e-01
60    	302   	0  	0  	-12	1.001532e+06	1.042100e+04	1.419396347604e-01	8.952623172222e-01	-8.020677021881e-01	1.419404849604e-01	8.952598544343e-01	-8.020478053733e-01	9.504703463527e+01	1.206074469669e+02	-8.020478053733e-01
61    	24    	3  	-4 	4  	1.530700e+04	2.570000e+02	1.425161106877e-01	-4.972851652569e-01	7.329436578831e-01	1.425128234956e-01	-4.972516143892e-01	7.334265395309e-01	1.340943774892e+02	-6.836346221682e+01	7.334265395309e-01
62    	24    	1  	-4 	-4 	3.573280e+05	4.278000e+03	1.425100378282e-01	-2.214796984843e-01	-1.519826582740e-01	1.425116899730e-01	-2.214600451468e-01	-1.549784987811e-01	1.485704332242e+02	-2.953423367486e+01	-1.549784987811e-01
63    	24    	-1 	-3 	-4 	3.845200e+05	7.339000e+03	1.425095336772e-01	-3.343210869773e-01	-6.155216341085e-01	1.425149240584e-01	-3.343286768031e-01	-6.153777483879e-01	1.439466301375e+02	-4.589848499789e+01	-6.153777483879e-01
64    	54    	2  	-4 	6  	6.372500e+04	8.790000e+02	1.473799990849e-01	-7.934560460868e-01	6.159210698327e-01	1.473855855688e-01	-7.934905783630e-01	6.159210698327e-01	1.110985649054e+02	-1.076964952764e+02	6.159210698327e-01
65    	54    	2  	-4 	-6 	6.790590e+05	1.451400e+04	1.473772678762e-01	3.892987658084e-02	6.167159287528e-03	1.473901937362e-01	3.897624307311e-02	6.058413389672e-03	1.572760307507e+02	9.672914325844e+00	6.058413389672e-03
66    	54    	-2 	-2 	-6 	6.650220e+05	1.206500e+04	1.473779045825e-01	-1.717144515534e-01	-8.810083052654e-01	1.473762662236e-01	-1.717651769045e-01	-8.851446249976e-01	1.551595859326e+02	-2.306553112952e+01	-8.851446249976e-01
67    	54    	4  	-2 	-6 	6.839800e+04	1.036000e+03	1.473784774491e-01	6.257597839810e-01	7.386942093810e-01	1.473806038871e-01	6.256979309038e-01	7.386942093810e-01	1.276437527076e+02	9.486430640074e+01	7.386942093810e-01
68    	16    	4  	-4 	2  	5.030000e+03	8.900000e+01	1.510212810914e-01	-2.064558997782e-01	8.021296523698e-01	1.510238053996e-01	-2.064709158076e-01	8.021296523698e-01	1.579978066661e+02	-2.917835673024e+01	8.021296523698e-01
69    	16    	0  	-4 	-2 	2.407650e+05	2.887000e+03	1.510124804176e-01	-4.698596692770e-01	-3.373795962282e-01	1.510129109623e-01	-4.698803592242e-01	-3.373483888582e-01	1.441484096121e+02	-6.881990896042e+01	-3.373483888582e-01
70    	195   	1  	-3 	10 	9.804440e+05	1.324000e+04	1.540407022862e-01	-1.123695987686e+00	9.589960132511e-01	1.540494026016e-01	-1.123776263454e+00	9.621684171313e-01	7.231787900092e+01	-1.437398847057e+02	9.621684171313e-01
71    	195   	2  	-3 	-10	6.557740e+05	8.946000e+03	1.540388894321e-01	4.312961407194e-01	-9.242480369345e-02	1.540394748943e-01	4.313178384334e-01	-9.226943981034e-02	1.494573034063e+02	7.176906362784e+01	-9.226943981034e-02
72    	195   	-2 	-1 	-10	5.504640e+05	7.796000e+03	1.540425842535e-01	2.190027500310e-01	-9.769921009577e-01	1.540355621334e-01	2.190542916058e-01	-9.808885377960e-01	1.605679412086e+02	3.904766580793e+01	-9.808885377960e-01
73    	195   	3  	-2 	-10	1.220005e+06	8.923000e+03	1.540385461145e-01	7.473716439382e-01	2.294207966378e-01	1.540405775137e-01	7.473669491208e-01	2.295523896323e-01	1.208312314776e+02	1.143841167075e+02	2.295523896323e-01
74    	34    	0  	-4 	4  	4.255570e+05	5.876000e+03	1.564843206009e-01	-9.127587527131e-01	-1.831956884343e-01	1.564833186491e-01	-9.127953464015e-01	-1.833072330507e-01	1.031204104918e+02	-1.276947502846e+02	-1.833072330507e-01
75    	34    	4  	-4 	-4 	1.663500e+04	4.480000e+02	1.564902425884e-01	1.568974929264e-01	5.072738401051e-01	1.564777034443e-01	1.569155302686e-01	5.072738401051e-01	1.650859743051e+02	2.951389651129e+01	5.072738401051e-01
76    	115   	1  	-4 	8  	2.600980e+05	2.699000e+03	1.644392123959e-01	-1.044931489827e+00	4.175905907950e-01	1.644340778151e-01	-1.044988628755e+00	4.189781247991e-01	8.930491449357e+01	-1.473731774430e+02	4.189781247991e-01
77    	115   	3  	-4 	-8 	1.423230e+05	2.445000e+03	1.644395813823e-01	2.634657741676e-01	1.337608511037e-01	1.644373272608e-01	2.634991960599e-01	1.337768545232e-01	1.696418688005e+02	4.902778042127e+01	1.337768545232e-01
78    	115   	4  	-3 	-8 	1.998790e+05	2.817000e+03	1.644400595429e-01	5.301648507282e-01	4.423714778759e-01	1.644378449074e-01	5.301307640665e-01	4.423882431798e-01	1.516325536526e+02	9.172623166369e+01	4.423882431798e-01
79    	115   	-1 	-3 	8  	5.057150e+05	8.012000e+03	1.644356926269e-01	-1.283475202656e+00	-5.463555903672e-01	1.644404094403e-01	-1.283433064177e+00	-5.427220689772e-01	5.125219273243e+01	-1.638956778931e+02	-5.427220689772e-01
80    	155   	2  	-4 	9  	9.402000e+03	1.200000e+02	1.674291834709e-01	-9.168150491626e-01	8.003150623980e-01	1.674282630365e-01	-9.167499380974e-01	8.003150623980e-01	1.098125778277e+02	-1.374535681890e+02	8.003150623980e-01
81    	155   	2  	-4 	-9 	8.610500e+04	1.770000e+03	1.674255734327e-01	2.012688276865e-01	-1.001395067533e-01	1.674230399638e-01	2.013093339878e-01	-1.042853351632e-01	1.753222908791e+02	3.913833687021e+01	-1.042853351632e-01
82    	155   	-2 	-2 	-9 	8.132700e+04	1.725000e+03	1.674276483984e-01	1.504732919725e-02	-8.743607605290e-01	1.674378746745e-01	1.508523318258e-02	-8.743607605290e-01	1.789802266975e+02	6.324168348521e+00	-8.743607605290e-01
83    	155   	4  	-2 	-9 	2.081510e+05	1.915000e+03	1.674257270498e-01	7.501402567918e-01	5.330126143486e-01	1.674216854383e-01	7.501083819127e-01	5.330126143486e-01	1.310613916263e+02	1.245723231802e+02	5.330126143486e-01
84    	29    	2  	-5 	4  	9.218810e+05	1.115100e+04	1.693227690735e-01	-6.948838434593e-01	3.080248782354e-01	1.693220803746e-01	-6.949412960631e-01	3.081616212300e-01	1.396716501705e+02	-1.114636820694e+02	3.081616212300e-01
85    	29    	3  	-5 	-4 	4.014570e+05	6.851000e+03	1.693229930997e-01	-9.385363057729e-02	1.994957605362e-01	1.693164953793e-01	-9.383076720895e-02	1.995237800925e-01	1.802920594952e+02	-1.317876574598e+01	1.995237800925e-01
86    	29    	-3 	-2 	-4 	5.113350e+05	6.981000e+03	1.693217183689e-01	-3.767917356644e-01	-1.034969465585e+00	1.693244124623e-01	-3.768330145109e-01	-1.034900449074e+00	1.686005919720e+02	-6.247202757062e+01	-1.034900449074e+00
87    	29    	5  	-3 	-4 	5.751700e+04	7.970000e+02	1.693256012728e-01	3.927809234131e-01	8.209287153581e-01	1.693166304755e-01	3.928093246020e-01	8.209287153581e-01	1.671992261484e+02	7.236344201975e+01	8.209287153581e-01
88    	29    	-2 	-3 	4  	1.064451e+06	8.795000e+03	1.693175202891e-01	-9.669107217211e-01	-8.658631994659e-01	1.693192052633e-01	-9.669522050227e-01	-8.655631841342e-01	1.037791750611e+02	-1.443994097281e+02	-8.655631841342e-01
89    	491   	0  	-1 	-14	5.917500e+05	3.525000e+03	1.698030316935e-01	6.869216224365e-01	-6.901295071131e-01	1.698022043764e-01	6.869165997614e-01	-6.869665162952e-01	1.404457771438e+02	1.177801875340e+02	-6.869665162952e-01
90    	491   	1  	0  	-14	7.100150e+05	1.152700e+04	1.698011701602e-01	1.058748109674e+00	-5.871900531917e-01	1.697993230498e-01	1.058733532283e+00	-5.869572840387e-01	8.934429765230e+01	1.604750543418e+02	-5.869572840387e-01
91    	13    	4  	-5 	0  	2.077700e+04	4.140000e+02	1.709233259778e-01	-2.016700041377e-01	5.407275213101e-01	1.709177387317e-01	-2.017629101255e-01	5.407275213101e-01	1.791833673300e+02	-3.269293540223e+01	5.407275213101e-01
92    	13    	1  	-5 	0  	3.598600e+05	2.941000e+03	1.709167651746e-01	-5.549682121985e-01	-8.763831504287e-02	1.709126463454e-01	-5.549360291056e-01	-8.644872566844e-02	1.557840771087e+02	-9.195188437063e+01	-8.644872566844e-02
93    	13    	-1 	-4 	0  	4.546630e+05	3.970000e+03	1.709149525070e-01	-6.655418761585e-01	-5.407169243958e-01	1.709164137442e-01	-6.655240108418e-01	-5.407760984444e-01	1.443410896598e+02	-1.084094602873e+02	-5.407760984444e-01
94    	13    	5  	-4 	0  	1.852800e+04	4.130000e+02	1.709254497826e-01	3.573263755979e-02	8.416656967306e-01	1.709121874776e-01	3.566705112349e-02	8.416656967306e-01	1.826391768965e+02	1.012006285928e+01	8.416656967306e-01
95    	22    	1  	-5 	3  	1.513300e+05	1.850000e+03	1.745735662396e-01	-7.407863273202e-01	6.392560460636e-03	1.745712509363e-01	-7.407638295866e-01	6.415972992068e-03	1.384766238633e+02	-1.215028246825e+02	6.415972992068e-03
96    	22    	4  	-5 	-3 	2.964300e+04	5.610000e+02	1.745785478228e-01	-3.727911489997e-02	4.165112721268e-01	1.745666396880e-01	-3.734486678810e-02	4.165112721268e-01	1.866150804880e+02	-3.254576753171e+00	4.165112721268e-01
-999  	22    	5  	-4 	-3 	    nan     	    nan     	1.745801899929e-01	1.951011998538e-01	7.077070417294e-01	       nan        	       nan        	       nan        	       nan        	       nan        	       nan        
98    	22    	-1 	-4 	3  	1.582640e+05	1.299000e+03	1.745710648957e-01	-8.688139208831e-01	-5.169790050798e-01	1.745720849821e-01	-8.687919226651e-01	-5.168693320056e-01	1.214337170377e+02	-1.379868129177e+02	-5.168693320056e-01
99    	23    	4  	-5 	3  	5.600000e+02	2.800000e+01	1.745811548148e-01	-3.629398445536e-01	6.672257082170e-01	1.746310213648e-01	-3.625409121531e-01	6.672257082170e-01	1.749045678386e+02	-6.210156494350e+01	6.672257082170e-01
100   	23    	1  	-5 	-3 	7.403100e+04	1.374000e+03	1.745732869290e-01	-3.651625208352e-01	-1.689347558582e-01	1.745734853574e-01	-3.651711040573e-01	-1.689347558582e-01	1.746716723468e+02	-6.253553811035e+01	-1.689347558582e-01
101   	23    	-1 	-4 	-3 	8.090800e+04	1.078000e+03	1.745722381249e-01	-4.620546784915e-01	-5.658691483958e-01	1.745771780616e-01	-4.620467085948e-01	-5.658691483958e-01	1.675010847059e+02	-7.898519294802e+01	-5.658691483958e-01
102   	23    	5  	-4 	3  	6.402900e+04	1.285000e+03	1.745836721603e-01	-1.242067605289e-01	9.682456922336e-01	1.745735405471e-01	-1.242441768377e-01	9.682456922336e-01	1.853623244500e+02	-1.930214896363e+01	9.682456922336e-01
103   	127   	0  	-4 	-8 	1.438150e+05	2.148000e+03	1.767008744952e-01	-7.354688720184e-02	-4.484186157907e-01	1.767111780622e-01	-7.356805980856e-02	-4.518352451014e-01	1.885759202957e+02	-1.012196114321e+01	-4.518352451014e-01
104   	211   	1  	-4 	-10	4.255330e+05	8.700000e+03	1.791451542931e-01	1.350888164263e-01	-3.137319508014e-01	1.791439792608e-01	1.350887781254e-01	-3.177731308243e-01	1.898956589251e+02	2.929304599114e+01	-3.177731308243e-01
105   	211   	3  	1  	-10	1.404402e+06	1.446600e+04	1.791422827149e-01	1.251563400302e+00	9.799220069233e-01	1.791409182929e-01	1.251534085992e+00	9.832681434480e-01	6.075522319247e+01	1.840484828200e+02	9.832681434480e-01
106   	211   	-1 	-3 	-10	3.862160e+05	6.678000e+03	1.791461682911e-01	4.825218463995e-02	-6.667202213846e-01	1.791404865376e-01	4.827593423918e-02	-6.705255322726e-01	1.914423583731e+02	1.285517798662e+01	-6.705255322726e-01
107   	211   	4  	-1 	-10	3.441600e+04	5.930000e+02	1.791442674438e-01	9.451811442745e-01	6.425662095253e-01	1.791424935548e-01	9.451824306462e-01	6.425662095253e-01	1.125018758310e+02	1.577141918627e+02	6.425662095253e-01
108   	338   	0  	-3 	12 	8.872000e+03	1.760000e+02	1.808060913647e-01	-1.345069326628e+00	7.011813135710e-01	1.808178652551e-01	-1.345059293739e+00	7.047306939845e-01	4.488305233706e+01	-1.839466043794e+02	7.047306939845e-01
109   	338   	3  	-3 	-12	2.671640e+05	3.450000e+03	1.808064692543e-01	5.967973737317e-01	3.589135202824e-02	1.808040102228e-01	5.967981011034e-01	3.590389500620e-02	1.600378143017e+02	1.115278918525e+02	3.590389500620e-02
110   	341   	0  	-3 	-12	1.637920e+05	3.224000e+03	1.808072425768e-01	2.558598940122e-01	-5.356966361474e-01	1.808045927542e-01	2.558708207393e-01	-5.357545235971e-01	1.871225687783e+02	5.226918592390e+01	-5.357545235971e-01
111   	341   	3  	0  	-12	4.528010e+05	6.657000e+03	1.808041791277e-01	1.175459922148e+00	3.625781659588e-01	1.808047348665e-01	1.175413683828e+00	3.626099849984e-01	7.502086986047e+01	1.806748909748e+02	3.626099849984e-01
112   	504   	2  	-2 	-14	7.664220e+05	7.552000e+03	1.817058866794e-01	7.454233728172e-01	-2.273557787513e-01	1.817034980703e-01	7.454176200554e-01	-2.231100069129e-01	1.429733068695e+02	1.344849697014e+02	-2.231100069129e-01
113   	66    	1  	-5 	6  	7.445610e+05	5.663000e+03	1.851151019401e-01	-9.055459182010e-01	1.164847196964e-01	1.851107912011e-01	-9.055344567256e-01	1.183924344865e-01	1.232547243752e+02	-1.512904498243e+02	1.183924344865e-01
114   	66    	5  	-4 	-6 	2.590900e+04	3.950000e+02	1.851195776792e-01	3.393574007303e-01	5.709104449347e-01	1.851121604412e-01	3.393118618767e-01	5.709104449347e-01	1.868027855141e+02	6.914181656110e+01	5.709104449347e-01
115   	66    	-1 	-4 	6  	7.637850e+05	1.019900e+04	1.851120561953e-01	-1.056143272996e+00	-4.957152834863e-01	1.851135796076e-01	-1.056141983197e+00	-4.954720511514e-01	9.869967256271e+01	-1.678375679585e+02	-4.954720511514e-01
116   	68    	4  	-5 	6  	1.952100e+04	3.210000e+02	1.851233611872e-01	-5.062873574084e-01	7.918843138100e-01	1.851052896399e-01	-5.062967731651e-01	7.918843138100e-01	1.737164061862e+02	-9.177157924000e+01	7.918843138100e-01
117   	68    	1  	-5 	-6 	2.911090e+05	4.488000e+03	1.851145747961e-01	-1.881465830179e-01	-2.403678531831e-01	1.851137989100e-01	-1.881272172884e-01	-2.402820283263e-01	1.947961873747e+02	-3.311240835561e+01	-2.402820283263e-01
118   	68    	-1 	-4 	-6 	2.928310e+05	3.731000e+03	1.851142704334e-01	-2.741474604950e-01	-5.918976769063e-01	1.851186157865e-01	-2.741514799001e-01	-5.918880213938e-01	1.909621493556e+02	-4.959221985753e+01	-5.918880213938e-01
119   	605   	1  	-2 	-15	1.313560e+05	1.372000e+03	1.889323515892e-01	6.472858462440e-01	-4.612129900742e-01	1.889273343567e-01	6.472642337049e-01	-4.612129900742e-01	1.614078372559e+02	1.247344236325e+02	-4.612129900742e-01
120   	605   	1  	1  	-15	2.361800e+05	2.852000e+03	1.889311154805e-01	1.248598542373e+00	-8.423284547054e-01	1.889307954306e-01	1.248606016084e+00	-8.379346300661e-01	6.462933704113e+01	1.939862233379e+02	-8.379346300661e-01
121   	605   	-1 	-1 	-15	1.116020e+05	1.692000e+03	1.889351626370e-01	5.480220552629e-01	-8.521029100148e-01	1.889281268451e-01	5.480574437933e-01	-8.519880425093e-01	1.726537317840e+02	1.082933837593e+02	-8.519880425093e-01
122   	605   	2  	-1 	-15	1.553240e+05	1.749000e+03	1.889309691498e-01	9.558309168889e-01	-2.773292810387e-01	1.889257038193e-01	9.558231322074e-01	-2.771796362812e-01	1.169680575546e+02	1.675921633489e+02	-2.771796362812e-01
123   	223   	0  	-4 	10 	1.273786e+06	1.451600e+04	1.904716355515e-01	-1.230917701009e+00	7.826871342144e-02	1.904691223940e-01	-1.230951843989e+00	8.258305909830e-02	6.943314048696e+01	-1.876701351234e+02	8.258305909830e-02
124   	223   	4  	-4 	-10	5.291120e+05	7.018000e+03	1.904743920618e-01	4.336442690153e-01	2.322977493806e-01	1.904650706873e-01	4.336287300683e-01	2.323134094877e-01	1.850529230629e+02	8.876558353928e+01	2.323134094877e-01
125   	50    	0  	-5 	-4 	3.182590e+05	4.057000e+03	1.924599870585e-01	-3.822065296196e-01	-3.827619554512e-01	1.924625036224e-01	-3.822132872314e-01	-3.827562246813e-01	1.915916284729e+02	-7.269202592967e+01	-3.827562246813e-01
126   	508   	1  	-3 	-14	3.134730e+05	4.676000e+03	1.928857262530e-01	4.444824927416e-01	-4.106233292071e-01	1.928837402860e-01	4.444566915886e-01	-4.098002673805e-01	1.864927120618e+02	9.188819256580e+01	-4.098002673805e-01
127   	508   	-1 	-2 	-14	2.597170e+05	3.531000e+03	1.928879036266e-01	3.571779452423e-01	-7.600587227143e-01	1.928893758927e-01	3.571753653195e-01	-7.599741164109e-01	1.935237730997e+02	7.542313885310e+01	-7.599741164109e-01
128   	508   	3  	-1 	-14	5.777050e+05	9.387000e+03	1.928837004871e-01	1.013844988906e+00	5.714478610942e-02	1.928831614430e-01	1.013878037573e+00	5.717878907067e-02	1.095147492679e+02	1.776931287751e+02	5.717878907067e-02
129   	15    	3  	-6 	0  	6.298410e+05	6.831000e+03	1.938727191876e-01	-3.954296054248e-01	2.377654423024e-01	1.938698047218e-01	-3.954782700916e-01	2.378015977503e-01	1.919885832016e+02	-7.579611236337e+01	2.378015977503e-01
130   	15    	-3 	-3 	0  	1.073811e+06	1.068300e+04	1.938679183400e-01	-6.752256000554e-01	-9.817828769770e-01	1.938656826738e-01	-6.752700319461e-01	-9.775321384582e-01	1.627505602046e+02	-1.253444846474e+02	-9.775321384582e-01
131   	215   	2  	-5 	10 	1.181200e+04	1.330000e+02	2.011742009217e-01	-9.547464457028e-01	5.919769025331e-01	2.011781073001e-01	-9.547972619485e-01	5.954813765032e-01	1.256697095954e+02	-1.713993132561e+02	5.954813765032e-01
132   	215   	5  	-3 	-10	2.497880e+05	2.912000e+03	2.011725589290e-01	6.423040168591e-01	5.072975559296e-01	2.011673483388e-01	6.423099247953e-01	5.073137139272e-01	1.726937392699e+02	1.319711295079e+02	5.073137139272e-01
133   	37    	4  	-6 	4  	2.624100e+04	3.760000e+02	2.030629293627e-01	-4.764428000749e-01	5.492873671869e-01	2.030503443217e-01	-4.764532756420e-01	5.502966797665e-01	1.939065269504e+02	-9.553477920729e+01	5.502966797665e-01
134   	52    	1  	-6 	4  	4.211860e+05	3.378000e+03	2.131309031060e-01	-7.752263144248e-01	-5.240651992143e-02	2.131256023616e-01	-7.752224754490e-01	-4.803053734677e-02	1.642351672719e+02	-1.555442573808e+02	-4.803053734677e-02
135   	52    	-1 	-5 	4  	4.093770e+05	3.026000e+03	2.131283264604e-01	-8.830981500445e-01	-4.925947366237e-01	2.131266152680e-01	-8.830962087723e-01	-4.925579010303e-01	1.462018306767e+02	-1.721602501633e+02	-4.925579010303e-01
136   	523   	4  	-3 	-14	2.119090e+05	2.113000e+03	2.135148260549e-01	7.091228317170e-01	1.361861554962e-01	2.135120217010e-01	7.091172641096e-01	1.361861554962e-01	1.739796752141e+02	1.519626960569e+02	1.361861554962e-01
137   	1     	0  	1  	2  	1.001877e+06	1.434800e+04	4.412134925844e-02	3.068213288934e+00	-3.377094601177e-01	4.411094556506e-02	3.068025538965e+00	-3.376858639231e-01	-4.482448565007e+01	6.539702967739e+00	-3.376858639231e-01
138   	14    	-1 	1  	4  	2.654782e+06	1.443600e+04	6.019585101534e-02	-2.547395193281e+00	1.813663147885e-01	6.020642037841e-02	-2.547389653507e+00	1.815199377412e-01	-5.096481455308e+01	-3.234731352191e+01	1.815199377412e-01
139   	0     	1  	1  	0  	2.209066e+06	1.435000e+04	6.453268294901e-02	2.469554670843e+00	-8.166186517752e-01	6.453732286577e-02	2.469473695990e+00	-8.164678204084e-01	-5.180023342419e+01	4.540001753912e+01	-8.164678204084e-01
140   	0     	-1 	2  	0  	1.120827e+06	1.434100e+04	6.453427654845e-02	2.747776758217e+00	3.776923603490e-01	6.454188078335e-02	2.747638894793e+00	3.777487185818e-01	-6.133455016201e+01	2.916326403464e+01	3.777487185818e-01
141   	8     	1  	1  	3  	1.294580e+06	1.433300e+04	7.363891838504e-02	2.970128122254e+00	-7.688562263070e-01	7.363933859204e-02	2.970107243733e+00	-7.687373941888e-01	-7.498549880922e+01	1.629189860091e+01	-7.687373941888e-01
142   	8     	-2 	1  	3  	3.114350e+05	6.450000e+02	7.363920423473e-02	-2.517429992703e+00	8.748869966085e-01	7.310425248160e-02	-2.517363953534e+00	8.760667687947e-01	-6.090349755859e+01	-4.188961709485e+01	8.760667687947e-01
143   	8     	1  	1  	-3 	3.421307e+06	1.436500e+04	7.363685208884e-02	1.971385741617e+00	-8.939175974903e-01	7.364426428701e-02	1.971430500627e+00	-8.948413261433e-01	-2.895968370326e+01	7.455160071766e+01	-8.948413261433e-01
144   	8     	-1 	2  	-3 	8.783800e+04	1.042000e+03	7.363996350251e-02	2.350060044374e+00	7.731623026794e-01	7.364212167561e-02	2.349962552878e+00	7.729588352559e-01	-5.316048270696e+01	5.827199443770e+01	7.729588352559e-01
145   	8     	-1 	2  	3  	1.383503e+06	1.433900e+04	7.363860068049e-02	-3.102844097530e+00	1.167583728792e-01	7.363916101518e-02	-3.102798108713e+00	1.168435418605e-01	-7.602501209648e+01	5.209503830230e-02	1.168435418605e-01
146   	4     	-2 	2  	2  	4.257000e+03	1.040000e+02	7.818521839784e-02	-2.985168104770e+00	6.260629849835e-01	7.816591108545e-02	-2.985109681134e+00	6.260629849835e-01	-7.984064347176e+01	-9.778552186410e+00	6.260629849835e-01
147   	4     	0  	2  	-2 	1.098330e+05	1.653000e+03	7.818226420618e-02	2.231623845793e+00	7.951944874185e-03	7.818347405541e-02	2.231636422489e+00	8.148434055041e-03	-4.923818881913e+01	6.811538892821e+01	8.148434055041e-03
148   	17    	0  	2  	4  	1.514237e+06	1.434100e+04	8.826418950987e-02	3.068139135447e+00	-3.155784193841e-01	8.826885336122e-02	3.068126796216e+00	-3.154914662594e-01	-9.134002878226e+01	9.851428599593e+00	-3.154914662594e-01
149   	45    	1  	1  	6  	1.601088e+06	1.443800e+04	9.590953942804e-02	-2.983872001112e+00	-7.301398526210e-01	9.590414649700e-02	-2.983992629813e+00	-7.300569894660e-01	-9.838584444458e+01	-1.286170178951e+01	-7.300569894660e-01
150   	45    	-2 	1  	6  	3.158903e+06	1.444100e+04	9.590764803575e-02	-2.312723016968e+00	5.503012412615e-01	9.591406382224e-02	-2.312822698677e+00	5.500307911784e-01	-6.671970130045e+01	-7.145298263121e+01	5.500307911784e-01
151   	45    	-1 	2  	6  	1.826131e+06	1.443900e+04	9.590797807865e-02	-2.818054705366e+00	-4.066924096626e-02	9.591539162373e-02	-2.817972898109e+00	-4.052796880119e-02	-9.436137434143e+01	-2.914073725127e+01	-4.052796880119e-02
152   	2     	2  	1  	1  	9.394900e+04	1.674000e+03	9.930632608993e-02	2.619179905229e+00	-1.002669975333e+00	9.931542881056e-02	2.619213692896e+00	-1.002770990009e+00	-8.944255463136e+01	5.528183032705e+01	-1.002770990009e+00
153   	2     	-3 	2  	1  	9.625000e+03	2.780000e+02	9.931001069745e-02	-2.923169022926e+00	1.014543505312e+00	9.930657730197e-02	-2.923168665032e+00	1.014543505312e+00	-1.007427137526e+02	-1.969071903890e+01	1.014543505312e+00
154   	2     	1  	2  	-1 	1.657280e+05	1.759000e+03	9.930434484356e-02	2.343601628766e+00	-5.352334999429e-01	9.930584514701e-02	2.343564040169e+00	-5.352334999429e-01	-7.183314992369e+01	7.803993250335e+01	-5.352334999429e-01
155   	2     	-1 	3  	-1 	1.162080e+05	1.425000e+03	9.930649659663e-02	2.546513507203e+00	2.891727792221e-01	9.930642607258e-02	2.546494442854e+00	2.891115016565e-01	-8.540768411315e+01	6.174092455695e+01	2.891115016565e-01
156   	2     	-2 	3  	1  	6.711600e+04	1.729000e+03	9.930824204267e-02	2.952224960389e+00	4.890105196191e-01	9.931833116926e-02	2.952310974248e+00	4.847507600767e-01	-1.014690927011e+02	2.270763485534e+01	4.847507600767e-01
157   	5     	1  	2  	2  	1.055840e+05	2.187000e+03	1.013964924357e-01	2.698644862361e+00	-5.702365856768e-01	1.013969045111e-01	2.698600018171e+00	-5.702597280180e-01	-9.528393275326e+01	4.885484830941e+01	-5.702597280180e-01
158   	5     	-2 	3  	-2 	1.458000e+03	3.800000e+01	1.014005491179e-01	2.666988273219e+00	7.204289214680e-01	1.014136883953e-01	2.666998818843e+00	7.204289214680e-01	-9.380560515647e+01	5.189585289528e+01	7.204289214680e-01
159   	5     	-1 	3  	2  	8.728200e+04	1.335000e+03	1.013973537627e-01	2.861516505523e+00	9.932833212610e-02	1.013970148231e-01	2.861556638377e+00	9.932833212610e-02	-1.014044793197e+02	3.255947470685e+01	9.932833212610e-02
160   	95    	0  	1  	8  	6.161260e+05	9.834000e+03	1.016649017433e-01	-2.604170502233e+00	-4.661800059783e-01	1.016630818319e-01	-2.604152368788e+00	-4.664803267633e-01	-9.054524531460e+01	-5.186789549927e+01	-4.664803267633e-01
161   	95    	-1 	0  	8  	1.066165e+06	1.445000e+04	1.016633000410e-01	-2.004263599169e+00	-1.048511348904e-02	1.016682538271e-01	-2.004293855318e+00	-1.029374630896e-02	-4.337338582254e+01	-9.416844341114e+01	-1.029374630896e-02
162   	19    	2  	1  	4  	9.268530e+05	1.434100e+04	1.093661686601e-01	2.939816060130e+00	-9.287148566536e-01	1.093719397003e-01	2.939789373214e+00	-9.323600662601e-01	-1.116996809775e+02	2.611343551946e+01	-9.323600662601e-01
163   	19    	-3 	2  	4  	3.084200e+04	7.340000e+02	1.093665077726e-01	-2.675210482794e+00	7.954659853367e-01	1.093581797041e-01	-2.675153019982e+00	7.954659853367e-01	-1.015214848689e+02	-4.890125903467e+01	7.954659853367e-01
164   	19    	1  	2  	-4 	2.283673e+06	1.437400e+04	1.093622797948e-01	2.014454308337e+00	-4.405929988804e-01	1.093663893793e-01	2.014461528058e+00	-4.410388361547e-01	-4.833246697672e+01	1.073451901329e+02	-4.410388361547e-01
165   	19    	-1 	3  	-4 	1.294562e+06	1.323400e+04	1.093653900620e-01	2.275139444434e+00	5.656393456254e-01	1.093668323400e-01	2.275065527839e+00	5.658155183670e-01	-7.347987705548e+01	9.101246104692e+01	5.658155183670e-01
166   	19    	-2 	3  	4  	1.032324e+06	1.443500e+04	1.093655975888e-01	-3.059663027868e+00	3.075626561107e-01	1.093792786581e-01	-3.059706163951e+00	3.075289946775e-01	-1.135873806441e+02	-6.468990205447e+00	3.075289946775e-01
167   	6     	0  	3  	0  	3.901163e+06	1.435300e+04	1.118125699488e-01	2.520879253286e+00	-1.323357027176e-01	1.118122352596e-01	2.520804054386e+00	-1.318407362120e-01	-9.471225916264e+01	7.166310099697e+01	-1.318407362120e-01
168   	6     	-3 	3  	0  	2.717600e+04	5.190000e+02	1.118185704525e-01	3.057738209156e+00	8.351588873116e-01	1.118097482151e-01	3.057645345490e+00	8.351588873116e-01	-1.161886230158e+02	1.286357234296e+01	8.351588873116e-01
169   	32    	1  	2  	5  	3.618500e+04	8.850000e+02	1.149796717390e-01	3.003525659787e+00	-5.805204881608e-01	1.149846455016e-01	3.003436203085e+00	-5.805204881608e-01	-1.188497568137e+02	1.968119547811e+01	-5.805204881608e-01
170   	32    	-3 	1  	5  	6.124600e+04	9.440000e+02	1.149799226194e-01	-2.371075011645e+00	1.022310105908e+00	1.149931501746e-01	-2.371196128783e+00	1.022310105908e+00	-8.548949331755e+01	-8.151360352082e+01	1.022310105908e+00
171   	32    	-2 	3  	-5 	8.040600e+04	8.050000e+02	1.149834623750e-01	2.442211584271e+00	9.881004340114e-01	1.149815496022e-01	2.442172047513e+00	9.881004340114e-01	-9.162375763296e+01	8.117035294260e+01	9.881004340114e-01
172   	32    	-1 	3  	5  	3.148400e+04	6.690000e+02	1.149793321740e-01	3.138226053918e+00	-2.632198973780e-02	1.149787077959e-01	3.138248858040e+00	-2.632198973780e-02	-1.199619704868e+02	3.364651217812e+00	-2.632198973780e-02
173   	102   	2  	0  	8  	1.015140e+05	2.383000e+03	1.204507778171e-01	-2.832519644132e+00	-1.032833185557e+00	1.204519495194e-01	-2.832578927712e+00	-1.032866797854e+00	-1.196872575127e+02	-3.573707213255e+01	-1.032866797854e+00
174   	102   	-2 	2  	8  	1.635700e+05	2.544000e+03	1.204463191766e-01	-2.546507946284e+00	2.177328452862e-01	1.204425943391e-01	-2.546531640119e+00	2.179473435517e-01	-1.037518731109e+02	-6.832162517418e+01	2.179473435517e-01
175   	184   	1  	0  	10 	1.970013e+06	1.443100e+04	1.239971405401e-01	-2.505591567387e+00	-8.414503388126e-01	1.239969462130e-01	-2.505626657424e+00	-8.415346323435e-01	-1.037884133193e+02	-7.482420745545e+01	-8.415346323435e-01
176   	184   	-1 	1  	10 	2.423232e+06	1.443900e+04	1.239940177431e-01	-2.339885921026e+00	-1.578308780984e-01	1.239904496874e-01	-2.339883406121e+00	-1.572932017774e-01	-8.945701625187e+01	-9.110680864764e+01	-1.572932017774e-01
177   	184   	0  	-1 	10 	2.252120e+06	1.445300e+04	1.239947674078e-01	-1.977053822338e+00	-8.245392815729e-01	1.239947211309e-01	-1.977017836373e+00	-8.247079386627e-01	-5.004914878703e+01	-1.172206083519e+02	-8.247079386627e-01
178   	137   	1  	1  	9  	3.640840e+05	4.824000e+03	1.244872533450e-01	-2.791092612364e+00	-6.953492349249e-01	1.244865684373e-01	-2.791068073135e+00	-6.953114241876e-01	-1.220079373978e+02	-4.221886483367e+01	-6.953114241876e-01
179   	137   	-2 	1  	9  	7.665190e+05	4.889000e+03	1.244841665007e-01	-2.229516488567e+00	3.092521328718e-01	1.244913898795e-01	-2.229595004060e+00	3.116806818188e-01	-7.884371787510e+01	-1.009592611323e+02	3.116806818188e-01
180   	137   	-1 	2  	9  	4.367580e+05	5.013000e+03	1.244850332243e-01	-2.655210193384e+00	-1.349778860394e-01	1.244807039934e-01	-2.655219463571e+00	-1.373898229471e-01	-1.147047305026e+02	-5.851437690397e+01	-1.373898229471e-01
181   	137   	-1 	-1 	9  	1.811519e+06	1.446500e+04	1.244835802991e-01	-1.711875765208e+00	1.916358104137e-01	1.244902396325e-01	-1.711952451242e+00	1.950333667191e-01	-1.676265751836e+01	-1.270151874420e+02	1.950333667191e-01
182   	3     	2  	2  	0  	9.396350e+05	1.379100e+04	1.291326746495e-01	2.468269707780e+00	-7.753247273130e-01	1.291344301569e-01	2.468270679797e+00	-7.753101509389e-01	-1.054653390758e+02	8.811122458278e+01	-7.753101509389e-01
183   	3     	-2 	4  	0  	5.608420e+05	8.272000e+03	1.291358668411e-01	2.747093462789e+00	4.126751470775e-01	1.291328745979e-01	2.747089627273e+00	4.127281285420e-01	-1.247017706968e+02	5.541538780064e+01	4.127281285420e-01
184   	12    	2  	2  	3  	2.236390e+05	1.818000e+03	1.339262923454e-01	2.735823991887e+00	-7.545493262621e-01	1.339240951772e-01	2.735752820961e+00	-7.569534180175e-01	-1.288226914216e+02	5.885612315153e+01	-7.569534180175e-01
185   	12    	2  	2  	-3 	4.507970e+05	6.451000e+03	1.339240153184e-01	2.200699559205e+00	-7.917863888831e-01	1.339239763196e-01	2.200721742836e+00	-7.916915721177e-01	-8.224534617524e+01	1.174784618340e+02	-7.916915721177e-01
186   	12    	-2 	4  	-3 	5.608200e+04	7.340000e+02	1.339289833462e-01	2.526123324523e+00	6.003169964477e-01	1.339226103018e-01	2.526108225807e+00	6.003169964477e-01	-1.143820467160e+02	8.474062211438e+01	6.003169964477e-01
187   	12    	-2 	4  	3  	1.890840e+05	3.889000e+03	1.339274815430e-01	2.976842229807e+00	2.653401290479e-01	1.339243934737e-01	2.976856031096e+00	2.653707279694e-01	-1.383407779412e+02	2.614588805310e+01	2.653707279694e-01
188   	10    	-4 	3  	2  	6.457000e+03	1.950000e+02	1.364884305413e-01	-2.937589709431e+00	9.267054109468e-01	1.365013813060e-01	-2.937555947880e+00	9.267054109468e-01	-1.399063092701e+02	-2.634827876942e+01	9.267054109468e-01
189   	10    	1  	3  	-2 	3.819250e+05	3.441000e+03	1.364809658625e-01	2.296077707057e+00	-3.646493415083e-01	1.364759745184e-01	2.296050450422e+00	-3.646058710769e-01	-9.455938324358e+01	1.110396301868e+02	-3.646058710769e-01
190   	10    	-1 	4  	-2 	3.029650e+05	4.318000e+03	1.364833463788e-01	2.453468557875e+00	2.534690349457e-01	1.364830407669e-01	2.453445664257e+00	2.533559786964e-01	-1.102805079124e+02	9.466947809722e+01	2.533559786964e-01
191   	10    	-3 	4  	2  	9.891400e+04	2.112000e+03	1.364867379950e-01	3.048992013738e+00	5.489321891124e-01	1.364861459616e-01	3.048921803937e+00	5.489321891124e-01	-1.423629911056e+02	1.626963665829e+01	5.489321891124e-01
192   	106   	1  	2  	8  	9.614700e+04	1.340000e+03	1.366831735774e-01	-3.054853508449e+00	-5.781905426762e-01	1.366775756139e-01	-3.054831070644e+00	-5.781905426762e-01	-1.425902064817e+02	-9.623140937102e+00	-5.781905426762e-01
193   	106   	-3 	1  	8  	8.828000e+03	1.630000e+02	1.366813433536e-01	-2.232465658710e+00	7.859658084844e-01	1.366889796633e-01	-2.232579956226e+00	7.859658084844e-01	-8.715093318274e+01	-1.110347567057e+02	7.859658084844e-01
194   	106   	-1 	3  	8  	1.004810e+05	1.503000e+03	1.366819618967e-01	-2.940563106478e+00	-1.088522873643e-01	1.366852810376e-01	-2.940625712714e+00	-1.131155173442e-01	-1.401925424753e+02	-2.595410351829e+01	-1.131155173442e-01
195   	191   	0  	2  	10 	6.529100e+05	9.878000e+03	1.398214089903e-01	-2.784482305104e+00	-3.953420881188e-01	1.398237883651e-01	-2.784476484310e+00	-3.953150758934e-01	-1.370800164563e+02	-4.880837313170e+01	-3.953150758934e-01
196   	191   	-2 	0  	10 	1.432445e+06	1.446200e+04	1.398189250054e-01	-1.958650912267e+00	5.078936615606e-01	1.398219326772e-01	-1.958674952370e+00	5.080734038692e-01	-5.419832376489e+01	-1.338414499433e+02	5.080734038692e-01
197   	302   	0  	0  	12 	1.001530e+06	9.395000e+03	1.419396347604e-01	-2.246539944397e+00	-5.756977884879e-01	1.419417282069e-01	-2.246555851578e+00	-5.757542507684e-01	-9.225829276338e+01	-1.141907463079e+02	-5.757542507684e-01
198   	24    	1  	3  	4  	3.946220e+05	5.680000e+03	1.425095336772e-01	2.807132232861e+00	-4.646864168125e-01	1.425043124659e-01	2.807112737055e+00	-4.646521070384e-01	-1.411594116422e+02	5.242962709950e+01	-4.646521070384e-01
199   	24    	-3 	4  	-4 	3.614000e+04	7.660000e+02	1.425161106877e-01	2.644157721097e+00	8.950259241881e-01	1.425166770395e-01	2.644169536921e+00	8.950259241881e-01	-1.312907086059e+02	7.491298731157e+01	8.950259241881e-01
200   	24    	-1 	4  	4  	3.638450e+05	5.604000e+03	1.425100378282e-01	2.919978041040e+00	-5.914683097627e-03	1.425089979195e-01	2.919950097746e+00	-5.876175957030e-03	-1.457995722322e+02	3.606262218028e+01	-5.876175957030e-03
201   	54    	2  	2  	6  	7.325710e+05	9.214000e+03	1.473779045825e-01	2.969740040097e+00	-7.314368844635e-01	1.473735158027e-01	2.969707802072e+00	-7.314969763413e-01	-1.524084023191e+02	2.958165654022e+01	-7.314969763413e-01
202   	54    	-4 	2  	6  	1.286120e+05	1.339000e+03	1.473784774491e-01	-2.516000812347e+00	9.203443107056e-01	1.473827337801e-01	-2.516048829967e+00	9.232734693823e-01	-1.248775587008e+02	-8.844698330238e+01	9.232734693823e-01
203   	54    	2  	2  	-6 	1.695983e+06	1.438500e+04	1.473737635533e-01	1.966449077155e+00	-7.988801651056e-01	1.473656399066e-01	1.966438206042e+00	-7.948426872019e-01	-5.902209167888e+01	1.470678349393e+02	-7.948426872019e-01
204   	54    	-2 	4  	-6 	1.062840e+05	1.169000e+03	1.473799990849e-01	2.347942500767e+00	8.256774065336e-01	1.473842230271e-01	2.347947195595e+00	8.256774065336e-01	-1.082509343118e+02	1.142454486330e+02	8.256774065336e-01
205   	54    	-2 	4  	6  	7.151260e+05	1.132300e+04	1.473772678762e-01	-3.102799007673e+00	1.536554441701e-01	1.473804019789e-01	-3.102831444420e+00	1.497257284345e-01	-1.545253136605e+02	-3.169212629281e+00	1.497257284345e-01
206   	16    	0  	4  	2  	2.413720e+05	3.152000e+03	1.510124804176e-01	2.671576525426e+00	-1.680892482626e-01	1.510036388728e-01	2.671599690192e+00	-1.680740634382e-01	-1.413572777775e+02	7.536098375201e+01	-1.680740634382e-01
207   	16    	-4 	4  	-2 	1.660100e+04	3.690000e+02	1.510212810914e-01	2.934994218445e+00	9.564171845255e-01	1.510193926222e-01	2.934959460787e+00	9.561412078201e-01	-1.552369974704e+02	3.570671031041e+01	9.561412078201e-01
208   	195   	2  	1  	10 	5.336130e+05	7.916000e+03	1.540425842535e-01	-2.922735691699e+00	-8.191980331019e-01	1.540390470305e-01	-2.922785064354e+00	-8.194426136465e-01	-1.578563164807e+02	-3.256792714058e+01	-8.194426136465e-01
209   	195   	-3 	2  	10 	1.240744e+06	1.155100e+04	1.540385461145e-01	-2.394415005543e+00	4.390582274196e-01	1.540451417104e-01	-2.394463427061e+00	4.392018705052e-01	-1.180733316734e+02	-1.079738420349e+02	4.392018705052e-01
210   	195   	-2 	3  	10 	6.471150e+05	1.181700e+04	1.540388894321e-01	-2.710453157323e+00	7.706536961632e-02	1.540405872842e-01	-2.710490114027e+00	7.713603344949e-02	-1.467284890207e+02	-6.532605851640e+01	7.713603344949e-02
211   	34    	-4 	4  	4  	1.826600e+04	3.320000e+02	1.564902425884e-01	-2.984841535568e+00	6.657003453602e-01	1.564964223305e-01	-2.984684768704e+00	6.657003453602e-01	-1.623797144541e+02	-2.306565707908e+01	6.657003453602e-01
212   	34    	0  	4  	-4 	4.473960e+05	5.745000e+03	1.564843206009e-01	2.228597466217e+00	7.185053274460e-02	1.564827070964e-01	2.228646977296e+00	7.199295155850e-02	-1.002642755945e+02	1.342446916451e+02	7.199295155850e-02
213   	115   	3  	1  	8  	1.324680e+05	1.916000e+03	1.644426070286e-01	3.119580324305e+00	-9.411599947460e-01	1.644260239556e-01	3.119619682859e+00	-9.426192119002e-01	-1.730173374576e+02	6.671441626839e+00	-9.426192119002e-01
214   	115   	-4 	3  	8  	1.855300e+04	3.710000e+02	1.644400595429e-01	-2.611603928638e+00	6.328203330121e-01	1.644406036674e-01	-2.611647365362e+00	6.328203330121e-01	-1.489108942603e+02	-8.530972377170e+01	6.328203330121e-01
215   	115   	1  	3  	-8 	5.116630e+05	6.157000e+03	1.644356926269e-01	1.857580759742e+00	2.009306876714e-02	1.644305944523e-01	1.857617815653e+00	2.131368518108e-02	-4.828348644841e+01	1.704091146491e+02	2.131368518108e-02
216   	115   	-1 	4  	-8 	2.506000e+04	3.400000e+02	1.644392123959e-01	2.096358362272e+00	7.431050133581e-01	1.644377909840e-01	2.096371217766e+00	7.431050133581e-01	-8.641715061499e+01	1.539267062531e+02	7.431050133581e-01
217   	115   	-3 	4  	8  	1.425050e+05	2.452000e+03	1.644395813823e-01	-2.878284262261e+00	3.040461155420e-01	1.644377324698e-01	-2.878335995488e+00	3.040647317342e-01	-1.669414820341e+02	-4.255796462215e+01	3.040647317342e-01
218   	155   	2  	2  	9  	7.737400e+04	1.347000e+03	1.674276483984e-01	-3.126700071055e+00	-7.069143663559e-01	1.674277030102e-01	-3.126612171321e+00	-7.069143663559e-01	-1.762746778708e+02	1.677489903977e-01	-7.069143663559e-01
219   	155   	-4 	2  	9  	6.208000e+03	1.050000e+02	1.674257270498e-01	-2.391663869901e+00	7.613793619115e-01	1.673828204623e-01	-2.391595872777e+00	7.613793619115e-01	-1.282721191603e+02	-1.181604278390e+02	7.613793619115e-01
220   	155   	2  	2  	-9 	4.491540e+05	3.762000e+03	1.674221749208e-01	1.777439319254e+00	-7.785235686695e-01	1.674198427519e-01	1.777498101917e+00	-7.769067394265e-01	-3.541671464763e+01	1.770099502512e+02	-7.769067394265e-01
221   	155   	-2 	4  	9  	9.140900e+04	1.336000e+03	1.674255734327e-01	-2.940481738477e+00	7.071614087975e-02	1.674299289275e-01	-2.940421771066e+00	6.946288300823e-02	-1.726337057709e+02	-3.267713788866e+01	6.946288300823e-02
222   	29    	3  	2  	4  	5.002550e+05	7.715000e+03	1.693217183689e-01	2.764632618394e+00	-8.529355749683e-01	1.693235606217e-01	2.764593963921e+00	-8.528992819026e-01	-1.658615815752e+02	6.903442648891e+01	-8.528992819026e-01
223   	29    	-5 	3  	4  	1.595310e+05	3.248000e+03	1.693256012728e-01	-2.748981115362e+00	1.004130320146e+00	1.693296566361e-01	-2.748984103855e+00	1.004090004857e+00	-1.645105653670e+02	-6.593118783987e+01	1.004090004857e+00
224   	29    	2  	3  	-4 	1.030925e+06	1.325000e+04	1.693175202891e-01	2.174406301336e+00	-5.691104929168e-01	1.693130237317e-01	2.174403665831e+00	-5.687353891258e-01	-1.009075809322e+02	1.509595833410e+02	-5.687353891258e-01
225   	29    	-2 	5  	-4 	9.286080e+05	1.054500e+04	1.693227690735e-01	2.446505065006e+00	5.281147622843e-01	1.693224542930e-01	2.446463731572e+00	5.280228588793e-01	-1.368590754878e+02	1.180437295124e+02	5.280228588793e-01
226   	29    	-3 	5  	4  	4.161160e+05	6.980000e+03	1.693229930997e-01	3.047581840823e+00	3.695649716788e-01	1.693214930736e-01	3.047566321790e+00	3.696003718530e-01	-1.775911970846e+02	1.970733838550e+01	3.696003718530e-01
227   	491   	0  	1  	14 	5.744520e+05	6.123000e+03	1.698030316935e-01	-2.454873982036e+00	-4.708907103197e-01	1.697979086557e-01	-2.454905514634e+00	-4.709219359423e-01	-1.377187829379e+02	-1.113761809827e+02	-4.709219359423e-01
228   	491   	-1 	0  	14 	7.444300e+05	9.745000e+03	1.698011701602e-01	-2.083164748481e+00	-2.433240178212e-01	1.697997897189e-01	-2.083149360208e+00	-2.432234321540e-01	-8.656916099119e+01	-1.540799947565e+02	-2.432234321540e-01
229   	491   	1  	-1 	14 	7.403530e+05	8.696000e+03	1.698048563674e-01	-2.246259912331e+00	-9.071981882312e-01	1.698074558330e-01	-2.246265300636e+00	-9.071639819439e-01	-1.109609055348e+02	-1.377127319066e+02	-9.071639819439e-01
230   	13    	1  	4  	0  	4.356700e+05	3.957000e+03	1.709149525070e-01	2.475849933634e+00	-3.237364074490e-01	1.709084974588e-01	2.475871039818e+00	-3.229588672132e-01	-1.415336960931e+02	1.149876147651e+02	-3.229588672132e-01
231   	13    	-5 	4  	0  	1.681200e+04	3.510000e+02	1.709254497826e-01	-3.106018093963e+00	1.012699386390e+00	1.709153825088e-01	-3.106029481115e+00	1.008336063260e+00	-1.799470847764e+02	-3.632173635240e+00	1.008336063260e+00
232   	13    	-4 	5  	0  	1.828300e+04	3.230000e+02	1.709233259778e-01	2.939761403447e+00	7.151717439076e-01	1.709216828405e-01	2.939798857764e+00	7.151717439076e-01	-1.764755447821e+02	3.921117058011e+01	7.151717439076e-01
233   	13    	-1 	5  	0  	3.689860e+05	3.720000e+03	1.709167651746e-01	2.586438566215e+00	1.132838396716e-01	1.709181314448e-01	2.586482723899e+00	1.169401239078e-01	-1.530117390499e+02	9.853322007826e+01	1.169401239078e-01
234   	22    	-5 	4  	3  	4.680000e+02	2.600000e+01	1.745801899929e-01	-2.946655944213e+00	8.856429891025e-01	1.746189750874e-01	-2.946773474803e+00	8.856429891025e-01	-1.805032158177e+02	-3.309775095417e+01	8.856429891025e-01
235   	22    	1  	4  	-3 	1.558630e+05	1.428000e+03	1.745710648957e-01	2.272528803007e+00	-2.475462856436e-01	1.745691217342e-01	2.272570476557e+00	-2.475462856436e-01	-1.185847831532e+02	1.445657410769e+02	-2.475462856436e-01
236   	22    	-1 	5  	-3 	1.497760e+05	1.786000e+03	1.745735662396e-01	2.400587632619e+00	2.424856122699e-01	1.745700795484e-01	2.400587963668e+00	2.425931979467e-01	-1.356528191989e+02	1.280937061778e+02	2.425931979467e-01
237   	22    	-4 	5  	3  	1.112000e+04	2.600000e+02	1.745785478228e-01	3.104152055137e+00	5.912111811343e-01	1.745519151954e-01	3.104131888917e+00	5.912111811343e-01	-1.839092592889e+02	9.759009528733e+00	5.912111811343e-01
238   	23    	1  	4  	3  	8.822400e+04	8.950000e+02	1.745722381249e-01	2.679357698790e+00	-3.709602677890e-01	1.745614213581e-01	2.679366764185e+00	-3.680476269456e-01	-1.647359149897e+02	8.555529781700e+01	-3.680476269456e-01
239   	23    	-4 	5  	-3 	4.317000e+03	1.180000e+02	1.745811548148e-01	2.778480185249e+00	8.539099597812e-01	1.745763466259e-01	2.778424883857e+00	8.539099597812e-01	-1.720824980101e+02	6.872663201201e+01	8.539099597812e-01
240   	23    	-1 	5  	3  	7.592300e+04	1.321000e+03	1.745732869290e-01	2.776257370490e+00	1.789838216554e-02	1.745800615913e-01	2.776296491394e+00	1.754792783093e-02	-1.719486969187e+02	6.909728201061e+01	1.754792783093e-02
241   	127   	0  	4  	8  	1.466980e+05	2.792000e+03	1.767008744952e-01	3.067881979812e+00	-2.712401206705e-01	1.766971872310e-01	3.067887423788e+00	-2.712215606790e-01	-1.858779403259e+02	1.663751732285e+01	-2.712215606790e-01
242   	211   	1  	3  	10 	3.886650e+05	3.733000e+03	1.791461682911e-01	-3.093506276580e+00	-4.873670538343e-01	1.791368890500e-01	-3.093517280139e+00	-4.890166889375e-01	-1.887719759845e+02	-6.350745060456e+00	-4.890166889375e-01
243   	211   	-4 	1  	10 	2.527920e+05	3.412000e+03	1.791442674438e-01	-2.196694265897e+00	9.468746350027e-01	1.791438273003e-01	-2.196703928424e+00	9.468789501344e-01	-1.097506233270e+02	-1.513313350326e+02	9.468789501344e-01
244   	211   	-1 	4  	10 	4.221350e+05	6.273000e+03	1.791451542931e-01	-3.006670972354e+00	-1.329505470198e-01	1.791524262571e-01	-3.006633574022e+00	-1.329245408346e-01	-1.872375517781e+02	-2.282231266740e+01	-1.329245408346e-01
245   	338   	3  	0  	12 	1.699090e+05	2.401000e+03	1.808131724643e-01	-2.831820730527e+00	-1.001147442704e+00	1.808183125154e-01	-2.831842974706e+00	-1.001147442704e+00	-1.815524376390e+02	-5.579128158505e+01	-1.001147442704e+00
246   	338   	-3 	3  	12 	2.621850e+05	3.784000e+03	1.808064692543e-01	-2.544997358279e+00	2.541951512461e-01	1.808053734047e-01	-2.545044804249e+00	2.542127253607e-01	-1.573470091141e+02	-1.051254025217e+02	2.542127253607e-01
247   	341   	0  	3  	12 	1.595220e+05	2.432000e+03	1.808072425768e-01	-2.885905539762e+00	-3.488442310603e-01	1.808146077805e-01	-2.885868391961e+00	-3.528353142204e-01	-1.844700306677e+02	-4.582354462674e+01	-3.528353142204e-01
248   	341   	-3 	0  	12 	8.760000e+03	1.950000e+02	1.808041791277e-01	-1.966566544740e+00	8.246904201288e-01	1.807969306414e-01	-1.966554267341e+00	8.246904201288e-01	-7.224251917213e+01	-1.742708278912e+02	8.246904201288e-01
249   	504   	2  	0  	14 	4.901130e+05	5.936000e+03	1.817116434721e-01	-2.609172414560e+00	-8.778621109567e-01	1.817183106177e-01	-2.609204492503e+00	-8.775848456413e-01	-1.648310338499e+02	-9.523050521584e+01	-8.775848456413e-01
250   	504   	-2 	2  	14 	7.776080e+05	8.878000e+03	1.817058866794e-01	-2.396397882794e+00	1.932811023301e-02	1.817043325033e-01	-2.396409704885e+00	1.940233534176e-02	-1.402588273761e+02	-1.281027867198e+02	1.940233534176e-02
251   	504   	0  	-2 	14 	1.135335e+06	1.447800e+04	1.817068292587e-01	-1.882008448686e+00	-9.146333281505e-01	1.817128931608e-01	-1.882016723850e+00	-9.139520896337e-01	-5.729762720269e+01	-1.808037781659e+02	-9.139520896337e-01
252   	66    	4  	1  	6  	2.945120e+05	4.150000e+03	1.851194569005e-01	2.919629048088e+00	-1.032822142991e+00	1.851207619921e-01	2.919642147401e+00	-1.032835743559e+00	-1.907884442714e+02	4.615441067751e+01	-1.032835743559e+00
253   	66    	-5 	4  	6  	2.567300e+04	5.290000e+02	1.851195776792e-01	-2.802416768116e+00	7.671502849809e-01	1.851136947160e-01	-2.802419831948e+00	7.671502849809e-01	-1.841394404997e+02	-6.271555550606e+01	7.671502849809e-01
254   	66    	1  	4  	-6 	7.253260e+05	6.892000e+03	1.851120561953e-01	2.085101548548e+00	-1.228367991860e-01	1.851092917754e-01	2.085127760033e+00	-1.186004307927e-01	-9.579921772581e+01	1.744085823801e+02	-1.186004307927e-01
255   	66    	-1 	5  	-6 	7.279070e+05	6.668000e+03	1.851151019401e-01	2.235769387327e+00	4.150593040207e-01	1.851131687170e-01	2.235786921729e+00	4.150978236591e-01	-1.203964531115e+02	1.578864877957e+02	4.150978236591e-01
256   	66    	-4 	5  	6  	2.864670e+05	3.735000e+03	1.851184409799e-01	-3.026744389200e+00	4.840512224023e-01	1.851207694961e-01	-3.026724574755e+00	4.841019280777e-01	-1.941786310881e+02	-1.978650131547e+01	4.841019280777e-01
257   	68    	1  	4  	6  	3.145770e+05	5.369000e+03	1.851142704334e-01	2.867267385047e+00	-3.996408769993e-01	1.851116752037e-01	2.867293016475e+00	-3.996174359464e-01	-1.882636509356e+02	5.614996330340e+01	-3.996174359464e-01
258   	68    	-4 	5  	-6 	1.663180e+05	1.876000e+03	1.851233611872e-01	2.635109559710e+00	1.003388733679e+00	1.851187519674e-01	2.635082780515e+00	1.007428161697e+00	-1.709753254919e+02	9.837677821187e+01	1.007428161697e+00
259   	68    	-1 	5  	6  	2.823460e+05	4.730000e+03	1.851145747961e-01	2.953271828765e+00	-5.194408041099e-02	1.851173132123e-01	2.953281520515e+00	-5.574604367508e-02	-1.921192516640e+02	3.966485291588e+01	-5.574604367508e-02
260   	605   	1  	1  	15 	1.013850e+05	1.189000e+03	1.889351626370e-01	-2.593775279153e+00	-6.310104575494e-01	1.889348031831e-01	-2.593772995109e+00	-6.310104575494e-01	-1.699967312267e+02	-1.018967009917e+02	-6.310104575494e-01
261   	605   	-2 	1  	15 	1.752890e+05	2.063000e+03	1.889309691498e-01	-2.186064505122e+00	4.815021544250e-02	1.889353803530e-01	-2.186078519412e+00	4.816701765549e-02	-1.142400911860e+02	-1.612275435628e+02	4.816701765549e-02
262   	605   	-1 	2  	15 	1.266830e+05	1.659000e+03	1.889323515892e-01	-2.494525806213e+00	-2.247934970658e-01	1.889307886015e-01	-2.494528337380e+00	-2.247711092155e-01	-1.587242318199e+02	-1.183574719467e+02	-2.247711092155e-01
263   	605   	2  	-1 	15 	1.464940e+05	1.489000e+03	1.889376856102e-01	-2.430630881530e+00	-9.933021026354e-01	1.889397306938e-01	-2.430644042695e+00	-9.933021026354e-01	-1.506402117534e+02	-1.283371763185e+02	-9.933021026354e-01
264   	605   	-1 	-1 	15 	2.462020e+05	3.668000e+03	1.889311154805e-01	-1.893545409467e+00	-2.613053990005e-01	1.889338651737e-01	-1.893543861380e+00	-2.612073933917e-01	-6.189230407428e+01	-1.875842783124e+02	-2.612073933917e-01
265   	223   	-4 	4  	10 	5.571610e+05	6.004000e+03	1.904743920618e-01	-2.708142492829e+00	4.420557150121e-01	1.904790874905e-01	-2.708158851542e+00	4.420831873900e-01	-1.824112924435e+02	-8.235878832640e+01	4.420831873900e-01
266   	223   	0  	4  	-10	1.074000e+03	2.900000e+01	1.904716355515e-01	1.910146178393e+00	6.367920519606e-01	1.894188585802e-01	1.910700200261e+00	6.391484089582e-01	-6.618847017954e+01	1.931025129076e+02	6.391484089582e-01
267   	50    	0  	5  	4  	3.216240e+05	5.532000e+03	1.924599870585e-01	2.759194276975e+00	-1.754299893712e-01	1.924647009770e-01	2.759188952632e+00	-1.752898877682e-01	-1.888910382946e+02	7.928325118721e+01	-1.752898877682e-01
268   	508   	1  	2  	14 	2.548150e+05	2.784000e+03	1.928879036266e-01	-2.784605114497e+00	-5.542728928165e-01	1.928906692339e-01	-2.784611173140e+00	-5.536369091249e-01	-1.908896811274e+02	-6.899572569599e+01	-5.536369091249e-01
269   	508   	-3 	1  	14 	5.428040e+05	6.102000e+03	1.928837004871e-01	-2.128085052039e+00	4.190729638451e-01	1.928882283923e-01	-2.128114591798e+00	4.191065888380e-01	-1.067903357271e+02	-1.713193740725e+02	4.191065888380e-01
270   	508   	-1 	3  	14 	2.941330e+05	4.574000e+03	1.928857262530e-01	-2.697307744396e+00	-1.971380939157e-01	1.928888008431e-01	-2.697309468539e+00	-1.969349944438e-01	-1.838489017286e+02	-8.548568999796e+01	-1.969349944438e-01
271   	15    	3  	3  	0  	1.117274e+06	8.318000e+03	1.938679183400e-01	2.466137317670e+00	-7.338879234597e-01	1.938651903267e-01	2.466083999785e+00	-7.303688271272e-01	-1.599704407237e+02	1.319618087205e+02	-7.303688271272e-01
272   	15    	-3 	6  	0  	6.367360e+05	8.523000e+03	1.938727191876e-01	2.745968733922e+00	4.477443724170e-01	1.938758145581e-01	2.745961414950e+00	4.478271934344e-01	-1.892903984730e+02	8.238496986587e+01	4.478271934344e-01
273   	215   	-5 	3  	10 	8.717000e+03	1.090000e+02	2.011725589290e-01	-2.499521043613e+00	7.580447167711e-01	2.011714639687e-01	-2.499422775415e+00	7.585702977378e-01	-1.700232940548e+02	-1.256195077093e+02	7.585702977378e-01
274   	215   	-2 	5  	-10	9.229100e+04	8.760000e+02	2.011742009217e-01	2.186524042258e+00	9.379072846556e-01	2.011755245054e-01	2.186489507820e+00	9.422706077856e-01	-1.227947975210e+02	1.780065756652e+02	9.422706077856e-01
275   	37    	2  	4  	4  	1.843570e+05	2.230000e+03	2.030547844798e-01	2.696749222940e+00	-5.139554569190e-01	2.030563288033e-01	2.696764542200e+00	-5.139554569190e-01	-1.942573651066e+02	9.597510774608e+01	-5.139554569190e-01
276   	37    	4  	2  	-4 	3.731290e+05	3.242000e+03	2.030541575855e-01	2.271546700747e+00	-1.026160339258e+00	2.030557202917e-01	2.271582682093e+00	-1.021886544419e+00	-1.385428374922e+02	1.683941725514e+02	-1.021886544419e+00
277   	37    	-4 	6  	-4 	1.678600e+04	2.320000e+02	2.030629293627e-01	2.664938427889e+00	7.776032886179e-01	2.030651931884e-01	2.665057890664e+00	7.776032886179e-01	-1.912191493565e+02	1.021342471417e+02	7.776032886179e-01
278   	52    	1  	5  	-4 	4.210090e+05	2.814000e+03	2.131283264604e-01	2.258183696236e+00	-1.586310846342e-01	2.131263811439e-01	2.258209378344e+00	-1.550763788907e-01	-1.433654960136e+02	1.787943350418e+02	-1.550763788907e-01
279   	52    	-1 	6  	-4 	4.447350e+05	3.209000e+03	2.131309031060e-01	2.366090138400e+00	2.449511186492e-01	2.131383642014e-01	2.366067819808e+00	2.449850256831e-01	-1.614395860647e+02	1.622036052058e+02	2.449850256831e-01
280   	523   	-4 	3  	14 	2.014860e+05	1.715000e+03	2.135148260549e-01	-2.432730173011e+00	4.167096478166e-01	2.135209464593e-01	-2.432719343519e+00	4.167790976904e-01	-1.713397308809e+02	-1.456236366696e+02	4.167790976904e-01
