#
# ID	PID	H	K	L	sum(int)	max(int)	pred tth          	pred eta          	 pred ome          	meas tth          	meas eta          	 meas ome          	meas X            	meas Y            	 meas ome
#
0     	1     	0  	-1 	-2 	1.070719e+06	1.445000e+04	4.412885324584e-02	-7.333790689621e-02	-3.818036879880e-01	4.414469429877e-02	-7.318791797632e-02	-3.818826885308e-01	4.758389400390e+01	-1.047692635718e-01	-3.818826885308e-01
1     	14    	0  	-1 	4  	5.619637e+06	1.444200e+04	6.020344383428e-02	-1.330044028161e+00	9.608025971868e-01	6.020468068622e-02	-1.330012133146e+00	9.597389886607e-01	1.659836280603e+01	-5.829474592745e+01	9.597389886607e-01
2     	14    	1  	-1 	-4 	2.647450e+06	1.440700e+04	6.020503863328e-02	5.942623049980e-01	1.088401208440e-01	6.020457202817e-02	5.943767108660e-01	1.092197412460e-01	5.366958845963e+01	3.876275758661e+01	1.092197412460e-01
3     	0     	1  	-2 	0  	1.030051e+06	1.447000e+04	6.454131260855e-02	-3.937594327680e-01	3.079010296208e-01	6.454324883263e-02	-3.938074917898e-01	3.079304022272e-01	6.405791998413e+01	-2.272785640864e+01	3.079304022272e-01
4     	0     	-1 	-1 	0  	2.003513e+06	1.446200e+04	6.454250089414e-02	-6.719612923402e-01	-8.988888439274e-01	6.454746880166e-02	-6.720309369555e-01	-8.986557958540e-01	5.457460095140e+01	-3.896680670134e+01	-8.986557958540e-01
5     	8     	1  	-2 	3  	9.853500e+04	1.003000e+03	7.364655454496e-02	-7.914810530172e-01	6.685266359048e-01	7.356857009255e-02	-7.916210880798e-01	6.679254197061e-01	5.586060895619e+01	-5.178760822456e+01	6.679254197061e-01
6     	8     	1  	-2 	-3 	1.403569e+06	1.442300e+04	7.364939183413e-02	3.881994760242e-02	4.316827387147e-02	7.366441597081e-02	3.897849505155e-02	4.329881584331e-02	7.874510537650e+01	6.381044724720e+00	4.329881584331e-02
7     	8     	-1 	-1 	-3 	1.391781e+06	1.448100e+04	7.365027650092e-02	-1.713996883827e-01	-8.434009140088e-01	7.365629207908e-02	-1.713354851740e-01	-8.433160039234e-01	7.774013677758e+01	-9.857190680831e+00	-8.433160039234e-01
8     	8     	2  	-1 	-3 	8.833200e+04	7.810000e+02	7.364740931971e-02	6.242790930162e-01	7.842711043395e-01	7.339988296031e-02	6.245860392712e-01	7.843339371410e-01	6.389695313387e+01	4.850066019034e+01	7.843339371410e-01
9     	4     	0  	-2 	2  	1.102520e+05	1.508000e+03	7.819312061894e-02	-9.098549128939e-01	-1.192340075517e-01	7.819373239654e-02	-9.098121917415e-01	-1.191912655699e-01	5.197087097295e+01	-6.168139423041e+01	-1.191912655699e-01
10    	4     	2  	-2 	-2 	7.123000e+03	1.170000e+02	7.819268892776e-02	1.565133336132e-01	5.470122482796e-01	7.820405367948e-02	1.564205907911e-01	5.470122482796e-01	8.260072231617e+01	1.619392977003e+01	5.470122482796e-01
11    	17    	0  	-2 	-4 	1.634545e+06	1.449400e+04	8.827920845809e-02	-7.337121869294e-02	-4.039383956639e-01	8.827621987723e-02	-7.340388245675e-02	-4.041860344626e-01	9.403266607541e+01	-3.422917863144e+00	-4.041860344626e-01
12    	45    	1  	-2 	-6 	1.762948e+06	1.444000e+04	9.592369899528e-02	3.236261239003e-01	-1.416954387097e-01	9.592389731825e-02	3.237302134009e-01	-1.416310784139e-01	9.703732016106e+01	3.555394154592e+01	-1.416310784139e-01
13    	45    	1  	1  	-6 	9.802213e+06	1.439600e+04	9.592038065687e-02	1.477584820194e+00	9.483294665565e-01	9.592342306903e-02	1.477568344034e+00	9.486552179180e-01	1.053346078695e+01	1.038726027551e+02	9.486552179180e-01
14    	45    	-1 	-1 	-6 	1.649856e+06	1.444400e+04	9.592425813161e-02	1.578029402939e-01	-8.270586553338e-01	9.593137588259e-02	1.577797624142e-01	-8.270465850641e-01	1.011158680449e+02	1.929247259624e+01	-8.270465850641e-01
15    	45    	2  	-1 	-6 	3.617194e+06	1.442100e+04	9.592120651214e-02	8.290102703651e-01	4.085861107904e-01	9.591856855104e-02	8.289813017211e-01	4.088585149576e-01	6.942166337664e+01	7.785946796091e+01	4.088585149576e-01
16    	2     	1  	-3 	1  	1.007010e+05	1.869000e+03	9.931845493002e-02	-5.949789469870e-01	1.693820290074e-01	9.932467082817e-02	-5.950067777078e-01	1.694242752617e-01	8.812418656511e+01	-5.529962957786e+01	1.694242752617e-01
17    	2     	2  	-3 	-1 	6.327600e+04	1.463000e+03	9.931819986907e-02	-1.892755850342e-01	3.879891165349e-01	9.932260222912e-02	-1.892781908830e-01	3.879891165349e-01	1.041614095269e+02	-1.627823262264e+01	3.879891165349e-01
18    	2     	3  	-2 	-1 	2.351200e+04	5.780000e+02	9.931699629491e-02	2.185441524722e-01	9.129487194540e-01	9.932219249462e-02	2.184754493354e-01	9.121540720552e-01	1.034973837383e+02	2.610800921622e+01	9.121540720552e-01
19    	2     	-1 	-2 	1  	1.616640e+05	1.157000e+03	9.931978196204e-02	-7.978515280402e-01	-6.772028307301e-01	9.932210726062e-02	-7.978552485180e-01	-6.771155988148e-01	7.458560210604e+01	-7.158697948900e+01	-6.771155988148e-01
20    	5     	2  	-3 	2  	1.260000e+03	6.300000e+01	1.014084251219e-01	-4.745240507324e-01	6.065551455150e-01	1.014167362135e-01	-4.751058271498e-01	6.021918223850e-01	9.650138110495e+01	-4.550587683840e+01	6.021918223850e-01
21    	5     	1  	-3 	-2 	8.480900e+04	2.092000e+03	1.014117682704e-01	-2.799759772689e-01	-6.074701257836e-03	1.014210787065e-01	-2.800055886383e-01	-6.074701257836e-03	1.041002126962e+02	-2.612702998550e+01	-6.074701257836e-03
22    	5     	-1 	-2 	-2 	1.042860e+05	1.152000e+03	1.014129539717e-01	-4.428395196912e-01	-6.822805146292e-01	1.014210637534e-01	-4.428686602343e-01	-6.822805146292e-01	9.801426381620e+01	-4.240648598583e+01	-6.822805146292e-01
23    	95    	0  	-1 	-8 	5.883690e+05	6.899000e+03	1.016814850286e-01	5.375165754888e-01	-5.843155236599e-01	1.016938345295e-01	5.375299346731e-01	-5.870561671947e-01	9.325826622118e+01	5.827539480174e+01	-5.870561671947e-01
24    	95    	1  	0  	-8 	1.039490e+06	1.441300e+04	1.016788717992e-01	1.137532870648e+00	-2.514509349966e-01	1.016857039500e-01	1.137511622192e+00	-2.514238901084e-01	4.607546917030e+01	1.005756779873e+02	-2.514238901084e-01
25    	19    	1  	-3 	4  	2.801669e+06	1.448900e+04	1.093771488154e-01	-8.663321449722e-01	3.970634862792e-01	1.093853941281e-01	-8.662837629144e-01	3.949133581984e-01	7.623449186691e+01	-8.456399497622e+01	3.949133581984e-01
26    	19    	2  	-3 	-4 	9.227190e+05	1.446700e+04	1.093797859141e-01	8.203735665327e-02	1.979234778647e-01	1.093786532748e-01	8.205607874242e-02	1.976492850407e-01	1.162429032563e+02	1.290202606209e+01	1.976492850407e-01
27    	19    	3  	-2 	-4 	1.972800e+04	4.210000e+02	1.093778421655e-01	4.665244942136e-01	6.731572735704e-01	1.093915507484e-01	4.664584112316e-01	6.731572735704e-01	1.042588310215e+02	5.530991459332e+01	6.731572735704e-01
28    	19    	-1 	-2 	4  	2.538723e+06	1.446600e+04	1.093784599878e-01	-1.126897680714e+00	-6.940989633683e-01	1.093854187003e-01	-1.126910148295e+00	-6.919405327178e-01	5.111191244574e+01	-1.009036827831e+02	-6.919405327178e-01
29    	6     	3  	-3 	0  	2.281200e+04	4.790000e+02	1.118260534093e-01	-8.374772835845e-02	7.230587539898e-01	1.118374754365e-01	-8.380084764507e-02	7.230587539898e-01	1.189213279163e+02	-6.423113609977e+00	7.230587539898e-01
30    	6     	0  	-3 	0  	3.449010e+06	1.449800e+04	1.118295394964e-01	-6.205802626561e-01	-2.696048214617e-01	1.118371978937e-01	-6.206270264802e-01	-2.698406704748e-01	9.742754087628e+01	-6.520711501336e+01	-2.698406704748e-01
31    	32    	2  	-3 	5  	2.294000e+03	4.200000e+01	1.149919920565e-01	-6.992902564723e-01	8.380879953035e-01	1.149849468303e-01	-6.991490965292e-01	8.380879953035e-01	9.439723799953e+01	-7.469999953332e+01	8.380879953035e-01
32    	32    	1  	-3 	-5 	3.718600e+04	7.930000e+02	1.149976709568e-01	-3.258651411792e-03	-1.411894089343e-01	1.150075013935e-01	-3.182989870154e-03	-1.411894089343e-01	1.226343763285e+02	3.074902039598e+00	-1.411894089343e-01
33    	32    	-1 	-2 	-5 	3.573100e+04	6.950000e+02	1.149986164847e-01	-1.379612537785e-01	-6.964314447486e-01	1.150075701509e-01	-1.379811864234e-01	-6.964978757968e-01	1.215452975120e+02	-1.323071788614e+01	-6.964978757968e-01
34    	32    	3  	-1 	-5 	1.078400e+04	1.320000e+02	1.149937412867e-01	7.706986189795e-01	8.623428041520e-01	1.150150051417e-01	7.709282221353e-01	8.623428041520e-01	8.820424451070e+01	8.795530018188e+01	8.623428041520e-01
35    	102   	0  	-2 	8  	1.289800e+04	2.600000e+02	1.204615255065e-01	-1.335539656731e+00	8.331735978522e-01	1.204680444425e-01	-1.335500767566e+00	8.361999809132e-01	3.128111553504e+01	-1.204634715314e+02	8.361999809132e-01
36    	102   	2  	-2 	-8 	1.594270e+05	2.149000e+03	1.204647194513e-01	5.952171037589e-01	7.246560436460e-02	1.204647681201e-01	5.952026986556e-01	7.250589121467e-02	1.064197677052e+02	7.472141619961e+01	7.250589121467e-02
37    	184   	1  	-1 	-10	2.262813e+06	1.444800e+04	1.240140738828e-01	8.018527645979e-01	-3.357328598327e-01	1.240191587187e-01	8.018447368926e-01	-3.360302343689e-01	9.214031468957e+01	9.749741819676e+01	-3.360302343689e-01
38    	184   	-1 	0  	-10	1.824428e+06	1.446500e+04	1.240139693201e-01	6.361422450756e-01	-9.952652166508e-01	1.240117648322e-01	6.361688755881e-01	-9.948298261544e-01	1.064941923938e+02	8.121130358208e+01	-9.948298261544e-01
39    	137   	1  	-2 	-9 	4.294980e+05	7.198000e+03	1.245058792909e-01	4.865004009108e-01	-2.756098785188e-01	1.245014926738e-01	4.864972390791e-01	-2.754958525191e-01	1.173596328234e+02	6.491107861706e+01	-2.754958525191e-01
40    	137   	1  	1  	-9 	1.796124e+06	1.441700e+04	1.245017318323e-01	1.430522167242e+00	-6.446135601229e-01	1.244966753349e-01	1.430475979173e+00	-6.446361088808e-01	1.940820516637e+01	1.334148484084e+02	-6.446361088808e-01
41    	137   	-1 	-1 	-9 	3.642710e+05	6.354000e+03	1.245062175619e-01	3.506137116017e-01	-8.276779266606e-01	1.245054997662e-01	3.506433788116e-01	-8.277188323283e-01	1.246888980560e+02	4.862097363539e+01	-8.277188323283e-01
42    	137   	2  	-1 	-9 	7.395700e+05	1.122500e+04	1.245032093614e-01	9.122569639517e-01	1.064057223424e-01	1.244987486619e-01	9.122676800427e-01	1.064546494740e-01	8.150587633188e+01	1.073488874863e+02	1.064546494740e-01
43    	3     	2  	-4 	0  	5.465310e+05	7.553000e+03	1.291499610078e-01	-3.943781906409e-01	2.729157116782e-01	1.291538050688e-01	-3.943164016413e-01	2.729531071883e-01	1.273875338892e+02	-4.894684523627e+01	2.729531071883e-01
44    	3     	-2 	-2 	0  	9.360230e+05	9.301000e+03	1.291523413028e-01	-6.731701832761e-01	-9.401852903252e-01	1.291580330037e-01	-6.732360875954e-01	-9.401413831342e-01	1.082109664119e+02	-8.164229550849e+01	-9.401413831342e-01
45    	12    	2  	-4 	3  	3.072100e+05	3.464000e+03	1.339416523466e-01	-6.153447447521e-01	4.365029504131e-01	1.339501177430e-01	-6.153600877260e-01	4.350378618065e-01	1.171003522283e+02	-7.827997072537e+01	4.350378618065e-01
46    	12    	2  	-4 	-3 	1.768890e+05	3.055000e+03	1.339447790046e-01	-1.646227141677e-01	1.296710947802e-01	1.339449876356e-01	-1.646204685208e-01	1.296958357935e-01	1.409888475224e+02	-1.969515491514e+01	1.296958357935e-01
47    	12    	-2 	-2 	-3 	2.331710e+05	3.575000e+03	1.339469016890e-01	-4.056359874436e-01	-9.000901840101e-01	1.339404037421e-01	-4.056592435133e-01	-9.000597192865e-01	1.315265537655e+02	-5.237395451858e+01	-9.000597192865e-01
48    	12    	4  	-2 	-3 	2.229660e+05	3.212000e+03	1.339418000039e-01	4.527877299153e-01	9.410974557788e-01	1.339421004417e-01	4.528445847737e-01	9.411296279630e-01	1.285073418927e+02	6.541427768581e+01	9.411296279630e-01
49    	12    	-2 	-2 	3  	4.630560e+05	4.757000e+03	1.339441208637e-01	-9.406815706759e-01	-1.018318662629e+00	1.339513963513e-01	-9.407182190088e-01	-1.018213851886e+00	8.503675471875e+01	-1.110125017130e+02	-1.018213851886e+00
50    	10    	1  	-4 	2  	2.803510e+05	2.266000e+03	1.365005548452e-01	-6.879710309293e-01	7.704871530935e-02	1.365069818798e-01	-6.879756646930e-01	7.712922677730e-02	1.129853053885e+02	-8.819663390048e+01	7.712922677730e-02
51    	10    	3  	-4 	-2 	1.308190e+05	1.851000e+03	1.365000592310e-01	-9.247090968169e-02	4.119519246176e-01	1.365096056423e-01	-9.251970258088e-02	4.118659716314e-01	1.450240168166e+02	-9.819611896856e+00	4.118659716314e-01
52    	10    	4  	-3 	-2 	1.090000e+03	3.600000e+01	1.364986949640e-01	2.041557755486e-01	7.874513520861e-01	1.364961730433e-01	2.037102054309e-01	7.874513520861e-01	1.425815975643e+02	3.269964602389e+01	7.874513520861e-01
53    	10    	-1 	-3 	2  	3.752920e+05	4.205000e+03	1.365019255703e-01	-8.453166298495e-01	-5.698532628923e-01	1.365070680497e-01	-8.453224218858e-01	-5.698208250265e-01	9.730575531263e+01	-1.045663396723e+02	-5.698208250265e-01
54    	106   	1  	-3 	-8 	9.352800e+04	1.194000e+03	1.367048608452e-01	2.011542855883e-01	-2.482109068513e-01	1.367074808545e-01	2.011472482251e-01	-2.522874565307e-01	1.428174583169e+02	3.237894522055e+01	-2.522874565307e-01
55    	106   	2  	1  	-8 	4.505870e+05	6.308000e+03	1.366997329201e-01	1.328136670183e+00	1.005490780562e+00	1.366949250403e-01	1.328156038584e+00	1.005944410765e+00	3.576802332843e+01	1.435775199287e+02	1.005944410765e+00
56    	106   	-1 	-2 	-8 	9.795900e+04	2.146000e+03	1.367055722503e-01	8.685969665924e-02	-7.152123991148e-01	1.367076162749e-01	8.687206058505e-02	-7.194990203345e-01	1.452487952302e+02	1.605029249584e+01	-7.194990203345e-01
57    	106   	3  	-1 	-8 	1.010410e+05	1.335000e+03	1.367001896073e-01	9.093490550575e-01	5.641530034536e-01	1.367067457909e-01	9.092917030699e-01	5.641530034536e-01	8.983642071789e+01	1.174314635459e+02	5.641530034536e-01
58    	191   	0  	-2 	-10	6.342010e+05	8.746000e+03	1.398449822961e-01	3.572364975416e-01	-5.443847458892e-01	1.398476259828e-01	3.572239977522e-01	-5.445384045223e-01	1.397177338092e+02	5.520407475478e+01	-5.445384045223e-01
59    	191   	2  	0  	-10	1.397351e+06	1.443700e+04	1.398400345108e-01	1.183272285628e+00	1.417106296181e-01	1.398296551997e-01	1.183259926394e+00	1.419924319874e-01	5.686173160962e+01	1.402279366140e+02	1.419924319874e-01
60    	302   	0  	0  	-12	1.019783e+06	1.368200e+04	1.419606353534e-01	8.952525078293e-01	-8.018555129405e-01	1.419552646320e-01	8.952607290575e-01	-8.018284759739e-01	9.494143115887e+01	1.205527033986e+02	-8.018284759739e-01
61    	24    	3  	-4 	4  	2.647320e+05	6.100000e+01	1.425256965055e-01	-4.973167412164e-01	7.330539197677e-01	1.439977418648e-01	-4.980951033073e-01	7.336078810962e-01	1.353320454905e+02	-6.929457012925e+01	7.336078810962e-01
62    	24    	1  	-4 	-4 	3.439550e+05	3.604000e+03	1.425320502468e-01	-2.214755261406e-01	-1.518782533625e-01	1.425385185145e-01	-2.214676755480e-01	-1.549219171904e-01	1.484428152029e+02	-2.959548673357e+01	-1.549219171904e-01
63    	24    	-1 	-3 	-4 	3.820610e+05	6.056000e+03	1.425332007991e-01	-3.343167534822e-01	-6.153715291869e-01	1.425397843108e-01	-3.343100737202e-01	-6.152221377812e-01	1.438360294016e+02	-4.595496049022e+01	-6.152221377812e-01
64    	54    	2  	-4 	6  	6.108800e+04	5.040000e+02	1.473932080853e-01	-7.935016950537e-01	6.160121452753e-01	1.474088690825e-01	-7.935737226172e-01	6.160121452753e-01	1.109890572503e+02	-1.077871652851e+02	6.160121452753e-01
65    	54    	2  	-4 	-6 	6.419340e+05	1.034500e+04	1.473988942516e-01	3.893332711570e-02	6.265629652212e-03	1.473984369106e-01	3.905322985234e-02	6.151695786262e-03	1.571301414471e+02	9.630590541902e+00	6.151695786262e-03
66    	54    	-2 	-2 	-6 	6.908350e+05	1.453800e+04	1.474006671985e-01	-1.717186572920e-01	-8.808253985255e-01	1.473981085815e-01	-1.717533522815e-01	-8.849488836779e-01	1.550696497629e+02	-2.311929575669e+01	-8.849488836779e-01
67    	54    	4  	-2 	-6 	6.473300e+04	8.030000e+02	1.473949211258e-01	6.257929414821e-01	7.388035064681e-01	1.474005345519e-01	6.257207765779e-01	7.388035064681e-01	1.275558723901e+02	9.483417609179e+01	7.388035064681e-01
68    	16    	4  	-4 	2  	6.569000e+03	1.000000e+02	1.510299700138e-01	-2.064637789725e-01	8.022496782656e-01	1.508714284122e-01	-2.064129997778e-01	8.029550899210e-01	1.577469150763e+02	-2.919391761139e+01	8.029550899210e-01
69    	16    	0  	-4 	-2 	2.258680e+05	3.617000e+03	1.510364167271e-01	-4.698525211317e-01	-3.372674048249e-01	1.510434556626e-01	-4.698536512360e-01	-3.372310869424e-01	1.440278834592e+02	-6.888195031218e+01	-3.372310869424e-01
70    	195   	1  	-3 	10 	9.638300e+05	1.076300e+04	1.540576035484e-01	-1.123756007327e+00	9.591232496124e-01	1.540657431720e-01	-1.123694841557e+00	9.624475836693e-01	7.225610997682e+01	-1.438219391413e+02	9.624475836693e-01
71    	195   	2  	-3 	-10	6.286180e+05	1.197200e+04	1.540635610009e-01	4.312914397335e-01	-9.231195901520e-02	1.540619039865e-01	4.312762759539e-01	-9.215013336679e-02	1.493265833832e+02	7.171727583552e+01	-9.215013336679e-02
72    	195   	-2 	-1 	-10	5.352480e+05	6.817000e+03	1.540643913011e-01	2.189964705781e-01	-9.767898988219e-01	1.540588575840e-01	2.190160271429e-01	-9.805817447275e-01	1.604904328152e+02	3.898803221561e+01	-9.805817447275e-01
73    	195   	3  	-2 	-10	1.160320e+06	1.384600e+04	1.540609682658e-01	7.473764744625e-01	2.295186075092e-01	1.540604878252e-01	7.474083698118e-01	2.296391110684e-01	1.206955713825e+02	1.143524998876e+02	2.296391110684e-01
74    	34    	0  	-4 	4  	4.131410e+05	3.739000e+03	1.565060834258e-01	-9.127631957410e-01	-1.831272446947e-01	1.565057388180e-01	-9.127542057560e-01	-1.832241661244e-01	1.029867263723e+02	-1.277605966503e+02	-1.832241661244e-01
75    	34    	4  	-4 	-4 	1.628200e+04	3.000000e+02	1.565052180550e-01	1.569133731748e-01	5.073703032947e-01	1.565134130201e-01	1.569871939633e-01	5.073703032947e-01	1.649976744469e+02	2.947897385230e+01	5.073703032947e-01
76    	115   	1  	-4 	8  	2.424120e+05	1.858000e+03	1.644577939625e-01	-1.044976600660e+00	4.176458339194e-01	1.644598639184e-01	-1.044969194817e+00	4.190164147476e-01	8.918538848283e+01	-1.474588806927e+02	4.190164147476e-01
77    	115   	3  	-4 	-8 	1.293100e+05	2.253000e+03	1.644624827386e-01	2.634721194240e-01	1.338551365244e-01	1.644598119705e-01	2.634342596409e-01	1.338551365244e-01	1.695182187184e+02	4.896935822624e+01	1.338551365244e-01
78    	115   	4  	-3 	-8 	1.893160e+05	3.539000e+03	1.644602146908e-01	5.301853793417e-01	4.424658115715e-01	1.644623055481e-01	5.301960389635e-01	4.424840654535e-01	1.515185037160e+02	9.170022975829e+01	4.424840654535e-01
79    	115   	-1 	-3 	8  	4.927830e+05	7.559000e+03	1.644590742961e-01	-1.283482474657e+00	-5.463521212161e-01	1.644621000835e-01	-1.283490829109e+00	-5.426047757075e-01	5.111473734412e+01	-1.639628450431e+02	-5.426047757075e-01
80    	155   	2  	-4 	9  	6.583000e+03	1.370000e+02	1.674445396860e-01	-9.168726054584e-01	8.004245517484e-01	1.674389085048e-01	-9.168759692537e-01	8.004245517484e-01	1.097042896259e+02	-1.375454722522e+02	8.004245517484e-01
81    	155   	2  	-4 	-9 	8.411700e+04	1.347000e+03	1.674520554592e-01	2.012685720738e-01	-1.000323969390e-01	1.674486985580e-01	2.013018528714e-01	-1.041489646196e-01	1.751937045277e+02	3.908731069723e+01	-1.041489646196e-01
82    	155   	-2 	-2 	-9 	8.387200e+04	1.889000e+03	1.674534792082e-01	1.504132839144e-02	-8.741746929171e-01	1.674346324280e-01	1.513036929503e-02	-8.741746929171e-01	1.788593167425e+02	6.277106047747e+00	-8.741746929171e-01
83    	155   	4  	-2 	-9 	2.033030e+05	2.480000e+03	1.674474403566e-01	7.501625413659e-01	5.331086916280e-01	1.674402649760e-01	7.501362621891e-01	5.331273637142e-01	1.309483011992e+02	1.245439168490e+02	5.331273637142e-01
84    	29    	2  	-5 	4  	8.603670e+05	9.468000e+03	1.693406313061e-01	-6.949090341512e-01	3.080971349669e-01	1.693411444372e-01	-6.948970438418e-01	3.082540765948e-01	1.395510451276e+02	-1.115302322177e+02	3.082540765948e-01
85    	29    	3  	-5 	-4 	3.797480e+05	5.861000e+03	1.693434780836e-01	-9.385016313260e-02	1.995828522729e-01	1.693483423656e-01	-9.386585279452e-02	1.996186437755e-01	1.801791447806e+02	-1.324327852506e+01	1.996186437755e-01
86    	29    	-3 	-2 	-4 	5.107500e+05	8.853000e+03	1.693463872996e-01	-3.767984711268e-01	-1.034785370483e+00	1.693509889514e-01	-3.768080065915e-01	-1.034700581483e+00	1.685310964858e+02	-6.252462066184e+01	-1.034700581483e+00
87    	29    	5  	-3 	-4 	5.594000e+04	1.136000e+03	1.693403307400e-01	3.928147509245e-01	8.210474384829e-01	1.693472081164e-01	3.927893596122e-01	8.210474384829e-01	1.671420584968e+02	7.232570494351e+01	8.210474384829e-01
88    	29    	-2 	-3 	4  	1.107905e+06	1.446200e+04	1.693432393106e-01	-9.669050887136e-01	-8.657367191870e-01	1.693460870665e-01	-9.669504572498e-01	-8.654449382846e-01	1.036864362305e+02	-1.444611374246e+02	-8.654449382846e-01
89    	491   	0  	-1 	-14	5.816540e+05	5.247000e+03	1.698297820956e-01	6.869072098214e-01	-6.899426419397e-01	1.698255576867e-01	6.869226923475e-01	-6.870260282262e-01	1.403338291018e+02	1.177315492999e+02	-6.870260282262e-01
90    	491   	1  	0  	-14	7.340610e+05	9.017000e+03	1.698271140262e-01	1.058731361384e+00	-5.869999002619e-01	1.698291809747e-01	1.058708845983e+00	-5.867771099022e-01	8.922971052162e+01	1.604333285470e+02	-5.867771099022e-01
91    	13    	4  	-5 	0  	1.814500e+04	4.140000e+02	1.709368314388e-01	-2.016746542127e-01	5.408237017552e-01	1.709418536490e-01	-2.016663689377e-01	5.408237017552e-01	1.790922665447e+02	-3.273814533036e+01	5.408237017552e-01
92    	13    	1  	-5 	0  	3.499150e+05	3.157000e+03	1.709406430429e-01	-5.549682543122e-01	-8.755376426358e-02	1.709467893412e-01	-5.549716706725e-01	-8.626579741606e-02	1.556566185349e+02	-9.203006019809e+01	-8.626579741606e-02
93    	13    	-1 	-4 	0  	4.452610e+05	4.948000e+03	1.709419946561e-01	-6.655332562474e-01	-5.405961990853e-01	1.709482433308e-01	-6.655573775306e-01	-5.406519776854e-01	1.442226438193e+02	-1.084815049337e+02	-5.406519776854e-01
94    	13    	5  	-4 	0  	1.912400e+04	3.950000e+02	1.709358960968e-01	3.574592439925e-02	8.417900268650e-01	1.709203428209e-01	3.571557917983e-02	8.417900268650e-01	1.825629144056e+02	1.007547045595e+01	8.417900268650e-01
95    	22    	1  	-5 	3  	1.439640e+05	1.417000e+03	1.745961419638e-01	-7.407959903950e-01	6.462250395521e-03	1.745937760409e-01	-7.407801501062e-01	6.462250395521e-03	1.383384858085e+02	-1.215760383254e+02	6.462250395521e-03
96    	22    	4  	-5 	-3 	2.789300e+04	7.290000e+02	1.745954140094e-01	-3.727325575914e-02	4.166020202905e-01	1.746031392189e-01	-3.725517141546e-02	4.166020202905e-01	1.865239915334e+02	-3.294320094027e+00	4.166020202905e-01
-999  	22    	5  	-4 	-3 	    nan     	    nan     	1.745939636065e-01	1.951237076676e-01	7.078172932276e-01	       nan        	       nan        	       nan        	       nan        	       nan        	       nan        
98    	22    	-1 	-4 	3  	1.637200e+05	1.955000e+03	1.745975320144e-01	-8.688071231981e-01	-5.168783114357e-01	1.746012352424e-01	-8.688181989122e-01	-5.167830869455e-01	1.213088496002e+02	-1.380582780969e+02	-5.167830869455e-01
-999  	23    	4  	-5 	3  	    nan     	    nan     	1.745928773910e-01	-3.629594312285e-01	6.673310942186e-01	       nan        	       nan        	       nan        	       nan        	       nan        	       nan        
100   	23    	1  	-5 	-3 	6.920100e+04	8.760000e+02	1.745996145283e-01	-3.651582498823e-01	-1.688373760056e-01	1.745946852935e-01	-3.651719467718e-01	-1.688373760056e-01	1.745369838759e+02	-6.259676158612e+01	-1.688373760056e-01
101   	23    	-1 	-4 	-3 	8.050800e+04	9.760000e+02	1.746008716408e-01	-4.620475555684e-01	-5.657349567889e-01	1.746049827589e-01	-4.620805691003e-01	-5.657349567889e-01	1.673831690300e+02	-7.905225718819e+01	-5.657349567889e-01
102   	23    	5  	-4 	3  	6.536000e+04	1.331000e+03	1.745924959158e-01	-1.242075462741e-01	9.683857450524e-01	1.745854582548e-01	-1.242046008165e-01	9.683857450524e-01	1.853088962213e+02	-1.935355250805e+01	9.683857450524e-01
103   	127   	0  	-4 	-8 	1.405570e+05	1.980000e+03	1.767310006628e-01	-7.354630482538e-02	-4.482838657640e-01	1.767316687427e-01	-7.351812993180e-02	-4.517277857967e-01	1.884487844468e+02	-1.016802377324e+01	-4.517277857967e-01
104   	211   	1  	-4 	-10	4.058710e+05	5.718000e+03	1.791754412224e-01	1.350857388134e-01	-3.136071140874e-01	1.791730959433e-01	1.350863841606e-01	-3.176338062752e-01	1.897723418786e+02	2.924095166430e+01	-3.176338062752e-01
105   	211   	3  	1  	-10	1.433316e+06	1.446600e+04	1.791684891219e-01	1.251569815297e+00	9.800142226216e-01	1.791662019417e-01	1.251508748851e+00	9.832543306020e-01	6.068829151431e+01	1.840405277919e+02	9.832543306020e-01
106   	211   	-1 	-3 	-10	3.715090e+05	4.762000e+03	1.791762287265e-01	4.824738691945e-02	-6.665564723188e-01	1.791696123494e-01	4.820763296877e-02	-6.703642280896e-01	1.913376574163e+02	1.278820535716e+01	-6.703642280896e-01
107   	211   	4  	-1 	-10	2.810000e+04	3.680000e+02	1.791687437320e-01	9.452017407436e-01	6.426627322153e-01	1.791728534337e-01	9.451449845936e-01	6.426627322153e-01	1.124118281083e+02	1.576955783174e+02	6.426627322153e-01
108   	338   	0  	-3 	12 	7.582000e+03	1.270000e+02	1.808293307621e-01	-1.345126631100e+00	7.012196529067e-01	1.808149954444e-01	-1.345189868620e+00	7.043364767093e-01	4.474315777514e+01	-1.840213649958e+02	7.043364767093e-01
109   	338   	3  	-3 	-12	2.651560e+05	4.426000e+03	1.808341326058e-01	5.967959723298e-01	3.599358517464e-02	1.808304153386e-01	5.968409726029e-01	3.601175224887e-02	1.599033275559e+02	1.114965007220e+02	3.601175224887e-02
110   	341   	0  	-3 	-12	1.555990e+05	2.155000e+03	1.808381037487e-01	2.558509119814e-01	-5.355427551611e-01	1.808373074931e-01	2.558515008655e-01	-5.356297137214e-01	1.870123058054e+02	5.221618136366e+01	-5.356297137214e-01
111   	341   	3  	0  	-12	4.492540e+05	8.406000e+03	1.808310245100e-01	1.175459225230e+00	3.626701909947e-01	1.808298231355e-01	1.175451099385e+00	3.627150718777e-01	7.488355830212e+01	1.806571149241e+02	3.627150718777e-01
112   	504   	2  	-2 	-14	7.079950e+05	7.724000e+03	1.817353469202e-01	7.454089264904e-01	-2.272263506314e-01	1.817330797445e-01	7.454114869195e-01	-2.230115109570e-01	1.428430955044e+02	1.344466989534e+02	-2.230115109570e-01
113   	66    	1  	-5 	6  	7.113270e+05	4.733000e+03	1.851376616742e-01	-9.055691074709e-01	1.165386971124e-01	1.851392271601e-01	-9.055781994038e-01	1.182817150503e-01	1.231158127853e+02	-1.513771414710e+02	1.182817150503e-01
114   	66    	5  	-4 	-6 	2.565800e+04	5.680000e+02	1.851379370230e-01	3.393821573376e-01	5.710096936497e-01	1.851383807909e-01	3.393547459837e-01	5.710096936497e-01	1.867103268872e+02	6.910985401151e+01	5.710096936497e-01
115   	66    	-1 	-4 	6  	7.331900e+05	8.428000e+03	1.851390361206e-01	-1.056142100226e+00	-4.956458205969e-01	1.851414202592e-01	-1.056137727024e+00	-4.954023233735e-01	9.857408104657e+01	-1.679060198128e+02	-4.954023233735e-01
116   	68    	4  	-5 	6  	2.358800e+04	4.280000e+02	1.851350226781e-01	-5.063218880625e-01	7.920021617129e-01	1.851555891610e-01	-5.062974058759e-01	7.920021617129e-01	1.736721979431e+02	-9.186237197187e+01	7.920021617129e-01
117   	68    	1  	-5 	-6 	2.709060e+05	4.252000e+03	1.851442154555e-01	-1.881425874773e-01	-2.402599098756e-01	1.851362928734e-01	-1.881364790062e-01	-2.401773967367e-01	1.946636149228e+02	-3.317207184903e+01	-2.401773967367e-01
118   	68    	-1 	-4 	-6 	2.931580e+05	4.994000e+03	1.851453390126e-01	-2.741438297387e-01	-5.917542043633e-01	1.851465088841e-01	-2.741774763618e-01	-5.917493968759e-01	1.908475745101e+02	-4.965556270563e+01	-5.917493968759e-01
119   	605   	1  	-2 	-15	1.329200e+05	1.997000e+03	1.889635966001e-01	6.472692969012e-01	-4.610589957480e-01	1.889646678443e-01	6.472801209539e-01	-4.610589957480e-01	1.612906273179e+02	1.246986653081e+02	-4.610589957480e-01
120   	605   	1  	1  	-15	2.474840e+05	4.516000e+03	1.889587546991e-01	1.248590358251e+00	-8.420995895712e-01	1.889608399945e-01	1.248640459062e+00	-8.420927488487e-01	6.452525303427e+01	1.939436548099e+02	-8.420927488487e-01
121   	605   	-1 	-1 	-15	1.066440e+05	1.202000e+03	1.889636973206e-01	5.480128639648e-01	-8.519060554506e-01	1.889663450450e-01	5.480417849179e-01	-8.517672722836e-01	1.725720258258e+02	1.082460384943e+02	-8.517672722836e-01
122   	605   	2  	-1 	-15	1.573810e+05	1.538000e+03	1.889608429578e-01	9.558136364539e-01	-2.771892627375e-01	1.889625957292e-01	9.558275999741e-01	-2.770458157275e-01	1.168380638752e+02	1.675639176529e+02	-2.770458157275e-01
123   	223   	0  	-4 	10 	1.245033e+06	1.451800e+04	1.904962907068e-01	-1.230953864849e+00	7.826149172215e-02	1.905066571504e-01	-1.230959422289e+00	8.256379302995e-02	6.929247807678e+01	-1.877659367923e+02	8.256379302995e-02
124   	223   	4  	-4 	-10	4.977190e+05	8.352000e+03	1.904999886789e-01	4.336551771765e-01	2.323889004876e-01	1.904940193904e-01	4.336760204243e-01	2.323975619276e-01	1.849328312869e+02	8.873562780902e+01	2.323975619276e-01
125   	50    	0  	-5 	-4 	3.125400e+05	4.747000e+03	1.924912010071e-01	-3.822000314215e-01	-3.826473170615e-01	1.924901898429e-01	-3.821942602221e-01	-3.826410486412e-01	1.914682558307e+02	-7.274998650832e+01	-3.826410486412e-01
126   	508   	1  	-3 	-14	2.903540e+05	2.697000e+03	1.929184172214e-01	4.444701980993e-01	-4.104816416744e-01	1.929212693228e-01	4.444659520515e-01	-4.094917738077e-01	1.863772260052e+02	9.184749836621e+01	-4.094917738077e-01
127   	508   	-1 	-2 	-14	2.527660e+05	2.795000e+03	1.929188024703e-01	3.571677421563e-01	-7.598774119133e-01	1.929143971308e-01	3.571546360852e-01	-7.597800697900e-01	1.934210148668e+02	7.536664263552e+01	-7.597800697900e-01
128   	508   	3  	-1 	-14	5.390460e+05	5.912000e+03	1.929131598572e-01	1.013837681358e+00	5.725007618917e-02	1.929083434720e-01	1.013855588713e+00	5.728406511372e-02	1.093799233825e+02	1.776604822341e+02	5.728406511372e-02
129   	15    	3  	-6 	0  	6.077960e+05	9.479000e+03	1.938939159011e-01	-3.954380117942e-01	2.378448820994e-01	1.938983338127e-01	-3.954093918052e-01	2.378928445108e-01	1.918786986846e+02	-7.585210750096e+01	2.378928445108e-01
130   	15    	-3 	-3 	0  	1.104743e+06	9.184000e+03	1.938974957117e-01	-6.752259741756e-01	-9.816221108188e-01	1.938928128282e-01	-6.752460160132e-01	-9.817272419987e-01	1.626733475021e+02	-1.253978730051e+02	-9.817272419987e-01
131   	215   	2  	-5 	10 	1.252400e+04	1.450000e+02	2.011942730131e-01	-9.547997799461e-01	5.920555648389e-01	2.011978005320e-01	-9.547487170746e-01	5.953555805438e-01	1.255719447624e+02	-1.714795287962e+02	5.953555805438e-01
132   	215   	5  	-3 	-10	2.430570e+05	2.742000e+03	2.011973846709e-01	6.423285834827e-01	5.073910860103e-01	2.011922250844e-01	6.423380823038e-01	5.074041549580e-01	1.725880156633e+02	1.319466543615e+02	5.074041549580e-01
133   	37    	4  	-6 	4  	2.582000e+04	3.070000e+02	2.030787425705e-01	-4.764680960507e-01	5.493802358565e-01	2.030971133254e-01	-4.764355556408e-01	5.504110751707e-01	1.938357839899e+02	-9.561671457152e+01	5.504110751707e-01
134   	52    	1  	-6 	4  	3.928910e+05	3.132000e+03	2.131589137921e-01	-7.752358389560e-01	-5.234154868585e-02	2.131543453663e-01	-7.752521621294e-01	-5.231948169257e-02	1.640978219683e+02	-1.556243363733e+02	-5.231948169257e-02
135   	52    	-1 	-5 	4  	4.112800e+05	4.098000e+03	2.131603149297e-01	-8.830932193677e-01	-4.925054996038e-01	2.131586009186e-01	-8.830957724957e-01	-4.924722611984e-01	1.460794365010e+02	-1.722295984881e+02	-4.924722611984e-01
136   	523   	4  	-3 	-14	1.914900e+05	2.018000e+03	2.135463865282e-01	7.091262458571e-01	1.362797268243e-01	2.135426823738e-01	7.091177221110e-01	1.362797268243e-01	1.738552960335e+02	1.519327593654e+02	1.362797268243e-01
137   	1     	0  	1  	2  	1.028762e+06	1.435000e+04	4.412885324584e-02	3.068213943701e+00	-3.375558494626e-01	4.412855657570e-02	3.068038400547e+00	-3.375378746896e-01	-4.498519126163e+01	6.485580644489e+00	-3.375378746896e-01
138   	14    	-1 	1  	4  	2.630979e+06	1.443700e+04	6.020503863328e-02	-2.547397361521e+00	1.814905920487e-01	6.021105896836e-02	-2.547531252784e+00	1.816183085809e-01	-5.112704440415e+01	-3.239816159418e+01	1.816183085809e-01
139   	0     	1  	1  	0  	1.812022e+06	1.435000e+04	6.454250089414e-02	2.469555293963e+00	-8.164327659060e-01	6.455096259615e-02	2.469424140913e+00	-8.162268084779e-01	-5.190740297972e+01	4.535239656782e+01	-8.162268084779e-01
140   	0     	-1 	2  	0  	9.989810e+05	1.434300e+04	6.454131260855e-02	2.747768759477e+00	3.777875572595e-01	6.454360702201e-02	2.747740659571e+00	3.778442203902e-01	-6.148611716131e+01	2.910435493577e+01	3.778442203902e-01
141   	8     	1  	1  	3  	1.310442e+06	1.433700e+04	7.365027650092e-02	2.970124018516e+00	-7.686559259163e-01	7.364789768840e-02	2.970157029693e+00	-7.685301414421e-01	-7.509623107972e+01	1.623361822100e+01	-7.685301414421e-01
142   	8     	-2 	1  	3  	3.141240e+05	1.209000e+03	7.364740931971e-02	-2.517397283268e+00	8.750146927026e-01	7.304049831766e-02	-2.517516850611e+00	8.759806622468e-01	-6.096307251066e+01	-4.190005199564e+01	8.759806622468e-01
143   	8     	1  	1  	-3 	3.519531e+06	1.436200e+04	7.364775303063e-02	1.971389367801e+00	-8.937620655600e-01	7.365647465875e-02	1.971456128516e+00	-8.944498466742e-01	-2.905756895702e+01	7.449982323331e+01	-8.944498466742e-01
144   	8     	-1 	2  	-3 	9.014200e+04	1.082000e+03	7.364655454496e-02	2.350014934915e+00	7.732746439464e-01	7.364858867182e-02	2.349922278072e+00	7.731133585005e-01	-5.328038222155e+01	5.823015830334e+01	7.731133585005e-01
145   	8     	-1 	2  	3  	1.376944e+06	1.443300e+04	7.364939183413e-02	-3.102840692311e+00	1.168730788775e-01	7.364899479444e-02	-3.102839327444e+00	1.169478826500e-01	-7.618991632756e+01	1.701043404917e-04	1.169478826500e-01
146   	4     	-2 	2  	2  	4.441000e+03	8.900000e+01	7.819268892776e-02	-2.985152342270e+00	6.261711055526e-01	7.819424542910e-02	-2.985236510553e+00	6.261711055526e-01	-8.000487120873e+01	-9.828595485061e+00	6.261711055526e-01
147   	4     	0  	2  	-2 	1.035760e+05	1.115000e+03	7.819312061894e-02	2.231620228632e+00	8.047845497149e-03	7.820106502711e-02	2.231596420351e+00	8.201397601969e-03	-4.940098855428e+01	6.807739292024e+01	8.201397601969e-03
148   	17    	0  	2  	4  	1.402476e+06	1.433900e+04	8.827920845809e-02	3.068139768911e+00	-3.154210421488e-01	8.827329965032e-02	3.068058140934e+00	-3.153502664365e-01	-9.148557417736e+01	9.803137998372e+00	-3.153502664365e-01
149   	45    	1  	1  	6  	1.634046e+06	1.443700e+04	9.592425813161e-02	-2.983879335941e+00	-7.299300714885e-01	9.592650348064e-02	-2.983864979452e+00	-7.298063290987e-01	-9.851052605915e+01	-1.293129799666e+01	-7.298063290987e-01
150   	45    	-2 	1  	6  	3.096553e+06	1.444400e+04	9.592120651214e-02	-2.312713377610e+00	5.504247752868e-01	9.592466961738e-02	-2.312658141794e+00	5.501493234756e-01	-6.685257519368e+01	-7.153269501360e+01	5.501493234756e-01
151   	45    	-1 	2  	6  	1.807820e+06	1.443600e+04	9.592369899528e-02	-2.818059883638e+00	-4.052981065975e-02	9.593224216098e-02	-2.818078288603e+00	-4.040445641353e-02	-9.453477957182e+01	-2.919080052176e+01	-4.040445641353e-02
152   	2     	2  	1  	1  	9.539900e+04	1.478000e+03	9.932018340788e-02	2.619169459168e+00	-1.002463790701e+00	9.932914777334e-02	2.619194517146e+00	-1.002547033168e+00	-8.952373546194e+01	5.522972479176e+01	-1.002547033168e+00
153   	2     	-3 	2  	1  	7.582000e+03	2.190000e+02	9.931699629491e-02	-2.923142378382e+00	1.014680479161e+00	9.930990874953e-02	-2.923059266312e+00	1.014680479161e+00	-1.008395103361e+02	-1.975989636148e+01	1.014680479161e+00
154   	2     	1  	2  	-1 	1.657920e+05	1.432000e+03	9.931978196204e-02	2.343609862403e+00	-5.350741328633e-01	9.932302758568e-02	2.343641120155e+00	-5.350741328633e-01	-7.197734626293e+01	7.798694262650e+01	-5.350741328633e-01
155   	2     	-1 	3  	-1 	1.067010e+05	1.530000e+03	9.931845493002e-02	2.546503039564e+00	2.892680644397e-01	9.932262334826e-02	2.546524863976e+00	2.892373946958e-01	-8.557546510978e+01	6.169565184705e+01	2.892373946958e-01
156   	2     	-2 	3  	1  	6.017300e+04	1.183000e+03	9.931819986907e-02	2.952223754848e+00	4.891112112484e-01	9.932269910823e-02	2.952208820992e+00	4.848711601727e-01	-1.016158599182e+02	2.266576206790e+01	4.848711601727e-01
157   	5     	1  	2  	2  	9.958900e+04	1.130000e+03	1.014129539717e-01	2.698649557902e+00	-5.700595696393e-01	1.014100937975e-01	2.698622600202e+00	-5.700832288234e-01	-9.541820972385e+01	4.880029765875e+01	-5.700832288234e-01
158   	5     	-2 	3  	-2 	6.400000e+02	3.200000e+01	1.014084251219e-01	2.666963397835e+00	7.205372926145e-01	1.014167362135e-01	2.666381621418e+00	7.205372926145e-01	-9.390473527833e+01	5.190628005376e+01	7.205372926145e-01
159   	5     	-1 	3  	2  	8.947500e+04	1.765000e+03	1.014117682704e-01	2.861519301943e+00	9.943986458073e-02	1.014102787180e-01	2.861557390499e+00	9.943986458073e-02	-1.015728492730e+02	3.250900347486e+01	9.943986458073e-02
160   	95    	0  	1  	8  	5.948230e+05	1.093800e+04	1.016814850286e-01	-2.604185309359e+00	-4.659812239647e-01	1.016804524905e-01	-2.604236690190e+00	-4.663326970323e-01	-9.069602029804e+01	-5.192061574252e+01	-4.663326970323e-01
161   	95    	-1 	0  	8  	1.026025e+06	1.445100e+04	1.016788717992e-01	-2.004283217800e+00	-1.028841563751e-02	1.016788134164e-01	-2.004267008123e+00	-1.010928559986e-02	-4.352925428259e+01	-9.423422138830e+01	-1.010928559986e-02
162   	19    	2  	1  	4  	1.131726e+06	1.434300e+04	1.093813761210e-01	2.939807546517e+00	-9.285015999200e-01	1.093947452293e-01	2.939787398256e+00	-9.321751814447e-01	-1.117998852643e+02	2.606112788386e+01	-9.321751814447e-01
163   	19    	-3 	2  	4  	2.968100e+04	5.470000e+02	1.093778421655e-01	-2.675181180990e+00	7.955877288299e-01	1.093875313454e-01	-2.675278071572e+00	7.955877288299e-01	-1.016759633008e+02	-4.896237665581e+01	7.955877288299e-01
164   	19    	1  	2  	-4 	2.196155e+06	1.437500e+04	1.093784599878e-01	2.014459860523e+00	-4.404638502315e-01	1.093766339568e-01	2.014324119077e+00	-4.407543225365e-01	-4.845791555581e+01	1.073004942474e+02	-4.407543225365e-01
165   	19    	-1 	3  	-4 	1.236530e+06	1.143600e+04	1.093771488154e-01	2.275104623401e+00	5.657360609685e-01	1.093764497408e-01	2.275109391829e+00	5.659235505141e-01	-7.362735107001e+01	9.096921378208e+01	5.659235505141e-01
166   	19    	-2 	3  	4  	9.398730e+05	1.443500e+04	1.093797859141e-01	-3.059656585613e+00	3.076712202183e-01	1.093804259627e-01	-3.059647387131e+00	3.076498556158e-01	-1.137404389328e+02	-6.530881141264e+00	3.076498556158e-01
167   	6     	0  	3  	0  	3.671191e+06	1.435300e+04	1.118295394964e-01	2.520885515102e+00	-1.322114180868e-01	1.118318393498e-01	2.520847107047e+00	-1.318269355435e-01	-9.488254969596e+01	7.161497228381e+01	-1.318269355435e-01
168   	6     	-3 	3  	0  	2.613400e+04	4.660000e+02	1.118260534093e-01	3.057741350969e+00	8.352778240842e-01	1.118221026171e-01	3.057745326198e+00	8.352778240842e-01	-1.163203932647e+02	1.279947528466e+01	8.352778240842e-01
169   	32    	1  	2  	5  	3.483300e+04	5.540000e+02	1.149986164847e-01	3.003524235466e+00	-5.803312328206e-01	1.149967315902e-01	3.003441760468e+00	-5.803312328206e-01	-1.189802854440e+02	1.962625051280e+01	-5.803312328206e-01
170   	32    	-3 	1  	5  	6.007100e+04	5.420000e+02	1.149937412867e-01	-2.371041971074e+00	1.022452264372e+00	1.150007844740e-01	-2.371078586932e+00	1.022452264372e+00	-8.557836263643e+01	-8.159444097462e+01	1.022452264372e+00
171   	32    	-2 	3  	-5 	7.848300e+04	1.228000e+03	1.149919920565e-01	2.442163699225e+00	9.882374552586e-01	1.149873809430e-01	2.442173025416e+00	9.882374552586e-01	-9.172651140020e+01	8.112934549646e+01	9.882374552586e-01
172   	32    	-1 	3  	5  	3.086400e+04	8.800000e+02	1.149976709568e-01	3.138227857144e+00	-2.619105981164e-02	1.149742179908e-01	3.138152184261e+00	-2.619105981164e-02	-1.201104161364e+02	3.321712353015e+00	-2.619105981164e-02
173   	102   	2  	0  	8  	1.050330e+05	1.514000e+03	1.204650574480e-01	-2.832520126354e+00	-1.032601467855e+00	1.204752305592e-01	-2.832550440191e+00	-1.032648161515e+00	-1.197713429136e+02	-3.579781505945e+01	-1.032648161515e+00
174   	102   	-2 	2  	8  	1.580840e+05	1.902000e+03	1.204647194513e-01	-2.546509841990e+00	2.178626328472e-01	1.204639096533e-01	-2.546452668463e+00	2.180311663549e-01	-1.039190656224e+02	-6.839954534055e+01	2.180311663549e-01
175   	184   	1  	0  	10 	1.661764e+06	1.443100e+04	1.240139693201e-01	-2.505592728386e+00	-8.412100248644e-01	1.240177045129e-01	-2.505655384710e+00	-8.412877828681e-01	-1.038977274655e+02	-7.488045101657e+01	-8.412877828681e-01
176   	184   	-1 	1  	10 	2.512132e+06	1.443900e+04	1.240140738828e-01	-2.339904515758e+00	-1.576502608363e-01	1.240124300402e-01	-2.339894367701e+00	-1.571125512038e-01	-8.962384852841e+01	-9.117512301522e+01	-1.571125512038e-01
177   	184   	0  	-1 	10 	2.263975e+06	1.445700e+04	1.240116103484e-01	-1.977043220657e+00	-8.242356775537e-01	1.240202904599e-01	-1.977115805801e+00	-8.243628898712e-01	-5.016890032872e+01	-1.172822545446e+02	-8.243628898712e-01
178   	137   	1  	1  	9  	3.617260e+05	7.569000e+03	1.245062175619e-01	-2.791101327942e+00	-6.951321136669e-01	1.245033031391e-01	-2.791084755984e+00	-6.950982662667e-01	-1.221305063674e+02	-4.227334754553e+01	-6.950982662667e-01
179   	137   	-2 	1  	9  	7.221630e+05	3.570000e+03	1.245032093614e-01	-2.229523488934e+00	3.093935762257e-01	1.245076031937e-01	-2.229534813137e+00	3.116103932827e-01	-7.899878687368e+01	-1.010369819430e+02	3.116103932827e-01
180   	137   	-1 	2  	9  	4.023440e+05	3.232000e+03	1.245058792909e-01	-2.655222277427e+00	-1.348176435835e-01	1.245073622622e-01	-2.655213220386e+00	-1.367750789414e-01	-1.148792520903e+02	-5.858185100815e+01	-1.367750789414e-01
181   	137   	-1 	-1 	9  	1.723511e+06	1.446500e+04	1.245017318323e-01	-1.711890186424e+00	1.919691599037e-01	1.245010115785e-01	-1.711898879576e+00	1.952410389595e-01	-1.690925370286e+01	-1.270857132977e+02	1.952410389595e-01
182   	3     	2  	2  	0  	9.457600e+05	1.015300e+04	1.291523413028e-01	2.468269945921e+00	-7.751325607677e-01	1.291499724690e-01	2.468218636852e+00	-7.751078182306e-01	-1.055711859677e+02	8.806366199757e+01	-7.751078182306e-01
183   	3     	-2 	4  	0  	5.384280e+05	8.916000e+03	1.291499610078e-01	2.747085303286e+00	4.127742834918e-01	1.291512965172e-01	2.747089188133e+00	4.128255077325e-01	-1.248692043523e+02	5.537140765044e+01	4.128255077325e-01
184   	12    	2  	2  	3  	2.135850e+05	1.564000e+03	1.339469016890e-01	2.735822055586e+00	-7.543496436529e-01	1.339408501395e-01	2.735782617824e+00	-7.562574241329e-01	-1.289380042050e+02	5.879897585373e+01	-7.562574241329e-01
185   	12    	2  	2  	-3 	4.526400e+05	4.929000e+03	1.339441208637e-01	2.200701152642e+00	-7.916037083805e-01	1.339432740143e-01	2.200663111817e+00	-7.914989824560e-01	-8.234854997500e+01	1.174333213554e+02	-7.914989824560e-01
186   	12    	-2 	4  	-3 	5.466900e+04	9.680000e+02	1.339416523466e-01	2.526096440335e+00	6.004181866356e-01	1.339372934896e-01	2.526069419610e+00	6.004181866356e-01	-1.145295499726e+02	8.470630509682e+01	6.004181866356e-01
187   	12    	-2 	4  	3  	1.798120e+05	4.493000e+03	1.339447790046e-01	2.976844561466e+00	2.654474620984e-01	1.339446888371e-01	2.976853495098e+00	2.654707574858e-01	-1.385166030922e+02	2.609599699016e+01	2.654707574858e-01
188   	10    	-4 	3  	2  	5.582000e+03	9.600000e+01	1.364986949640e-01	-2.937565596614e+00	9.268338444326e-01	1.364988825666e-01	-2.937550985260e+00	9.268338444326e-01	-1.400142938171e+02	-2.640630484006e+01	9.268338444326e-01
189   	10    	1  	3  	-2 	3.522360e+05	3.342000e+03	1.365019255703e-01	2.296086024273e+00	-3.645038783109e-01	1.364971136939e-01	2.296039721259e+00	-3.644629252389e-01	-9.471116174320e+01	1.109970935476e+02	-3.644629252389e-01
190   	10    	-1 	4  	-2 	2.793140e+05	3.094000e+03	1.365005548452e-01	2.453458449327e+00	2.535672725767e-01	1.365016319837e-01	2.453483236498e+00	2.534697002522e-01	-1.104529596689e+02	9.462651981884e+01	2.534697002522e-01
191   	10    	-3 	4  	2  	9.739000e+04	1.704000e+03	1.365000592310e-01	3.048995153975e+00	5.490366994666e-01	1.364968730603e-01	3.048936548755e+00	5.490560541806e-01	-1.425180650993e+02	1.621499439586e+01	5.490560541806e-01
192   	106   	1  	2  	8  	9.988000e+04	2.336000e+03	1.367055722503e-01	-3.054859672665e+00	-5.779918207692e-01	1.366951520722e-01	-3.054824892164e+00	-5.779918207692e-01	-1.427249107242e+02	-9.679352426105e+00	-5.779918207692e-01
193   	106   	-3 	1  	8  	1.043400e+04	2.150000e+02	1.367001896073e-01	-2.232449076947e+00	7.860999545490e-01	1.367058734134e-01	-2.232554119331e+00	7.860999545490e-01	-8.727860362546e+01	-1.111175953775e+02	7.860999545490e-01
194   	106   	-1 	3  	8  	9.636700e+04	1.473000e+03	1.367048608452e-01	-2.940567202139e+00	-1.087036807859e-01	1.367093082952e-01	-2.940554546886e+00	-1.129360593966e-01	-1.403659471867e+02	-2.602355569473e+01	-1.129360593966e-01
195   	191   	0  	2  	10 	6.622430e+05	1.222900e+04	1.398449822961e-01	-2.784494002549e+00	-3.951535451291e-01	1.398477706686e-01	-2.784498300502e+00	-3.951334166383e-01	-1.372385017150e+02	-4.886610977939e+01	-3.951334166383e-01
196   	191   	-2 	0  	10 	1.257216e+06	1.446200e+04	1.398400345108e-01	-1.958661964887e+00	5.080548366201e-01	1.398471862754e-01	-1.958663915873e+00	5.082637507890e-01	-5.434653480008e+01	-1.339313598339e+02	5.082637507890e-01
197   	302   	0  	0  	12 	9.984590e+05	9.045000e+03	1.419606353534e-01	-2.246549782337e+00	-5.754550317354e-01	1.419636461955e-01	-2.246553648681e+00	-5.755066945539e-01	-9.239302275158e+01	-1.142545371311e+02	-5.755066945539e-01
198   	24    	1  	3  	4  	3.950740e+05	6.550000e+03	1.425332007991e-01	2.807136543347e+00	-4.645114979767e-01	1.425291595725e-01	2.807134294250e+00	-4.644805407517e-01	-1.413128008477e+02	5.237727895721e+01	-4.644805407517e-01
199   	24    	-3 	4  	-4 	1.397871e+06	5.050000e+02	1.425256965055e-01	2.644126132461e+00	8.951498442173e-01	1.437252185376e-01	2.644240855270e+00	8.954732655936e-01	-1.325513245414e+02	7.547403214524e+01	8.954732655936e-01
200   	24    	-1 	4  	4  	3.294020e+05	4.093000e+03	1.425320502468e-01	2.919982192600e+00	-5.787856532840e-03	1.425287535338e-01	2.919955374452e+00	-5.747813285313e-03	-1.459741454500e+02	3.601172880157e+01	-5.747813285313e-03
201   	54    	2  	2  	6  	7.203100e+05	1.436200e+04	1.474006671985e-01	2.969735812841e+00	-7.312307698021e-01	1.473961154852e-01	2.969713715284e+00	-7.312732151453e-01	-1.525303650375e+02	2.952757556447e+01	-7.312732151453e-01
202   	54    	-4 	2  	6  	1.252090e+05	9.340000e+02	1.473949211258e-01	-2.515967677674e+00	9.204781642123e-01	1.473893696434e-01	-2.516011632679e+00	9.232243859636e-01	-1.249893181727e+02	-8.852096928671e+01	9.232243859636e-01
203   	54    	2  	2  	-6 	1.673505e+06	1.438200e+04	1.473956099514e-01	1.966451290573e+00	-7.987112029643e-01	1.473960425018e-01	1.966468770147e+00	-7.946471113907e-01	-5.913892395505e+01	1.470262063426e+02	-7.946471113907e-01
204   	54    	-2 	4  	-6 	1.050560e+05	8.010000e+02	1.473932080853e-01	2.347896825329e+00	8.257968773707e-01	1.473923269639e-01	2.347929234088e+00	8.257968773707e-01	-1.083728450100e+02	1.142110224833e+02	8.257968773707e-01
205   	54    	-2 	4  	6  	6.503390e+05	1.162000e+04	1.473988942516e-01	-3.102795577220e+00	1.537755767448e-01	1.473933750709e-01	-3.102804968570e+00	1.498819385572e-01	-1.546949667913e+02	-3.228697710156e+00	1.498819385572e-01
206   	16    	0  	4  	2  	2.360610e+05	4.166000e+03	1.510364167271e-01	2.671583649245e+00	-1.679508603460e-01	1.510299113257e-01	2.671594827948e+00	-1.679334854991e-01	-1.415299411591e+02	7.531789039256e+01	-1.679334854991e-01
207   	16    	-4 	4  	-2 	1.552500e+04	3.040000e+02	1.510299700138e-01	2.934986330783e+00	9.565463396335e-01	1.510308764046e-01	2.934913809828e+00	9.564125591626e-01	-1.553569390066e+02	3.566583862022e+01	9.564125591626e-01
208   	195   	2  	1  	10 	5.193730e+05	7.035000e+03	1.540643913011e-01	-2.922741991668e+00	-8.189737171372e-01	1.540677216373e-01	-2.922724991410e+00	-8.191483263447e-01	-1.579705668914e+02	-3.263507738441e+01	-8.191483263447e-01
209   	195   	-3 	2  	10 	1.169214e+06	1.262300e+04	1.540609682658e-01	-2.394410204235e+00	4.391873793200e-01	1.540660206359e-01	-2.394429384760e+00	4.393356902262e-01	-1.182336888790e+02	-1.080546471798e+02	4.393356902262e-01
210   	195   	-2 	3  	10 	6.343060e+05	7.930000e+03	1.540635610009e-01	-2.710457883158e+00	7.720497210081e-02	1.540654085406e-01	-2.710471133195e+00	7.728105265786e-02	-1.469067082649e+02	-6.539547804836e+01	7.728105265786e-02
211   	34    	-4 	4  	4  	1.595500e+04	3.970000e+02	1.565052180550e-01	-2.984825669752e+00	6.658123637952e-01	1.565027089049e-01	-2.984882580284e+00	6.658123637952e-01	-1.625288641972e+02	-2.309120328459e+01	6.658123637952e-01
212   	34    	0  	4  	-4 	4.156170e+05	4.129000e+03	1.565060834258e-01	2.228592988808e+00	7.195566326488e-02	1.565052146376e-01	2.228640055509e+00	7.211254120185e-02	-1.004329210902e+02	1.342110848822e+02	7.211254120185e-02
213   	115   	3  	1  	8  	1.256220e+05	1.362000e+03	1.644642592178e-01	3.119572123029e+00	-9.409367202944e-01	1.644730007886e-01	3.119541792622e+00	-9.423547256341e-01	-1.731356969238e+02	6.630981144588e+00	-9.423547256341e-01
214   	115   	-4 	3  	8  	1.636500e+04	2.280000e+02	1.644602146908e-01	-2.611583423828e+00	6.329402500771e-01	1.644732175222e-01	-2.611605812947e+00	6.329402500771e-01	-1.490760588942e+02	-8.539601905671e+01	6.329402500771e-01
215   	115   	1  	3  	-8 	4.849680e+05	4.303000e+03	1.644590742961e-01	1.857573397777e+00	2.018649166312e-02	1.644590014193e-01	1.857606140604e+00	2.247791828929e-02	-4.844436966197e+01	1.703846942364e+02	2.247791828929e-02
216   	115   	-1 	4  	-8 	2.461100e+04	4.390000e+02	1.644577939625e-01	2.096313193504e+00	7.432214429397e-01	1.644435324664e-01	2.096293479665e+00	7.432214429397e-01	-8.653209213903e+01	1.538991765684e+02	7.432214429397e-01
217   	115   	-3 	4  	8  	1.272000e+05	2.261000e+03	1.644624827386e-01	-2.878277939291e+00	3.041643981817e-01	1.644664879399e-01	-2.878229222805e+00	3.041810693692e-01	-1.671214920404e+02	-4.264070618980e+01	3.041810693692e-01
218   	155   	2  	2  	9  	7.495000e+04	1.316000e+03	1.674534792082e-01	-3.126706095833e+00	-7.067024800713e-01	1.674491117486e-01	-3.126606478093e+00	-7.110658032012e-01	-1.763958649363e+02	1.119506976295e-01	-7.110658032012e-01
219   	155   	-4 	2  	9  	6.823000e+03	1.080000e+02	1.674474403566e-01	-2.391641617270e+00	7.615096342792e-01	1.674128506694e-01	-2.391686159337e+00	7.615096342792e-01	-1.284328858745e+02	-1.182376165356e+02	7.615096342792e-01
220   	155   	2  	2  	-9 	4.599690e+05	4.949000e+03	1.674467946968e-01	1.777442394530e+00	-7.783808750106e-01	1.674449969340e-01	1.777414051473e+00	-7.764280045357e-01	-3.551211776370e+01	1.769668724669e+02	-7.764280045357e-01
221   	155   	-2 	4  	9  	8.256000e+04	1.217000e+03	1.674520554592e-01	-2.940482019175e+00	7.085026072506e-02	1.674496703238e-01	-2.940529085696e+00	6.997352662376e-02	-1.728139319910e+02	-3.271778148768e+01	6.997352662376e-02
222   	29    	3  	2  	4  	5.060410e+05	6.241000e+03	1.693463872996e-01	2.764625857844e+00	-8.527244950708e-01	1.693539044097e-01	2.764615194639e+00	-8.526898154981e-01	-1.659745150760e+02	6.898093494287e+01	-8.526898154981e-01
223   	29    	-5 	3  	4  	1.558610e+05	2.250000e+03	1.693403307400e-01	-2.748947305029e+00	1.004267519123e+00	1.693521839412e-01	-2.748898041303e+00	1.004199379380e+00	-1.646321854765e+02	-6.601779908823e+01	1.004199379380e+00
224   	29    	2  	3  	-4 	1.001244e+06	1.244100e+04	1.693432393106e-01	2.174411894518e+00	-5.689417625851e-01	1.693395510098e-01	2.174395150789e+00	-5.684445129046e-01	-1.010429643614e+02	1.509174985345e+02	-5.684445129046e-01
225   	29    	-2 	5  	-4 	8.887200e+05	7.570000e+03	1.693406313061e-01	2.446479848435e+00	5.282147484721e-01	1.693421765564e-01	2.446488291154e+00	5.281472404909e-01	-1.370225673950e+02	1.180077800018e+02	5.281472404909e-01
226   	29    	-3 	5  	4  	3.994360e+05	6.894000e+03	1.693434780836e-01	3.047585289212e+00	3.696725826659e-01	1.693488536989e-01	3.047555103587e+00	3.697094720355e-01	-1.777743371984e+02	1.965832049526e+01	3.697094720355e-01
227   	491   	0  	1  	14 	5.601750e+05	7.097000e+03	1.698297820956e-01	-2.454888424377e+00	-4.706719909249e-01	1.698284007564e-01	-2.454913500517e+00	-4.707106410063e-01	-1.378719887284e+02	-1.114430379868e+02	-4.707106410063e-01
228   	491   	-1 	0  	14 	7.310300e+05	1.111800e+04	1.698271140262e-01	-2.083181536380e+00	-2.430921620083e-01	1.698258100207e-01	-2.083169415657e+00	-2.430085460230e-01	-8.673177223090e+01	-1.541517854067e+02	-2.430085460230e-01
229   	491   	1  	-1 	14 	7.450000e+05	7.328000e+03	1.698266441154e-01	-2.246248176172e+00	-9.069295632390e-01	1.698379567539e-01	-2.246282071101e+00	-9.069047186528e-01	-1.110638215030e+02	-1.377749487398e+02	-9.069047186528e-01
230   	13    	1  	4  	0  	4.334130e+05	4.288000e+03	1.709419946561e-01	2.475858522969e+00	-3.235829085736e-01	1.709415270693e-01	2.475872067492e+00	-3.224264914811e-01	-1.417005089789e+02	1.149494793033e+02	-3.224264914811e-01
231   	13    	-5 	4  	0  	1.682100e+04	4.460000e+02	1.709358960968e-01	-3.106004816906e+00	1.012834250042e+00	1.709305019968e-01	-3.105980247112e+00	1.008470926912e+00	-1.800696099297e+02	-3.696975640809e+00	1.008470926912e+00
232   	13    	-4 	5  	0  	1.932100e+04	3.040000e+02	1.709368314388e-01	2.939756740415e+00	7.152818705352e-01	1.709257509332e-01	2.939823785500e+00	7.152818705352e-01	-1.766155343533e+02	3.915654799328e+01	7.152818705352e-01
233   	13    	-1 	5  	0  	3.513830e+05	3.620000e+03	1.709406430429e-01	2.586438498000e+00	1.133964147596e-01	1.709386176292e-01	2.586466521516e+00	1.172225041250e-01	-1.531847758182e+02	9.849425129850e+01	1.172225041250e-01
-999  	22    	-5 	4  	3  	    nan     	    nan     	1.745939636065e-01	-2.946633450175e+00	8.857680629920e-01	       nan        	       nan        	       nan        	       nan        	       nan        	       nan        
235   	22    	1  	4  	-3 	1.551960e+05	1.850000e+03	1.745975320144e-01	2.272535564610e+00	-2.474071642589e-01	1.745870559454e-01	2.272546509814e+00	-2.473835477260e-01	-1.187382376352e+02	1.445234620169e+02	-2.473835477260e-01
236   	22    	-1 	5  	-3 	1.467670e+05	1.632000e+03	1.745961419638e-01	2.400577939183e+00	2.425877759668e-01	1.745990475741e-01	2.400624082889e+00	2.427310726036e-01	-1.358352639324e+02	1.280595283071e+02	2.427310726036e-01
237   	22    	-4 	5  	3  	1.291200e+04	3.430000e+02	1.745954140094e-01	3.104157898633e+00	5.913187690755e-01	1.745972352622e-01	3.104130372881e+00	5.913187690755e-01	-1.841026342916e+02	9.707007945803e+00	5.913187690755e-01
238   	23    	1  	4  	3  	7.966800e+04	1.083000e+03	1.746008716408e-01	2.679364792632e+00	-3.707948330265e-01	1.746030165873e-01	2.679306841289e+00	-3.717429362387e-01	-1.649050602674e+02	8.552612631203e+01	-3.717429362387e-01
239   	23    	-4 	5  	-3 	4.162000e+03	1.000000e+02	1.745928773910e-01	2.778460585638e+00	8.540292534045e-01	1.745755143583e-01	2.778629583161e+00	8.540292534045e-01	-1.722170498638e+02	6.864354731723e+01	8.540292534045e-01
240   	23    	-1 	5  	3  	6.911100e+04	1.171000e+03	1.745996145283e-01	2.776261615537e+00	1.802361519534e-02	1.745974020974e-01	2.776272678593e+00	1.773445688573e-02	-1.721190344435e+02	6.905352891372e+01	1.773445688573e-02
241   	127   	0  	4  	8  	1.366200e+05	2.200000e+03	1.767310006628e-01	3.067882534125e+00	-2.710751712883e-01	1.767325134993e-01	3.067922899456e+00	-2.710588192063e-01	-1.860569806889e+02	1.657837000386e+01	-2.710588192063e-01
242   	211   	1  	3  	10 	3.765420e+05	4.060000e+03	1.791762287265e-01	-3.093511102233e+00	-4.871732513558e-01	1.791642908936e-01	-3.093493756542e+00	-4.883094428906e-01	-1.889232133899e+02	-6.410759026993e+00	-4.883094428906e-01
243   	211   	-4 	1  	10 	2.570390e+05	3.377000e+03	1.791687437320e-01	-2.196673716319e+00	9.470208478118e-01	1.791683389410e-01	-2.196674714552e+00	9.470098138441e-01	-1.098666312636e+02	-1.514289566535e+02	9.470098138441e-01
244   	211   	-1 	4  	10 	4.057860e+05	6.787000e+03	1.791754412224e-01	-3.006674078305e+00	-1.327952252733e-01	1.791747798195e-01	-3.006655775195e+00	-1.327665261328e-01	-1.874107677421e+02	-2.287562176932e+01	-1.327665261328e-01
245   	338   	3  	0  	12 	1.747800e+05	3.273000e+03	1.808346407573e-01	-2.831821043758e+00	-1.000911955580e+00	1.808538857634e-01	-2.831786367847e+00	-1.000896677208e+00	-1.816443406257e+02	-5.586084159593e+01	-1.000896677208e+00
246   	338   	-3 	3  	12 	2.449270e+05	2.788000e+03	1.808341326058e-01	-2.544998790574e+00	2.543304929048e-01	1.808327044019e-01	-2.544969812862e+00	2.543425178882e-01	-1.575187804536e+02	-1.052126040611e+02	2.543425178882e-01
247   	341   	0  	3  	12 	1.549010e+05	2.646000e+03	1.808381037487e-01	-2.885914551039e+00	-3.486589060289e-01	1.808437778631e-01	-2.885899067237e+00	-3.526080682433e-01	-1.846364090658e+02	-4.587812795546e+01	-3.526080682433e-01
248   	341   	-3 	0  	12 	7.549000e+03	1.420000e+02	1.808310245100e-01	-1.966567305665e+00	8.248482256395e-01	1.808188397164e-01	-1.966588254265e+00	8.248482256395e-01	-7.237176126178e+01	-1.743638051367e+02	8.248482256395e-01
249   	504   	2  	0  	14 	4.935230e+05	7.284000e+03	1.817353161633e-01	-2.609171695027e+00	-8.776197573125e-01	1.817442404068e-01	-2.609189458053e+00	-8.772942517784e-01	-1.649315947577e+02	-9.529087493992e+01	-8.772942517784e-01
250   	504   	-2 	2  	14 	7.208640e+05	5.248000e+03	1.817353469202e-01	-2.396412363337e+00	1.949408795990e-02	1.817305867275e-01	-2.396367983156e+00	1.954427261619e-02	-1.404285668299e+02	-1.281830298328e+02	1.954427261619e-02
251   	504   	0  	-2 	14 	1.086848e+06	1.147100e+04	1.817309129771e-01	-1.881981037078e+00	-9.142777962246e-01	1.817384621402e-01	-1.882008713685e+00	-9.135312986529e-01	-5.738995352652e+01	-1.808638981538e+02	-9.135312986529e-01
252   	66    	4  	1  	6  	3.113740e+05	6.403000e+03	1.851426390123e-01	2.919615993462e+00	-1.032600412792e+00	1.851504238644e-01	2.919619601064e+00	-1.032611216912e+00	-1.908716284925e+02	4.610573693955e+01	-1.032611216912e+00
253   	66    	-5 	4  	6  	2.440800e+04	3.840000e+02	1.851379370230e-01	-2.802392031200e+00	7.672706852207e-01	1.851423550997e-01	-2.802435109000e+00	7.672706852207e-01	-1.843011479493e+02	-6.278435907582e+01	7.672706852207e-01
254   	66    	1  	4  	-6 	6.934220e+05	7.988000e+03	1.851390361206e-01	2.085102671037e+00	-1.227146757041e-01	1.851384341620e-01	2.085115105232e+00	-1.184614704458e-01	-9.596353055302e+01	1.743794547781e+02	-1.184614704458e-01
255   	66    	-1 	5  	-6 	7.146950e+05	7.149000e+03	1.851376616742e-01	2.235746155854e+00	4.151580418848e-01	1.851346058492e-01	2.235771362787e+00	4.152046913675e-01	-1.205573795857e+02	1.578610653914e+02	4.152046913675e-01
256   	66    	-4 	5  	6  	2.734840e+05	4.477000e+03	1.851398100343e-01	-3.026734420693e+00	4.841617186764e-01	1.851440863412e-01	-3.026718641155e+00	4.842206708599e-01	-1.943543850725e+02	-1.984677392590e+01	4.842206708599e-01
257   	68    	1  	4  	6  	3.103550e+05	5.537000e+03	1.851453390126e-01	2.867270985971e+00	-3.994653460400e-01	1.851472151340e-01	2.867245107398e+00	-3.994398990040e-01	-1.884284439747e+02	5.611169468382e+01	-3.994398990040e-01
258   	68    	-4 	5  	-6 	1.666450e+05	2.595000e+03	1.851350226781e-01	2.635075012905e+00	1.003523903500e+00	1.851330000148e-01	2.635110054727e+00	1.007666998535e+00	-1.710969451317e+02	9.833693648411e+01	1.007666998535e+00
259   	68    	-1 	5  	6  	2.740400e+05	3.257000e+03	1.851442154555e-01	2.953275796378e+00	-5.180611489004e-02	1.851410604690e-01	2.953263250584e+00	-5.535168910514e-02	-1.922959707394e+02	3.961816578238e+01	-5.535168910514e-02
260   	605   	1  	1  	15 	9.956100e+04	1.395000e+03	1.889636973206e-01	-2.593784500398e+00	-6.307815173320e-01	1.889620332806e-01	-2.593797361132e+00	-6.307815173320e-01	-1.701326491600e+02	-1.019535800518e+02	-6.307815173320e-01
261   	605   	-2 	1  	15 	1.629980e+05	1.686000e+03	1.889608429578e-01	-2.186081826302e+00	4.833326604991e-02	1.889623928934e-01	-2.186074955961e+00	4.833326604991e-02	-1.144110817164e+02	-1.613077089609e+02	4.833326604991e-02
262   	605   	-1 	2  	15 	1.228070e+05	1.478000e+03	1.889635966001e-01	-2.494542389247e+00	-2.246034691865e-01	1.889602169643e-01	-2.494525897837e+00	-2.246034691865e-01	-1.588937434752e+02	-1.184278930317e+02	-2.246034691865e-01
263   	605   	2  	-1 	15 	1.485790e+05	1.371000e+03	1.889602283694e-01	-2.430617947480e+00	-9.930464271382e-01	1.889661963135e-01	-2.430625106161e+00	-9.930464271382e-01	-1.507228979495e+02	-1.283973456018e+02	-9.930464271382e-01
264   	605   	-1 	-1 	15 	2.276880e+05	3.790000e+03	1.889587546991e-01	-1.893553661162e+00	-2.610092587791e-01	1.889662431063e-01	-1.893565848179e+00	-2.608944304517e-01	-6.205335285941e+01	-1.876636687572e+02	-2.608944304517e-01
265   	223   	-4 	4  	10 	5.362280e+05	6.167000e+03	1.904999886789e-01	-2.708131611891e+00	4.421760680832e-01	1.905099356514e-01	-2.708129737110e+00	4.422098369109e-01	-1.825909488911e+02	-8.243827101599e+01	4.422098369109e-01
266   	223   	0  	4  	-10	3.109000e+03	3.200000e+01	1.904962907068e-01	1.910109891462e+00	6.369081898757e-01	1.892911890969e-01	1.911691393889e+00	6.376814903082e-01	-6.646070332836e+01	1.928659964736e+02	6.376814903082e-01
267   	50    	0  	5  	4  	3.155460e+05	4.739000e+03	1.924912010071e-01	2.759200744366e+00	-1.752822950914e-01	1.924939506424e-01	2.759196420148e+00	-1.751439612682e-01	-1.890675314240e+02	7.923698444602e+01	-1.751439612682e-01
268   	508   	1  	2  	14 	2.682990e+05	3.748000e+03	1.929188024703e-01	-2.784615347548e+00	-5.540594244286e-01	1.929189657964e-01	-2.784613102015e+00	-5.577037154133e-01	-1.910331754286e+02	-6.905528038270e+01	-5.577037154133e-01
269   	508   	-3 	1  	14 	5.413370e+05	5.801000e+03	1.929131598572e-01	-2.128092407467e+00	4.192285016047e-01	1.929103757343e-01	-2.128101615108e+00	4.192495872746e-01	-1.069487788765e+02	-1.714061864496e+02	4.192495872746e-01
270   	508   	-1 	3  	14 	2.713830e+05	3.114000e+03	1.929184172214e-01	-2.697320071576e+00	-1.969615168409e-01	1.929196921417e-01	-2.697307693448e+00	-1.967795609783e-01	-1.840243333240e+02	-8.555269317504e+01	-1.967795609783e-01
271   	15    	3  	3  	0  	1.079209e+06	1.138500e+04	1.938974957117e-01	2.466136908208e+00	-7.336894109827e-01	1.938983164398e-01	2.466101451384e+00	-7.300553534966e-01	-1.600982324934e+02	1.319141720592e+02	-7.300553534966e-01
272   	15    	-3 	6  	0  	6.170070e+05	9.820000e+03	1.938939159011e-01	2.745960305491e+00	4.478474775764e-01	1.938974548436e-01	2.745975880218e+00	4.479348774123e-01	-1.894652101083e+02	8.234166766556e+01	4.479348774123e-01
273   	215   	-5 	3  	10 	9.143000e+03	1.040000e+02	2.011973846709e-01	-2.499496510132e+00	7.581736314933e-01	2.012084305803e-01	-2.499445751030e+00	7.590207165371e-01	-1.701891887854e+02	-1.257073571121e+02	7.590207165371e-01
274   	215   	-2 	5  	-10	9.266800e+04	1.082000e+03	2.011942730131e-01	2.186470651357e+00	9.380455779981e-01	2.011959461194e-01	2.186490161149e+00	9.424089011281e-01	-1.229148731655e+02	1.779908913517e+02	9.424089011281e-01
275   	37    	2  	4  	4  	1.765710e+05	2.182000e+03	2.030878354657e-01	2.696753328983e+00	-5.137693751064e-01	2.030921463759e-01	2.696731801203e+00	-5.137693751064e-01	-1.944085803005e+02	9.593688730087e+01	-5.137693751064e-01
276   	37    	4  	2  	-4 	3.860200e+05	3.281000e+03	2.030831011537e-01	2.271534654520e+00	-1.025951371109e+00	2.030926699699e-01	2.271554264946e+00	-1.021647469744e+00	-1.386250629640e+02	1.683536282059e+02	-1.021647469744e+00
277   	37    	-4 	6  	-4 	1.634600e+04	2.860000e+02	2.030787425705e-01	2.664913112573e+00	7.777168617901e-01	2.030878499150e-01	2.664934715703e+00	7.777168617901e-01	-1.913601395775e+02	1.021249723904e+02	7.777168617901e-01
278   	52    	1  	5  	-4 	4.064940e+05	3.607000e+03	2.131603149297e-01	2.258188581766e+00	-1.584942345447e-01	2.131627665846e-01	2.258183956633e+00	-1.547303539162e-01	-1.435348694413e+02	1.787700035822e+02	-1.547303539162e-01
279   	52    	-1 	6  	-4 	4.375040e+05	3.024000e+03	2.131589137921e-01	2.366080574708e+00	2.450576308976e-01	2.131660815075e-01	2.366097529180e+00	2.450943323429e-01	-1.616217358583e+02	1.621709133549e+02	2.450943323429e-01
280   	523   	-4 	3  	14 	2.021720e+05	2.434000e+03	2.135463865282e-01	-2.432726798406e+00	4.168452615099e-01	2.135441497788e-01	-2.432723040655e+00	4.169009868344e-01	-1.715115368537e+02	-1.457030119214e+02	4.169009868344e-01
