#
# ID	PID	H	K	L	sum(int)	max(int)	pred tth          	pred eta          	 pred ome          	meas tth          	meas eta          	 meas ome          	meas X            	meas Y            	 meas ome
#
0     	1     	0  	-1 	-2 	1.045915e+06	1.445000e+04	4.412756850980e-02	-7.335089042274e-02	-3.819006656419e-01	4.412678265698e-02	-7.313710034342e-02	-3.819822739247e-01	4.769471880831e+01	-3.982515382837e-02	-3.819822739247e-01
1     	14    	0  	-1 	4  	5.408552e+06	1.444200e+04	6.020163937727e-02	-1.329974615835e+00	9.608175901440e-01	6.020590660907e-02	-1.329954333321e+00	9.598164185980e-01	1.665473447379e+01	-5.822708891379e+01	9.598164185980e-01
2     	14    	1  	-1 	-4 	2.735699e+06	1.440900e+04	6.020217993123e-02	5.942827291755e-01	1.087371846017e-01	6.020499035004e-02	5.942950699299e-01	1.090317397235e-01	5.379631972866e+01	3.881871502027e+01	1.090317397235e-01
3     	0     	1  	-2 	0  	1.169251e+06	1.447000e+04	6.453942554458e-02	-3.937352003778e-01	3.078634240485e-01	6.454514155830e-02	-3.937326263487e-01	3.078887549975e-01	6.417342436003e+01	-2.266115929440e+01	3.078887549975e-01
4     	0     	-1 	-1 	0  	1.820732e+06	1.446000e+04	6.454198443902e-02	-6.719750757724e-01	-8.989570984805e-01	6.453889499437e-02	-6.721347487364e-01	-8.986583022521e-01	5.466625303952e+01	-3.890882871829e+01	-8.986583022521e-01
5     	8     	1  	-2 	3  	2.427300e+05	6.200000e+01	7.364529105474e-02	-7.914253494284e-01	6.685144471363e-01	7.514223823194e-02	-7.918430441876e-01	6.675025041862e-01	5.710017701694e+01	-5.291380031663e+01	6.675025041862e-01
6     	8     	1  	-2 	-3 	1.418408e+06	1.442300e+04	7.364629537441e-02	3.882911921330e-02	4.309337620847e-02	7.363907126387e-02	3.871995237420e-02	4.323356839930e-02	7.884457682926e+01	6.421119720171e+00	4.323356839930e-02
7     	8     	-1 	-1 	-3 	1.495883e+06	1.448200e+04	7.365022044969e-02	-1.714272114195e-01	-8.435025584336e-01	7.364496303545e-02	-1.715016935288e-01	-8.434504073935e-01	7.783539436922e+01	-9.807536813878e+00	-8.434504073935e-01
8     	8     	2  	-1 	-3 	1.082640e+05	6.540000e+02	7.364567139870e-02	6.243116309013e-01	7.842151311215e-01	7.331295782925e-02	6.245563247181e-01	7.842315745915e-01	6.389173434343e+01	4.850138233473e+01	7.842315745915e-01
9     	4     	0  	-2 	2  	1.211150e+05	1.655000e+03	7.819087133963e-02	-9.098445318464e-01	-1.192435299721e-01	7.819859762611e-02	-9.098119546069e-01	-1.192007307493e-01	5.210427970793e+01	-6.162357749741e+01	-1.192007307493e-01
10    	4     	2  	-2 	-2 	6.824000e+03	2.330000e+02	7.819064469780e-02	1.565441949531e-01	5.469621429537e-01	7.820823179494e-02	1.566066864704e-01	5.469621429537e-01	8.269339321602e+01	1.626983686489e+01	5.469621429537e-01
11    	17    	0  	-2 	-4 	1.658735e+06	1.449300e+04	8.827663710701e-02	-7.338420920818e-02	-4.040347494000e-01	8.829230248727e-02	-7.344038194550e-02	-4.043232035078e-01	9.417967189069e+01	-3.366347726904e+00	-4.043232035078e-01
12    	45    	1  	-2 	-6 	1.847136e+06	1.444400e+04	9.591940380870e-02	3.236294583238e-01	-1.417983379976e-01	9.593126472496e-02	3.236314594886e-01	-1.417517930118e-01	9.717822855017e+01	3.560813806494e+01	-1.417517930118e-01
13    	45    	1  	1  	-6 	9.928692e+06	1.439600e+04	9.591699904686e-02	1.477641341386e+00	9.481722072405e-01	9.591572936004e-02	1.477620822130e+00	9.484585562921e-01	1.058196382954e+01	1.039146252271e+02	9.484585562921e-01
14    	45    	-1 	-1 	-6 	1.709683e+06	1.444500e+04	9.592371173045e-02	1.577658128284e-01	-8.271778938653e-01	9.592298323336e-02	1.579023552942e-01	-8.272227295809e-01	1.012172643484e+02	1.936583115687e+01	-8.272227295809e-01
15    	45    	2  	-1 	-6 	3.955309e+06	1.442200e+04	9.591724621274e-02	8.290446496360e-01	4.084949982392e-01	9.591528928600e-02	8.290521484773e-01	4.089755804588e-01	6.951790012376e+01	7.791772614657e+01	4.089755804588e-01
16    	2     	1  	-3 	1  	1.090980e+05	1.389000e+03	9.931551663546e-02	-5.949587205574e-01	1.693528436594e-01	9.932758246320e-02	-5.949492053372e-01	1.694178347691e-01	8.824921634214e+01	-5.523255546133e+01	1.694178347691e-01
17    	2     	2  	-3 	-1 	6.377500e+04	1.129000e+03	9.931538272592e-02	-1.892481672413e-01	3.879464595229e-01	9.932073693183e-02	-1.892609685071e-01	3.879784788913e-01	1.042629759711e+02	-1.621356429606e+01	3.879784788913e-01
18    	2     	3  	-2 	-1 	2.683900e+04	5.460000e+02	9.931677228775e-02	2.185815598739e-01	9.129030511623e-01	9.931147836547e-02	2.185130306618e-01	9.123945197434e-01	1.035339559327e+02	2.616787064779e+01	9.123945197434e-01
19    	2     	-1 	-2 	1  	1.748290e+05	2.435000e+03	9.931787464798e-02	-7.978601886486e-01	-6.772530989412e-01	9.930915415282e-02	-7.979031667029e-01	-6.771987910681e-01	7.469197323234e+01	-7.152372626887e+01	-6.771987910681e-01
20    	5     	2  	-3 	2  	2.074000e+03	3.700000e+01	1.014068722256e-01	-4.744784888454e-01	6.065287191864e-01	1.014225206407e-01	-4.741817500128e-01	6.021653960564e-01	9.663591278691e+01	-4.535523078005e+01	6.021653960564e-01
21    	5     	1  	-3 	-2 	9.017500e+04	1.645000e+03	1.014080983288e-01	-2.799689931781e-01	-6.134042892488e-03	1.014170903793e-01	-2.799300825455e-01	-6.134042892488e-03	1.042249608523e+02	-2.605615686373e+01	-6.134042892488e-03
22    	5     	-1 	-2 	-2 	1.154370e+05	2.272000e+03	1.014116304735e-01	-4.428550031732e-01	-6.823633868838e-01	1.014174285537e-01	-4.429161446341e-01	-6.823633868838e-01	9.812930869399e+01	-4.235079881913e+01	-6.823633868838e-01
23    	95    	0  	-1 	-8 	5.992250e+05	7.672000e+03	1.016783880609e-01	5.374922348343e-01	-5.844559999172e-01	1.016830427643e-01	5.374685421282e-01	-5.879488793125e-01	9.337673536102e+01	5.832791102087e+01	-5.879488793125e-01
24    	95    	1  	0  	-8 	1.125363e+06	1.284000e+04	1.016745425299e-01	1.137546574605e+00	-2.516607222359e-01	1.016828608185e-01	1.137577366868e+00	-2.516458490727e-01	4.619880821639e+01	1.006380269358e+02	-2.516458490727e-01
25    	19    	1  	-3 	4  	2.634681e+06	1.448900e+04	1.093745054067e-01	-8.662910002536e-01	3.970641130786e-01	1.093762170765e-01	-8.663120688633e-01	3.950183312480e-01	7.633016932096e+01	-8.449147210998e+01	3.950183312480e-01
26    	19    	2  	-3 	-4 	1.043251e+06	1.446700e+04	1.093753992401e-01	8.205522023188e-02	1.978590177888e-01	1.093865669196e-01	8.205805970277e-02	1.976118655180e-01	1.163674772554e+02	1.296377518556e+01	1.976118655180e-01
27    	19    	3  	-2 	-4 	1.669700e+04	3.280000e+02	1.093751890394e-01	4.665567770157e-01	6.731028201857e-01	1.093695581342e-01	4.665082276024e-01	6.731028201857e-01	1.043114115253e+02	5.536069680810e+01	6.731028201857e-01
28    	19    	-1 	-2 	4  	2.798198e+06	1.446800e+04	1.093755134012e-01	-1.126903547747e+00	-6.940849363056e-01	1.093790862346e-01	-1.126956077344e+00	-6.912972071342e-01	5.122153636098e+01	-1.008448272231e+02	-6.912972071342e-01
29    	6     	3  	-3 	0  	2.534600e+04	5.540000e+02	1.118249975726e-01	-8.370619359763e-02	7.230197077253e-01	1.118135921580e-01	-8.359688631403e-02	7.230197077253e-01	1.189670997332e+02	-6.335004249281e+00	7.230197077253e-01
30    	6     	0  	-3 	0  	3.912328e+06	1.449800e+04	1.118263478208e-01	-6.205808542571e-01	-2.696547580176e-01	1.118339749953e-01	-6.206192918802e-01	-2.697586972227e-01	9.755672891026e+01	-6.514376903292e+01	-2.697586972227e-01
31    	32    	2  	-3 	5  	1.800000e+03	6.000000e+01	1.149910117777e-01	-6.992242842664e-01	8.380638931316e-01	1.150643156063e-01	-6.993489506416e-01	8.380638931316e-01	9.450486855201e+01	-7.470346143745e+01	8.380638931316e-01
32    	32    	1  	-3 	-5 	4.456000e+04	9.720000e+02	1.149930596352e-01	-3.258109549175e-03	-1.412726198674e-01	1.149956323591e-01	-3.253979098032e-03	-1.412726198674e-01	1.227519197982e+02	3.127626541500e+00	-1.412726198674e-01
33    	32    	-1 	-2 	-5 	3.861100e+04	7.860000e+02	1.149972547572e-01	-1.379845642199e-01	-6.965336021696e-01	1.150013355086e-01	-1.379739055811e-01	-6.966623174333e-01	1.216602505450e+02	-1.316859831882e+01	-6.966623174333e-01
34    	32    	3  	-1 	-5 	9.856000e+03	1.400000e+02	1.149910587362e-01	7.707312188849e-01	8.622865634683e-01	1.149882254095e-01	7.708974407184e-01	8.622865634683e-01	8.824265976771e+01	8.798463682202e+01	8.622865634683e-01
35    	102   	0  	-2 	8  	1.177800e+04	1.730000e+02	1.204579116745e-01	-1.335468220173e+00	8.332293494106e-01	1.204706889724e-01	-1.335450953336e+00	8.360637682650e-01	3.135327252495e+01	-1.203904396793e+02	8.360637682650e-01
36    	102   	2  	-2 	-8 	1.592940e+05	2.149000e+03	1.204589942556e-01	5.952374796384e-01	7.236389647416e-02	1.204548519258e-01	5.952783317259e-01	7.238512499140e-02	1.065289770585e+02	7.478245221253e+01	7.238512499140e-02
37    	184   	1  	-1 	-10	2.587573e+06	1.445300e+04	1.240086706796e-01	8.018533558297e-01	-3.358852238409e-01	1.240130072951e-01	8.018675657921e-01	-3.362308466164e-01	9.226474375529e+01	9.755789817633e+01	-3.362308466164e-01
38    	184   	-1 	0  	-10	1.885664e+06	1.446500e+04	1.240124509894e-01	6.360874971718e-01	-9.954077233254e-01	1.240128406770e-01	6.361350840130e-01	-9.950243488875e-01	1.065973532172e+02	8.127682305953e+01	-9.950243488875e-01
39    	137   	1  	-2 	-9 	4.591800e+05	6.719000e+03	1.245004655237e-01	4.864989731608e-01	-2.757309259837e-01	1.245059522234e-01	4.865122677831e-01	-2.756167353525e-01	1.174946259213e+02	6.497711051221e+01	-2.756167353525e-01
40    	137   	1  	1  	-9 	1.842678e+06	1.440600e+04	1.244970190063e-01	1.430532029987e+00	-6.450963071506e-01	1.244961389359e-01	1.430457807578e+00	-6.453408403877e-01	1.952874683000e+01	1.334825215743e+02	-6.453408403877e-01
41    	137   	-1 	-1 	-9 	3.681190e+05	5.705000e+03	1.245047847327e-01	3.505732397482e-01	-8.278074981062e-01	1.245085463490e-01	3.506280315343e-01	-8.278495644863e-01	1.248065426175e+02	4.868495736112e+01	-8.278495644863e-01
42    	137   	2  	-1 	-9 	7.635170e+05	7.606000e+03	1.244975071819e-01	9.122856709596e-01	1.062782866125e-01	1.244975213974e-01	9.123627941293e-01	1.062969510474e-01	8.161778790527e+01	1.074130452791e+02	1.062969510474e-01
43    	3     	2  	-4 	0  	6.084760e+05	1.234100e+04	1.291461809665e-01	-3.943538767965e-01	2.728794841326e-01	1.291503406374e-01	-3.943881255868e-01	2.729270200568e-01	1.274909767853e+02	-4.889035642436e+01	2.729270200568e-01
44    	3     	-2 	-2 	0  	9.847840e+05	1.100200e+04	1.291513067741e-01	-6.731839818830e-01	-9.402536672436e-01	1.291524398992e-01	-6.732235678408e-01	-9.401840026983e-01	1.083116267869e+02	-8.158316119131e+01	-9.401840026983e-01
45    	12    	2  	-4 	3  	2.962810e+05	1.766000e+03	1.339387269978e-01	-6.153055956876e-01	4.364841982427e-01	1.339395604806e-01	-6.153487176981e-01	4.349994392651e-01	1.171903263086e+02	-7.820504258022e+01	4.349994392651e-01
46    	12    	2  	-4 	-3 	1.879150e+05	3.535000e+03	1.339398337454e-01	-1.646081637983e-01	1.296155750584e-01	1.339355514283e-01	-1.646475952528e-01	1.296318752624e-01	1.410974887774e+02	-1.963515082980e+01	1.296318752624e-01
47    	12    	-2 	-2 	-3 	2.363570e+05	4.235000e+03	1.339466308315e-01	-4.056560906549e-01	-9.001782989779e-01	1.339442806045e-01	-4.056761547352e-01	-9.001493340901e-01	1.316387751373e+02	-5.232099652126e+01	-9.001493340901e-01
48    	12    	4  	-2 	-3 	2.178560e+05	3.925000e+03	1.339408656512e-01	4.528200014111e-01	9.410485145856e-01	1.339392984708e-01	4.528902255312e-01	9.410942395906e-01	1.285439636175e+02	6.547281352971e+01	9.410942395906e-01
49    	12    	-2 	-2 	3  	4.870570e+05	6.381000e+03	1.339418167195e-01	-9.406940735067e-01	-1.018357578349e+00	1.339451176829e-01	-9.407866999722e-01	-1.018222510333e+00	8.512051044930e+01	-1.109620193047e+02	-1.018222510333e+00
50    	10    	1  	-4 	2  	2.994450e+05	4.456000e+03	1.364965215782e-01	-6.879529919724e-01	7.702516944637e-02	1.364957182296e-01	-6.878994854695e-01	7.712858244126e-02	1.131058436468e+02	-8.811624135928e+01	7.712858244126e-02
51    	10    	3  	-4 	-2 	1.370770e+05	3.247000e+03	1.364962613759e-01	-9.244226159084e-02	4.119075561909e-01	1.364970177854e-01	-9.238176152964e-02	4.118618147803e-01	1.451107571210e+02	-9.736449335976e+00	4.118618147803e-01
52    	10    	4  	-3 	-2 	6.840000e+02	3.800000e+01	1.364974426935e-01	2.041922167949e-01	7.874061298136e-01	1.365750128825e-01	2.045651503958e-01	7.874061298136e-01	1.426982614220e+02	3.289578225053e+01	7.874061298136e-01
53    	10    	-1 	-3 	2  	3.989090e+05	4.489000e+03	1.364987451611e-01	-8.453217749683e-01	-5.698917261793e-01	1.365103353421e-01	-8.453282963526e-01	-5.698534426837e-01	9.743320030573e+01	-1.045131957957e+02	-5.698534426837e-01
54    	106   	1  	-3 	-8 	1.096630e+05	1.977000e+03	1.366992539575e-01	2.011511066036e-01	-2.483116178140e-01	1.366998358639e-01	2.011763034183e-01	-2.523874294503e-01	1.429404655363e+02	3.244300265398e+01	-2.523874294503e-01
55    	106   	2  	1  	-8 	4.560670e+05	5.535000e+03	1.366951016086e-01	1.328182587903e+00	1.005420528875e+00	1.366887598857e-01	1.328137401246e+00	1.005874123441e+00	3.581377161765e+01	1.436152446822e+02	1.005874123441e+00
56    	106   	-1 	-2 	-8 	1.068520e+05	2.176000e+03	1.367036944399e-01	8.683087355671e-02	-7.153269701187e-01	1.367138060959e-01	8.681080462493e-02	-7.196304696760e-01	1.453779210673e+02	1.610424407788e+01	-7.196304696760e-01
57    	106   	3  	-1 	-8 	1.126810e+05	1.991000e+03	1.366952103596e-01	9.093861863020e-01	5.640721391580e-01	1.366930191335e-01	9.093536748863e-01	5.640721391580e-01	8.990884389929e+01	1.174768128153e+02	5.640721391580e-01
58    	191   	0  	-2 	-10	6.965560e+05	1.317100e+04	1.398407690340e-01	3.572156824556e-01	-5.445103657698e-01	1.398473771988e-01	3.572288720462e-01	-5.446341012940e-01	1.398458339309e+02	5.526831607297e+01	-5.446341012940e-01
59    	191   	2  	0  	-10	1.491373e+06	1.443700e+04	1.398341798810e-01	1.183309119562e+00	1.415365439781e-01	1.398288020242e-01	1.183275640153e+00	1.417705304661e-01	5.698109512483e+01	1.402837657923e+02	1.417705304661e-01
60    	302   	0  	0  	-12	1.067695e+06	1.282800e+04	1.419562591821e-01	8.952178690103e-01	-8.020284221336e-01	1.419641909597e-01	8.952237210096e-01	-8.020035547125e-01	9.506516951062e+01	1.206265618630e+02	-8.020035547125e-01
61    	24    	3  	-4 	4  	1.436800e+04	2.350000e+02	1.425245477676e-01	-4.972613959781e-01	7.330268793705e-01	1.425338211544e-01	-4.971919739522e-01	7.335170243824e-01	1.340818513135e+02	-6.835943417851e+01	7.335170243824e-01
62    	24    	1  	-4 	-4 	3.822370e+05	5.245000e+03	1.425268780003e-01	-2.214749033222e-01	-1.519483380637e-01	1.425313688087e-01	-2.214569666142e-01	-1.550919895681e-01	1.485660764305e+02	-2.953079592747e+01	-1.550919895681e-01
63    	24    	-1 	-3 	-4 	4.164480e+05	7.537000e+03	1.425307508322e-01	-3.343325910112e-01	-6.154590433389e-01	1.425345252375e-01	-3.343890593578e-01	-6.153173040694e-01	1.439531732839e+02	-4.590558816073e+01	-6.153173040694e-01
64    	54    	2  	-4 	6  	6.309200e+04	8.790000e+02	1.473906759449e-01	-7.934456927088e-01	6.160038330150e-01	1.474002248861e-01	-7.934229804779e-01	6.160038330150e-01	1.110806758667e+02	-1.076929122006e+02	6.160038330150e-01
65    	54    	2  	-4 	-6 	7.287070e+05	1.451400e+04	1.473926886858e-01	3.894250936038e-02	6.192274547337e-03	1.473929234375e-01	3.897358519682e-02	6.093853724857e-03	1.572497163254e+02	9.679096604082e+00	6.093853724857e-03
66    	54    	-2 	-2 	-6 	7.332580e+05	1.190300e+04	1.474005548671e-01	-1.717462375472e-01	-8.809271930161e-01	1.473970591730e-01	-1.717652718081e-01	-8.850748783984e-01	1.551806039773e+02	-2.306171278954e+01	-8.850748783984e-01
67    	54    	4  	-2 	-6 	6.854800e+04	8.200000e+02	1.473914381861e-01	6.258255106667e-01	7.387475413527e-01	1.473833515337e-01	6.257518335618e-01	7.387475413527e-01	1.276046202018e+02	9.487926597664e+01	7.387475413527e-01
68    	16    	4  	-4 	2  	4.065000e+03	8.200000e+01	1.510296613915e-01	-2.064142957268e-01	8.022126774979e-01	1.510433631922e-01	-2.065030168155e-01	8.022126774979e-01	1.579809592338e+02	-2.918100731569e+01	8.022126774979e-01
69    	16    	0  	-4 	-2 	2.457250e+05	2.966000e+03	1.510320966415e-01	-4.698571454657e-01	-3.373318747709e-01	1.510379390963e-01	-4.698887511472e-01	-3.372881927080e-01	1.441521908110e+02	-6.882431218129e+01	-3.372881927080e-01
70    	195   	1  	-3 	10 	9.777200e+05	1.449600e+04	1.540542464225e-01	-1.123678503374e+00	9.591126150341e-01	1.540480893531e-01	-1.123698364858e+00	9.625282278790e-01	7.229317899993e+01	-1.437272472057e+02	9.625282278790e-01
71    	195   	2  	-3 	-10	6.659030e+05	7.982000e+03	1.540563270116e-01	4.313011348334e-01	-9.241396775901e-02	1.540643648270e-01	4.312922154604e-01	-9.226715265524e-02	1.494566478353e+02	7.178130724859e+01	-9.226715265524e-02
72    	195   	-2 	-1 	-10	5.770300e+05	7.839000e+03	1.540645724167e-01	2.189513669412e-01	-9.769100444164e-01	1.540626182486e-01	2.190268527918e-01	-9.808074917028e-01	1.605996737496e+02	3.905518383020e+01	-9.808074917028e-01
73    	195   	3  	-2 	-10	1.244154e+06	9.252000e+03	1.540540826277e-01	7.474063545154e-01	2.294220359447e-01	1.540508684878e-01	7.474270368192e-01	2.295331781934e-01	1.207998861480e+02	1.144033760651e+02	2.295331781934e-01
74    	34    	0  	-4 	4  	4.620750e+05	6.507000e+03	1.565015745069e-01	-9.127525815981e-01	-1.831340598294e-01	1.565044277153e-01	-9.127636897538e-01	-1.832329929819e-01	1.031155303040e+02	-1.276990603332e+02	-1.832329929819e-01
75    	34    	4  	-4 	-4 	1.731400e+04	4.260000e+02	1.565011201794e-01	1.569442874910e-01	5.073210440827e-01	1.564975592601e-01	1.569507725810e-01	5.073210440827e-01	1.650697083185e+02	2.952941458813e+01	5.073210440827e-01
76    	115   	1  	-4 	8  	2.627850e+05	2.582000e+03	1.644536860721e-01	-1.044926090445e+00	4.176743628795e-01	1.644487965256e-01	-1.044956577982e+00	4.191181938671e-01	8.928290360454e+01	-1.473755066391e+02	4.191181938671e-01
77    	115   	3  	-4 	-8 	1.371720e+05	2.389000e+03	1.644552753162e-01	2.634901992569e-01	1.337805465836e-01	1.644536454160e-01	2.635683125604e-01	1.337967692442e-01	1.696235730253e+02	4.904967832576e+01	1.337967692442e-01
78    	115   	4  	-3 	-8 	1.943420e+05	2.367000e+03	1.644542937162e-01	5.302160717619e-01	4.423993965321e-01	1.644485991293e-01	5.301679463791e-01	4.424159210395e-01	1.516034025149e+02	9.174325020151e+01	4.424159210395e-01
79    	115   	-1 	-3 	8  	5.112540e+05	8.565000e+03	1.644540221543e-01	-1.283475250302e+00	-5.462435091532e-01	1.644637686111e-01	-1.283459688616e+00	-5.423721345886e-01	5.124518375516e+01	-1.639088867909e+02	-5.423721345886e-01
80    	155   	2  	-4 	9  	6.162000e+03	1.150000e+02	1.674419567504e-01	-9.168021471291e-01	8.004151272644e-01	1.674238175433e-01	-9.168528472161e-01	8.004151272644e-01	1.097587824736e+02	-1.374542649061e+02	8.004151272644e-01
81    	155   	2  	-4 	-9 	9.761400e+04	1.915000e+03	1.674446171205e-01	2.012744710834e-01	-1.001208501206e-01	1.674406634261e-01	2.012813436727e-01	-1.042161534431e-01	1.753148252006e+02	3.914297982832e+01	-1.042161534431e-01
82    	155   	-2 	-2 	-9 	8.520000e+04	1.542000e+03	1.674530339180e-01	1.500786547050e-02	-8.742862501164e-01	1.674467374497e-01	1.510492512541e-02	-8.742862501164e-01	1.789875384009e+02	6.334419446993e+00	-8.742862501164e-01
83    	155   	4  	-2 	-9 	2.234290e+05	2.016000e+03	1.674415864604e-01	7.501968430301e-01	5.330374142410e-01	1.674371638400e-01	7.502113520963e-01	5.330374142410e-01	1.310248667986e+02	1.246026093057e+02	5.330374142410e-01
84    	29    	2  	-5 	4  	8.938020e+05	1.027000e+04	1.693364068745e-01	-6.948749668448e-01	3.080836929867e-01	1.693376539093e-01	-6.949103660043e-01	3.082434093924e-01	1.396538896016e+02	-1.114616395944e+02	3.082434093924e-01
85    	29    	3  	-5 	-4 	4.157940e+05	7.586000e+03	1.693373717759e-01	-9.383116668176e-02	1.995297019822e-01	1.693290744826e-01	-9.380698533227e-02	1.995584344284e-01	1.802725368427e+02	-1.316880032307e+01	1.995584344284e-01
86    	29    	-3 	-2 	-4 	5.218280e+05	8.324000e+03	1.693471642738e-01	-3.768213655054e-01	-1.034874926786e+00	1.693470614658e-01	-3.768853933177e-01	-1.034797941427e+00	1.686240045796e+02	-6.248084542539e+01	-1.034797941427e+00
87    	29    	5  	-3 	-4 	5.635500e+04	8.380000e+02	1.693384619962e-01	3.928481942833e-01	8.209989349791e-01	1.693282399655e-01	3.927976877028e-01	8.209989349791e-01	1.671753307193e+02	7.237301610661e+01	8.209989349791e-01
88    	29    	-2 	-3 	4  	1.133603e+06	9.007000e+03	1.693396711967e-01	-9.669144937305e-01	-8.657664465369e-01	1.693466035316e-01	-9.669410333010e-01	-8.654611378965e-01	1.037977688583e+02	-1.444108440818e+02	-8.654611378965e-01
89    	491   	0  	-1 	-14	6.169750e+05	3.641000e+03	1.698245658119e-01	6.868791852930e-01	-6.900937599274e-01	1.698279478992e-01	6.868704284522e-01	-6.882141734911e-01	1.404649024560e+02	1.177942003026e+02	-6.882141734911e-01
90    	491   	1  	0  	-14	7.785550e+05	1.233500e+04	1.698203543109e-01	1.058722424340e+00	-5.871984676355e-01	1.698215345183e-01	1.058719385400e+00	-5.870174123253e-01	8.934875837958e+01	1.604961049128e+02	-5.870174123253e-01
91    	13    	4  	-5 	0  	2.062200e+04	4.170000e+02	1.709337439047e-01	-2.016370765908e-01	5.407877680386e-01	1.709218887503e-01	-2.016669807224e-01	5.407877680386e-01	1.791544710735e+02	-3.266981726130e+01	5.407877680386e-01
92    	13    	1  	-5 	0  	3.747690e+05	2.650000e+03	1.709352202422e-01	-5.549603669854e-01	-8.759565788483e-02	1.709399740580e-01	-5.549401806879e-01	-8.608292184134e-02	1.557818120310e+02	-9.195884490294e+01	-8.608292184134e-02
93    	13    	-1 	-4 	0  	4.580450e+05	4.263000e+03	1.709381308760e-01	-6.655402477180e-01	-5.406533227273e-01	1.709425037330e-01	-6.655744396787e-01	-5.407104499721e-01	1.443447392034e+02	-1.084236163860e+02	-5.407104499721e-01
94    	13    	5  	-4 	0  	1.759900e+04	3.750000e+02	1.709357687697e-01	3.578858299573e-02	8.417474117655e-01	1.709299137029e-01	3.571387078740e-02	8.417474117655e-01	1.826218862152e+02	1.013592000992e+01	8.417474117655e-01
95    	22    	1  	-5 	3  	1.606900e+05	1.891000e+03	1.745909944758e-01	-7.407792478513e-01	6.442871145566e-03	1.745896597686e-01	-7.407569300036e-01	6.468965821824e-03	1.384634390345e+02	-1.215055773005e+02	6.468965821824e-03
96    	22    	4  	-5 	-3 	3.004400e+04	4.560000e+02	1.745906122928e-01	-3.724396565269e-02	4.165569620886e-01	1.745811630989e-01	-3.725081351904e-02	4.165569620886e-01	1.865952964747e+02	-3.230996459588e+00	4.165569620886e-01
-999  	22    	5  	-4 	-3 	    nan     	    nan     	1.745916699030e-01	1.951593497733e-01	7.077719372184e-01	       nan        	       nan        	       nan        	       nan        	       nan        	       nan        
98    	22    	-1 	-4 	3  	1.712860e+05	1.497000e+03	1.745931322159e-01	-8.688096356120e-01	-5.169090204050e-01	1.746051648654e-01	-8.688323583344e-01	-5.167911526509e-01	1.214382028786e+02	-1.380075850651e+02	-5.167911526509e-01
99    	23    	4  	-5 	3  	1.102000e+03	2.900000e+01	1.745911865806e-01	-3.629108311575e-01	6.673009011105e-01	1.745693152867e-01	-3.626943053480e-01	6.673009011105e-01	1.747950887412e+02	-6.209764282102e+01	6.673009011105e-01
100   	23    	1  	-5 	-3 	8.195400e+04	1.495000e+03	1.745936958236e-01	-3.651566268833e-01	-1.688979148534e-01	1.745941592750e-01	-3.651022296657e-01	-1.688979148534e-01	1.746717105091e+02	-6.252302761523e+01	-1.688979148534e-01
101   	23    	-1 	-4 	-3 	8.714000e+04	1.042000e+03	1.745972586060e-01	-4.620590139630e-01	-5.658107148848e-01	1.745957464146e-01	-4.621087427846e-01	-5.658107148848e-01	1.675011231719e+02	-7.899496320442e+01	-5.658107148848e-01
102   	23    	5  	-4 	3  	6.112500e+04	1.349000e+03	1.745940947006e-01	-1.241550211172e-01	9.683416414398e-01	1.745829542176e-01	-1.241808814520e-01	9.683416414398e-01	1.853390019974e+02	-1.928523108912e+01	9.683416414398e-01
103   	127   	0  	-4 	-8 	1.479020e+05	2.291000e+03	1.767258428459e-01	-7.355932223177e-02	-4.483789651990e-01	1.767262611453e-01	-7.358189352127e-02	-4.519445396795e-01	1.885746241002e+02	-1.011861301779e+01	-4.519445396795e-01
104   	211   	1  	-4 	-10	4.406210e+05	9.038000e+03	1.791685385658e-01	1.350795261072e-01	-3.137060392814e-01	1.791671816528e-01	1.350800197842e-01	-3.177792241647e-01	1.898991636948e+02	2.930068338058e+01	-3.177792241647e-01
105   	211   	3  	1  	-10	1.341702e+06	1.446600e+04	1.791627074961e-01	1.251611814396e+00	9.799499362582e-01	1.791552541825e-01	1.251608525335e+00	9.830552114961e-01	6.071118846471e+01	1.840754765995e+02	9.830552114961e-01
106   	211   	-1 	-3 	-10	4.149410e+05	7.602000e+03	1.791730145078e-01	4.822267234116e-02	-6.666670935669e-01	1.791773098790e-01	4.823282508211e-02	-6.704908545107e-01	1.914726544562e+02	1.285535350743e+01	-6.704908545107e-01
107   	211   	4  	-1 	-10	3.338900e+04	5.250000e+02	1.791627409847e-01	9.452391234836e-01	6.425882183708e-01	1.791588134624e-01	9.451883840179e-01	6.425882183708e-01	1.124747820617e+02	1.577350140047e+02	6.425882183708e-01
108   	338   	0  	-3 	12 	1.044200e+04	1.800000e+02	1.808238976519e-01	-1.345051451862e+00	7.013204624639e-01	1.808098741770e-01	-1.345094957347e+00	7.047661589330e-01	4.483806778158e+01	-1.839324246850e+02	7.047661589330e-01
109   	338   	3  	-3 	-12	2.720150e+05	2.936000e+03	1.808255252268e-01	5.968162671366e-01	3.589311547770e-02	1.808161416005e-01	5.968127229145e-01	3.591504317551e-02	1.600171341903e+02	1.115416658343e+02	3.591504317551e-02
110   	341   	0  	-3 	-12	1.774830e+05	3.411000e+03	1.808326906989e-01	2.558319055005e-01	-5.356603609190e-01	1.808348921141e-01	2.558383557595e-01	-5.357246738577e-01	1.871413917532e+02	5.227657300000e+01	-5.357246738577e-01
111   	341   	3  	0  	-12	4.641190e+05	6.695000e+03	1.808238816874e-01	1.175501880036e+00	3.625347559654e-01	1.808126077797e-01	1.175484214988e+00	3.625725115964e-01	7.497766699694e+01	1.806920090967e+02	3.625725115964e-01
112   	504   	2  	-2 	-14	7.865490e+05	8.251000e+03	1.817269040651e-01	7.454183374755e-01	-2.273606564921e-01	1.817227831590e-01	7.454216093720e-01	-2.231617868344e-01	1.429651427921e+02	1.345025364614e+02	-2.231617868344e-01
113   	66    	1  	-5 	6  	7.774610e+05	5.008000e+03	1.851325374826e-01	-9.055408060244e-01	1.165451584186e-01	1.851311442247e-01	-9.054985539020e-01	1.191325395940e-01	1.232431473433e+02	-1.512934452517e+02	1.191325395940e-01
114   	66    	5  	-4 	-6 	2.813500e+04	4.070000e+02	1.851333053356e-01	3.394140726017e-01	5.709575220684e-01	1.851390708139e-01	3.394518672930e-01	5.709575220684e-01	1.867842388176e+02	6.918367213711e+01	5.709575220684e-01
115   	66    	-1 	-4 	6  	7.942910e+05	1.120000e+04	1.851338823712e-01	-1.056139582503e+00	-4.956369041804e-01	1.851386788449e-01	-1.056155058522e+00	-4.953478767545e-01	9.869794535943e+01	-1.678502155052e+02	-4.953478767545e-01
116   	68    	4  	-5 	6  	2.105500e+04	3.240000e+02	1.851342643035e-01	-5.062614282059e-01	7.919734101054e-01	1.851211454155e-01	-5.062750486957e-01	7.919734101054e-01	1.736971112178e+02	-9.176948348533e+01	7.919734101054e-01
117   	68    	1  	-5 	-6 	2.934130e+05	4.466000e+03	1.851376357437e-01	-1.881452207381e-01	-2.403355486818e-01	1.851341909679e-01	-1.881294350373e-01	-2.402769572317e-01	1.947938355282e+02	-3.310919717575e+01	-2.402769572317e-01
118   	68    	-1 	-4 	-6 	3.118930e+05	3.642000e+03	1.851416701324e-01	-2.741595346450e-01	-5.918436214589e-01	1.851466462371e-01	-2.741972686542e-01	-5.918511619653e-01	1.909763147290e+02	-4.960061320251e+01	-5.918511619653e-01
119   	605   	1  	-2 	-15	1.422150e+05	1.302000e+03	1.889560032424e-01	6.472599942524e-01	-4.611988831105e-01	1.889534542761e-01	6.472601858392e-01	-4.611988831105e-01	1.614147647455e+02	1.247536329048e+02	-4.611988831105e-01
120   	605   	1  	1  	-15	2.529640e+05	3.596000e+03	1.889516199261e-01	1.248572956156e+00	-8.423512490497e-01	1.889577003713e-01	1.248588321565e+00	-8.379534455868e-01	6.464234338496e+01	1.940130526610e+02	-8.379534455868e-01
121   	605   	-1 	-1 	-15	1.169850e+05	1.861000e+03	1.889601766552e-01	5.479715142568e-01	-8.520461804457e-01	1.889582032592e-01	5.480170828176e-01	-8.520032129863e-01	1.726830893778e+02	1.083066758946e+02	-8.520032129863e-01
122   	605   	2  	-1 	-15	1.765620e+05	1.743000e+03	1.889523360896e-01	9.558257066095e-01	-2.773518869533e-01	1.889579794398e-01	9.558509710313e-01	-2.772224171360e-01	1.169630795636e+02	1.676257833404e+02	-2.772224171360e-01
123   	223   	0  	-4 	10 	1.313891e+06	1.451600e+04	1.904906652487e-01	-1.230913467427e+00	7.836095732869e-02	1.904907986389e-01	-1.230879335827e+00	8.274047325060e-02	6.942604989631e+01	-1.876764751588e+02	8.274047325060e-02
124   	223   	4  	-4 	-10	5.462780e+05	6.535000e+03	1.904918523924e-01	4.336799737646e-01	2.323144036990e-01	1.904868222527e-01	4.336767321223e-01	2.323307618276e-01	1.850362644183e+02	8.878942988613e+01	2.323307618276e-01
125   	50    	0  	-5 	-4 	3.362970e+05	4.370000e+03	1.924856747675e-01	-3.822067200216e-01	-3.827189259011e-01	1.924868038677e-01	-3.822457140539e-01	-3.827054582537e-01	1.915940508288e+02	-7.269892635956e+01	-3.827054582537e-01
126   	508   	1  	-3 	-14	3.098080e+05	4.970000e+03	1.929107695141e-01	4.444613592379e-01	-4.106039831246e-01	1.929102252331e-01	4.444783740686e-01	-4.099667121536e-01	1.864981379702e+02	9.190846881503e+01	-4.099667121536e-01
127   	508   	-1 	-2 	-14	2.816760e+05	3.787000e+03	1.929152170865e-01	3.571339657754e-01	-7.600062314293e-01	1.929173971267e-01	3.571418310154e-01	-7.599003843321e-01	1.935479180651e+02	7.543163914473e+01	-7.599003843321e-01
128   	508   	3  	-1 	-14	5.715460e+05	9.057000e+03	1.929045418600e-01	1.013868983938e+00	5.711012961047e-02	1.929003748227e-01	1.013887998538e+00	5.715249967932e-02	1.094936800789e+02	1.777127156166e+02	5.715249967932e-02
129   	15    	3  	-6 	0  	6.481660e+05	7.895000e+03	1.938882309627e-01	-3.954135599677e-01	2.378100426977e-01	1.938843004257e-01	-3.954215266201e-01	2.378501911460e-01	1.919734285059e+02	-7.578325524240e+01	2.378501911460e-01
130   	15    	-3 	-3 	0  	1.140216e+06	1.001700e+04	1.938959398470e-01	-6.752397982425e-01	-9.816906113229e-01	1.938948625093e-01	-6.752895430791e-01	-9.818009863124e-01	1.627752522848e+02	-1.253564318444e+02	-9.818009863124e-01
131   	215   	2  	-5 	10 	1.223300e+04	1.410000e+02	2.011902514329e-01	-9.547384419428e-01	5.920648594701e-01	2.011887637607e-01	-9.548033352842e-01	5.957861502585e-01	1.256389345230e+02	-1.714016969845e+02	5.957861502585e-01
132   	215   	5  	-3 	-10	2.514930e+05	2.834000e+03	2.011906164199e-01	6.423614026877e-01	5.073251597267e-01	2.011896478017e-01	6.424077119373e-01	5.073373045028e-01	1.726641325205e+02	1.320078644352e+02	5.073373045028e-01
133   	37    	4  	-6 	4  	2.820900e+04	4.250000e+02	2.030756247106e-01	-4.764222505037e-01	5.493560341281e-01	2.030657850548e-01	-4.764114985559e-01	5.503798504916e-01	1.938887983979e+02	-9.552696399392e+01	5.503798504916e-01
134   	52    	1  	-6 	4  	4.427700e+05	3.294000e+03	2.131526392977e-01	-7.752198965263e-01	-5.235759263372e-02	2.131431600444e-01	-7.752190075002e-01	-5.234529408760e-02	1.642214438172e+02	-1.555463857927e+02	-5.234529408760e-02
135   	52    	-1 	-5 	4  	4.256640e+05	2.999000e+03	2.131547197524e-01	-8.830937055874e-01	-4.925306892900e-01	2.131573434211e-01	-8.831056420489e-01	-4.924990251014e-01	1.462070293362e+02	-1.721751861370e+02	-4.924990251014e-01
136   	523   	4  	-3 	-14	2.051480e+05	1.997000e+03	2.135365815159e-01	7.091535883738e-01	1.361823184636e-01	2.135258615382e-01	7.091448543789e-01	1.361989934755e-01	1.739548449090e+02	1.519808402388e+02	1.361989934755e-01
137   	1     	0  	1  	2  	1.003943e+06	1.434800e+04	4.412756850980e-02	3.068200961324e+00	-3.376540731078e-01	4.412652494477e-02	3.068024066237e+00	-3.376281654923e-01	-4.485451345900e+01	6.547486499738e+00	-3.376281654923e-01
138   	14    	-1 	1  	4  	2.755663e+06	1.443700e+04	6.020217993123e-02	-2.547376935085e+00	1.813852088844e-01	6.021057144709e-02	-2.547304090549e+00	1.815014416969e-01	-5.099387396581e+01	-3.234691410797e+01	1.815014416969e-01
139   	0     	1  	1  	0  	2.249147e+06	1.435000e+04	6.454198443902e-02	2.469541510306e+00	-8.165007768482e-01	6.454040626508e-02	2.469523679007e+00	-8.163441691996e-01	-5.180124787658e+01	4.540460669686e+01	-8.163441691996e-01
140   	0     	-1 	2  	0  	1.202904e+06	1.434100e+04	6.453942554458e-02	2.747792994402e+00	3.777472055214e-01	6.454412695612e-02	2.747762088481e+00	3.777944296588e-01	-6.137215000045e+01	2.916269443223e+01	3.777944296588e-01
141   	8     	1  	1  	3  	1.383315e+06	1.433300e+04	7.365022044969e-02	2.970096495204e+00	-7.687572713518e-01	7.364826121140e-02	2.970046480269e+00	-7.686234490864e-01	-7.499128630609e+01	1.630436197461e+01	-7.686234490864e-01
142   	8     	-2 	1  	3  	3.055860e+05	5.990000e+02	7.364567139870e-02	-2.517364745367e+00	8.749587030997e-01	7.309354307418e-02	-2.517174993597e+00	8.760001372594e-01	-6.092223446045e+01	-4.188824057101e+01	8.760001372594e-01
143   	8     	1  	1  	-3 	3.505307e+06	1.436500e+04	7.364585184959e-02	1.971371611432e+00	-8.937522183163e-01	7.365262396029e-02	1.971410750436e+00	-8.945913867585e-01	-2.895605820184e+01	7.456457238575e+01	-8.945913867585e-01
144   	8     	-1 	2  	-3 	9.868300e+04	9.130000e+02	7.364529105474e-02	2.350070645614e+00	7.732547639513e-01	7.364557454444e-02	2.350040236370e+00	7.730646370859e-01	-5.320362410076e+01	5.827692422997e+01	7.730646370859e-01
145   	8     	-1 	2  	3  	1.358819e+06	1.443300e+04	7.364629537441e-02	-3.102831517863e+00	1.167951086437e-01	7.364215667058e-02	-3.102788983214e+00	1.169022378391e-01	-7.605455980156e+01	5.795826419512e-02	1.169022378391e-01
146   	4     	-2 	2  	2  	4.287000e+03	1.410000e+02	7.819064469780e-02	-2.985121479374e+00	6.261193158425e-01	7.821079184804e-02	-2.985290909712e+00	6.261193158425e-01	-7.992518566455e+01	-9.764613087463e+00	6.261193158425e-01
147   	4     	0  	2  	-2 	1.163130e+05	1.969000e+03	7.819087133963e-02	2.231630614632e+00	8.032972737041e-03	7.819536906785e-02	2.231634976086e+00	8.241848642467e-03	-4.927002737831e+01	6.813041246356e+01	8.241848642467e-03
148   	17    	0  	2  	4  	1.564645e+06	1.434100e+04	8.827663710701e-02	3.068126780700e+00	-3.155198896998e-01	8.828646264578e-02	3.068210857498e+00	-3.154359303547e-01	-9.137217071557e+01	9.851399913407e+00	-3.154359303547e-01
149   	45    	1  	1  	6  	1.760473e+06	1.443900e+04	9.592371173045e-02	-2.983916462366e+00	-7.300504359413e-01	9.592122377827e-02	-2.984057934986e+00	-7.299553410538e-01	-9.840267269127e+01	-1.285083065887e+01	-7.299553410538e-01
150   	45    	-2 	1  	6  	3.197899e+06	1.444300e+04	9.591724621274e-02	-2.312678997836e+00	5.503331202113e-01	9.591852570052e-02	-2.312749065347e+00	5.499949915572e-01	-6.675200244144e+01	-7.145423036017e+01	5.499949915572e-01
151   	45    	-1 	2  	6  	1.860808e+06	1.443800e+04	9.591940380870e-02	-2.818056545132e+00	-4.063712607152e-02	9.592789060923e-02	-2.818017268827e+00	-4.051223680125e-02	-9.439705225847e+01	-2.913326297680e+01	-4.051223680125e-02
152   	2     	2  	1  	1  	1.002360e+05	1.745000e+03	9.932065346221e-02	2.619150252679e+00	-1.002540219230e+00	9.932701287243e-02	2.619163493865e+00	-1.002664498806e+00	-8.943905609897e+01	5.529745600529e+01	-1.002664498806e+00
153   	2     	-3 	2  	1  	8.615000e+03	2.030000e+02	9.931677228775e-02	-2.923104971548e+00	1.014635425033e+00	9.931371474941e-02	-2.923148928660e+00	1.014635425033e+00	-1.007859825869e+02	-1.968792315443e+01	1.014635425033e+00
154   	2     	1  	2  	-1 	1.709590e+05	2.093000e+03	9.931787464798e-02	2.343601203154e+00	-5.351258679965e-01	9.931612114520e-02	2.343528537284e+00	-5.351258679965e-01	-7.184400615363e+01	7.805447660369e+01	-5.351258679965e-01
155   	2     	-1 	3  	-1 	1.112650e+05	1.715000e+03	9.931551663546e-02	2.546523270789e+00	2.892336974869e-01	9.931773981866e-02	2.546606726689e+00	2.891867956358e-01	-8.545439811351e+01	6.174352498542e+01	2.891867956358e-01
156   	2     	-2 	3  	1  	6.348200e+04	1.758000e+03	9.931538272592e-02	2.952251175782e+00	4.890651557623e-01	9.931327948897e-02	2.952234708746e+00	4.848397114988e-01	-1.014957595826e+02	2.272090445680e+01	4.848397114988e-01
157   	5     	1  	2  	2  	1.121440e+05	2.496000e+03	1.014116304735e-01	2.698634075013e+00	-5.701430834543e-01	1.014102742442e-01	2.698530327178e+00	-5.701695410421e-01	-9.529741802240e+01	4.887276947161e+01	-5.701695410421e-01
158   	5     	-2 	3  	-2 	6.400000e+02	3.200000e+01	1.014068722256e-01	2.667008963798e+00	7.205064595478e-01	1.014567387757e-01	2.667258296549e+00	7.205064595478e-01	-9.389495243461e+01	5.189843757145e+01	7.205064595478e-01
159   	5     	-1 	3  	2  	8.902100e+04	1.694000e+03	1.014080983288e-01	2.861526289759e+00	9.937649349295e-02	1.014052915113e-01	2.861619027715e+00	9.937649349295e-02	-1.014401735065e+02	3.256144804437e+01	9.937649349295e-02
160   	95    	0  	1  	8  	6.193520e+05	8.135000e+03	1.016783880609e-01	-2.604209645096e+00	-4.661270145391e-01	1.016778847930e-01	-2.604177080632e+00	-4.665673610823e-01	-9.056781160427e+01	-5.186522621755e+01	-4.665673610823e-01
161   	95    	-1 	0  	8  	1.161680e+06	1.340300e+04	1.016745425299e-01	-2.004269510930e+00	-1.050131530461e-02	1.016807519173e-01	-2.004267495544e+00	-1.035898746617e-02	-4.340019261882e+01	-9.417260568360e+01	-1.035898746617e-02
162   	19    	2  	1  	4  	1.006493e+06	1.434100e+04	1.093824546001e-01	2.939776875915e+00	-9.285975965762e-01	1.093942740892e-01	2.939783712486e+00	-9.322351073938e-01	-1.117129982147e+02	2.612470405239e+01	-9.322351073938e-01
163   	19    	-3 	2  	4  	2.923400e+04	5.750000e+02	1.093751890394e-01	-2.675148897279e+00	7.955322924672e-01	1.093664412700e-01	-2.675161733216e+00	7.955322924672e-01	-1.015661385457e+02	-4.889769509900e+01	7.955322924672e-01
164   	19    	1  	2  	-4 	2.280726e+06	1.437500e+04	1.093755134012e-01	2.014453996935e+00	-4.404535006914e-01	1.093790590852e-01	2.014412161794e+00	-4.407507932908e-01	-4.834315128994e+01	1.073630584788e+02	-4.407507932908e-01
165   	19    	-1 	3  	-4 	1.302614e+06	1.346300e+04	1.093745054067e-01	2.275145779442e+00	5.657244943217e-01	1.093674627989e-01	2.275086113437e+00	5.659146549173e-01	-7.351685694287e+01	9.101735441212e+01	5.659146549173e-01
166   	19    	-2 	3  	4  	1.037096e+06	1.443500e+04	1.093753992401e-01	-3.059638718113e+00	3.076025195715e-01	1.093768252325e-01	-3.059641944073e+00	3.075640779196e-01	-1.136142483730e+02	-6.469371227486e+00	3.075640779196e-01
167   	6     	0  	3  	0  	3.926139e+06	1.435300e+04	1.118263478208e-01	2.520884927076e+00	-1.322652140112e-01	1.118292063491e-01	2.520816769856e+00	-1.317757756232e-01	-9.474674923010e+01	7.167709867665e+01	-1.317757756232e-01
168   	6     	-3 	3  	0  	2.610500e+04	6.070000e+02	1.118249975726e-01	3.057782887071e+00	8.352373276986e-01	1.118131610596e-01	3.057637622051e+00	8.352373276986e-01	-1.162286733576e+02	1.287142477806e+01	8.352373276986e-01
169   	32    	1  	2  	5  	3.787500e+04	1.025000e+03	1.149972547572e-01	3.003500925949e+00	-5.804343898724e-01	1.149985492779e-01	3.003460735724e+00	-5.804343898724e-01	-1.188674901588e+02	1.968636189800e+01	-5.804343898724e-01
170   	32    	-3 	1  	5  	5.907200e+04	9.090000e+02	1.149910587362e-01	-2.371009372393e+00	1.022397342390e+00	1.149850404849e-01	-2.370989202463e+00	1.022397342390e+00	-8.550193425698e+01	-8.151955594761e+01	1.022397342390e+00
171   	32    	-2 	3  	-5 	8.559900e+04	1.053000e+03	1.149910117777e-01	2.442229680312e+00	9.882037740474e-01	1.149876215992e-01	2.442221315115e+00	9.882037740474e-01	-9.166892184879e+01	8.117707147918e+01	9.882037740474e-01
172   	32    	-1 	3  	5  	4.117200e+04	6.190000e+02	1.149930596352e-01	3.138228403273e+00	-2.627888230003e-02	1.149959065370e-01	3.138288194091e+00	-2.627888230003e-02	-1.200017526142e+02	3.366527606238e+00	-2.627888230003e-02
173   	102   	2  	0  	8  	1.230570e+05	2.865000e+03	1.204663186769e-01	-2.832577962306e+00	-1.032718804793e+00	1.204700142599e-01	-2.832580593566e+00	-1.032754510738e+00	-1.196920679398e+02	-3.573476607448e+01	-1.032754510738e+00
174   	102   	-2 	2  	8  	1.651030e+05	2.098000e+03	1.204589942556e-01	-2.546489461566e+00	2.177560213893e-01	1.204584784522e-01	-2.546469539834e+00	2.179573754467e-01	-1.037897379004e+02	-6.832970411087e+01	2.179573754467e-01
175   	184   	1  	0  	10 	2.018575e+06	1.443100e+04	1.240124509894e-01	-2.505647468790e+00	-8.413606177314e-01	1.240143261020e-01	-2.505619958138e+00	-8.414424596944e-01	-1.037964518742e+02	-7.482658799301e+01	-8.414424596944e-01
176   	184   	-1 	1  	10 	2.465966e+06	1.443900e+04	1.240086706796e-01	-2.339903917437e+00	-1.578102537853e-01	1.240170197980e-01	-2.339915434906e+00	-1.572577779763e-01	-8.949797069808e+01	-9.111502467751e+01	-1.572577779763e-01
177   	184   	0  	-1 	10 	2.343230e+06	1.445300e+04	1.240078103089e-01	-1.977094430535e+00	-8.244788397049e-01	1.240127536108e-01	-1.977030319108e+00	-8.246491452960e-01	-5.005433569870e+01	-1.172268207235e+02	-8.246491452960e-01
178   	137   	1  	1  	9  	3.751470e+05	5.269000e+03	1.245047847327e-01	-2.791141796572e+00	-6.952651654697e-01	1.245052475871e-01	-2.791142947107e+00	-6.952276672257e-01	-1.220284071413e+02	-4.220827113783e+01	-6.952276672257e-01
179   	137   	-2 	1  	9  	8.044730e+05	5.967000e+03	1.244975071819e-01	-2.229494780269e+00	3.092643616645e-01	1.244991568166e-01	-2.229560802282e+00	3.112467273840e-01	-7.887594805538e+01	-1.009602566681e+02	3.112467273840e-01
180   	137   	-1 	2  	9  	4.632650e+05	4.569000e+03	1.245004655237e-01	-2.655223699411e+00	-1.349449142988e-01	1.244975735323e-01	-2.655229483538e+00	-1.371453895837e-01	-1.147394347254e+02	-5.851331289293e+01	-1.371453895837e-01
181   	137   	-1 	-1 	9  	1.940787e+06	1.446500e+04	1.244970190063e-01	-1.711880349583e+00	1.915098726526e-01	1.244982723673e-01	-1.711917939788e+00	1.946166636143e-01	-1.678880553481e+01	-1.270151075248e+02	1.946166636143e-01
182   	3     	2  	2  	0  	9.475700e+05	1.365600e+04	1.291513067741e-01	2.468256146861e+00	-7.752004492159e-01	1.291493173301e-01	2.468251065593e+00	-7.751890892972e-01	-1.054721351644e+02	8.812696917958e+01	-7.751890892972e-01
183   	3     	-2 	4  	0  	5.647350e+05	8.093000e+03	1.291461809665e-01	2.747109622229e+00	4.127325535196e-01	1.291418468323e-01	2.747057433020e+00	4.128009778064e-01	-1.247409350659e+02	5.542906695553e+01	4.128009778064e-01
184   	12    	2  	2  	3  	2.373930e+05	2.703000e+03	1.339466308315e-01	2.735801951486e+00	-7.544367990827e-01	1.339468980441e-01	2.735754666122e+00	-7.561260467673e-01	-1.288411327653e+02	5.887023339545e+01	-7.561260467673e-01
185   	12    	2  	2  	-3 	4.904520e+05	7.022000e+03	1.339418167195e-01	2.200688649833e+00	-7.916426479622e-01	1.339429952138e-01	2.200680012159e+00	-7.915275801852e-01	-8.224881341816e+01	1.175011160311e+02	-7.915275801852e-01
186   	12    	-2 	4  	-3 	5.621300e+04	7.200000e+02	1.339387269978e-01	2.526135596910e+00	6.003913429884e-01	1.339345087892e-01	2.526133821637e+00	6.003913429884e-01	-1.144293830041e+02	8.475106636479e+01	6.003913429884e-01
187   	12    	-2 	4  	3  	1.864980e+05	3.083000e+03	1.339398337454e-01	2.976859116782e+00	2.653866025619e-01	1.339328649135e-01	2.976905381641e+00	2.654176491672e-01	-1.383796267559e+02	2.614668451479e+01	2.654176491672e-01
188   	10    	-4 	3  	2  	5.626000e+03	1.670000e+02	1.364974426935e-01	-2.937529155154e+00	9.267883915685e-01	1.365196936250e-01	-2.937515075684e+00	9.267883915685e-01	-1.399610500383e+02	-2.635157210992e+01	9.267883915685e-01
189   	10    	1  	3  	-2 	3.861800e+05	3.248000e+03	1.364987451611e-01	2.296080882493e+00	-3.645459244699e-01	1.365008390667e-01	2.296052363303e+00	-3.645053848164e-01	-9.458849109815e+01	1.110625747952e+02	-3.645053848164e-01
190   	10    	-1 	4  	-2 	3.076870e+05	4.253000e+03	1.364965215782e-01	2.453476495540e+00	2.535359174609e-01	1.364911710700e-01	2.453467950386e+00	2.534301126856e-01	-1.103182728494e+02	9.467749585114e+01	2.534301126856e-01
191   	10    	-3 	4  	2  	9.836900e+04	1.697000e+03	1.364962613759e-01	3.049023805935e+00	5.489881537582e-01	1.364961528188e-01	3.048978618411e+00	5.489881537582e-01	-1.424083865030e+02	1.626895261835e+01	5.489881537582e-01
192   	106   	1  	2  	8  	1.002350e+05	1.438000e+03	1.367036944399e-01	-3.054888493704e+00	-5.781086196145e-01	1.367051939660e-01	-3.054910635881e+00	-5.781086196145e-01	-1.426226520080e+02	-9.607206923745e+00	-5.781086196145e-01
193   	106   	-3 	1  	8  	8.510000e+03	1.120000e+02	1.366952103596e-01	-2.232411947994e+00	7.860215450800e-01	1.366865836955e-01	-2.232551410261e+00	7.860215450800e-01	-8.718241688389e+01	-1.110285651631e+02	7.860215450800e-01
194   	106   	-1 	3  	8  	1.084100e+05	1.703000e+03	1.366992539575e-01	-2.940570375740e+00	-1.088102028649e-01	1.366983081214e-01	-2.940593676436e+00	-1.130300808917e-01	-1.402235266265e+02	-2.595402215560e+01	-1.130300808917e-01
195   	191   	0  	2  	10 	6.935240e+05	9.715000e+03	1.398407690340e-01	-2.784514812398e+00	-3.952848136779e-01	1.398421256124e-01	-2.784495870416e+00	-3.952690408263e-01	-1.371081870167e+02	-4.880427831215e+01	-3.952690408263e-01
196   	191   	-2 	0  	10 	1.361190e+06	1.446200e+04	1.398341798810e-01	-1.958625147412e+00	5.078980094438e-01	1.398282479881e-01	-1.958608312245e+00	5.080424470146e-01	-5.422596316321e+01	-1.338434324079e+02	5.080424470146e-01
197   	302   	0  	0  	12 	1.127871e+06	1.133500e+04	1.419562591821e-01	-2.246584405615e+00	-5.756445821220e-01	1.419639985026e-01	-2.246628789232e+00	-5.757240671313e-01	-9.228548963060e+01	-1.141919435019e+02	-5.757240671313e-01
198   	24    	1  	3  	4  	4.175860e+05	5.743000e+03	1.425307508322e-01	2.807120707454e+00	-4.646007772396e-01	1.425264413837e-01	2.807070569053e+00	-4.645669958780e-01	-1.411859181742e+02	5.244842988752e+01	-4.645669958780e-01
199   	24    	-3 	4  	-4 	1.354901e+06	7.320000e+02	1.425245477676e-01	2.644181483411e+00	8.951166494614e-01	1.437521710987e-01	2.644210082173e+00	8.954128843928e-01	-1.324979944280e+02	7.554499769251e+01	8.954128843928e-01
200   	24    	-1 	4  	4  	3.842100e+05	7.446000e+03	1.425268780003e-01	2.919982820351e+00	-5.863262199775e-03	1.425279894717e-01	2.919990532751e+00	-5.829589851111e-03	-1.458422184614e+02	3.606692599863e+01	-5.829589851111e-03
201   	54    	2  	2  	6  	7.742880e+05	9.794000e+03	1.474005548671e-01	2.969708232030e+00	-7.313319650564e-01	1.473978035585e-01	2.969659168940e+00	-7.313733166790e-01	-1.524288342103e+02	2.959931975523e+01	-7.313733166790e-01
202   	54    	-4 	2  	6  	1.262670e+05	1.351000e+03	1.473914381861e-01	-2.515935108459e+00	9.204221662253e-01	1.473902412414e-01	-2.516004380672e+00	9.235525197806e-01	-1.249166747019e+02	-8.845109619693e+01	9.235525197806e-01
203   	54    	2  	2  	-6 	1.737949e+06	1.438500e+04	1.473917998248e-01	1.966433542992e+00	-7.986998069973e-01	1.473911808622e-01	1.966382647526e+00	-7.946310620125e-01	-5.902162994784e+01	1.470982137408e+02	-7.946310620125e-01
204   	54    	-2 	4  	-6 	1.095040e+05	1.350000e+03	1.473906759449e-01	2.347952842073e+00	8.257731188587e-01	1.473775801077e-01	2.347978268064e+00	8.257731188587e-01	-1.082858302516e+02	1.142436998976e+02	8.257731188587e-01
205   	54    	-2 	4  	6  	6.878900e+05	1.006500e+04	1.473926886858e-01	-3.102786389267e+00	1.536960639305e-01	1.474039544831e-01	-3.102799339517e+00	1.497585499876e-01	-1.545760256675e+02	-3.168494822536e+00	1.497585499876e-01
206   	16    	0  	4  	2  	2.427920e+05	2.563000e+03	1.510320966415e-01	2.671579029036e+00	-1.680197729359e-01	1.510296941861e-01	2.671579749017e+00	-1.679855193613e-01	-1.413973080144e+02	7.538106999116e+01	-1.679855193613e-01
207   	16    	-4 	4  	-2 	1.363300e+04	3.520000e+02	1.510296613915e-01	2.935035815799e+00	9.565074304129e-01	1.510174368534e-01	2.935001746392e+00	9.563371606333e-01	-1.552731265396e+02	3.570647768845e+01	9.563371606333e-01
208   	195   	2  	1  	10 	5.588470e+05	9.146000e+03	1.540645724167e-01	-2.922787094014e+00	-8.190952541781e-01	1.540616162172e-01	-2.922773778461e+00	-8.193043840653e-01	-1.578722297490e+02	-3.256713345453e+01	-8.193043840653e-01
209   	195   	-3 	2  	10 	1.282469e+06	1.278400e+04	1.540540826277e-01	-2.394380320848e+00	4.390872308741e-01	1.540532283012e-01	-2.394399655327e+00	4.392192224628e-01	-1.181051324331e+02	-1.079794140950e+02	4.392192224628e-01
210   	195   	-2 	3  	10 	6.546460e+05	1.070100e+04	1.540563270116e-01	-2.710448181371e+00	7.709576317317e-02	1.540552430020e-01	-2.710433986238e+00	7.715908223375e-02	-1.467627641756e+02	-6.533280952956e+01	7.715908223375e-02
211   	34    	-4 	4  	4  	1.677200e+04	3.280000e+02	1.565011201794e-01	-2.984794752302e+00	6.657597278629e-01	1.565035760445e-01	-2.984677092774e+00	6.657597278629e-01	-1.624224200422e+02	-2.306138796765e+01	6.657597278629e-01
212   	34    	0  	4  	-4 	4.650520e+05	6.415000e+03	1.565015745069e-01	2.228603613041e+00	7.193808166621e-02	1.564943896679e-01	2.228659972098e+00	7.209606321422e-02	-1.002984123615e+02	1.342569405517e+02	7.209606321422e-02
213   	115   	3  	1  	8  	1.252160e+05	2.229000e+03	1.644663636986e-01	3.119531987469e+00	-9.410400762805e-01	1.644720799706e-01	3.119584216558e+00	-9.422220651683e-01	-1.730547339727e+02	6.685194709007e+00	-9.422220651683e-01
214   	115   	-4 	3  	8  	1.812700e+04	3.490000e+02	1.644542937162e-01	-2.611552728206e+00	6.328703936868e-01	1.644526054742e-01	-2.611613941717e+00	6.328703936868e-01	-1.489541051600e+02	-8.531420272471e+01	6.328703936868e-01
215   	115   	1  	3  	-8 	5.174130e+05	5.034000e+03	1.644540221543e-01	1.857580651860e+00	2.026538004367e-02	1.644444471607e-01	1.857604183771e+00	2.213059900132e-02	-4.831006915636e+01	1.704267191799e+02	2.213059900132e-02
216   	115   	-1 	4  	-8 	2.879600e+04	4.970000e+02	1.644536860721e-01	2.096363737693e+00	7.432140908061e-01	1.644497712088e-01	2.096413379072e+00	7.432140908061e-01	-8.646616430183e+01	1.539405319126e+02	7.432140908061e-01
217   	115   	-3 	4  	8  	1.395910e+05	2.047000e+03	1.644552753162e-01	-2.878259853296e+00	3.040831734781e-01	1.644583850095e-01	-2.878263995946e+00	3.040989274655e-01	-1.669889059857e+02	-4.256857383087e+01	3.040989274655e-01
218   	155   	2  	2  	9  	8.131200e+04	1.279000e+03	1.674530339180e-01	-3.126739558263e+00	-7.068145659902e-01	1.674440684950e-01	-3.126756176015e+00	-7.111778891202e-01	-1.762887280901e+02	1.998230375553e-01	-7.111778891202e-01
219   	155   	-4 	2  	9  	7.302000e+03	1.000000e+02	1.674415864604e-01	-2.391607314936e+00	7.614376405539e-01	1.674523194098e-01	-2.391671433632e+00	7.614376405539e-01	-1.283724081407e+02	-1.181952481747e+02	7.614376405539e-01
220   	155   	2  	2  	-9 	4.693650e+05	3.582000e+03	1.674414617315e-01	1.777411338270e+00	-7.782525818336e-01	1.674442876448e-01	1.777416835535e+00	-7.758589988519e-01	-3.540646616789e+01	1.770394895277e+02	-7.758589988519e-01
221   	155   	-2 	4  	9  	8.531300e+04	1.300000e+03	1.674446171205e-01	-2.940476113307e+00	7.075442298825e-02	1.674458484335e-01	-2.940407577570e+00	6.928779241524e-02	-1.726730625000e+02	-3.267563176013e+01	6.928779241524e-02
222   	29    	3  	2  	4  	5.637380e+05	9.331000e+03	1.693471642738e-01	2.764602961164e+00	-8.528115758620e-01	1.693491406972e-01	2.764578660801e+00	-8.527628681423e-01	-1.658774682050e+02	6.905155313134e+01	-8.527628681423e-01
223   	29    	-5 	3  	4  	1.562050e+05	2.919000e+03	1.693384619962e-01	-2.748913862139e+00	1.004219519586e+00	1.693273052981e-01	-2.748946260674e+00	1.004171502221e+00	-1.645424296036e+02	-6.593033565347e+01	1.004171502221e+00
224   	29    	2  	3  	-4 	1.111299e+06	1.182900e+04	1.693396711967e-01	2.174402491579e+00	-5.689736938184e-01	1.693358978429e-01	2.174331041792e+00	-5.683936379175e-01	-1.009146487307e+02	1.509890364408e+02	-5.683936379175e-01
225   	29    	-2 	5  	-4 	9.382810e+05	1.042700e+04	1.693364068745e-01	2.446513926638e+00	5.281896308262e-01	1.693326762437e-01	2.446530668646e+00	5.281275209212e-01	-1.369090019716e+02	1.180471163938e+02	5.281275209212e-01
226   	29    	-3 	5  	4  	4.293090e+05	8.998000e+03	1.693373717759e-01	3.047604291640e+00	3.696129964888e-01	1.693324123156e-01	3.047566402072e+00	3.696494228160e-01	-1.776334151624e+02	1.971480225232e+01	3.696494228160e-01
227   	491   	0  	1  	14 	6.266640e+05	6.502000e+03	1.698245658119e-01	-2.454916437977e+00	-4.708348192863e-01	1.698232585362e-01	-2.454937908472e+00	-4.708653371480e-01	-1.377496990922e+02	-1.113786847894e+02	-4.708653371480e-01
228   	491   	-1 	0  	14 	7.804960e+05	8.994000e+03	1.698203543109e-01	-2.083190455531e+00	-2.433095679753e-01	1.698256435364e-01	-2.083182030271e+00	-2.432351311460e-01	-8.660351945552e+01	-1.540902069220e+02	-2.432351311460e-01
229   	491   	1  	-1 	14 	7.625290e+05	8.742000e+03	1.698234465305e-01	-2.246310891856e+00	-9.071056181572e-01	1.698324576489e-01	-2.246278454530e+00	-9.070851899983e-01	-1.109707029394e+02	-1.377208976181e+02	-9.070851899983e-01
230   	13    	1  	4  	0  	4.672900e+05	2.917000e+03	1.709381308760e-01	2.475851534959e+00	-3.236437410525e-01	1.709349549568e-01	2.475827241501e+00	-3.223462572582e-01	-1.415625644027e+02	1.150147040678e+02	-3.223462572582e-01
231   	13    	-5 	4  	0  	1.686900e+04	2.850000e+02	1.709357687697e-01	-3.105962158432e+00	1.012791766777e+00	1.709262759747e-01	-3.105986124830e+00	1.008428443647e+00	-1.799955459390e+02	-3.633891246392e+00	1.008428443647e+00
232   	13    	-4 	5  	0  	1.866800e+04	3.160000e+02	1.709337439047e-01	2.939794322203e+00	7.152414522996e-01	1.709238803823e-01	2.939839850511e+00	7.152414522996e-01	-1.765150939072e+02	3.921088288840e+01	7.152414522996e-01
233   	13    	-1 	5  	0  	3.760250e+05	4.688000e+03	1.709352202422e-01	2.586446392163e+00	1.133471816105e-01	1.709332451222e-01	2.586507139642e+00	1.172410145368e-01	-1.530527676343e+02	9.854261076976e+01	1.172410145368e-01
234   	22    	-5 	4  	3  	6.840000e+02	3.800000e+01	1.745916699030e-01	-2.946597807055e+00	8.857216161489e-01	1.745868217662e-01	-2.946715337645e+00	8.857216161489e-01	-1.805036782983e+02	-3.309496137530e+01	8.857216161489e-01
235   	22    	1  	4  	-3 	1.643390e+05	1.255000e+03	1.745931322159e-01	2.272533057786e+00	-2.474438259296e-01	1.745937750626e-01	2.272531123286e+00	-2.474438259296e-01	-1.186109832581e+02	1.445932659685e+02	-2.474438259296e-01
236   	22    	-1 	5  	-3 	1.445020e+05	1.857000e+03	1.745909944758e-01	2.400594691558e+00	2.425578808721e-01	1.745764107027e-01	2.400636118535e+00	2.426325545659e-01	-1.356921960079e+02	1.280960835376e+02	2.426325545659e-01
237   	22    	-4 	5  	3  	1.201600e+04	2.480000e+02	1.745906122928e-01	3.104187193380e+00	5.912687156433e-01	1.745679838037e-01	3.104262899668e+00	5.912687156433e-01	-1.839618113464e+02	9.741923613622e+00	5.912687156433e-01
238   	23    	1  	4  	3  	8.433100e+04	7.600000e+02	1.745972586060e-01	2.679353336959e+00	-3.708735145089e-01	1.745926050237e-01	2.679321505400e+00	-3.719589254802e-01	-1.647712215596e+02	8.558187764769e+01	-3.719589254802e-01
239   	23    	-4 	5  	-3 	4.096000e+03	1.250000e+02	1.745911865806e-01	2.778509190577e+00	8.539938268123e-01	1.745922619904e-01	2.778432248049e+00	8.539938268123e-01	-1.721358279242e+02	6.873822460180e+01	8.539938268123e-01
240   	23    	-1 	5  	3  	7.859400e+04	1.136000e+03	1.745936958236e-01	2.776263244531e+00	1.795663117681e-02	1.745902627423e-01	2.776286361916e+00	1.766605386477e-02	-1.719798554013e+02	6.910800583223e+01	1.766605386477e-02
241   	127   	0  	4  	8  	1.566590e+05	3.146000e+03	1.767258428459e-01	3.067869521367e+00	-2.711752730918e-01	1.767258840380e-01	3.067854498816e+00	-2.711547737535e-01	-1.859202242080e+02	1.665215560064e+01	-2.711547737535e-01
242   	211   	1  	3  	10 	4.403280e+05	5.591000e+03	1.791730145078e-01	-3.093535813623e+00	-4.872873029763e-01	1.791756194949e-01	-3.093590502228e+00	-4.884109730351e-01	-1.888184345840e+02	-6.331952962756e+00	-4.884109730351e-01
243   	211   	-4 	1  	10 	2.528080e+05	2.799000e+03	1.791627409847e-01	-2.196636338683e+00	9.469517426736e-01	1.791524372461e-01	-2.196637315315e+00	9.469664131930e-01	-1.097823601206e+02	-1.513404783193e+02	9.469664131930e-01
244   	211   	-1 	4  	10 	4.464820e+05	6.954000e+03	1.791685385658e-01	-3.006680284396e+00	-1.329012671420e-01	1.791695989009e-01	-3.006660851720e+00	-1.328765129582e-01	-1.872730784208e+02	-2.281235603289e+01	-1.328765129582e-01
245   	338   	3  	0  	12 	1.922920e+05	2.683000e+03	1.808365369155e-01	-2.831879009543e+00	-1.001029545660e+00	1.808469614484e-01	-2.831882621215e+00	-1.001017292449e+00	-1.815698401117e+02	-5.578490193032e+01	-1.001017292449e+00
246   	338   	-3 	3  	12 	2.673810e+05	3.230000e+03	1.808255252268e-01	-2.544978488881e+00	2.542226433538e-01	1.808253435211e-01	-2.544992481213e+00	2.542459791633e-01	-1.573874494245e+02	-1.051373872670e+02	2.542459791633e-01
247   	341   	0  	3  	12 	1.680860e+05	2.328000e+03	1.808326906989e-01	-2.885933551460e+00	-3.487830269365e-01	1.808346428061e-01	-2.885915626487e+00	-3.527282824166e-01	-1.845021935856e+02	-4.581212297985e+01	-3.527282824166e-01
248   	341   	-3 	0  	12 	8.540000e+03	2.090000e+02	1.808238816874e-01	-1.966524677938e+00	8.247406193867e-01	1.808128164518e-01	-1.966553124186e+00	8.247406193867e-01	-7.228537087214e+01	-1.742803789074e+02	8.247406193867e-01
249   	504   	2  	0  	14 	5.070590e+05	6.546000e+03	1.817345136108e-01	-2.609229886833e+00	-8.777595801359e-01	1.817442548374e-01	-2.609192420618e+00	-8.774730369586e-01	-1.648443970526e+02	-9.523681672142e+01	-8.774730369586e-01
250   	504   	-2 	2  	14 	7.569220e+05	9.206000e+03	1.817269040651e-01	-2.396402943659e+00	1.935049544818e-02	1.817202538900e-01	-2.396416019438e+00	1.942514651465e-02	-1.402946501204e+02	-1.281038383545e+02	1.942514651465e-02
251   	504   	0  	-2 	14 	1.143483e+06	1.447800e+04	1.817253664741e-01	-1.882044618663e+00	-9.145587337371e-01	1.817379599140e-01	-1.882029081394e+00	-9.138514107989e-01	-5.730084828408e+01	-1.808160271683e+02	-9.138514107989e-01
252   	66    	4  	1  	6  	3.125270e+05	3.804000e+03	1.851457318638e-01	2.919583449339e+00	-1.032689205248e+00	1.851481596863e-01	2.919593425943e+00	-1.032712269526e+00	-1.907995066262e+02	4.617555754346e+01	-1.032712269526e+00
253   	66    	-5 	4  	6  	2.479000e+04	4.030000e+02	1.851333053356e-01	-2.802360113413e+00	7.672158038678e-01	1.851401362550e-01	-2.802448433090e+00	7.672158038678e-01	-1.842046665457e+02	-6.271320146800e+01	7.672158038678e-01
254   	66    	1  	4  	-6 	7.737050e+05	9.824000e+03	1.851338823712e-01	2.085105200053e+00	-1.227175862912e-01	1.851396361918e-01	2.085130384589e+00	-1.184686720591e-01	-9.583527779049e+01	1.744390031093e+02	-1.184686720591e-01
255   	66    	-1 	5  	-6 	7.655870e+05	9.001000e+03	1.851325374826e-01	2.235774475034e+00	4.151456947591e-01	1.851274093054e-01	2.235806303519e+00	4.152015537667e-01	-1.204411284990e+02	1.579009373695e+02	4.152015537667e-01
256   	66    	-4 	5  	6  	2.845580e+05	3.690000e+03	1.851331804496e-01	-3.026710369795e+00	4.840993668513e-01	1.851347266986e-01	-3.026733914451e+00	4.841635229951e-01	-1.942264223765e+02	-1.977957896078e+01	4.841635229951e-01
257   	68    	1  	4  	6  	3.113920e+05	4.940000e+03	1.851416701324e-01	2.867255283823e+00	-3.995577275929e-01	1.851411201490e-01	2.867234653023e+00	-3.995368352297e-01	-1.882984237922e+02	5.617461436648e+01	-3.995368352297e-01
258   	68    	-4 	5  	-6 	1.584710e+05	1.543000e+03	1.851342643035e-01	2.635135480133e+00	1.003487246528e+00	1.851327448082e-01	2.635108527896e+00	1.007607362805e+00	-1.710280115362e+02	9.838704229298e+01	1.007607362805e+00
259   	68    	-1 	5  	6  	3.081790e+05	4.494000e+03	1.851376357437e-01	2.953273169259e+00	-5.188835578482e-02	1.851455483807e-01	2.953273463349e+00	-5.557336388414e-02	-1.921679147062e+02	3.967779906694e+01	-5.557336388414e-02
260   	605   	1  	1  	15 	1.114480e+05	1.527000e+03	1.889601766552e-01	-2.593825841105e+00	-6.309312863703e-01	1.889600469456e-01	-2.593782066333e+00	-6.309312863703e-01	-1.700202218410e+02	-1.018992738299e+02	-6.309312863703e-01
261   	605   	-2 	1  	15 	1.748000e+05	2.301000e+03	1.889523360896e-01	-2.186069747608e+00	4.816162326324e-02	1.889441681716e-01	-2.186079559338e+00	4.816162326324e-02	-1.142695044158e+02	-1.612247395113e+02	4.816162326324e-02
262   	605   	-1 	2  	15 	1.322470e+05	1.547000e+03	1.889560032424e-01	-2.494551681503e+00	-2.247544721988e-01	1.889577677202e-01	-2.494548305144e+00	-2.247295949189e-01	-1.587641403474e+02	-1.183618394784e+02	-2.247295949189e-01
263   	605   	2  	-1 	15 	1.633530e+05	1.692000e+03	1.889589257378e-01	-2.430686529100e+00	-9.931938393870e-01	1.889665935433e-01	-2.430651961079e+00	-9.931938393870e-01	-1.506501204097e+02	-1.283440031517e+02	-9.931938393870e-01
264   	605   	-1 	-1 	15 	2.638160e+05	3.778000e+03	1.889516199261e-01	-1.893571013643e+00	-2.613103141878e-01	1.889531939917e-01	-1.893548952049e+00	-2.612133940861e-01	-6.191561267295e+01	-1.875915475519e+02	-2.612133940861e-01
265   	223   	-4 	4  	10 	5.839070e+05	7.267000e+03	1.904918523924e-01	-2.708106809189e+00	4.420950136498e-01	1.904950189210e-01	-2.708117030818e+00	4.421228641556e-01	-1.824552983375e+02	-8.236616473288e+01	4.421228641556e-01
266   	223   	0  	4  	-10	1.539000e+03	2.900000e+01	1.904906652487e-01	1.910150365128e+00	6.369312463991e-01	1.891415979392e-01	1.909536103657e+00	6.355306735426e-01	-6.590168218314e+01	1.929014835234e+02	6.355306735426e-01
267   	50    	0  	5  	4  	3.403150e+05	5.556000e+03	1.924856747675e-01	2.759194060793e+00	-1.753592978020e-01	1.924908958348e-01	2.759208480293e+00	-1.752185954879e-01	-1.889339606238e+02	7.929463332242e+01	-1.752185954879e-01
268   	508   	1  	2  	14 	2.698420e+05	3.170000e+03	1.929152170865e-01	-2.784649117968e+00	-5.541946405416e-01	1.929195748025e-01	-2.784645405521e+00	-5.537030265114e-01	-1.909229430809e+02	-6.899114773102e+01	-5.537030265114e-01
269   	508   	-3 	1  	14 	5.550460e+05	6.325000e+03	1.929045418600e-01	-2.128061106674e+00	4.190904307044e-01	1.929007112038e-01	-2.128100950851e+00	4.191050761049e-01	-1.068274583764e+02	-1.713235642595e+02	4.191050761049e-01
270   	508   	-1 	3  	14 	3.028700e+05	5.087000e+03	1.929107695141e-01	-2.697328901723e+00	-1.970932021517e-01	1.929162690324e-01	-2.697305375046e+00	-1.969026750332e-01	-1.838898754467e+02	-8.549020111640e+01	-1.969026750332e-01
271   	15    	3  	3  	0  	1.187273e+06	7.858000e+03	1.938959398470e-01	2.466123083452e+00	-7.337571756282e-01	1.938955249011e-01	2.466071671664e+00	-7.300565282042e-01	-1.599905313765e+02	1.319867082954e+02	-7.300565282042e-01
272   	15    	-3 	6  	0  	6.347620e+05	8.342000e+03	1.938882309627e-01	2.745984765035e+00	4.478043591106e-01	1.938908989069e-01	2.745998442436e+00	4.478914864445e-01	-1.893404165243e+02	8.238992966870e+01	4.478914864445e-01
273   	215   	-5 	3  	10 	8.950000e+03	1.190000e+02	2.011906164199e-01	-2.499463688762e+00	7.581053927408e-01	2.011889182178e-01	-2.499426844535e+00	7.585929148782e-01	-1.700752351772e+02	-1.256235043517e+02	7.585929148782e-01
274   	215   	-2 	5  	-10	9.131100e+04	1.121000e+03	2.011902514329e-01	2.186532023779e+00	9.380186479200e-01	2.011838894181e-01	2.186553274731e+00	9.423819710500e-01	-1.228479079033e+02	1.780136365280e+02	9.423819710500e-01
275   	37    	2  	4  	4  	1.963120e+05	2.269000e+03	2.030851781835e-01	2.696737821117e+00	-5.138532127002e-01	2.030878065648e-01	2.696689509234e+00	-5.138532127002e-01	-1.942841804383e+02	9.600815417837e+01	-5.138532127002e-01
276   	37    	4  	2  	-4 	4.049270e+05	3.618000e+03	2.030810800975e-01	2.271518829708e+00	-1.025999317637e+00	2.030913335174e-01	2.271511896053e+00	-1.021695788199e+00	-1.385425406150e+02	1.684350589304e+02	-1.021695788199e+00
277   	37    	-4 	6  	-4 	1.662100e+04	2.650000e+02	2.030756247106e-01	2.664958966393e+00	7.776838032372e-01	2.030794085595e-01	2.665039315428e+00	7.776838032372e-01	-1.912674425295e+02	1.021515262190e+02	7.776838032372e-01
278   	52    	1  	5  	-4 	4.425440e+05	3.480000e+03	2.131547197524e-01	2.258188103586e+00	-1.585279024996e-01	2.131601373468e-01	2.258209140638e+00	-1.547399483376e-01	-1.434059318502e+02	1.788247578055e+02	-1.547399483376e-01
279   	52    	-1 	6  	-4 	4.548820e+05	3.527000e+03	2.131526392977e-01	2.366096529649e+00	2.450283150750e-01	2.131461752148e-01	2.366096247707e+00	2.450540989323e-01	-1.614781428879e+02	1.622087300896e+02	2.450540989323e-01
280   	523   	-4 	3  	14 	2.102390e+05	1.648000e+03	2.135365815159e-01	-2.432699449950e+00	4.167415371940e-01	2.135312675859e-01	-2.432699292924e+00	4.168205895953e-01	-1.713768218752e+02	-1.456259800438e+02	4.168205895953e-01
