#
# ID	PID	H	K	L	sum(int)	max(int)	pred tth          	pred eta          	 pred ome          	meas tth          	meas eta          	 meas ome          	meas X            	meas Y            	 meas ome
#
0     	1     	0  	-1 	-2 	1.131943e+06	1.445000e+04	4.412847055135e-02	-7.334848870264e-02	-3.818106133439e-01	4.413209741666e-02	-7.328517578601e-02	-3.818910420732e-01	4.765218566630e+01	-2.034781112581e-03	-3.818910420732e-01
1     	14    	0  	-1 	4  	5.270942e+06	1.444200e+04	6.020273191117e-02	-1.330049750795e+00	9.607483879107e-01	6.020319523915e-02	-1.330063755912e+00	9.595916690650e-01	1.653986929433e+01	-5.818242417690e+01	9.595916690650e-01
2     	14    	1  	-1 	-4 	2.772018e+06	1.440700e+04	6.020502043977e-02	5.942632664579e-01	1.088459056595e-01	6.020974092304e-02	5.942518295616e-01	1.093096395268e-01	5.371310741603e+01	3.886161353309e+01	1.093096395268e-01
3     	0     	1  	-2 	0  	1.138809e+06	1.447000e+04	6.454120562065e-02	-3.937492770973e-01	3.078909554398e-01	6.454232730538e-02	-3.936837042760e-01	3.079184807872e-01	6.407167835129e+01	-2.261107573397e+01	3.079184807872e-01
4     	0     	-1 	-1 	0  	1.949809e+06	1.446000e+04	6.454294268308e-02	-6.719739386063e-01	-8.989105535258e-01	6.453255418746e-02	-6.719944984450e-01	-8.986301366774e-01	5.467346691173e+01	-3.884800349681e+01	-8.986301366774e-01
5     	8     	1  	-2 	3  	1.349680e+05	1.119000e+03	7.364575937382e-02	-7.914693640565e-01	6.685049810041e-01	7.348671745631e-02	-7.903630737494e-01	6.679008569204e-01	5.584050283407e+01	-5.154603430193e+01	6.679008569204e-01
6     	8     	1  	-2 	-3 	1.414488e+06	1.442300e+04	7.364926169113e-02	3.882168945175e-02	4.316580679986e-02	7.365903517625e-02	3.869591283578e-02	4.332418026984e-02	7.877947548555e+01	6.464563601221e+00	4.332418026984e-02
7     	8     	-1 	-1 	-3 	1.454126e+06	1.448300e+04	7.364975369463e-02	-1.714207156598e-01	-8.434167944858e-01	7.364468452292e-02	-1.715743223608e-01	-8.433621346460e-01	7.783225038789e+01	-9.766846940146e+00	-8.433621346460e-01
8     	8     	2  	-1 	-3 	9.446200e+04	8.490000e+02	7.364867315569e-02	6.242841047507e-01	7.842646433952e-01	7.337550901967e-02	6.244697177202e-01	7.847264178794e-01	6.383975419776e+01	4.857939503295e+01	7.847264178794e-01
9     	4     	0  	-2 	2  	1.149620e+05	1.308000e+03	7.819298152825e-02	-9.098536389758e-01	-1.192536294387e-01	7.819994174762e-02	-9.098314575776e-01	-1.192536294387e-01	5.203194237563e+01	-6.157570193124e+01	-1.192536294387e-01
10    	4     	2  	-2 	-2 	7.120000e+03	1.960000e+02	7.819343436427e-02	1.565263632246e-01	5.470052602121e-01	7.820036252666e-02	1.566107698313e-01	5.470052602121e-01	8.257677173739e+01	1.631318529651e+01	5.470052602121e-01
11    	17    	0  	-2 	-4 	1.627359e+06	1.449300e+04	8.827844250938e-02	-7.338180750777e-02	-4.039451460938e-01	8.829266596675e-02	-7.339408296550e-02	-4.041938703581e-01	9.413044714126e+01	-3.316710910579e+00	-4.041938703581e-01
12    	45    	1  	-2 	-6 	1.839896e+06	1.444000e+04	9.592300429119e-02	3.236241425502e-01	-1.416941684976e-01	9.592669065390e-02	3.236127031575e-01	-1.415841045648e-01	9.710039915923e+01	3.564678727374e+01	-1.415841045648e-01
13    	45    	1  	1  	-6 	9.556961e+06	1.439600e+04	9.592037618021e-02	1.477570422048e+00	9.484125120119e-01	9.592279733306e-02	1.477554444869e+00	9.488972140388e-01	1.048155271216e+01	1.039679297072e+02	9.488972140388e-01
14    	45    	-1 	-1 	-6 	1.640927e+06	1.444500e+04	9.592259051575e-02	1.577849914199e-01	-8.270707040586e-01	9.592031345082e-02	1.578149181046e-01	-8.271333515090e-01	1.012097640541e+02	1.939980911995e+01	-8.271333515090e-01
15    	45    	2  	-1 	-6 	3.437910e+06	1.442200e+04	9.592199855299e-02	8.290092173772e-01	4.085929580457e-01	9.592687077491e-02	8.291087620466e-01	4.088026911424e-01	6.941752866953e+01	7.797246958545e+01	4.088026911424e-01
16    	2     	1  	-3 	1  	1.053220e+05	1.275000e+03	9.931811414819e-02	-5.949723583688e-01	1.693697657729e-01	9.932611415453e-02	-5.949437079206e-01	1.694336898115e-01	8.815358689089e+01	-5.518304089602e+01	1.694336898115e-01
17    	2     	2  	-3 	-1 	5.920800e+04	1.165000e+03	9.931838170363e-02	-1.892628471048e-01	3.879806235342e-01	9.931649899482e-02	-1.892882213962e-01	3.879806235342e-01	1.041529132504e+02	-1.617010011975e+01	3.879806235342e-01
18    	2     	3  	-2 	-1 	2.330300e+04	4.070000e+02	9.931836673557e-02	2.185629929781e-01	9.129338844970e-01	9.933878903159e-02	2.185030456603e-01	9.124824416756e-01	1.034552957864e+02	2.621818656787e+01	9.124824416756e-01
19    	2     	-1 	-2 	1  	1.823380e+05	2.567000e+03	9.932025223302e-02	-7.978586414227e-01	-6.772237976929e-01	9.931655617384e-02	-7.978939416502e-01	-6.771579427134e-01	7.467846806383e+01	-7.147612440754e+01	-6.771579427134e-01
20    	5     	2  	-3 	2  	2.240000e+03	8.600000e+01	1.014079799339e-01	-4.745070954625e-01	6.065398000284e-01	1.014106513562e-01	-4.745605239090e-01	6.021764768985e-01	9.649685676644e+01	-4.533999792338e+01	6.021764768985e-01
21    	5     	1  	-3 	-2 	8.730700e+04	1.469000e+03	1.014115362397e-01	-2.799744919516e-01	-6.081375059189e-03	1.014120622453e-01	-2.800010571114e-01	-6.081375059189e-03	1.041330697813e+02	-2.601515045722e+01	-6.081375059189e-03
22    	5     	-1 	-2 	-2 	1.198500e+05	2.703000e+03	1.014128812933e-01	-4.428546205715e-01	-6.822962317687e-01	1.014177521408e-01	-4.428484106570e-01	-6.822773003709e-01	9.811113919976e+01	-4.229487828748e+01	-6.822773003709e-01
23    	95    	0  	-1 	-8 	6.198660e+05	7.217000e+03	1.016794352206e-01	5.375115378827e-01	-5.843173164440e-01	1.016787120450e-01	5.374628871913e-01	-5.875105164066e-01	9.334192829788e+01	5.836418254286e+01	-5.875105164066e-01
24    	95    	1  	0  	-8 	9.719560e+05	1.441200e+04	1.016780742178e-01	1.137536384806e+00	-2.514274644115e-01	1.016783059470e-01	1.137519297985e+00	-2.514044122730e-01	4.614252524312e+01	1.006670383693e+02	-2.514044122730e-01
25    	19    	1  	-3 	4  	2.760890e+06	1.448900e+04	1.093762476125e-01	-8.663240641639e-01	3.970432086736e-01	1.093866198456e-01	-8.663216071617e-01	3.994498345053e-01	7.623208996673e+01	-8.445253511969e+01	3.994498345053e-01
26    	19    	2  	-3 	-4 	1.031529e+06	1.446600e+04	1.093800318244e-01	8.204345627159e-02	1.979205388929e-01	1.093911243963e-01	8.199459805462e-02	1.976776632321e-01	1.162751010727e+02	1.300098466363e+01	1.976776632321e-01
27    	19    	3  	-2 	-4 	1.377800e+04	2.050000e+02	1.093795325348e-01	4.665331185263e-01	6.731505028426e-01	1.093817372844e-01	4.664802454495e-01	6.731505028426e-01	1.042144758278e+02	5.540772996600e+01	6.731505028426e-01
28    	19    	-1 	-2 	4  	3.160150e+06	1.446800e+04	1.093788844544e-01	-1.126896052054e+00	-6.941289553945e-01	1.093887597192e-01	-1.126930152315e+00	-6.920207681510e-01	5.121304453699e+01	-1.007972182504e+02	-6.920207681510e-01
29    	6     	3  	-3 	0  	2.549300e+04	7.390000e+02	1.118266753261e-01	-8.372743865334e-02	7.230453207267e-01	1.118446261651e-01	-8.375235432358e-02	7.230453207267e-01	1.188885269504e+02	-6.311240202914e+00	7.230453207267e-01
30    	6     	0  	-3 	0  	4.043348e+06	1.449800e+04	1.118294260499e-01	-6.205839253875e-01	-2.696179762196e-01	1.118381683667e-01	-6.206454843790e-01	-2.696225172246e-01	9.749567423516e+01	-6.509797119148e+01	-2.696225172246e-01
31    	32    	2  	-3 	5  	1.764000e+03	3.200000e+01	1.149905762178e-01	-6.992749214451e-01	8.380663245058e-01	1.149591325876e-01	-6.994876458154e-01	8.380663245058e-01	9.429945179867e+01	-7.460023010705e+01	8.380663245058e-01
32    	32    	1  	-3 	-5 	4.581700e+04	7.970000e+02	1.149970829148e-01	-3.261409257788e-03	-1.411925342053e-01	1.150087700965e-01	-3.330163671367e-03	-1.411925342053e-01	1.226898808190e+02	3.163070028775e+00	-1.411925342053e-01
33    	32    	-1 	-2 	-5 	3.920000e+04	9.450000e+02	1.149976087672e-01	-1.379789470954e-01	-6.964436402510e-01	1.150047454485e-01	-1.379328954174e-01	-6.965220019725e-01	1.216420455145e+02	-1.311765659862e+01	-6.965220019725e-01
34    	32    	3  	-1 	-5 	9.408000e+03	1.090000e+02	1.149957684274e-01	7.706999370954e-01	8.623352265727e-01	1.150020474115e-01	7.706821276132e-01	8.623352265727e-01	8.816306023329e+01	8.802159233691e+01	8.623352265727e-01
35    	102   	0  	-2 	8  	1.192600e+04	1.820000e+02	1.204600997199e-01	-1.335545385237e+00	8.331178927074e-01	1.204785869509e-01	-1.335507144241e+00	8.358296947399e-01	3.123918721748e+01	-1.203563115506e+02	8.358296947399e-01
36    	102   	2  	-2 	-8 	1.675230e+05	2.421000e+03	1.204646830147e-01	5.952180665825e-01	7.247137652289e-02	1.204703009349e-01	5.952584621758e-01	7.249137993832e-02	1.064539371620e+02	7.482943642650e+01	7.249137993832e-02
37    	184   	1  	-1 	-10	2.734003e+06	1.445300e+04	1.240124954098e-01	8.018541321539e-01	-3.357242200944e-01	1.240150653566e-01	8.018929574980e-01	-3.359544146619e-01	9.220758695582e+01	9.759768268428e+01	-3.359544146619e-01
38    	184   	-1 	0  	-10	1.900831e+06	1.446500e+04	1.240107537693e-01	6.361354993165e-01	-9.952755900829e-01	1.240124548840e-01	6.362045740867e-01	-9.948585790705e-01	1.066033310866e+02	8.132081429620e+01	-9.948585790705e-01
39    	137   	1  	-2 	-9 	4.448320e+05	5.899000e+03	1.245044477018e-01	4.864980452839e-01	-2.756068225863e-01	1.245092855521e-01	4.865148804151e-01	-2.755095671082e-01	1.174334317850e+02	6.501819268277e+01	-2.755095671082e-01
40    	137   	1  	1  	-9 	1.773912e+06	1.441200e+04	1.245009562135e-01	1.430528293866e+00	-6.445533576996e-01	1.245062234534e-01	1.430483253971e+00	-6.444183413234e-01	1.950936780899e+01	1.335250348586e+02	-6.444183413234e-01
41    	137   	-1 	-1 	-9 	3.669100e+05	5.716000e+03	1.245035179225e-01	3.506003232257e-01	-8.276872461454e-01	1.245045625228e-01	3.506149438247e-01	-8.277513563495e-01	1.247946476154e+02	4.872198070404e+01	-8.277513563495e-01
42    	137   	2  	-1 	-9 	7.555350e+05	1.087800e+04	1.245032450821e-01	9.122564668356e-01	1.064194014213e-01	1.245030418692e-01	9.123161055488e-01	1.064716895716e-01	8.153571145164e+01	1.074518536825e+02	1.064716895716e-01
43    	3     	2  	-4 	0  	5.594440e+05	7.025000e+03	1.291497466967e-01	-3.943680143289e-01	2.729058434679e-01	1.291588500729e-01	-3.944009073653e-01	2.729434989331e-01	1.273967892067e+02	-4.884812529771e+01	2.729434989331e-01
44    	3     	-2 	-2 	0  	1.004593e+06	1.451300e+04	1.291532262652e-01	-6.731828784291e-01	-9.402076997860e-01	1.291487181506e-01	-6.732303527680e-01	-9.401561873702e-01	1.083134886271e+02	-8.152781329117e+01	-9.401561873702e-01
45    	12    	2  	-4 	3  	2.899500e+05	3.036000e+03	1.339408759907e-01	-6.153321787805e-01	4.364878975472e-01	1.339424132969e-01	-6.152998409321e-01	4.351511059615e-01	1.170898036037e+02	-7.815357906255e+01	4.351511059615e-01
46    	12    	2  	-4 	-3 	1.772110e+05	2.559000e+03	1.339447354891e-01	-1.646169313717e-01	1.296654778818e-01	1.339449955772e-01	-1.645966928775e-01	1.296875393651e-01	1.410128660007e+02	-1.958355523219e+01	1.296875393651e-01
47    	12    	-2 	-2 	-3 	2.507490e+05	4.627000e+03	1.339469555364e-01	-4.056549539312e-01	-9.001089622079e-01	1.339524172629e-01	-4.057176567506e-01	-9.000705752519e-01	1.316432109201e+02	-5.227920964646e+01	-9.000705752519e-01
48    	12    	4  	-2 	-3 	2.149340e+05	4.039000e+03	1.339442323975e-01	4.528005559780e-01	9.410830173378e-01	1.339509956434e-01	4.527691579556e-01	9.411203910333e-01	1.284567137371e+02	6.550862442129e+01	9.411203910333e-01
49    	12    	-2 	-2 	3  	5.020820e+05	7.052000e+03	1.339453674933e-01	-9.406854398223e-01	-1.018345201502e+00	1.339488741660e-01	-9.407326161201e-01	-1.018233529101e+00	8.514550373480e+01	-1.109042543873e+02	-1.018233529101e+00
50    	10    	1  	-4 	2  	2.922300e+05	3.395000e+03	1.365000689977e-01	-6.879661726984e-01	7.703512461606e-02	1.365111453852e-01	-6.879438746444e-01	7.711025804517e-02	1.130237458828e+02	-8.808080330777e+01	7.711025804517e-02
51    	10    	3  	-4 	-2 	1.305700e+05	2.524000e+03	1.365005888897e-01	-9.245751070710e-02	4.119438803610e-01	1.365065994670e-01	-9.241622209910e-02	4.118315307220e-01	1.450130875163e+02	-9.697175062262e+00	4.118315307220e-01
52    	10    	4  	-3 	-2 	9.180000e+02	5.100000e+01	1.365004956950e-01	2.041731738502e-01	7.874384858381e-01	1.364859512846e-01	2.043969340107e-01	7.874384858381e-01	1.425005248803e+02	3.289712921102e+01	7.874384858381e-01
53    	10    	-1 	-3 	2  	3.811430e+05	3.234000e+03	1.365023615994e-01	-8.453212706190e-01	-5.698739203283e-01	1.365112731149e-01	-8.453292508816e-01	-5.698474067721e-01	9.740031832819e+01	-1.044582962247e+02	-5.698474067721e-01
54    	106   	1  	-3 	-8 	1.055620e+05	2.427000e+03	1.367036446453e-01	2.011498169154e-01	-2.482117597502e-01	1.367082149702e-01	2.011638832690e-01	-2.522870660221e-01	1.428810827211e+02	3.248515080945e+01	-2.522870660221e-01
55    	106   	2  	1  	-8 	4.676990e+05	9.435000e+03	1.367004897808e-01	1.328124905448e+00	1.005504845262e+00	1.366986825476e-01	1.328094563922e+00	1.005990819928e+00	3.571636721101e+01	1.436720690652e+02	1.005990819928e+00
56    	106   	-1 	-2 	-8 	9.488300e+04	1.983000e+03	1.367035309493e-01	8.684333916880e-02	-7.152220042467e-01	1.367045036817e-01	8.682862176713e-02	-7.195267407630e-01	1.453453189767e+02	1.614939496726e+01	-7.195267407630e-01
57    	106   	3  	-1 	-8 	1.088030e+05	1.252000e+03	1.367017597624e-01	9.093462009164e-01	5.641571790564e-01	1.367033817603e-01	9.092842405790e-01	5.641571790564e-01	8.981476075910e+01	1.175215241982e+02	5.641571790564e-01
58    	191   	0  	-2 	-10	6.937540e+05	1.031300e+04	1.398425335301e-01	3.572282806186e-01	-5.443874042284e-01	1.398453395002e-01	3.571978617492e-01	-5.445420741005e-01	1.398050360498e+02	5.530276497746e+01	-5.445420741005e-01
59    	191   	2  	0  	-10	1.366348e+06	1.443700e+04	1.398400906001e-01	1.183269505358e+00	1.417391697742e-01	1.398438448456e-01	1.183289225183e+00	1.420370967065e-01	5.689414222262e+01	1.403356285919e+02	1.420370967065e-01
60    	302   	0  	0  	-12	1.055729e+06	1.440000e+04	1.419575659211e-01	8.952556679016e-01	-8.018554649621e-01	1.419650932596e-01	8.952534734025e-01	-8.018398050424e-01	9.505404046881e+01	1.206627229536e+02	-8.018398050424e-01
61    	24    	3  	-4 	4  	1.411000e+04	2.420000e+02	1.425247715304e-01	-4.972977110808e-01	7.330363497584e-01	1.425312148889e-01	-4.972306274358e-01	7.334881438826e-01	1.339666011201e+02	-6.831817814932e+01	7.334881438826e-01
62    	24    	1  	-4 	-4 	3.658700e+05	6.068000e+03	1.425315303941e-01	-2.214779962275e-01	-1.518842644237e-01	1.425377980424e-01	-2.214715173807e-01	-1.548364811971e-01	1.484952132651e+02	-2.948698004389e+01	-1.548364811971e-01
63    	24    	-1 	-3 	-4 	4.157740e+05	7.551000e+03	1.425326589162e-01	-3.343313894178e-01	-6.153844178107e-01	1.425362565216e-01	-3.343847462450e-01	-6.152579595817e-01	1.439216977474e+02	-4.585574639176e+01	-6.152579595817e-01
64    	54    	2  	-4 	6  	6.200200e+04	6.390000e+02	1.473916144956e-01	-7.934899138177e-01	6.159916835509e-01	1.473968591763e-01	-7.935913641237e-01	6.159916835509e-01	1.109496325337e+02	-1.076622115221e+02	6.159916835509e-01
65    	54    	2  	-4 	-6 	7.021830e+05	1.324300e+04	1.473986334341e-01	3.893507218793e-02	6.263225465272e-03	1.474142102449e-01	3.894191484566e-02	6.163261810225e-03	1.571833132461e+02	9.719312016892e+00	6.163261810225e-03
66    	54    	-2 	-2 	-6 	7.172560e+05	9.122000e+03	1.473996194506e-01	-1.717397238828e-01	-8.808411490732e-01	1.473988150389e-01	-1.717648059914e-01	-8.849774292145e-01	1.551771095236e+02	-2.301437812633e+01	-8.849774292145e-01
67    	54    	4  	-2 	-6 	5.813500e+04	1.059000e+03	1.473974539595e-01	6.257980204097e-01	7.387960977738e-01	1.473910195558e-01	6.256897226497e-01	7.387960977738e-01	1.275070486318e+02	9.492050775006e+01	7.387960977738e-01
68    	16    	4  	-4 	2  	6.001000e+03	1.310000e+02	1.510301855251e-01	-2.064411553795e-01	8.022334018738e-01	1.509858433719e-01	-2.060288399098e-01	8.022334018738e-01	1.578265700254e+02	-2.904962075960e+01	8.022334018738e-01
69    	16    	0  	-4 	-2 	2.478320e+05	3.744000e+03	1.510360962472e-01	-4.698588418992e-01	-3.372784052827e-01	1.510394135476e-01	-4.698439285410e-01	-3.372443553338e-01	1.440957758140e+02	-6.876713338158e+01	-3.372443553338e-01
70    	195   	1  	-3 	10 	8.963680e+05	9.636000e+03	1.540550593982e-01	-1.123755521752e+00	9.590906123069e-01	1.540577713085e-01	-1.123772844663e+00	9.623683131801e-01	7.218036545652e+01	-1.436999368553e+02	9.623683131801e-01
71    	195   	2  	-3 	-10	6.263760e+05	7.005000e+03	1.540627895704e-01	4.312911281887e-01	-9.230861116772e-02	1.540671523309e-01	4.313026242337e-01	-9.214756465980e-02	1.493766739122e+02	7.182331151608e+01	-9.214756465980e-02
72    	195   	-2 	-1 	-10	5.631840e+05	7.825000e+03	1.540614419990e-01	2.189774664942e-01	-9.768033416127e-01	1.540590710017e-01	2.190274498633e-01	-9.806199400074e-01	1.606005807315e+02	3.909566181592e+01	-9.806199400074e-01
73    	195   	3  	-2 	-10	1.240190e+06	1.427400e+04	1.540617433791e-01	7.473767437613e-01	2.295255934963e-01	1.540629957208e-01	7.473739251760e-01	2.296608146811e-01	1.207157131381e+02	1.144445060668e+02	2.296608146811e-01
74    	34    	0  	-4 	4  	4.422820e+05	5.361000e+03	1.565058046037e-01	-9.127619035722e-01	-1.831466469616e-01	1.565105917445e-01	-9.127509694235e-01	-1.832724712619e-01	1.030503488520e+02	-1.276470691871e+02	-1.832724712619e-01
75    	34    	4  	-4 	-4 	1.518600e+04	2.830000e+02	1.565067123616e-01	1.569264409322e-01	5.073628544333e-01	1.564942769194e-01	1.569081670384e-01	5.073628544333e-01	1.649573374110e+02	2.956578891273e+01	5.073628544333e-01
76    	115   	1  	-4 	8  	2.415460e+05	1.654000e+03	1.644561110781e-01	-1.044971418275e+00	4.176193771813e-01	1.644645573819e-01	-1.044846464536e+00	4.194985003652e-01	8.920251502971e+01	-1.473302714595e+02	4.194985003652e-01
77    	115   	3  	-4 	-8 	1.383120e+05	2.877000e+03	1.644628394346e-01	2.634761036064e-01	1.338548277481e-01	1.644637177019e-01	2.635295283832e-01	1.338729987971e-01	1.695380330190e+02	4.908778692494e+01	1.338729987971e-01
78    	115   	4  	-3 	-8 	1.833020e+05	2.290000e+03	1.644621143030e-01	5.301902419494e-01	4.424641978880e-01	1.644657329457e-01	5.302198541412e-01	4.424641978880e-01	1.515063466923e+02	9.180200530679e+01	4.424641978880e-01
79    	115   	-1 	-3 	8  	4.944170e+05	6.255000e+03	1.644589430190e-01	-1.283478613458e+00	-5.463922145728e-01	1.644638021236e-01	-1.283464960064e+00	-5.425939241245e-01	5.121269816947e+01	-1.638474897917e+02	-5.425939241245e-01
80    	155   	2  	-4 	9  	6.746000e+03	1.180000e+02	1.674420275615e-01	-9.168637899571e-01	8.003997645359e-01	1.674251622116e-01	-9.169381397932e-01	8.003997645359e-01	1.096384151406e+02	-1.374202149330e+02	8.003997645359e-01
81    	155   	2  	-4 	-9 	8.685500e+04	1.171000e+03	1.674513049773e-01	2.012677827773e-01	-1.000324483731e-01	1.674492003038e-01	2.012551748935e-01	-1.041857311599e-01	1.752415977964e+02	3.918208365460e+01	-1.041857311599e-01
82    	155   	-2 	-2 	-9 	8.343100e+04	1.407000e+03	1.674512638590e-01	1.502115737775e-02	-8.741879089976e-01	1.674377606399e-01	1.506113205320e-02	-8.741879089976e-01	1.789689453478e+02	6.371011908245e+00	-8.741879089976e-01
83    	155   	4  	-2 	-9 	1.966340e+05	2.281000e+03	1.674496294302e-01	7.501631786359e-01	5.331086920018e-01	1.674529253390e-01	7.501606809624e-01	5.331086920018e-01	1.309340723605e+02	1.246492183422e+02	5.331086920018e-01
84    	29    	2  	-5 	4  	8.518920e+05	6.713000e+03	1.693396361540e-01	-6.948992117240e-01	3.080821001906e-01	1.693425282772e-01	-6.948789636477e-01	3.082382009628e-01	1.395576091182e+02	-1.114105170302e+02	3.082382009628e-01
85    	29    	3  	-5 	-4 	3.956800e+05	6.594000e+03	1.693437212496e-01	-9.384210585875e-02	1.995773762133e-01	1.693405177308e-01	-9.383706426758e-02	1.996030480093e-01	1.801827049002e+02	-1.312969506777e+01	1.996030480093e-01
86    	29    	-3 	-2 	-4 	5.331620e+05	7.008000e+03	1.693465747472e-01	-3.768193914012e-01	-1.034805899745e+00	1.693492149384e-01	-3.768043032519e-01	-1.034731492091e+00	1.686413088712e+02	-6.241660620056e+01	-1.034731492091e+00
87    	29    	5  	-3 	-4 	5.722200e+04	1.035000e+03	1.693431897286e-01	3.928280894961e-01	8.210345443824e-01	1.693423444146e-01	3.928091923213e-01	8.210345443824e-01	1.670798408463e+02	7.242573343536e+01	8.210345443824e-01
88    	29    	-2 	-3 	4  	1.114179e+06	1.018300e+04	1.693443814620e-01	-9.669081259123e-01	-8.657629098125e-01	1.693440317132e-01	-9.669592712955e-01	-8.654744010735e-01	1.037912992379e+02	-1.443502174178e+02	-8.654744010735e-01
89    	491   	0  	-1 	-14	6.122410e+05	4.528000e+03	1.698261351142e-01	6.869052979400e-01	-6.899425661805e-01	1.698277187761e-01	6.869043170481e-01	-6.868979730691e-01	1.404353421860e+02	1.178316970337e+02	-6.868979730691e-01
90    	491   	1  	0  	-14	7.877110e+05	1.320800e+04	1.698246903196e-01	1.058736990270e+00	-5.869872146595e-01	1.698244558837e-01	1.058705602970e+00	-5.867785347347e-01	8.932163527531e+01	1.605264127741e+02	-5.867785347347e-01
91    	13    	4  	-5 	0  	1.834100e+04	3.740000e+02	1.709372379770e-01	-2.016570693652e-01	5.408120642793e-01	1.709447234991e-01	-2.017811161706e-01	5.408120642793e-01	1.790638287816e+02	-3.264942391744e+01	5.408120642793e-01
92    	13    	1  	-5 	0  	3.624600e+05	4.156000e+03	1.709402455592e-01	-5.549670616415e-01	-8.756460819552e-02	1.709435812593e-01	-5.549753685515e-01	-8.626727615779e-02	1.556988514548e+02	-9.191403848951e+01	-8.626727615779e-02
93    	13    	-1 	-4 	0  	4.841660e+05	5.612000e+03	1.709422213836e-01	-6.655410419578e-01	-5.406128338957e-01	1.709394292284e-01	-6.655361596304e-01	-5.406703757681e-01	1.443051533647e+02	-1.083600323416e+02	-5.406703757681e-01
94    	13    	5  	-4 	0  	1.611500e+04	3.150000e+02	1.709374092820e-01	3.576774893497e-02	8.417742265902e-01	1.709399302150e-01	3.563022742777e-02	8.417742265902e-01	1.825250461305e+02	1.016590215506e+01	8.417742265902e-01
95    	22    	1  	-5 	3  	1.481370e+05	1.305000e+03	1.745955440290e-01	-7.407920570855e-01	6.447815044920e-03	1.746005369316e-01	-7.407761763445e-01	6.447815044920e-03	1.383816694327e+02	-1.214623396474e+02	6.447815044920e-03
96    	22    	4  	-5 	-3 	2.732600e+04	5.900000e+02	1.745963076418e-01	-3.725965767565e-02	4.165940917967e-01	1.745914450688e-01	-3.708530049150e-02	4.165940917967e-01	1.864983252695e+02	-3.155825458884e+00	4.165940917967e-01
-999  	22    	5  	-4 	-3 	    nan     	    nan     	1.745961701766e-01	1.951402520761e-01	7.078054227569e-01	       nan        	       nan        	       nan        	       nan        	       nan        	       nan        
98    	22    	-1 	-4 	3  	1.687410e+05	1.446000e+03	1.745979154393e-01	-8.688104091575e-01	-5.168988040217e-01	1.745997572607e-01	-8.688308015837e-01	-5.168104727221e-01	1.213932615438e+02	-1.379439685672e+02	-5.168104727221e-01
99    	23    	4  	-5 	3  	6.460000e+02	3.400000e+01	1.745924674594e-01	-3.629395423516e-01	6.673158245242e-01	1.746023095416e-01	-3.628804898581e-01	6.673158245242e-01	1.747055046636e+02	-6.209705669531e+01	6.673158245242e-01
100   	23    	1  	-5 	-3 	7.339200e+04	1.040000e+03	1.745991214875e-01	-3.651602059033e-01	-1.688454116404e-01	1.746011536237e-01	-3.651840275902e-01	-1.688454116404e-01	1.745951808704e+02	-6.248958660702e+01	-1.688454116404e-01
101   	23    	-1 	-4 	-3 	8.807100e+04	1.359000e+03	1.746006197806e-01	-4.620592160100e-01	-5.657486281253e-01	1.746026864095e-01	-4.620792113959e-01	-5.657486281253e-01	1.674692759961e+02	-7.894024978385e+01	-5.657486281253e-01
102   	23    	5  	-4 	3  	5.634700e+04	1.121000e+03	1.745929404351e-01	-1.241823661782e-01	9.683668323278e-01	1.745831427625e-01	-1.242795116337e-01	9.683668323278e-01	1.852328229608e+02	-1.925911323947e+01	9.683668323278e-01
103   	127   	0  	-4 	-8 	1.479260e+05	2.669000e+03	1.767294642629e-01	-7.355692148634e-02	-4.482902645196e-01	1.767291168233e-01	-7.363180188966e-02	-4.518822204580e-01	1.885225170074e+02	-1.008209750455e+01	-4.518822204580e-01
104   	211   	1  	-4 	-10	4.442900e+05	6.884000e+03	1.791737651063e-01	1.350797761650e-01	-3.136090504988e-01	1.791643567921e-01	1.350570101870e-01	-3.176261578006e-01	1.898295877972e+02	2.933823456654e+01	-3.176261578006e-01
105   	211   	3  	1  	-10	1.370685e+06	1.446600e+04	1.791699922469e-01	1.251559332343e+00	9.800183785058e-01	1.791675994281e-01	1.251496983102e+00	9.833672839601e-01	6.062949646878e+01	1.841301118172e+02	9.833672839601e-01
106   	211   	-1 	-3 	-10	4.254760e+05	7.574000e+03	1.791738135928e-01	4.823211104953e-02	-6.665648378713e-01	1.791605120066e-01	4.822346233281e-02	-6.703734698207e-01	1.914220031615e+02	1.289646618407e+01	-6.703734698207e-01
107   	211   	4  	-1 	-10	3.148400e+04	4.030000e+02	1.791710626153e-01	9.451980456026e-01	6.426641415758e-01	1.791606072612e-01	9.451535688062e-01	6.426641415758e-01	1.123713213501e+02	1.577751698625e+02	6.426641415758e-01
108   	338   	0  	-3 	12 	8.112000e+03	1.540000e+02	1.808271872048e-01	-1.345132377649e+00	7.011622949868e-01	1.808490414724e-01	-1.345137541345e+00	7.042701945239e-01	4.473024320081e+01	-1.839295338937e+02	7.042701945239e-01
109   	338   	3  	-3 	-12	2.650360e+05	3.129000e+03	1.808340778263e-01	5.967969374324e-01	3.599934457219e-02	1.808280868203e-01	5.968100292376e-01	3.601396383501e-02	1.599366018618e+02	1.115855589380e+02	3.601396383501e-02
110   	341   	0  	-3 	-12	1.653100e+05	3.421000e+03	1.808352772279e-01	2.558414002950e-01	-5.355458824757e-01	1.808328668555e-01	2.558138622310e-01	-5.356047956523e-01	1.870943818118e+02	5.231128766452e+01	-5.356047956523e-01
111   	341   	3  	0  	-12	4.353920e+05	7.886000e+03	1.808319016841e-01	1.175453220453e+00	3.626925300629e-01	1.808322935762e-01	1.175473975451e+00	3.627052073830e-01	7.488465395318e+01	1.807481942887e+02	3.627052073830e-01
112   	504   	2  	-2 	-14	7.713610e+05	8.949000e+03	1.817337748915e-01	7.454095165653e-01	-2.272171699961e-01	1.817329558296e-01	7.454081502371e-01	-2.230106380320e-01	1.429039852971e+02	1.345413146416e+02	-2.230106380320e-01
113   	66    	1  	-5 	6  	7.457340e+05	4.284000e+03	1.851366056028e-01	-9.055637597465e-01	1.165197157775e-01	1.851365931049e-01	-9.055490209644e-01	1.184102527516e-01	1.231450475868e+02	-1.512496250849e+02	1.184102527516e-01
114   	66    	5  	-4 	-6 	2.555100e+04	4.310000e+02	1.851404082887e-01	3.393931568742e-01	5.710021515653e-01	1.851439204414e-01	3.393797491865e-01	5.710021515653e-01	1.866828265105e+02	6.921527086492e+01	5.710021515653e-01
115   	66    	-1 	-4 	6  	7.841590e+05	8.534000e+03	1.851392553596e-01	-1.056141510383e+00	-4.956716611261e-01	1.851458897917e-01	-1.056163274860e+00	-4.954462221059e-01	9.865914965459e+01	-1.677959752619e+02	-4.954462221059e-01
116   	68    	4  	-5 	6  	2.182000e+04	2.800000e+02	1.851335784333e-01	-5.063019649917e-01	7.919837451300e-01	1.851419898557e-01	-5.063302006116e-01	7.919837451300e-01	1.736023669119e+02	-9.174530868955e+01	7.919837451300e-01
117   	68    	1  	-5 	-6 	2.813600e+05	5.284000e+03	1.851433573645e-01	-1.881471474326e-01	-2.402657259996e-01	1.851389292180e-01	-1.881647166361e-01	-2.402045160323e-01	1.947233783560e+02	-3.306900649657e+01	-2.402045160323e-01
118   	68    	-1 	-4 	-6 	3.105180e+05	5.321000e+03	1.851443592874e-01	-2.741578594016e-01	-5.917654916899e-01	1.851452434239e-01	-2.741725793966e-01	-5.917526202815e-01	1.909354137217e+02	-4.954532668585e+01	-5.917526202815e-01
119   	605   	1  	-2 	-15	1.339090e+05	1.402000e+03	1.889605987237e-01	6.472680081306e-01	-4.610544527731e-01	1.889647232098e-01	6.472605883369e-01	-4.610544527731e-01	1.613735673242e+02	1.247938927709e+02	-4.610544527731e-01
120   	605   	1  	1  	-15	2.481720e+05	3.990000e+03	1.889563539584e-01	1.248599353800e+00	-8.420851371800e-01	1.889586211800e-01	1.248587469419e+00	-8.420465977626e-01	6.464229582224e+01	1.940389971610e+02	-8.420465977626e-01
121   	605   	-1 	-1 	-15	1.153980e+05	1.640000e+03	1.889591766010e-01	5.480052903870e-01	-8.519115998859e-01	1.889552271514e-01	5.480280508573e-01	-8.518347677692e-01	1.726683408239e+02	1.083407926577e+02	-8.518347677692e-01
122   	605   	2  	-1 	-15	1.762500e+05	2.654000e+03	1.889592391298e-01	9.558157682777e-01	-2.771741932003e-01	1.889586474508e-01	9.558293751099e-01	-2.770691516114e-01	1.169030654770e+02	1.676536971819e+02	-2.770691516114e-01
123   	223   	0  	-4 	10 	1.307430e+06	1.451800e+04	1.904949395560e-01	-1.230951715480e+00	7.822407676574e-02	1.904946975838e-01	-1.230921671973e+00	8.256356469706e-02	6.933115084077e+01	-1.876258402149e+02	8.256356469706e-02
124   	223   	4  	-4 	-10	5.171460e+05	6.938000e+03	1.905011308347e-01	4.336594002560e-01	2.323894566582e-01	1.904957980505e-01	4.336391965670e-01	2.324031588559e-01	1.849450141584e+02	8.882665276010e+01	2.324031588559e-01
125   	50    	0  	-5 	-4 	3.231890e+05	4.438000e+03	1.924905865679e-01	-3.822077330819e-01	-3.826571959643e-01	1.924894362320e-01	-3.822379206150e-01	-3.826478668835e-01	1.915359131595e+02	-7.264647541736e+01	-3.826478668835e-01
126   	508   	1  	-3 	-14	3.093840e+05	3.639000e+03	1.929156782111e-01	4.444659951617e-01	-4.104798521542e-01	1.929134665634e-01	4.444701711371e-01	-4.096619476679e-01	1.864436915052e+02	9.194463544439e+01	-4.096619476679e-01
127   	508   	-1 	-2 	-14	2.916180e+05	4.911000e+03	1.929148063199e-01	3.571562121888e-01	-7.598833100217e-01	1.929187774997e-01	3.571247027793e-01	-7.597816849825e-01	1.935274530208e+02	7.546619064237e+01	-7.597816849825e-01
128   	508   	3  	-1 	-14	5.559220e+05	5.323000e+03	1.929132322308e-01	1.013836521467e+00	5.726767988724e-02	1.929120485628e-01	1.013840269910e+00	5.730135125881e-02	1.094193989574e+02	1.777510417987e+02	5.730135125881e-02
129   	15    	3  	-6 	0  	6.136120e+05	1.009200e+04	1.938935935910e-01	-3.954278006784e-01	2.378352213634e-01	1.938930742934e-01	-3.954422744249e-01	2.378757605073e-01	1.918766832112e+02	-7.574190778546e+01	2.378757605073e-01
130   	15    	-3 	-3 	0  	1.160641e+06	1.026500e+04	1.938988266383e-01	-6.752387522175e-01	-9.816452272941e-01	1.938906210986e-01	-6.752655666355e-01	-9.817451410821e-01	1.627792539010e+02	-1.252916375035e+02	-9.817451410821e-01
131   	215   	2  	-5 	10 	1.070200e+04	1.600000e+02	2.011917276225e-01	-9.547919047220e-01	5.920318636677e-01	2.011803558832e-01	-9.548054832710e-01	5.959365119219e-01	1.255232485362e+02	-1.713463785043e+02	5.959365119219e-01
132   	215   	5  	-3 	-10	2.320650e+05	2.241000e+03	2.012001109649e-01	6.423317688305e-01	5.073887750521e-01	2.011998686521e-01	6.423270606897e-01	5.073887750521e-01	1.725732560012e+02	1.320417733930e+02	5.073887750521e-01
133   	37    	4  	-6 	4  	2.622600e+04	3.170000e+02	2.030778487350e-01	-4.764510404158e-01	5.493656429796e-01	2.030840922955e-01	-4.764752458905e-01	5.502292901376e-01	1.937891341887e+02	-9.550130755376e+01	5.502292901376e-01
134   	52    	1  	-6 	4  	4.269590e+05	3.819000e+03	2.131582186567e-01	-7.752324548979e-01	-5.235654568006e-02	2.131558320921e-01	-7.751848331348e-01	-5.234313764803e-02	1.641508143105e+02	-1.554935644230e+02	-5.234313764803e-02
135   	52    	-1 	-5 	4  	4.288150e+05	4.098000e+03	2.131606384673e-01	-8.830956566411e-01	-4.925258765997e-01	2.131548047211e-01	-8.831118747064e-01	-4.925023309454e-01	1.461578408721e+02	-1.721116524206e+02	-4.925023309454e-01
136   	523   	4  	-3 	-14	2.088470e+05	2.349000e+03	2.135471407469e-01	7.091269220709e-01	1.362863929939e-01	2.135443054019e-01	7.091602754695e-01	1.363033576540e-01	1.738697352826e+02	1.520320862018e+02	1.363033576540e-01
137   	1     	0  	1  	2  	1.045723e+06	1.434800e+04	4.412847055135e-02	3.068203362217e+00	-3.375631241439e-01	4.412686682386e-02	3.067961421078e+00	-3.375435966474e-01	-4.489794738237e+01	6.594817543550e+00	-3.375435966474e-01
138   	14    	-1 	1  	4  	2.813391e+06	1.443600e+04	6.020502043977e-02	-2.547396400085e+00	1.814964020716e-01	6.020414586675e-02	-2.547464084009e+00	1.817632520679e-01	-5.108109865114e+01	-3.228798384400e+01	1.817632520679e-01
139   	0     	1  	1  	0  	2.064916e+06	1.435000e+04	6.454294268308e-02	2.469542646411e+00	-8.164530826920e-01	6.454116662563e-02	2.469553087380e+00	-8.162803556855e-01	-5.179449769153e+01	4.544397632464e+01	-8.162803556855e-01
140   	0     	-1 	2  	0  	1.126817e+06	1.434300e+04	6.454120562065e-02	2.747778915526e+00	3.777770725889e-01	6.454320604711e-02	2.747783321855e+00	3.778130690744e-01	-6.146978775748e+01	2.920458388179e+01	3.778130690744e-01
141   	8     	1  	1  	3  	1.415985e+06	1.433300e+04	7.364975369463e-02	2.970102991478e+00	-7.686720650839e-01	7.365300155362e-02	2.969879403796e+00	-7.685584356737e-01	-7.498822205638e+01	1.636142741570e+01	-7.685584356737e-01
142   	8     	-2 	1  	3  	2.661070e+05	8.830000e+02	7.364867315569e-02	-2.517392273273e+00	8.750101153391e-01	7.305949530794e-02	-2.517541713425e+00	8.758291228324e-01	-6.101920414332e+01	-4.180005944895e+01	8.758291228324e-01
143   	8     	1  	1  	-3 	3.423114e+06	1.436500e+04	7.364831261239e-02	1.971393683502e+00	-8.937922754403e-01	7.365561684265e-02	1.971401861072e+00	-8.946262440454e-01	-2.894189258853e+01	7.460521551178e+01	-8.946262440454e-01
144   	8     	-1 	2  	-3 	8.848100e+04	1.289000e+03	7.364575937382e-02	2.350026626064e+00	7.732506217966e-01	7.365092611911e-02	2.349987458679e+00	7.731204336990e-01	-5.331408159190e+01	5.832845237301e+01	7.731204336990e-01
145   	8     	-1 	2  	3  	1.253763e+06	1.433900e+04	7.364926169113e-02	-3.102838950346e+00	1.168704865428e-01	7.365523377462e-02	-3.102864987326e+00	1.169755984727e-01	-7.614966984015e+01	1.081413968938e-01	1.169755984727e-01
146   	4     	-2 	2  	2  	4.182000e+03	1.090000e+02	7.819343436427e-02	-2.985139313505e+00	6.261650346686e-01	7.820250608746e-02	-2.984958743015e+00	6.261650346686e-01	-8.001898498356e+01	-9.745379367832e+00	6.261650346686e-01
147   	4     	0  	2  	-2 	1.042470e+05	1.381000e+03	7.819298152825e-02	2.231621502952e+00	8.027789567781e-03	7.819215784446e-02	2.231634238076e+00	8.207559468529e-03	-4.934238035263e+01	6.816773725792e+01	8.207559468529e-03
148   	17    	0  	2  	4  	1.444371e+06	1.434100e+04	8.827844250938e-02	3.068129180742e+00	-3.154284917434e-01	8.827663226536e-02	3.068090472327e+00	-3.153471505654e-01	-9.140219122490e+01	9.905933434730e+00	-3.153471505654e-01
149   	45    	1  	1  	6  	1.653356e+06	1.443900e+04	9.592259051575e-02	-2.983897282999e+00	-7.299440855615e-01	9.591894007002e-02	-2.983954817670e+00	-7.298711838766e-01	-9.839460544787e+01	-1.281426086234e+01	-7.298711838766e-01
150   	45    	-2 	1  	6  	3.108313e+06	1.444300e+04	9.592199855299e-02	-2.312714431530e+00	5.504326291109e-01	9.591413740940e-02	-2.312709222472e+00	5.501358196586e-01	-6.685072736124e+01	-7.140708023343e+01	5.501358196586e-01
151   	45    	-1 	2  	6  	1.877948e+06	1.443800e+04	9.592300429119e-02	-2.818061864249e+00	-4.052934008356e-02	9.592043973393e-02	-2.818156392327e+00	-4.034838727300e-02	-9.446114557918e+01	-2.907026536336e+01	-4.034838727300e-02
152   	2     	2  	1  	1  	1.036280e+05	1.432000e+03	9.932088488944e-02	2.619151274007e+00	-1.002484694263e+00	9.932278576764e-02	2.619238352296e+00	-1.002586926754e+00	-8.940654011047e+01	5.532799956470e+01	-1.002586926754e+00
153   	2     	-3 	2  	1  	6.579000e+03	2.110000e+02	9.931836673557e-02	-2.923123539567e+00	1.014667472708e+00	9.931961987194e-02	-2.923074007519e+00	1.014667472708e+00	-1.008993953977e+02	-1.965281179157e+01	1.014667472708e+00
154   	2     	1  	2  	-1 	1.846720e+05	2.624000e+03	9.932025223302e-02	2.343602747440e+00	-5.350933947220e-01	9.933006379231e-02	2.343638661121e+00	-5.350722245526e-01	-7.188260118297e+01	7.809421568151e+01	-5.350722245526e-01
155   	2     	-1 	3  	-1 	1.032940e+05	1.262000e+03	9.931811414819e-02	2.546509629056e+00	2.892548567628e-01	9.931463562888e-02	2.546500776647e+00	2.892210633333e-01	-8.553755026999e+01	6.179267651595e+01	2.892210633333e-01
156   	2     	-2 	3  	1  	6.040000e+04	9.400000e+02	9.931838170363e-02	2.952236492834e+00	4.891026569826e-01	9.931994133691e-02	2.952320253734e+00	4.849272312609e-01	-1.016058701213e+02	2.275748378341e+01	4.849272312609e-01
157   	5     	1  	2  	2  	1.098630e+05	2.522000e+03	1.014128812933e-01	2.698634456354e+00	-5.700745650272e-01	1.014050074941e-01	2.698561611466e+00	-5.700745650272e-01	-9.530761581268e+01	4.890749301676e+01	-5.700745650272e-01
158   	5     	-2 	3  	-2 	6.000000e+02	3.000000e+01	1.014079799339e-01	2.666980354484e+00	7.205204562572e-01	1.013581133838e-01	2.667146576318e+00	7.205204562572e-01	-9.390482783769e+01	5.190579728644e+01	7.205204562572e-01
159   	5     	-1 	3  	2  	9.081300e+04	1.591000e+03	1.014115362397e-01	2.861520787525e+00	9.943290440496e-02	1.014072184654e-01	2.861516552152e+00	9.945755269062e-02	-1.015172394792e+02	3.261529630040e+01	9.945755269062e-02
160   	95    	0  	1  	8  	6.271050e+05	6.018000e+03	1.016794352206e-01	-2.604190344431e+00	-4.659857551572e-01	1.016791023492e-01	-2.604188798832e+00	-4.662959167014e-01	-9.059507676879e+01	-5.181462892228e+01	-4.662959167014e-01
161   	95    	-1 	0  	8  	9.593770e+05	1.445200e+04	1.016780742178e-01	-2.004279703582e+00	-1.026500783953e-02	1.016824708032e-01	-2.004251140558e+00	-1.007016355390e-02	-4.347280939431e+01	-9.412310956794e+01	-1.007016355390e-02
162   	19    	2  	1  	4  	1.077108e+06	1.434100e+04	1.093809162078e-01	2.939783934208e+00	-9.285208533590e-01	1.093872964723e-01	2.939729483498e+00	-9.322134466266e-01	-1.116771060165e+02	2.617186577708e+01	-9.322134466266e-01
163   	19    	-3 	2  	4  	3.034800e+04	6.980000e+02	1.093795325348e-01	-2.675172558919e+00	7.955833795227e-01	1.093919548070e-01	-2.675147229285e+00	7.955833795227e-01	-1.016992142207e+02	-4.886687699073e+01	7.955833795227e-01
164   	19    	1  	2  	-4 	2.227194e+06	1.437500e+04	1.093788844544e-01	2.014461489073e+00	-4.404937261394e-01	1.093792866135e-01	2.014387336503e+00	-4.408314810158e-01	-4.837301733493e+01	1.073990817381e+02	-4.408314810158e-01
165   	19    	-1 	3  	-4 	1.228597e+06	1.435700e+04	1.093762476125e-01	2.275112706979e+00	5.657128008816e-01	1.093792920021e-01	2.275094854011e+00	5.658962874842e-01	-7.363099883112e+01	9.106900211619e+01	5.658962874842e-01
166   	19    	-2 	3  	4  	1.023779e+06	1.443500e+04	1.093800318244e-01	-3.059650486274e+00	3.076685828780e-01	1.093833447044e-01	-3.059731824898e+00	3.076489777812e-01	-1.137138893681e+02	-6.414504656408e+00	3.076489777812e-01
167   	6     	0  	3  	0  	3.809932e+06	1.435500e+04	1.118294260499e-01	2.520881852167e+00	-1.322243534425e-01	1.118286383970e-01	2.520855862842e+00	-1.318310529673e-01	-9.480775716021e+01	7.171205671737e+01	-1.318310529673e-01
168   	6     	-3 	3  	0  	2.361400e+04	6.210000e+02	1.118266753261e-01	3.057761640273e+00	8.352648240896e-01	1.118259245482e-01	3.057721394092e+00	8.352648240896e-01	-1.163530223426e+02	1.290741429851e+01	8.352648240896e-01
169   	32    	1  	2  	5  	4.109600e+04	1.087000e+03	1.149976087672e-01	3.003506542827e+00	-5.803441609565e-01	1.149932064615e-01	3.003516803088e+00	-5.803441609565e-01	-1.188730806781e+02	1.972194633416e+01	-5.803441609565e-01
170   	32    	-3 	1  	5  	5.872900e+04	7.420000e+02	1.149957684274e-01	-2.371040655761e+00	1.022447707216e+00	1.150036657944e-01	-2.371195768237e+00	1.022447707216e+00	-8.564216092683e+01	-8.147287988803e+01	1.022447707216e+00
171   	32    	-2 	3  	-5 	7.297500e+04	7.370000e+02	1.149905762178e-01	2.442179037753e+00	9.882120088460e-01	1.149933565470e-01	2.442166077831e+00	9.882120088460e-01	-9.177847323918e+01	8.123252549377e+01	9.882120088460e-01
172   	32    	-1 	3  	5  	3.709600e+04	6.810000e+02	1.149970829148e-01	3.138225099841e+00	-2.619477207978e-02	1.150050168599e-01	3.138222758085e+00	-2.619477207978e-02	-1.200778531596e+02	3.419151147255e+00	-2.619477207978e-02
173   	102   	2  	0  	8  	1.192980e+05	2.699000e+03	1.204625605642e-01	-2.832540108664e+00	-1.032622200323e+00	1.204742374954e-01	-2.832489796718e+00	-1.032654093714e+00	-1.196540887896e+02	-3.569831273376e+01	-1.032654093714e+00
174   	102   	-2 	2  	8  	1.616450e+05	2.885000e+03	1.204646830147e-01	-2.546508879213e+00	2.178684555205e-01	1.204685213368e-01	-2.546516028424e+00	2.180918786115e-01	-1.038885125672e+02	-6.828222192991e+01	2.180918786115e-01
175   	184   	1  	0  	10 	2.070310e+06	1.443100e+04	1.240107537693e-01	-2.505599469737e+00	-8.412251513275e-01	1.240294269620e-01	-2.505629452318e+00	-8.413006950646e-01	-1.037933827425e+02	-7.478223691288e+01	-8.413006950646e-01
176   	184   	-1 	1  	10 	2.514043e+06	1.443900e+04	1.240124954098e-01	-2.339903146334e+00	-1.576436311068e-01	1.240141507727e-01	-2.339979913811e+00	-1.570984871169e-01	-8.955882060285e+01	-9.105434447570e+01	-1.570984871169e-01
177   	184   	0  	-1 	10 	2.305411e+06	1.445300e+04	1.240092988020e-01	-1.977033938828e+00	-8.242418276199e-01	1.240189820843e-01	-1.977040602980e+00	-8.243896015063e-01	-5.004886201861e+01	-1.171750195616e+02	-8.243896015063e-01
178   	137   	1  	1  	9  	3.653390e+05	5.272000e+03	1.245035179225e-01	-2.791114713058e+00	-6.951449529962e-01	1.245035782954e-01	-2.791136024058e+00	-6.951093263785e-01	-1.220237719211e+02	-4.215899647434e+01	-6.951093263785e-01
179   	137   	-2 	1  	9  	7.260900e+05	5.666000e+03	1.245032450821e-01	-2.229523985983e+00	3.094071838090e-01	1.245002241858e-01	-2.229499984257e+00	3.114303790256e-01	-7.896399795750e+01	-1.009164837483e+02	3.114303790256e-01
180   	137   	-1 	2  	9  	4.364170e+05	4.142000e+03	1.245044477018e-01	-2.655224631393e+00	-1.348163800782e-01	1.245100153030e-01	-2.655206419928e+00	-1.363820561987e-01	-1.148065172503e+02	-5.847244439142e+01	-1.363820561987e-01
181   	137   	-1 	-1 	9  	1.727191e+06	1.446500e+04	1.245009562135e-01	-1.711884090055e+00	1.920567626185e-01	1.245103758832e-01	-1.711873430000e+00	1.912282169972e-01	-1.687448074522e+01	-1.269764854836e+02	1.912282169972e-01
182   	3     	2  	2  	0  	9.686710e+05	1.105400e+04	1.291532262652e-01	2.468257248175e+00	-7.751521774660e-01	1.291522596680e-01	2.468194068715e+00	-7.751342723058e-01	-1.054600521793e+02	8.817100514310e+01	-7.751342723058e-01
183   	3     	-2 	4  	0  	5.390880e+05	1.017800e+04	1.291497466967e-01	2.747095480360e+00	4.127635927934e-01	1.291542701064e-01	2.747137932854e+00	4.128326256470e-01	-1.248547462077e+02	5.546671282299e+01	4.128326256470e-01
184   	12    	2  	2  	3  	2.432320e+05	2.430000e+03	1.339469555364e-01	2.735803087948e+00	-7.543671801137e-01	1.339453569210e-01	2.735761805807e+00	-7.563628687356e-01	-1.288299164615e+02	5.890768473318e+01	-7.563628687356e-01
185   	12    	2  	2  	-3 	4.755930e+05	6.136000e+03	1.339453674933e-01	2.200697280421e+00	-7.916269556771e-01	1.339429258175e-01	2.200681928540e+00	-7.915152379148e-01	-8.223990713085e+01	1.175338350011e+02	-7.915152379148e-01
186   	12    	-2 	4  	-3 	5.466300e+04	6.150000e+02	1.339408759907e-01	2.526109008533e+00	6.004007352299e-01	1.339357829847e-01	2.526042882244e+00	6.004007352299e-01	-1.145285657798e+02	8.480554942322e+01	6.004007352299e-01
187   	12    	-2 	4  	3  	1.851360e+05	2.945000e+03	1.339447354891e-01	2.976850344424e+00	2.654416710069e-01	1.339421345516e-01	2.976863247109e+00	2.654777303599e-01	-1.384764275952e+02	2.619767306480e+01	2.654777303599e-01
188   	10    	-4 	3  	2  	6.089000e+03	2.050000e+02	1.365004956950e-01	-2.937548200479e+00	9.268233170038e-01	1.365062033430e-01	-2.937582679535e+00	9.268233170038e-01	-1.400594099980e+02	-2.629481756255e+01	9.268233170038e-01
189   	10    	1  	3  	-2 	3.709640e+05	4.495000e+03	1.365023615994e-01	2.296081381900e+00	-3.645228148927e-01	1.365028868486e-01	2.296076546285e+00	-3.644835058873e-01	-9.462842085821e+01	1.110964174361e+02	-3.644835058873e-01
190   	10    	-1 	4  	-2 	3.018690e+05	3.244000e+03	1.365000689977e-01	2.453463308792e+00	2.535523535069e-01	1.365042686830e-01	2.453506315769e+00	2.534294625402e-01	-1.104212509003e+02	9.472199609152e+01	2.534294625402e-01
191   	10    	-3 	4  	2  	1.015240e+05	2.565000e+03	1.365005888897e-01	3.049008552614e+00	5.490290172175e-01	1.365032942570e-01	3.048965590901e+00	5.490531280117e-01	-1.425189115398e+02	1.631587186678e+01	5.490531280117e-01
192   	106   	1  	2  	8  	9.987500e+04	1.693000e+03	1.367035309493e-01	-3.054876028077e+00	-5.780036695102e-01	1.366956981793e-01	-3.054909380383e+00	-5.780036695102e-01	-1.426206441139e+02	-9.560399304535e+00	-5.780036695102e-01
193   	106   	-3 	1  	8  	1.018300e+04	1.500000e+02	1.367017597624e-01	-2.232451932702e+00	7.861058592973e-01	1.367069462880e-01	-2.232480065810e+00	7.861058592973e-01	-8.729712491725e+01	-1.110075291762e+02	7.861058592973e-01
194   	106   	-1 	3  	8  	1.089070e+05	2.559000e+03	1.367036446453e-01	-2.940571669545e+00	-1.087059013029e-01	1.367033171166e-01	-2.940538953659e+00	-1.129345270088e-01	-1.402840887114e+02	-2.591580216156e+01	-1.129345270088e-01
195   	191   	0  	2  	10 	6.999220e+05	1.298200e+04	1.398425335301e-01	-2.784502216628e+00	-3.951592712119e-01	1.398391773866e-01	-2.784537844460e+00	-3.951428445865e-01	-1.371359863564e+02	-4.874761613454e+01	-3.951428445865e-01
196   	191   	-2 	0  	10 	1.318513e+06	1.446300e+04	1.398400906001e-01	-1.958664742971e+00	5.080810831190e-01	1.398436852458e-01	-1.958677201803e+00	5.082619118752e-01	-5.434539429389e+01	-1.338064365892e+02	5.082619118752e-01
197   	302   	0  	0  	12 	1.057650e+06	1.444700e+04	1.419575659211e-01	-2.246546618544e+00	-5.754589680121e-01	1.419590107360e-01	-2.246576555274e+00	-5.755176448380e-01	-9.228954640988e+01	-1.141359175815e+02	-5.755176448380e-01
198   	24    	1  	3  	4  	4.001300e+05	6.510000e+03	1.425326589162e-01	2.807121907234e+00	-4.645241956663e-01	1.425264944532e-01	2.807086756507e+00	-4.644968356139e-01	-1.412074925876e+02	5.248604531024e+01	-4.644968356139e-01
199   	24    	-3 	4  	-4 	1.400640e+06	4.340000e+02	1.425247715304e-01	2.644145165120e+00	8.951295557907e-01	1.436878439392e-01	2.644172213046e+00	8.953577592353e-01	-1.325448536033e+02	7.556280999941e+01	8.953577592353e-01
200   	24    	-1 	4  	4  	3.656350e+05	8.162000e+03	1.425315303941e-01	2.919979722932e+00	-5.794319349853e-03	1.425295688170e-01	2.919949717128e+00	-5.766132307494e-03	-1.459088331261e+02	3.611557618397e+01	-5.766132307494e-03
201   	54    	2  	2  	6  	7.574170e+05	1.125000e+04	1.473996194506e-01	2.969714746730e+00	-7.312470388196e-01	1.473952613813e-01	2.969668206306e+00	-7.312939432024e-01	-1.524165908699e+02	2.963954222251e+01	-7.312939432024e-01
202   	54    	-4 	2  	6  	1.143000e+05	9.300000e+02	1.473974539595e-01	-2.515962602260e+00	9.204745343828e-01	1.473975102666e-01	-2.516032661093e+00	9.235919245266e-01	-1.250358691901e+02	-8.840880264745e+01	9.235919245266e-01
203   	54    	2  	2  	-6 	1.756047e+06	1.438500e+04	1.473967314003e-01	1.966455591051e+00	-7.987416617515e-01	1.473959180734e-01	1.966397793392e+00	-7.947175828845e-01	-5.901876537063e+01	1.471318621527e+02	-7.947175828845e-01
204   	54    	-2 	4  	-6 	1.076120e+05	9.370000e+02	1.473916144956e-01	2.347908610997e+00	8.257716615108e-01	1.473907215648e-01	2.347942932311e+00	8.257716615108e-01	-1.084017325424e+02	1.143028624669e+02	8.257716615108e-01
205   	54    	-2 	4  	6  	6.793650e+05	1.293300e+04	1.473986334341e-01	-3.102793831915e+00	1.537729215194e-01	1.474003583887e-01	-3.102827666202e+00	1.498743669821e-01	-1.546510326571e+02	-3.118857661328e+00	1.498743669821e-01
206   	16    	0  	4  	2  	2.448130e+05	3.428000e+03	1.510360962472e-01	2.671577328308e+00	-1.679616787656e-01	1.510411862775e-01	2.671552347582e+00	-1.679351580138e-01	-1.414578911888e+02	7.542917704393e+01	-1.679351580138e-01
207   	16    	-4 	4  	-2 	1.323500e+04	2.310000e+02	1.510301855251e-01	2.935008954847e+00	9.565295549200e-01	1.510318421702e-01	2.935058168208e+00	9.565295549200e-01	-1.554008989495e+02	3.574609319448e+01	9.565295549200e-01
208   	195   	2  	1  	10 	5.636580e+05	1.125200e+04	1.540614419990e-01	-2.922760992333e+00	-8.189908448712e-01	1.540652437221e-01	-2.922773900847e+00	-8.191958287382e-01	-1.578560545915e+02	-3.251940359818e+01	-8.191958287382e-01
209   	195   	-3 	2  	10 	1.210797e+06	9.596000e+03	1.540617433791e-01	-2.394409935965e+00	4.391954684706e-01	1.540589880759e-01	-2.394403967257e+00	4.393289343079e-01	-1.182090341092e+02	-1.079346083400e+02	4.393289343079e-01
210   	195   	-2 	3  	10 	6.479110e+05	1.162100e+04	1.540627895704e-01	-2.710458193892e+00	7.720744769705e-02	1.540684101089e-01	-2.710435810480e+00	7.726862342537e-02	-1.468491125502e+02	-6.528922548484e+01	7.726862342537e-02
211   	34    	-4 	4  	4  	1.505500e+04	2.830000e+02	1.565067123616e-01	-2.984812603700e+00	6.658067536311e-01	1.564918080845e-01	-2.984928736784e+00	6.658067536311e-01	-1.625233141011e+02	-2.297317825191e+01	6.658067536311e-01
212   	34    	0  	4  	-4 	4.396070e+05	4.762000e+03	1.565058046037e-01	2.228594281795e+00	7.193538757639e-02	1.565037853831e-01	2.228624924524e+00	7.207835460458e-02	-1.003760768848e+02	1.343043341975e+02	7.207835460458e-02
213   	115   	3  	1  	8  	1.288420e+05	1.638000e+03	1.644625555218e-01	3.119547738300e+00	-9.409565876696e-01	1.644804401706e-01	3.119641865252e+00	-9.426818413410e-01	-1.730291358737e+02	6.719831538349e+00	-9.426818413410e-01
214   	115   	-4 	3  	8  	1.711700e+04	3.500000e+02	1.644621143030e-01	-2.611578563766e+00	6.329413724863e-01	1.644646599437e-01	-2.611614980731e+00	6.329413724863e-01	-1.490713877671e+02	-8.527466649053e+01	6.329413724863e-01
215   	115   	1  	3  	-8 	4.903290e+05	4.423000e+03	1.644589430190e-01	1.857577266434e+00	2.013894101148e-02	1.644564433111e-01	1.857607985809e+00	2.171210939339e-02	-4.839005792917e+01	1.704716939444e+02	2.171210939339e-02
216   	115   	-1 	4  	-8 	2.429700e+04	3.260000e+02	1.644561110781e-01	2.096318381709e+00	7.431888394205e-01	1.644411395871e-01	2.096263404432e+00	7.431888394205e-01	-8.654790139524e+01	1.539897679611e+02	7.431888394205e-01
217   	115   	-3 	4  	8  	1.362160e+05	2.951000e+03	1.644628394346e-01	-2.878273955621e+00	3.041646407434e-01	1.644649449231e-01	-2.878271525163e+00	3.041853977278e-01	-1.670852526055e+02	-4.252233530436e+01	3.041853977278e-01
218   	155   	2  	2  	9  	8.323200e+04	1.761000e+03	1.674512638590e-01	-3.126726264743e+00	-7.067179620265e-01	1.674330049864e-01	-3.126662517615e+00	-7.110812851565e-01	-1.762664224693e+02	2.285160909466e-01	-7.110812851565e-01
219   	155   	-4 	2  	9  	5.386000e+03	1.050000e+02	1.674496294302e-01	-2.391640982903e+00	7.615127426997e-01	1.674405809781e-01	-2.391577454178e+00	7.615127426997e-01	-1.284608957832e+02	-1.181538553938e+02	7.615127426997e-01
220   	155   	2  	2  	-9 	4.765520e+05	4.159000e+03	1.674474465057e-01	1.777453264005e+00	-7.784305630938e-01	1.674425264229e-01	1.777365704344e+00	-7.756976079681e-01	-3.539471384458e+01	1.770662681240e+02	-7.756976079681e-01
221   	155   	-2 	4  	9  	8.393300e+04	9.390000e+02	1.674513049773e-01	-2.940482807735e+00	7.084941622094e-02	1.674551007196e-01	-2.940415143359e+00	6.975584318813e-02	-1.727541506160e+02	-3.262923338218e+01	6.975584318813e-02
222   	29    	3  	2  	4  	5.601050e+05	1.004600e+04	1.693465747472e-01	2.764604935989e+00	-8.527433236481e-01	1.693535854340e-01	2.764603752568e+00	-8.527006100484e-01	-1.658591443330e+02	6.908712382897e+01	-8.527006100484e-01
223   	29    	-5 	3  	4  	1.554180e+05	3.293000e+03	1.693431897286e-01	-2.748933970268e+00	1.004258722440e+00	1.693453899876e-01	-2.748960319256e+00	1.004243505920e+00	-1.646722009046e+02	-6.589245843959e+01	1.004243505920e+00
224   	29    	2  	3  	-4 	1.059479e+06	1.015300e+04	1.693443814620e-01	2.174408854237e+00	-5.689646826297e-01	1.693400893538e-01	2.174351674727e+00	-5.684917293873e-01	-1.009337195669e+02	1.510204494695e+02	-5.684917293873e-01
225   	29    	-2 	5  	-4 	8.782090e+05	9.060000e+03	1.693396361540e-01	2.446489673735e+00	5.281966359697e-01	1.693429518282e-01	2.446495790361e+00	5.281238186064e-01	-1.370159129666e+02	1.181007665957e+02	5.281238186064e-01
226   	29    	-3 	5  	4  	3.920440e+05	7.570000e+03	1.693437212496e-01	3.047593346378e+00	3.696672223561e-01	1.693401037531e-01	3.047615738593e+00	3.696967827784e-01	-1.777353985061e+02	1.975072212079e+01	3.696967827784e-01
227   	491   	0  	1  	14 	6.181530e+05	7.181000e+03	1.698261351142e-01	-2.454890331560e+00	-4.706769493221e-01	1.698237519742e-01	-2.454897479214e+00	-4.707097084977e-01	-1.377658477982e+02	-1.113285582564e+02	-4.707097084977e-01
228   	491   	-1 	0  	14 	7.730850e+05	1.115300e+04	1.698246903196e-01	-2.083175906108e+00	-2.430809358336e-01	1.698305585569e-01	-2.083198063544e+00	-2.430025909060e-01	-8.665751914460e+01	-1.540347145804e+02	-2.430025909060e-01
229   	491   	1  	-1 	14 	7.899630e+05	8.773000e+03	1.698223754568e-01	-2.246247139732e+00	-9.069467750764e-01	1.698349305074e-01	-2.246296146901e+00	-9.069210744517e-01	-1.109502601614e+02	-1.376615361284e+02	-9.069210744517e-01
230   	13    	1  	4  	0  	4.627210e+05	3.784000e+03	1.709422213836e-01	2.475850735763e+00	-3.235979400260e-01	1.709445263574e-01	2.475836762548e+00	-3.225764199423e-01	-1.416076268114e+02	1.150540933137e+02	-3.225764199423e-01
231   	13    	-5 	4  	0  	1.413800e+04	2.820000e+02	1.709374092820e-01	-3.105982993900e+00	1.012820096490e+00	1.709487763834e-01	-3.106130419626e+00	1.008456773360e+00	-1.801320022540e+02	-3.564086390642e+00	1.008456773360e+00
232   	13    	-4 	5  	0  	1.776200e+04	4.040000e+02	1.709372379770e-01	2.939774325457e+00	7.152700236041e-01	1.709280111772e-01	2.939688599325e+00	7.152700236041e-01	-1.766221267325e+02	3.928313415090e+01	7.152700236041e-01
233   	13    	-1 	5  	0  	3.505740e+05	3.550000e+03	1.709402455592e-01	2.586439691243e+00	1.133849567818e-01	1.709384911825e-01	2.586446767905e+00	1.171872538419e-01	-1.531280494133e+02	9.859351346844e+01	1.171872538419e-01
-999  	22    	-5 	4  	3  	    nan     	    nan     	1.745961701766e-01	-2.946616908393e+00	8.857590196073e-01	       nan        	       nan        	       nan        	       nan        	       nan        	       nan        
235   	22    	1  	4  	-3 	1.689910e+05	1.864000e+03	1.745979154393e-01	2.272532277128e+00	-2.474260343093e-01	1.745998024576e-01	2.272517652882e+00	-2.474260343093e-01	-1.186589318244e+02	1.446320097586e+02	-2.474260343093e-01
236   	22    	-1 	5  	-3 	1.448840e+05	1.291000e+03	1.745955440290e-01	2.400581874032e+00	2.425716935081e-01	1.745901187516e-01	2.400612006435e+00	2.427061011110e-01	-1.357867536945e+02	1.281474487168e+02	2.427061011110e-01
237   	22    	-4 	5  	3  	1.054400e+04	2.310000e+02	1.745963076418e-01	3.104171495967e+00	5.913116465105e-01	1.745949137202e-01	3.104106488532e+00	5.913116465105e-01	-1.840939422307e+02	9.816495251660e+00	5.913116465105e-01
238   	23    	1  	4  	3  	8.422200e+04	7.320000e+02	1.746006197806e-01	2.679353131405e+00	-3.708076600542e-01	1.745984824898e-01	2.679332982525e+00	-3.722150081678e-01	-1.648062760799e+02	8.561972258196e+01	-3.722150081678e-01
239   	23    	-4 	5  	-3 	4.352000e+03	7.600000e+01	1.745924674594e-01	2.778480476227e+00	8.540121432547e-01	1.745835872718e-01	2.778338966141e+00	8.540121432547e-01	-1.722315015370e+02	6.879630986743e+01	8.540121432547e-01
240   	23    	-1 	5  	3  	7.420300e+04	1.230000e+03	1.745991214875e-01	2.776259659877e+00	1.801519123108e-02	1.745949299882e-01	2.776265729977e+00	1.770318507866e-02	-1.720497366328e+02	6.915335081610e+01	1.770318507866e-02
241   	127   	0  	4  	8  	1.467940e+05	2.971000e+03	1.767294642629e-01	3.067871918767e+00	-2.710829725054e-01	1.767270359584e-01	3.067892590545e+00	-2.710639490658e-01	-1.859591649616e+02	1.668862645629e+01	-2.710639490658e-01
242   	211   	1  	3  	10 	4.058830e+05	5.702000e+03	1.791738135928e-01	-3.093526375734e+00	-4.871841661462e-01	1.791580203619e-01	-3.093544373149e+00	-4.885496994582e-01	-1.888122423868e+02	-6.294046013804e+00	-4.885496994582e-01
243   	211   	-4 	1  	10 	2.377140e+05	3.668000e+03	1.791710626153e-01	-2.196677413694e+00	9.470246236729e-01	1.791624112810e-01	-2.196693284354e+00	9.470278358588e-01	-1.099072614290e+02	-1.513010232037e+02	9.470278358588e-01
244   	211   	-1 	4  	10 	4.185260e+05	7.022000e+03	1.791737651063e-01	-3.006680039246e+00	-1.327989985595e-01	1.791739642325e-01	-3.006685425525e+00	-1.327729349271e-01	-1.873295990351e+02	-2.276152386221e+01	-1.327729349271e-01
245   	338   	3  	0  	12 	1.826670e+05	3.406000e+03	1.808308868895e-01	-2.831841105880e+00	-1.000933550656e+00	1.808432049343e-01	-2.831831395247e+00	-1.000916758262e+00	-1.815211479407e+02	-5.574210503857e+01	-1.000916758262e+00
246   	338   	-3 	3  	12 	2.554780e+05	4.168000e+03	1.808340778263e-01	-2.544997825542e+00	2.543363283273e-01	1.808326047205e-01	-2.544993162543e+00	2.543540051505e-01	-1.574802777339e+02	-1.050914245693e+02	2.543540051505e-01
247   	341   	0  	3  	12 	1.616000e+05	2.554000e+03	1.808352772279e-01	-2.885924059580e+00	-3.486654153034e-01	1.808285291975e-01	-2.885956468208e+00	-3.525738565969e-01	-1.845264087860e+02	-4.575347400278e+01	-3.525738565969e-01
248   	341   	-3 	0  	12 	7.415000e+03	1.370000e+02	1.808319016841e-01	-1.966573306321e+00	8.248663295004e-01	1.808369539087e-01	-1.966626504972e+00	8.248663295004e-01	-7.241816228819e+01	-1.742553257525e+02	8.248663295004e-01
249   	504   	2  	0  	14 	5.082380e+05	4.558000e+03	1.817306853099e-01	-2.609183091560e+00	-8.776384458461e-01	1.817403904640e-01	-2.609206482787e+00	-8.773386937082e-01	-1.648151435467e+02	-9.517724806739e+01	-8.773386937082e-01
250   	504   	-2 	2  	14 	7.659450e+05	6.761000e+03	1.817337748915e-01	-2.396411771399e+00	1.950127755185e-02	1.817316057155e-01	-2.396410228720e+00	1.956632193950e-02	-1.403718450119e+02	-1.280589530496e+02	1.956632193950e-02
251   	504   	0  	-2 	14 	1.087960e+06	1.447700e+04	1.817278756207e-01	-1.881970508766e+00	-9.142886284070e-01	1.817456547708e-01	-1.882056129876e+00	-9.136094128887e-01	-5.728860098603e+01	-1.807584704171e+02	-9.136094128887e-01
252   	66    	4  	1  	6  	3.207180e+05	3.827000e+03	1.851423993355e-01	2.919591035328e+00	-1.032621358491e+00	1.851477641395e-01	2.919643100367e+00	-1.032642881378e+00	-1.907552661550e+02	4.620646622149e+01	-1.032642881378e+00
253   	66    	-5 	4  	6  	2.572000e+04	5.170000e+02	1.851404082887e-01	-2.802381034805e+00	7.672665179731e-01	1.851475964782e-01	-2.802390672593e+00	7.672665179731e-01	-1.843178086187e+02	-6.268190183304e+01	7.672665179731e-01
254   	66    	1  	4  	-6 	7.608120e+05	1.157900e+04	1.851392553596e-01	2.085103260830e+00	-1.227404624836e-01	1.851385648551e-01	2.085116717925e+00	-1.185073774478e-01	-9.589235025038e+01	1.744701000123e+02	-1.185073774478e-01
255   	66    	-1 	5  	-6 	7.271340e+05	8.265000e+03	1.851366056028e-01	2.235751507062e+00	4.151353660809e-01	1.851354803009e-01	2.235827588204e+00	4.152041642662e-01	-1.205474844814e+02	1.579442066735e+02	4.152041642662e-01
256   	66    	-4 	5  	6  	2.851900e+05	5.382000e+03	1.851408260222e-01	-3.026725178545e+00	4.841584658344e-01	1.851446269281e-01	-3.026752493329e+00	4.842188996728e-01	-1.943363435205e+02	-1.973184778124e+01	4.842188996728e-01
257   	68    	1  	4  	6  	3.014710e+05	4.114000e+03	1.851443592874e-01	2.867256956553e+00	-3.994768961600e-01	1.851412129782e-01	2.867229746883e+00	-3.994562280844e-01	-1.883214764368e+02	5.621523495832e+01	-3.994562280844e-01
258   	68    	-4 	5  	-6 	1.552890e+05	2.032000e+03	1.851335784333e-01	2.635094939675e+00	1.003501519513e+00	1.851417553584e-01	2.635032281654e+00	1.007616455594e+00	-1.711402008880e+02	9.845192024833e+01	1.007616455594e+00
259   	68    	-1 	5  	6  	2.995300e+05	4.846000e+03	1.851433573645e-01	2.953271237084e+00	-5.181264154994e-02	1.851433876643e-01	2.953274920512e+00	-5.552466371795e-02	-1.922239348357e+02	3.971897656756e+01	-5.552466371795e-02
260   	605   	1  	1  	15 	1.052070e+05	1.371000e+03	1.889591766010e-01	-2.593792068104e+00	-6.307933534723e-01	1.889643123068e-01	-2.593761181062e+00	-6.307933534723e-01	-1.700214939435e+02	-1.018496759448e+02	-6.307933534723e-01
261   	605   	-2 	1  	15 	1.680610e+05	2.011000e+03	1.889592391298e-01	-2.186079692807e+00	4.834657023479e-02	1.889532823049e-01	-2.186063461268e+00	4.834657023479e-02	-1.143457246498e+02	-1.611785934412e+02	4.834657023479e-02
262   	605   	-1 	2  	15 	1.269010e+05	1.361000e+03	1.889605987237e-01	-2.494543674309e+00	-2.246028927180e-01	1.889553092247e-01	-2.494548120501e+00	-2.246028927180e-01	-1.588063416205e+02	-1.183048500498e+02	-2.246028927180e-01
263   	605   	2  	-1 	15 	1.578280e+05	1.592000e+03	1.889552019261e-01	-2.430624622786e+00	-9.930681013366e-01	1.889662352580e-01	-2.430632315450e+00	-9.930681013366e-01	-1.506094375922e+02	-1.282883968476e+02	-9.930681013366e-01
264   	605   	-1 	-1 	15 	2.442380e+05	3.818000e+03	1.889563539584e-01	-1.893544673402e+00	-2.609870506142e-01	1.889545279806e-01	-1.893518244722e+00	-2.608719103921e-01	-6.195954742201e+01	-1.875329416364e+02	-2.608719103921e-01
265   	223   	-4 	4  	10 	5.240040e+05	8.295000e+03	1.905011308347e-01	-2.708127390362e+00	4.421782874899e-01	1.905048985537e-01	-2.708115393396e+00	4.422016027790e-01	-1.825618218278e+02	-8.232343150374e+01	4.422016027790e-01
266   	223   	0  	4  	-10	1.304840e+05	1.816000e+03	1.904949395560e-01	1.910112047828e+00	6.368637624736e-01	1.904952682188e-01	1.910094967270e+00	6.412205648960e-01	-6.661000460646e+01	1.942979167944e+02	6.412205648960e-01
267   	50    	0  	5  	4  	3.389430e+05	4.512000e+03	1.924905865679e-01	2.759193042727e+00	-1.752921977010e-01	1.924946054358e-01	2.759215315889e+00	-1.751738146115e-01	-1.889850464319e+02	7.933310411734e+01	-1.751738146115e-01
268   	508   	1  	2  	14 	2.772090e+05	4.202000e+03	1.929148063199e-01	-2.784626872727e+00	-5.540704610750e-01	1.929226015380e-01	-2.784642750546e+00	-5.577915843352e-01	-1.909311916120e+02	-6.894071773994e+01	-5.577915843352e-01
269   	508   	-3 	1  	14 	5.241200e+05	8.109000e+03	1.929132322308e-01	-2.128093566857e+00	4.192455797760e-01	1.929119645796e-01	-2.128022914321e+00	4.192758995937e-01	-1.069186047474e+02	-1.712913531584e+02	4.192758995937e-01
270   	508   	-1 	3  	14 	3.020820e+05	4.131000e+03	1.929156782111e-01	-2.697324271295e+00	-1.969631784659e-01	1.929197320324e-01	-2.697318086302e+00	-1.967769353649e-01	-1.839394463324e+02	-8.543712490091e+01	-1.967769353649e-01
271   	15    	3  	3  	0  	1.161980e+06	7.354000e+03	1.938988266383e-01	2.466124126226e+00	-7.337083202852e-01	1.938942386265e-01	2.466079940168e+00	-7.300344741570e-01	-1.599800708749e+02	1.320159424729e+02	-7.300344741570e-01
272   	15    	-3 	6  	0  	6.138450e+05	9.162000e+03	1.938935935910e-01	2.745970517760e+00	4.478365793079e-01	1.939024526560e-01	2.745990952695e+00	4.479239531040e-01	-1.894484760215e+02	8.243822278871e+01	4.479239531040e-01
273   	215   	-5 	3  	10 	9.575000e+03	1.040000e+02	2.012001109649e-01	-2.499493328509e+00	7.581752969482e-01	2.012044192243e-01	-2.499538733636e+00	7.595196106018e-01	-1.702123731681e+02	-1.255696135837e+02	7.595196106018e-01
274   	215   	-2 	5  	-10	8.545200e+04	1.071000e+03	2.011917276225e-01	2.186478534273e+00	9.380137814413e-01	2.012003587494e-01	2.186507552851e+00	9.423771045713e-01	-1.229605913455e+02	1.780817218675e+02	9.423771045713e-01
275   	37    	2  	4  	4  	1.924820e+05	2.736000e+03	2.030876895440e-01	2.696738157778e+00	-5.137840060701e-01	2.030905861960e-01	2.696716694805e+00	-5.137713115794e-01	-1.942995107086e+02	9.603963540952e+01	-5.137713115794e-01
276   	37    	4  	2  	-4 	4.195090e+05	4.317000e+03	2.030857792195e-01	2.271528720200e+00	-1.025972514433e+00	2.030900664016e-01	2.271584914228e+00	-1.021696736721e+00	-1.385142076495e+02	1.684519424078e+02	-1.021696736721e+00
277   	37    	-4 	6  	-4 	1.358800e+04	1.770000e+02	2.030778487350e-01	2.664930171007e+00	7.776992725058e-01	2.030715607015e-01	2.664948392469e+00	7.776992725058e-01	-1.913602874837e+02	1.022098152544e+02	7.776992725058e-01
278   	52    	1  	5  	-4 	4.347500e+05	4.425000e+03	2.131606384673e-01	2.258186143095e+00	-1.585131369052e-01	2.131609628436e-01	2.258199378013e+00	-1.547837025057e-01	-1.434574341262e+02	1.788569058727e+02	-1.547837025057e-01
279   	52    	-1 	6  	-4 	4.321380e+05	2.935000e+03	2.131582186567e-01	2.366083960591e+00	2.450406987934e-01	2.131605184677e-01	2.366154432657e+00	2.450759173372e-01	-1.615840973061e+02	1.622465754356e+02	2.450759173372e-01
280   	523   	-4 	3  	14 	1.959730e+05	1.749000e+03	2.135471407469e-01	-2.432726123270e+00	4.168530736114e-01	2.135476851242e-01	-2.432652956123e+00	4.169047282254e-01	-1.714794706157e+02	-1.455956491418e+02	4.169047282254e-01
