#
# ID	PID	H	K	L	sum(int)	max(int)	pred tth          	pred eta          	 pred ome          	meas tth          	meas eta          	 meas ome          	meas X            	meas Y            	 meas ome
#
0     	1     	0  	-1 	-2 	1.087063e+06	1.445000e+04	4.412861565509e-02	-7.334219258728e-02	-3.818260967250e-01	4.412576266388e-02	-7.328658585225e-02	-3.819069680586e-01	4.767682573012e+01	-4.194937318337e-02	-3.819069680586e-01
1     	14    	0  	-1 	4  	5.195082e+06	1.444200e+04	6.020293888672e-02	-1.330039412659e+00	9.607537536689e-01	6.020798724770e-02	-1.330016945470e+00	9.594818436352e-01	1.661199629461e+01	-5.822593865921e+01	9.594818436352e-01
2     	14    	1  	-1 	-4 	2.685686e+06	1.440900e+04	6.020495764459e-02	5.942761551717e-01	1.088183078920e-01	6.021052351339e-02	5.941807487141e-01	1.091370464334e-01	5.377345887231e+01	3.881970457101e+01	1.091370464334e-01
3     	0     	1  	-2 	0  	1.128333e+06	1.447000e+04	6.454074331601e-02	-3.937429292428e-01	3.078779552573e-01	6.454638965761e-02	-3.936773169603e-01	3.079133735926e-01	6.413995895907e+01	-2.265314536950e+01	3.079133735926e-01
4     	0     	-1 	-1 	0  	1.876385e+06	1.446000e+04	6.454302862941e-02	-6.719743607394e-01	-8.989084950146e-01	6.453703006826e-02	-6.721046311542e-01	-8.986244070155e-01	5.466953761615e+01	-3.889977292201e+01	-8.986244070155e-01
5     	8     	1  	-2 	3  	1.311020e+05	7.140000e+02	7.364549079298e-02	-7.914653962604e-01	6.684998424516e-01	7.345469669182e-02	-7.911013588819e-01	6.673894918371e-01	5.584570525825e+01	-5.160273879623e+01	6.673894918371e-01
6     	8     	1  	-2 	-3 	1.496006e+06	1.442300e+04	7.364899475997e-02	3.883154676521e-02	4.314612418582e-02	7.364253619571e-02	3.867302485502e-02	4.327690960545e-02	7.881763426332e+01	6.422128703078e+00	4.327690960545e-02
7     	8     	-1 	-1 	-3 	1.540995e+06	1.448200e+04	7.365011724025e-02	-1.714186947684e-01	-8.434234830950e-01	7.364130682787e-02	-1.715054204959e-01	-8.433717091675e-01	7.783201423494e+01	-9.802037740394e+00	-8.433717091675e-01
8     	8     	2  	-1 	-3 	1.043140e+05	8.290000e+02	7.364807099145e-02	6.243032020110e-01	7.842509489357e-01	7.334990773443e-02	6.249059344628e-01	7.851285577187e-01	6.386752712366e+01	4.855066058443e+01	7.851285577187e-01
9     	4     	0  	-2 	2  	1.150260e+05	1.473000e+03	7.819294629159e-02	-9.098497538970e-01	-1.192554139494e-01	7.820183850434e-02	-9.097927580193e-01	-1.191878166947e-01	5.208225573644e+01	-6.161874326511e+01	-1.191878166947e-01
10    	4     	2  	-2 	-2 	7.097000e+03	2.220000e+02	7.819256487767e-02	1.565397286675e-01	5.469900661614e-01	7.819883272762e-02	1.565549350258e-01	5.469900661614e-01	8.264491131614e+01	1.626849924815e+01	5.469900661614e-01
11    	17    	0  	-2 	-4 	1.642215e+06	1.449300e+04	8.827873292908e-02	-7.337550705934e-02	-4.039606920839e-01	8.828939015109e-02	-7.349340466952e-02	-4.042313926015e-01	9.415907335181e+01	-3.366208788598e+00	-4.042313926015e-01
12    	45    	1  	-2 	-6 	1.878362e+06	1.444300e+04	9.592311668128e-02	3.236333740434e-01	-1.417178842100e-01	9.593597385486e-02	3.235778542987e-01	-1.416613554534e-01	9.715861304582e+01	3.560818514520e+01	-1.416613554534e-01
13    	45    	1  	1  	-6 	9.900137e+06	1.439600e+04	9.592062488563e-02	1.477586906797e+00	9.483695571978e-01	9.591931306988e-02	1.477474106538e+00	9.488251611609e-01	1.055756460574e+01	1.039221753540e+02	9.488251611609e-01
14    	45    	-1 	-1 	-6 	1.703514e+06	1.444500e+04	9.592330247760e-02	1.577863945706e-01	-8.270823700629e-01	9.592188574553e-02	1.578737804157e-01	-8.271422829790e-01	1.012155147848e+02	1.936682113188e+01	-8.271422829790e-01
15    	45    	2  	-1 	-6 	3.842414e+06	1.442200e+04	9.592173757701e-02	8.290268361513e-01	4.085658895880e-01	9.592405582201e-02	8.289753732416e-01	4.089928234844e-01	6.949214844428e+01	7.792282203521e+01	4.089928234844e-01
16    	2     	1  	-3 	1  	1.098480e+05	1.270000e+03	9.931767009093e-02	-5.949673116671e-01	1.693592933638e-01	9.933251002904e-02	-5.949464354484e-01	1.694290045292e-01	8.821976807837e+01	-5.522933057699e+01	1.694290045292e-01
17    	2     	2  	-3 	-1 	6.324900e+04	9.730000e+02	9.931744473455e-02	-1.892543477073e-01	3.879664675854e-01	9.932468939965e-02	-1.892937825330e-01	3.879664675854e-01	1.042284498937e+02	-1.621284484377e+01	3.879664675854e-01
18    	2     	3  	-2 	-1 	2.272800e+04	4.120000e+02	9.931716430460e-02	2.185768080291e-01	9.129262506040e-01	9.932959248836e-02	2.184295694163e-01	9.119905397216e-01	1.035152635645e+02	2.616822149524e+01	9.119905397216e-01
19    	2     	-1 	-2 	1  	1.821040e+05	2.575000e+03	9.932036544764e-02	-7.978570098248e-01	-6.772222509268e-01	9.933705143292e-02	-7.978233414799e-01	-6.771701126370e-01	7.471262324239e+01	-7.153156091173e+01	-6.771701126370e-01
20    	5     	2  	-3 	2  	2.900000e+03	5.100000e+01	1.014071310468e-01	-4.745020105227e-01	6.065310597763e-01	1.014277654813e-01	-4.744131678186e-01	6.021677366463e-01	9.658981065494e+01	-4.537484456006e+01	6.021677366463e-01
21    	5     	1  	-3 	-2 	9.404100e+04	1.494000e+03	1.014111719395e-01	-2.799670785278e-01	-6.096756299455e-03	1.014233581668e-01	-2.800190791914e-01	-6.096756299455e-03	1.041985983043e+02	-2.606173832544e+01	-6.096756299455e-03
22    	5     	-1 	-2 	-2 	1.123860e+05	2.343000e+03	1.014131717698e-01	-4.428511711449e-01	-6.823019570274e-01	1.014151229751e-01	-4.428114038291e-01	-6.822809918317e-01	9.812514669003e+01	-4.233327398531e+01	-6.822809918317e-01
23    	95    	0  	-1 	-8 	6.415300e+05	8.125000e+03	1.016802358800e-01	5.375135718724e-01	-5.843399901722e-01	1.016770358059e-01	5.374849502069e-01	-5.876595110262e-01	9.336010844108e+01	5.832869655889e+01	-5.876595110262e-01
24    	95    	1  	0  	-8 	1.121520e+06	1.441200e+04	1.016785388954e-01	1.137542023239e+00	-2.514773553476e-01	1.016788822637e-01	1.137579091603e+00	-2.514554048972e-01	4.617598340951e+01	1.006356269241e+02	-2.514554048972e-01
25    	19    	1  	-3 	4  	2.600965e+06	1.448900e+04	1.093759640837e-01	-8.663199904934e-01	3.970385582203e-01	1.093838178691e-01	-8.663301369235e-01	3.992493333225e-01	7.629607070947e+01	-8.449307827409e+01	3.992493333225e-01
26    	19    	2  	-3 	-4 	1.049240e+06	1.446700e+04	1.093793022337e-01	8.205468773111e-02	1.979014053279e-01	1.093892886335e-01	8.211647198931e-02	1.976123690628e-01	1.163346382503e+02	1.297509268785e+01	1.976123690628e-01
27    	19    	3  	-2 	-4 	1.710000e+04	3.430000e+02	1.093784601985e-01	4.665507256941e-01	6.731357891794e-01	1.093868441945e-01	4.664565364915e-01	6.731357891794e-01	1.042904052063e+02	5.536797802721e+01	6.731357891794e-01
28    	19    	-1 	-2 	4  	2.989708e+06	1.446700e+04	1.093790060618e-01	-1.126896433322e+00	-6.941136248571e-01	1.093791171188e-01	-1.126951548802e+00	-6.919034719498e-01	5.121748245836e+01	-1.008360562772e+02	-6.919034719498e-01
29    	6     	3  	-3 	0  	2.327600e+04	5.690000e+02	1.118253135937e-01	-8.371780204329e-02	7.230356720706e-01	1.118240585971e-01	-8.367956016675e-02	7.230356720706e-01	1.189372234281e+02	-6.341022044171e+00	7.230356720706e-01
30    	6     	0  	-3 	0  	4.002594e+06	1.449800e+04	1.118293798511e-01	-6.205789280711e-01	-2.696261206521e-01	1.118366845245e-01	-6.206312487323e-01	-2.696966276816e-01	9.753626991166e+01	-6.513970147632e+01	-2.696966276816e-01
31    	32    	2  	-3 	5  	2.030000e+03	3.900000e+01	1.149900642913e-01	-6.992708547709e-01	8.380617868078e-01	1.150236640288e-01	-6.996482315567e-01	8.380617868078e-01	9.440853091370e+01	-7.469903020346e+01	8.380617868078e-01
32    	32    	1  	-3 	-5 	4.291400e+04	9.980000e+02	1.149970001124e-01	-3.252863556148e-03	-1.412114885743e-01	1.149975769898e-01	-3.311955788753e-03	-1.412114885743e-01	1.227270933127e+02	3.125179199517e+00	-1.412114885743e-01
33    	32    	-1 	-2 	-5 	3.965000e+04	8.680000e+02	1.149981998155e-01	-1.379751474541e-01	-6.964538973272e-01	1.150095982623e-01	-1.379623320995e-01	-6.965044084323e-01	1.216621003594e+02	-1.316314746157e+01	-6.965044084323e-01
34    	32    	3  	-1 	-5 	9.294000e+03	1.030000e+02	1.149950479053e-01	7.707197238660e-01	8.623230926273e-01	1.149895514081e-01	7.706334652149e-01	8.623230926273e-01	8.822631191023e+01	8.796743605520e+01	8.623230926273e-01
35    	102   	0  	-2 	8  	1.221700e+04	1.820000e+02	1.204605142351e-01	-1.335534834555e+00	8.331282996571e-01	1.204720377368e-01	-1.335517986308e+00	8.360387294014e-01	3.130542503334e+01	-1.203893912500e+02	8.360387294014e-01
36    	102   	2  	-2 	-8 	1.648230e+05	2.226000e+03	1.204645572531e-01	5.952309792376e-01	7.244349940046e-02	1.204638872616e-01	5.952243639839e-01	7.246298336704e-02	1.065086008952e+02	7.478494061067e+01	7.246298336704e-02
37    	184   	1  	-1 	-10	2.624053e+06	1.445300e+04	1.240131689639e-01	8.018593163532e-01	-3.357572673345e-01	1.240164901938e-01	8.018634321921e-01	-3.359973849363e-01	9.224817057600e+01	9.756152843696e+01	-3.359973849363e-01
38    	184   	-1 	0  	-10	1.858696e+06	1.446500e+04	1.240118199187e-01	6.361321621635e-01	-9.952916007695e-01	1.240112987305e-01	6.361636278150e-01	-9.948846185406e-01	1.065992521830e+02	8.128061465679e+01	-9.948846185406e-01
39    	137   	1  	-2 	-9 	4.354750e+05	6.140000e+03	1.245049421354e-01	4.865053681302e-01	-2.756328533321e-01	1.245061865349e-01	4.865067658765e-01	-2.755350110900e-01	1.174727189150e+02	6.497910425358e+01	-2.755350110900e-01
40    	137   	1  	1  	-9 	1.785788e+06	1.440600e+04	1.245014659816e-01	1.430531288344e+00	-6.446700385334e-01	1.244948998500e-01	1.430469561127e+00	-6.446655647411e-01	1.952177987841e+01	1.334811306520e+02	-6.446655647411e-01
41    	137   	-1 	-1 	-9 	3.689600e+05	5.557000e+03	1.245045636165e-01	3.506007272153e-01	-8.277021225540e-01	1.245046624819e-01	3.506564655463e-01	-8.277589228602e-01	1.247994301899e+02	4.868994755935e+01	-8.277589228602e-01
42    	137   	2  	-1 	-9 	7.532630e+05	6.382000e+03	1.245033622394e-01	9.122698357936e-01	1.063837689549e-01	1.245031248168e-01	9.122902302083e-01	1.064124421401e-01	8.159661583465e+01	1.074139715869e+02	1.064124421401e-01
43    	3     	2  	-4 	0  	5.897130e+05	1.173000e+04	1.291488206387e-01	-3.943616457687e-01	2.728931868700e-01	1.291584181032e-01	-3.943612066628e-01	2.729437224644e-01	1.274636146003e+02	-4.888466934773e+01	2.729437224644e-01
44    	3     	-2 	-2 	0  	1.010085e+06	1.196800e+04	1.291533984272e-01	-6.731833049129e-01	-9.402057103276e-01	1.291490871463e-01	-6.732237747781e-01	-9.401415014393e-01	1.083120043821e+02	-8.157313413397e+01	-9.401415014393e-01
45    	12    	2  	-4 	3  	3.049900e+05	1.997000e+03	1.339400577152e-01	-6.153277527087e-01	4.364793931429e-01	1.339467005093e-01	-6.153348034794e-01	4.348763558081e-01	1.171589519107e+02	-7.820211396626e+01	4.348763558081e-01
46    	12    	2  	-4 	-3 	1.849250e+05	3.486000e+03	1.339439190409e-01	-1.646083016058e-01	1.296490373260e-01	1.339529501260e-01	-1.646255523435e-01	1.296753222630e-01	1.410820064247e+02	-1.962995565222e+01	1.296753222630e-01
47    	12    	-2 	-2 	-3 	2.340760e+05	4.342000e+03	1.339473634334e-01	-4.056535724424e-01	-9.001120568325e-01	1.339469023886e-01	-4.056669232728e-01	-9.000827351281e-01	1.316425852652e+02	-5.231415822690e+01	-9.000827351281e-01
48    	12    	4  	-2 	-3 	2.435030e+05	4.721000e+03	1.339428432264e-01	4.528173866976e-01	9.410755308888e-01	1.339375114794e-01	4.528049349328e-01	9.411116555338e-01	1.285085607177e+02	6.546601451111e+01	9.411116555338e-01
49    	12    	-2 	-2 	3  	4.876740e+05	6.565000e+03	1.339454431530e-01	-9.406885937293e-01	-1.018336130126e+00	1.339444184735e-01	-9.407746549503e-01	-1.018218867953e+00	8.512860764108e+01	-1.109515511696e+02	-1.018218867953e+00
50    	10    	1  	-4 	2  	3.062410e+05	4.359000e+03	1.364996308609e-01	-6.879614786193e-01	7.702647976043e-02	1.365066639608e-01	-6.879232814464e-01	7.711447543590e-02	1.130802623619e+02	-8.811941294514e+01	7.711447543590e-02
51    	10    	3  	-4 	-2 	1.366200e+05	3.137000e+03	1.364991929668e-01	-9.244774328687e-02	4.119295287466e-01	1.365014124661e-01	-9.243223141101e-02	4.118668670574e-01	1.450758642279e+02	-9.739362332920e+00	4.118668670574e-01
52    	10    	4  	-3 	-2 	1.224000e+03	3.600000e+01	1.364988126603e-01	2.041871616537e-01	7.874288229767e-01	1.365219839024e-01	2.046483927689e-01	7.874288229767e-01	1.426001635368e+02	3.290042519082e+01	7.874288229767e-01
53    	10    	-1 	-3 	2  	3.851990e+05	4.135000e+03	1.365024757424e-01	-8.453187903029e-01	-5.698729130059e-01	1.365078565870e-01	-8.453333644024e-01	-5.698415926015e-01	9.741980065254e+01	-1.045030605929e+02	-5.698415926015e-01
54    	106   	1  	-3 	-8 	1.085790e+05	2.200000e+03	1.367039242870e-01	2.011579415022e-01	-2.482332409874e-01	1.367053595193e-01	2.011885645513e-01	-2.523033290639e-01	1.429218117581e+02	3.244955316550e+01	-2.523033290639e-01
55    	106   	2  	1  	-8 	4.615540e+05	5.694000e+03	1.367006669853e-01	1.328142132854e+00	1.005488756268e+00	1.366975937312e-01	1.328104540455e+00	1.005963768720e+00	3.578169685277e+01	1.436289302206e+02	1.005963768720e+00
56    	106   	-1 	-2 	-8 	1.017550e+05	2.191000e+03	1.367044589153e-01	8.684651204608e-02	-7.152353786292e-01	1.367146263748e-01	8.682038946845e-02	-7.195467732612e-01	1.453716310986e+02	1.610984179728e+01	-7.195467732612e-01
57    	106   	3  	-1 	-8 	1.102350e+05	1.954000e+03	1.367013396687e-01	9.093655295093e-01	5.641332350985e-01	1.367037009007e-01	9.093119094889e-01	5.641332350985e-01	8.988107605853e+01	1.174856650555e+02	5.641332350985e-01
58    	191   	0  	-2 	-10	6.934990e+05	1.220900e+04	1.398435012124e-01	3.572322359013e-01	-5.444080312101e-01	1.398494116519e-01	3.572251668942e-01	-5.445418190065e-01	1.398344277368e+02	5.527125025991e+01	-5.445418190065e-01
59    	191   	2  	0  	-10	1.431335e+06	1.443700e+04	1.398403979118e-01	1.183283158903e+00	1.416892580009e-01	1.398396692647e-01	1.183229683470e+00	1.419677594263e-01	5.695915288962e+01	1.402933513482e+02	1.419677594263e-01
60    	302   	0  	0  	-12	1.057534e+06	1.281000e+04	1.419587098337e-01	8.952528861432e-01	-8.018834692633e-01	1.419645044431e-01	8.952377577729e-01	-8.018718176053e-01	9.506188975535e+01	1.206283175732e+02	-8.018718176053e-01
61    	24    	3  	-4 	4  	1.578400e+04	2.440000e+02	1.425236313302e-01	-4.972929528723e-01	7.330297937520e-01	1.425514537225e-01	-4.971602618496e-01	7.336139106915e-01	1.340605415116e+02	-6.835941588245e+01	7.336139106915e-01
62    	24    	1  	-4 	-4 	3.714430e+05	4.988000e+03	1.425313111561e-01	-2.214704904343e-01	-1.519000900975e-01	1.425346622679e-01	-2.214675750148e-01	-1.546420754043e-01	1.485418659134e+02	-2.952751142992e+01	-1.546420754043e-01
63    	24    	-1 	-3 	-4 	4.017750e+05	7.508000e+03	1.425331240610e-01	-3.343268495564e-01	-6.153933868452e-01	1.425423038456e-01	-3.343349151319e-01	-6.152609911703e-01	1.439526376821e+02	-4.589412052166e+01	-6.152609911703e-01
64    	54    	2  	-4 	6  	6.612900e+04	7.650000e+02	1.473910762370e-01	-7.934859147744e-01	6.159869490530e-01	1.474068759915e-01	-7.934484488460e-01	6.159869490530e-01	1.110428842358e+02	-1.076953927557e+02	6.159869490530e-01
65    	54    	2  	-4 	-6 	7.496500e+05	1.363900e+04	1.473980984815e-01	3.894494897369e-02	6.243662801228e-03	1.474010765457e-01	3.893022773152e-02	6.148538690092e-03	1.572267991098e+02	9.677103227275e+00	6.148538690092e-03
66    	54    	-2 	-2 	-6 	7.109830e+05	1.077000e+04	1.474003480267e-01	-1.717377020853e-01	-8.808480098103e-01	1.473992327994e-01	-1.717573784955e-01	-8.849677419942e-01	1.551823330513e+02	-2.305525629138e+01	-8.849677419942e-01
67    	54    	4  	-2 	-6 	6.329100e+04	8.590000e+02	1.473962471716e-01	6.258171530605e-01	7.387821491280e-01	1.473982565045e-01	6.257441834303e-01	7.387821491280e-01	1.275780830198e+02	9.489202300050e+01	7.387821491280e-01
68    	16    	4  	-4 	2  	6.773000e+03	1.140000e+02	1.510284846770e-01	-2.064334904262e-01	8.022263257583e-01	1.509091648935e-01	-2.063170193307e-01	8.027958189884e-01	1.578056774520e+02	-2.911806130688e+01	8.027958189884e-01
69    	16    	0  	-4 	-2 	2.463940e+05	3.055000e+03	1.510361310964e-01	-4.698531592046e-01	-3.372888963188e-01	1.510354041955e-01	-4.698807682108e-01	-3.372548247355e-01	1.441290336914e+02	-6.881484390822e+01	-3.372548247355e-01
70    	195   	1  	-3 	10 	9.841580e+05	1.170100e+04	1.540554237160e-01	-1.123747852888e+00	9.590900305609e-01	1.540608783033e-01	-1.123727308327e+00	9.622792628763e-01	7.225581604962e+01	-1.437379611132e+02	9.622792628763e-01
71    	195   	2  	-3 	-10	6.565070e+05	6.867000e+03	1.540628389064e-01	4.313016080044e-01	-9.233431553685e-02	1.540678239574e-01	4.312995678070e-01	-9.219265692667e-02	1.494303942878e+02	7.178649231196e+01	-9.219265692667e-02
72    	195   	-2 	-1 	-10	5.797690e+05	7.552000e+03	1.540625850985e-01	2.189773092021e-01	-9.768136640432e-01	1.540572365057e-01	2.190347541658e-01	-9.806232791055e-01	1.605966172217e+02	3.905849567809e+01	-9.806232791055e-01
73    	195   	3  	-2 	-10	1.286725e+06	9.581000e+03	1.540614043313e-01	7.473925910781e-01	2.294967749858e-01	1.540600474628e-01	7.474137393673e-01	2.296211579677e-01	1.207727384790e+02	1.144107669495e+02	2.296211579677e-01
74    	34    	0  	-4 	4  	4.550810e+05	6.454000e+03	1.565057339681e-01	-9.127579922466e-01	-1.831480815662e-01	1.565120594608e-01	-9.127506828110e-01	-1.832255047816e-01	1.030972917600e+02	-1.276954643502e+02	-1.832255047816e-01
75    	34    	4  	-4 	-4 	1.714200e+04	4.070000e+02	1.565049693835e-01	1.569398294740e-01	5.073480187643e-01	1.565170829377e-01	1.568709509745e-01	5.073480187643e-01	1.650525808031e+02	2.952395247992e+01	5.073480187643e-01
76    	115   	1  	-4 	8  	2.577730e+05	2.348000e+03	1.644560672454e-01	-1.044966392256e+00	4.176200234456e-01	1.644641562732e-01	-1.044964391579e+00	4.189551065817e-01	8.925191500132e+01	-1.473837646339e+02	4.189551065817e-01
77    	115   	3  	-4 	-8 	1.393520e+05	2.188000e+03	1.644620024891e-01	2.634886606697e-01	1.338331066936e-01	1.644687291432e-01	2.634977625375e-01	1.338331066936e-01	1.696073881549e+02	4.904556855770e+01	1.338331066936e-01
78    	115   	4  	-3 	-8 	1.870700e+05	2.720000e+03	1.644609032201e-01	5.302075788226e-01	4.424438900896e-01	1.644582516431e-01	5.301682588185e-01	4.424595641856e-01	1.515730358229e+02	9.175193868094e+01	4.424595641856e-01
79    	115   	-1 	-3 	8  	5.124820e+05	7.982000e+03	1.644592234522e-01	-1.283476760817e+00	-5.463633838657e-01	1.644666052623e-01	-1.283452765954e+00	-5.425615741620e-01	5.123680108728e+01	-1.639006545720e+02	-5.425615741620e-01
80    	155   	2  	-4 	9  	6.760000e+03	1.360000e+02	1.674418560016e-01	-9.168588793897e-01	8.003974030451e-01	1.674349872101e-01	-9.167530558946e-01	8.003974030451e-01	1.097401960300e+02	-1.374483736502e+02	8.003974030451e-01
81    	155   	2  	-4 	-9 	9.583200e+04	1.908000e+03	1.674511377629e-01	2.012777103502e-01	-1.000544713357e-01	1.674452824812e-01	2.012484396331e-01	-1.041554905949e-01	1.752913153290e+02	3.914176643492e+01	-1.041554905949e-01
82    	155   	-2 	-2 	-9 	8.276800e+04	1.561000e+03	1.674523424207e-01	1.502303469554e-02	-8.741976600514e-01	1.674380742870e-01	1.506982063820e-02	-8.741976600514e-01	1.789761706932e+02	6.332551459694e+00	-8.741976600514e-01
83    	155   	4  	-2 	-9 	2.132200e+05	1.741000e+03	1.674487371057e-01	7.501823488360e-01	5.330873343749e-01	1.674507605180e-01	7.502115523184e-01	5.330873343749e-01	1.309958116519e+02	1.246159796764e+02	5.330873343749e-01
84    	29    	2  	-5 	4  	9.092710e+05	9.762000e+03	1.693388411331e-01	-6.948949169675e-01	3.080742822172e-01	1.693484182539e-01	-6.948841874146e-01	3.082358066214e-01	1.396283291462e+02	-1.114587741513e+02	3.082358066214e-01
85    	29    	3  	-5 	-4 	4.129470e+05	7.543000e+03	1.693424447057e-01	-9.383257293202e-02	1.995608645965e-01	1.693449367404e-01	-9.378003430167e-02	1.995951416834e-01	1.802534497647e+02	-1.316061360711e+01	1.995951416834e-01
86    	29    	-3 	-2 	-4 	5.504010e+05	8.534000e+03	1.693470286979e-01	-3.768194363984e-01	-1.034807701765e+00	1.693439854683e-01	-3.768918793780e-01	-1.034734990415e+00	1.686252437641e+02	-6.247364878302e+01	-1.034734990415e+00
87    	29    	5  	-3 	-4 	5.803800e+04	9.220000e+02	1.693413080962e-01	3.928446395682e-01	8.210250194578e-01	1.693430601587e-01	3.927691539710e-01	8.210250194578e-01	1.671521939479e+02	7.237905149320e+01	8.210250194578e-01
88    	29    	-2 	-3 	4  	1.134116e+06	8.776000e+03	1.693445308859e-01	-9.669089670332e-01	-8.657546451767e-01	1.693465548847e-01	-9.669502163734e-01	-8.654619323057e-01	1.037967610014e+02	-1.444015125625e+02	-8.654619323057e-01
89    	491   	0  	-1 	-14	6.126720e+05	3.691000e+03	1.698275377491e-01	6.869055072103e-01	-6.899676035551e-01	1.698253919244e-01	6.869063910074e-01	-6.870880846208e-01	1.404504779846e+02	1.177977248792e+02	-6.870880846208e-01
90    	491   	1  	0  	-14	7.766720e+05	1.287000e+04	1.698257599157e-01	1.058737711063e+00	-5.870286884193e-01	1.698210888257e-01	1.058728469040e+00	-5.867996379999e-01	8.933695924820e+01	1.604952130620e+02	-5.867996379999e-01
91    	13    	4  	-5 	0  	2.056300e+04	4.410000e+02	1.709353558332e-01	-2.016488594677e-01	5.408010946667e-01	1.709347033400e-01	-2.016980689361e-01	5.408010946667e-01	1.791266302792e+02	-3.267314921544e+01	5.408010946667e-01
92    	13    	1  	-5 	0  	3.647680e+05	3.093000e+03	1.709398017938e-01	-5.549614936213e-01	-8.757535155384e-02	1.709457915918e-01	-5.549733938361e-01	-8.617249426724e-02	1.557545271004e+02	-9.195985776017e+01	-8.617249426724e-02
93    	13    	-1 	-4 	0  	4.557570e+05	4.199000e+03	1.709424012215e-01	-6.655371919945e-01	-5.406171036778e-01	1.709432253256e-01	-6.655543760187e-01	-5.406796684144e-01	1.443336409586e+02	-1.084124678685e+02	-5.406796684144e-01
94    	13    	5  	-4 	0  	1.758400e+04	3.470000e+02	1.709352877368e-01	3.577886192030e-02	8.417670571856e-01	1.709372101818e-01	3.566198719360e-02	8.417670571856e-01	1.825903848114e+02	1.013140351786e+01	8.417670571856e-01
95    	22    	1  	-5 	3  	1.565040e+05	1.700000e+03	1.745951031438e-01	-7.407875085788e-01	6.440508143406e-03	1.745969906162e-01	-7.407832188688e-01	6.465600095158e-03	1.384346047167e+02	-1.215065257142e+02	6.465600095158e-03
96    	22    	4  	-5 	-3 	3.252800e+04	5.450000e+02	1.745944599688e-01	-3.724910798100e-02	4.165797681519e-01	1.745997041575e-01	-3.727748073533e-02	4.165797681519e-01	1.865756042875e+02	-3.231970976694e+00	4.165797681519e-01
-999  	22    	5  	-4 	-3 	    nan     	    nan     	1.745940242101e-01	1.951542389947e-01	7.077947033090e-01	       nan        	       nan        	       nan        	       nan        	       nan        	       nan        
98    	22    	-1 	-4 	3  	1.737540e+05	1.352000e+03	1.745980217223e-01	-8.688075004979e-01	-5.168981484257e-01	1.746010984535e-01	-8.688020996502e-01	-5.167770077856e-01	1.214256154770e+02	-1.379907647717e+02	-5.167770077856e-01
99    	23    	4  	-5 	3  	5.320000e+02	2.800000e+01	1.745907453807e-01	-3.629335179475e-01	6.673079664869e-01	1.745262250637e-01	-3.628482199013e-01	6.673079664869e-01	1.747008324466e+02	-6.210291635873e+01	6.673079664869e-01
100   	23    	1  	-5 	-3 	7.730000e+04	1.368000e+03	1.745988097070e-01	-3.651535180454e-01	-1.688590025158e-01	1.745938133754e-01	-3.651507021658e-01	-1.688590025158e-01	1.746404631007e+02	-6.252462181446e+01	-1.688590025158e-01
101   	23    	-1 	-4 	-3 	7.990600e+04	1.104000e+03	1.746009821702e-01	-4.620545587084e-01	-5.657565200348e-01	1.746034106347e-01	-4.620744942167e-01	-5.657565200348e-01	1.674975139498e+02	-7.898527345736e+01	-5.657565200348e-01
102   	23    	5  	-4 	3  	6.781800e+04	1.599000e+03	1.745910477784e-01	-1.241741036350e-01	9.683623352630e-01	1.746007352590e-01	-1.242575801963e-01	9.683623352630e-01	1.853180036032e+02	-1.929722881195e+01	9.683623352630e-01
103   	127   	0  	-4 	-8 	1.480300e+05	2.512000e+03	1.767300468095e-01	-7.355060373270e-02	-4.483059363834e-01	1.767303784914e-01	-7.358215549150e-02	-4.518744703160e-01	1.885602081665e+02	-1.011388780402e+01	-4.518744703160e-01
104   	211   	1  	-4 	-10	4.559880e+05	8.807000e+03	1.791742042133e-01	1.350874120861e-01	-3.136292753989e-01	1.791655669984e-01	1.350970902275e-01	-3.176514274392e-01	1.898734263069e+02	2.930735983741e+01	-3.176514274392e-01
105   	211   	3  	1  	-10	1.342404e+06	1.446600e+04	1.791700676656e-01	1.251577303836e+00	9.800039243238e-01	1.791667756482e-01	1.251545604644e+00	9.831155391126e-01	6.068748534364e+01	1.840894030019e+02	9.831155391126e-01
106   	211   	-1 	-3 	-10	4.164560e+05	7.546000e+03	1.791749220003e-01	4.823618022795e-02	-6.665790546592e-01	1.791791581271e-01	4.826595540468e-02	-6.703721417386e-01	1.914636014517e+02	1.286601153648e+01	-6.703721417386e-01
107   	211   	4  	-1 	-10	3.363000e+04	4.480000e+02	1.791704984623e-01	9.452179827311e-01	6.426425704641e-01	1.791754536387e-01	9.451564076701e-01	6.426425704641e-01	1.124501815657e+02	1.577497156667e+02	6.426425704641e-01
108   	338   	0  	-3 	12 	1.002800e+04	1.250000e+02	1.808278103956e-01	-1.345121429998e+00	7.011782745514e-01	1.808334190150e-01	-1.345102036345e+00	7.044459806449e-01	4.480263580416e+01	-1.839523418200e+02	7.044459806449e-01
109   	338   	3  	-3 	-12	2.744420e+05	3.129000e+03	1.808338887538e-01	5.968098901233e-01	3.597118582510e-02	1.808309334958e-01	5.968216948552e-01	3.598492246593e-02	1.599966873001e+02	1.115538369067e+02	3.598492246593e-02
110   	341   	0  	-3 	-12	1.710400e+05	3.526000e+03	1.808363964687e-01	2.558462245219e-01	-5.355654646867e-01	1.808352625251e-01	2.558434970805e-01	-5.356029396732e-01	1.871257868791e+02	5.228042372093e+01	-5.356029396732e-01
111   	341   	3  	0  	-12	4.672010e+05	8.315000e+03	1.808320544007e-01	1.175470594069e+00	3.626505776037e-01	1.808285464319e-01	1.175478448912e+00	3.626810610288e-01	7.494812981196e+01	1.807092379661e+02	3.626810610288e-01
112   	504   	2  	-2 	-14	5.891000e+05	6.885000e+03	1.817344311743e-01	7.454177686252e-01	-2.272498179290e-01	1.817264992166e-01	7.454178932521e-01	-2.231084013700e-01	1.429435717100e+02	1.345050542286e+02	-2.231084013700e-01
113   	66    	1  	-5 	6  	7.544540e+05	4.904000e+03	1.851362934935e-01	-9.055595759839e-01	1.165164118058e-01	1.851439216373e-01	-9.055590607338e-01	1.183190049966e-01	1.232087460050e+02	-1.513034043467e+02	1.183190049966e-01
114   	66    	5  	-4 	-6 	2.745200e+04	4.250000e+02	1.851384285734e-01	3.394091777263e-01	5.709873353978e-01	1.851437115601e-01	3.394442484443e-01	5.709873353978e-01	1.867489977112e+02	6.918791752245e+01	5.709873353978e-01
115   	66    	-1 	-4 	6  	7.989460e+05	1.111300e+04	1.851393996596e-01	-1.056139187736e+00	-4.956638700518e-01	1.851413376939e-01	-1.056143109804e+00	-4.954177652710e-01	9.868744868380e+01	-1.678406727850e+02	-4.954177652710e-01
116   	68    	4  	-5 	6  	2.302500e+04	3.500000e+02	1.851321775090e-01	-5.062972856189e-01	7.919784197419e-01	1.851423426608e-01	-5.062270792286e-01	7.919784197419e-01	1.736817743394e+02	-9.176769631928e+01	7.919784197419e-01
117   	68    	1  	-5 	-6 	2.980450e+05	4.855000e+03	1.851432889075e-01	-1.881397285247e-01	-2.402816534968e-01	1.851392898230e-01	-1.881362931879e-01	-2.402151741050e-01	1.947728322132e+02	-3.310575194368e+01	-2.402151741050e-01
118   	68    	-1 	-4 	-6 	3.089730e+05	3.983000e+03	1.851449869357e-01	-2.741528285242e-01	-5.917761711986e-01	1.851446802760e-01	-2.741881065089e-01	-5.917736151128e-01	1.909609777225e+02	-4.959169980348e+01	-5.917736151128e-01
119   	605   	1  	-2 	-15	1.424800e+05	1.432000e+03	1.889617878487e-01	6.472723313724e-01	-4.610827559468e-01	1.889582415768e-01	6.472544237542e-01	-4.610827559468e-01	1.614020779602e+02	1.247560538854e+02	-4.610827559468e-01
120   	605   	1  	1  	-15	2.497590e+05	3.586000e+03	1.889574344899e-01	1.248597084128e+00	-8.421378722769e-01	1.889609147901e-01	1.248606551524e+00	-8.377488680503e-01	6.464071455894e+01	1.940149426739e+02	-8.377488680503e-01
121   	605   	-1 	-1 	-15	1.174160e+05	1.875000e+03	1.889608476440e-01	5.480044626569e-01	-8.519304138762e-01	1.889574081297e-01	5.480436854517e-01	-8.518230922404e-01	1.726767750070e+02	1.083114420102e+02	-8.518230922404e-01
122   	605   	2  	-1 	-15	1.788850e+05	1.989000e+03	1.889600607318e-01	9.558228515710e-01	-2.772142412514e-01	1.889553245600e-01	9.558446504458e-01	-2.770861844192e-01	1.169400540949e+02	1.676217462474e+02	-2.770861844192e-01
123   	223   	0  	-4 	10 	1.365239e+06	1.451800e+04	1.904952229450e-01	-1.230945825911e+00	7.823871904702e-02	1.905019846304e-01	-1.230932295585e+00	8.255789563387e-02	6.938853583165e+01	-1.876821712008e+02	8.255789563387e-02
124   	223   	4  	-4 	-10	5.292410e+05	6.273000e+03	1.905000401369e-01	4.336743046899e-01	2.323667312273e-01	1.904993196861e-01	4.337090222453e-01	2.323811508436e-01	1.850085836392e+02	8.880389536192e+01	2.323811508436e-01
125   	50    	0  	-5 	-4 	3.406450e+05	4.646000e+03	1.924907352572e-01	-3.822017184332e-01	-3.826689114999e-01	1.924876157768e-01	-3.822343226031e-01	-3.826625838520e-01	1.915743243225e+02	-7.268979566187e+01	-3.826625838520e-01
126   	508   	1  	-3 	-14	3.107980e+05	4.478000e+03	1.929166902012e-01	4.444719574308e-01	-4.105044908955e-01	1.929087842754e-01	4.444587340058e-01	-4.095583119444e-01	1.864781588686e+02	9.190558736657e+01	-4.095583119444e-01
127   	508   	-1 	-2 	-14	2.746120e+05	4.000000e+03	1.929163942380e-01	3.571577962262e-01	-7.599007432070e-01	1.929149042993e-01	3.571675977315e-01	-7.597892020931e-01	1.935362359931e+02	7.543751872194e+01	-7.597892020931e-01
128   	508   	3  	-1 	-14	5.729310e+05	8.809000e+03	1.929135154225e-01	1.013850064011e+00	5.722693912568e-02	1.929128499017e-01	1.013829002096e+00	5.727398187074e-02	1.094792257301e+02	1.777179469980e+02	5.727398187074e-02
129   	15    	3  	-6 	0  	6.345370e+05	8.577000e+03	1.938922008594e-01	-3.954213970506e-01	2.378229108723e-01	1.938970760554e-01	-3.953815529617e-01	2.378662321218e-01	1.919519694357e+02	-7.577476657383e+01	2.378662321218e-01
130   	15    	-3 	-3 	0  	1.144520e+06	1.021500e+04	1.938990855589e-01	-6.752391860972e-01	-9.816433075963e-01	1.938954804991e-01	-6.752754830162e-01	-9.817534200120e-01	1.627804306493e+02	-1.253451587845e+02	-9.817534200120e-01
131   	215   	2  	-5 	10 	1.092600e+04	1.190000e+02	2.011914911631e-01	-9.547871412649e-01	5.920301185714e-01	2.012028627196e-01	-9.547195291858e-01	5.957992054926e-01	1.256224826890e+02	-1.713978617442e+02	5.957992054926e-01
132   	215   	5  	-3 	-10	2.529320e+05	2.782000e+03	2.011987391301e-01	6.423504595309e-01	5.073688924279e-01	2.011982191570e-01	6.423235663650e-01	5.073809681091e-01	1.726423928441e+02	1.320021879898e+02	5.073809681091e-01
133   	37    	4  	-6 	4  	2.770600e+04	4.370000e+02	2.030761443642e-01	-4.764458973542e-01	5.493575342131e-01	2.030845756230e-01	-4.763960290462e-01	5.500860671229e-01	1.938681396077e+02	-9.552783071061e+01	5.500860671229e-01
134   	52    	1  	-6 	4  	4.280300e+05	2.945000e+03	2.131577699245e-01	-7.752279802431e-01	-5.236282689859e-02	2.131561295267e-01	-7.752346784067e-01	-4.797836148379e-02	1.641983231824e+02	-1.555497564976e+02	-4.797836148379e-02
135   	52    	-1 	-5 	4  	4.408610e+05	3.384000e+03	2.131607330861e-01	-8.830924930233e-01	-4.925254242151e-01	2.131615926844e-01	-8.831017011066e-01	-4.924970685185e-01	1.461948692930e+02	-1.721671724424e+02	-4.924970685185e-01
136   	523   	4  	-3 	-14	2.091280e+05	1.961000e+03	2.135467320347e-01	7.091419897858e-01	1.362571298712e-01	2.135458369534e-01	7.091574097332e-01	1.362571298712e-01	1.739343455058e+02	1.519983924097e+02	1.362571298712e-01
137   	1     	0  	1  	2  	1.025236e+06	1.434800e+04	4.412861565509e-02	3.068209658217e+00	-3.375784824989e-01	4.412603620874e-02	3.068024731842e+00	-3.375551770771e-01	-4.486872858008e+01	6.551901548501e+00	-3.375551770771e-01
138   	14    	-1 	1  	4  	2.665314e+06	1.443700e+04	6.020495764459e-02	-2.547383511885e+00	1.814693606961e-01	6.020905405150e-02	-2.547269764530e+00	1.816047010912e-01	-5.102241710651e+01	-3.234244822774e+01	1.816047010912e-01
139   	0     	1  	1  	0  	2.223448e+06	1.435000e+04	6.454302862941e-02	2.469542224151e+00	-8.164508867636e-01	6.454625468910e-02	2.469576971370e+00	-8.162947434531e-01	-5.180402265053e+01	4.540863792430e+01	-8.162947434531e-01
140   	0     	-1 	2  	0  	1.276139e+06	1.434300e+04	6.454074331601e-02	2.747785264013e+00	3.777633877014e-01	6.454237594771e-02	2.747721231830e+00	3.778113892854e-01	-6.140461432061e+01	2.916871313480e+01	3.778113892854e-01
141   	8     	1  	1  	3  	1.324131e+06	1.433300e+04	7.365011724025e-02	2.970105012053e+00	-7.686784108814e-01	7.364794163923e-02	2.970055756054e+00	-7.685590871183e-01	-7.498778348403e+01	1.630773192841e+01	-7.685590871183e-01
142   	8     	-2 	1  	3  	3.061090e+05	7.570000e+02	7.364807099145e-02	-2.517373176480e+00	8.749969259019e-01	7.307693794019e-02	-2.517675556439e+00	8.759087637787e-01	-6.097061585647e+01	-4.184228930188e+01	8.759087637787e-01
143   	8     	1  	1  	-3 	3.528229e+06	1.436500e+04	7.364837466858e-02	1.971387512220e+00	-8.937692589031e-01	7.365426277611e-02	1.971425386161e+00	-8.946877319856e-01	-2.895122574161e+01	7.456767808066e+01	-8.946877319856e-01
144   	8     	-1 	2  	-3 	8.327800e+04	1.088000e+03	7.364549079298e-02	2.350030594601e+00	7.732446816038e-01	7.364522196804e-02	2.350060056123e+00	7.730781713501e-01	-5.324428477424e+01	5.828008039728e+01	7.730781713501e-01
145   	8     	-1 	2  	3  	1.345498e+06	1.433900e+04	7.364899475997e-02	-3.102829092812e+00	1.168505649700e-01	7.363736088698e-02	-3.102746519168e+00	1.169632689146e-01	-7.607815397713e+01	5.952866156180e-02	1.169632689146e-01
146   	4     	-2 	2  	2  	4.136000e+03	1.100000e+02	7.819256487767e-02	-2.985125947404e+00	6.261491271756e-01	7.820951090001e-02	-2.985068979452e+00	6.261491271756e-01	-7.995964863020e+01	-9.777787835863e+00	6.261491271756e-01
147   	4     	0  	2  	-2 	1.160610e+05	1.999000e+03	7.819294629159e-02	2.231625388671e+00	8.025313471215e-03	7.819085866786e-02	2.231594170900e+00	8.243853698808e-03	-4.929077382865e+01	6.813153074196e+01	8.243853698808e-03
148   	17    	0  	2  	4  	1.554915e+06	1.434100e+04	8.827873292908e-02	3.068135480959e+00	-3.154437874974e-01	8.828205338609e-02	3.068177536714e+00	-3.153662507951e-01	-9.138124564739e+01	9.858529294153e+00	-3.153662507951e-01
149   	45    	1  	1  	6  	1.668293e+06	1.443900e+04	9.592330247760e-02	-2.983895880535e+00	-7.299550090570e-01	9.591835291931e-02	-2.984021017652e+00	-7.298774219780e-01	-9.839643560826e+01	-1.284879089408e+01	-7.298774219780e-01
150   	45    	-2 	1  	6  	3.153441e+06	1.444300e+04	9.592173757701e-02	-2.312696814917e+00	5.504078929618e-01	9.592007428273e-02	-2.312736256155e+00	5.500490643201e-01	-6.679006522817e+01	-7.145102316559e+01	5.500490643201e-01
151   	45    	-1 	2  	6  	1.852333e+06	1.443800e+04	9.592311668128e-02	-2.818052633154e+00	-4.055262462199e-02	9.592863582276e-02	-2.817998892524e+00	-4.040736056268e-02	-9.442076199243e+01	-2.912977408493e+01	-4.040736056268e-02
152   	2     	2  	1  	1  	1.037920e+05	1.716000e+03	9.932097307103e-02	2.619148799364e+00	-1.002482625936e+00	9.932943745440e-02	2.619176178289e+00	-1.002599284462e+00	-8.942895996237e+01	5.530031510393e+01	-1.002599284462e+00
153   	2     	-3 	2  	1  	9.763000e+03	2.620000e+02	9.931716430460e-02	-2.923109723665e+00	1.014658918819e+00	9.931072153622e-02	-2.923084201929e+00	1.014658918819e+00	-1.008213204188e+02	-1.968943525526e+01	1.014658918819e+00
154   	2     	1  	2  	-1 	1.754340e+05	2.258000e+03	9.932036544764e-02	2.343604379108e+00	-5.350919232096e-01	9.931726625578e-02	2.343561793200e+00	-5.350919232096e-01	-7.185349305713e+01	7.805475180245e+01	-5.350919232096e-01
155   	2     	-1 	3  	-1 	1.173100e+05	1.962000e+03	9.931767009093e-02	2.546514676632e+00	2.892434401749e-01	9.932450293919e-02	2.546586129479e+00	2.892043856247e-01	-8.549211565507e+01	6.175279641629e+01	2.892043856247e-01
156   	2     	-2 	3  	1  	6.533200e+04	1.653000e+03	9.931744473455e-02	2.952244993265e+00	4.890873827036e-01	9.931553533163e-02	2.952215410174e+00	4.848852832011e-01	-1.015343197037e+02	2.272767223113e+01	4.848852832011e-01
157   	5     	1  	2  	2  	1.159030e+05	2.438000e+03	1.014131717698e-01	2.698637905653e+00	-5.700801522003e-01	1.014112071690e-01	2.698531146026e+00	-5.701038693911e-01	-9.530223727319e+01	4.887602647007e+01	-5.701038693911e-01
158   	5     	-2 	3  	-2 	1.100000e+03	5.500000e+01	1.014071310468e-01	2.666985440581e+00	7.205104651763e-01	1.014237532302e-01	2.667068551498e+00	7.205104651763e-01	-9.389396140823e+01	5.190499041060e+01	7.205104651763e-01
159   	5     	-1 	3  	2  	9.061600e+04	1.751000e+03	1.014111719395e-01	2.861528201507e+00	9.941691964182e-02	1.014130349325e-01	2.861557564472e+00	9.941691964182e-02	-1.014739609201e+02	3.257387678846e+01	9.941691964182e-02
160   	95    	0  	1  	8  	6.439220e+05	8.120000e+03	1.016802358800e-01	-2.604188311435e+00	-4.660073545955e-01	1.016847617437e-01	-2.604155965709e+00	-4.663551278243e-01	-9.058109169226e+01	-5.186431392388e+01	-4.663551278243e-01
161   	95    	-1 	0  	8  	1.123320e+06	1.445200e+04	1.016785388954e-01	-2.004274068895e+00	-1.031089599138e-02	1.016842979954e-01	-2.004316326118e+00	-1.012562605642e-02	-4.343246646348e+01	-9.416655763002e+01	-1.012562605642e-02
162   	19    	2  	1  	4  	1.013742e+06	1.434100e+04	1.093813199127e-01	2.939783778338e+00	-9.285238266595e-01	1.093860724923e-01	2.939787090913e+00	-9.321614787709e-01	-1.116933930427e+02	2.612638168780e+01	-9.321614787709e-01
163   	19    	-3 	2  	4  	3.164000e+04	6.040000e+02	1.093784601985e-01	-2.675154951643e+00	7.955685489500e-01	1.093846383552e-01	-2.675207139798e+00	7.955685489500e-01	-1.016256786693e+02	-4.889717142746e+01	7.955685489500e-01
164   	19    	1  	2  	-4 	2.265444e+06	1.437500e+04	1.093790060618e-01	2.014461107355e+00	-4.404779147121e-01	1.093861643980e-01	2.014419850860e+00	-4.408532429664e-01	-4.835789868783e+01	1.073703476038e+02	-4.408532429664e-01
165   	19    	-1 	3  	-4 	1.270121e+06	1.192000e+04	1.093759640837e-01	2.275116781802e+00	5.657069095988e-01	1.093715842331e-01	2.275094009817e+00	5.658999012640e-01	-7.355844978896e+01	9.102387214547e+01	5.658999012640e-01
166   	19    	-2 	3  	4  	9.658990e+05	1.443500e+04	1.093793022337e-01	-3.059639254231e+00	3.076488183772e-01	1.093794042550e-01	-3.059654874221e+00	3.076202595643e-01	-1.136499830100e+02	-6.463367574442e+00	3.076202595643e-01
167   	6     	0  	3  	0  	3.731970e+06	1.435300e+04	1.118293798511e-01	2.520886849989e+00	-1.322330438936e-01	1.118307923051e-01	2.520801226414e+00	-1.318138399830e-01	-9.476754063540e+01	7.168205916023e+01	-1.318138399830e-01
168   	6     	-3 	3  	0  	2.844100e+04	7.960000e+02	1.118253135937e-01	3.057771278231e+00	8.352537183153e-01	1.118234556372e-01	3.057577410716e+00	8.352537183153e-01	-1.162790820763e+02	1.288399200094e+01	8.352537183153e-01
169   	32    	1  	2  	5  	3.917500e+04	1.075000e+03	1.149981998155e-01	3.003510341973e+00	-5.803538824853e-01	1.149978463296e-01	3.003485934499e+00	-5.803538824853e-01	-1.188697582155e+02	1.968723093446e+01	-5.803538824853e-01
170   	32    	-3 	1  	5  	5.938300e+04	8.400000e+02	1.149950479053e-01	-2.371020870904e+00	1.022437634802e+00	1.149851213578e-01	-2.370966558676e+00	1.022437634802e+00	-8.553984032797e+01	-8.151768448682e+01	1.022437634802e+00
171   	32    	-2 	3  	-5 	7.973800e+04	9.820000e+02	1.149900642913e-01	2.442183105520e+00	9.882062920055e-01	1.149878986629e-01	2.442215605737e+00	9.882062920055e-01	-9.170866373588e+01	8.118291201870e+01	9.882062920055e-01
172   	32    	-1 	3  	5  	4.131500e+04	6.370000e+02	1.149970001124e-01	3.138233645623e+00	-2.621381249761e-02	1.149958267173e-01	3.138263125525e+00	-2.621381249761e-02	-1.200249615984e+02	3.374148038258e+00	-2.621381249761e-02
173   	102   	2  	0  	8  	1.129590e+05	2.691000e+03	1.204633167469e-01	-2.832542494554e+00	-1.032629024557e+00	1.204708550955e-01	-2.832591765533e+00	-1.032687004426e+00	-1.196781194763e+02	-3.572760031177e+01	-1.032687004426e+00
174   	102   	-2 	2  	8  	1.688090e+05	2.296000e+03	1.204645572531e-01	-2.546495967592e+00	2.178416933930e-01	1.204612223389e-01	-2.546496366795e+00	2.180266594808e-01	-1.038249559892e+02	-6.832244658171e+01	2.180266594808e-01
175   	184   	1  	0  	10 	2.009236e+06	1.443100e+04	1.240118199187e-01	-2.505602807766e+00	-8.412402176296e-01	1.240163545417e-01	-2.505625789334e+00	-8.413140227475e-01	-1.037913722723e+02	-7.481966593308e+01	-8.413140227475e-01
176   	184   	-1 	1  	10 	2.433743e+06	1.443900e+04	1.240131689639e-01	-2.339897963913e+00	-1.576747650046e-01	1.240173767358e-01	-2.339960251875e+00	-1.571638473061e-01	-8.952222925882e+01	-9.110369097940e+01	-1.571638473061e-01
177   	184   	0  	-1 	10 	2.337004e+06	1.445300e+04	1.240101026226e-01	-1.977041340015e+00	-8.242756634932e-01	1.240153973693e-01	-1.977051750435e+00	-8.244328810193e-01	-5.005346267766e+01	-1.172191028528e+02	-8.244328810193e-01
178   	137   	1  	1  	9  	3.681460e+05	5.056000e+03	1.245045636165e-01	-2.791114310117e+00	-6.951586970815e-01	1.245076476655e-01	-2.791103085653e+00	-6.951208768577e-01	-1.220268640460e+02	-4.220772793386e+01	-6.951208768577e-01
179   	137   	-2 	1  	9  	7.956350e+05	6.289000e+03	1.245033622394e-01	-2.229510620446e+00	3.093752236293e-01	1.245043748970e-01	-2.229490371534e+00	3.113800538926e-01	-7.890559322508e+01	-1.009638680379e+02	3.113800538926e-01
180   	137   	-1 	2  	9  	4.700740e+05	4.123000e+03	1.245049421354e-01	-2.655217309568e+00	-1.348413087461e-01	1.244990452351e-01	-2.655226372570e+00	-1.368121343117e-01	-1.147603341062e+02	-5.850792682561e+01	-1.368121343117e-01
181   	137   	-1 	-1 	9  	2.026646e+06	1.446500e+04	1.245014659816e-01	-1.711881116216e+00	1.919587734122e-01	1.245030113661e-01	-1.711843357657e+00	1.950055960462e-01	-1.681197120766e+01	-1.270140474526e+02	1.950055960462e-01
182   	3     	2  	2  	0  	1.014185e+06	1.435800e+04	1.291533984272e-01	2.468256821436e+00	-7.751499124690e-01	1.291482314604e-01	2.468264025560e+00	-7.751292442435e-01	-1.054676137380e+02	8.812626885298e+01	-7.751292442435e-01
183   	3     	-2 	4  	0  	5.699830e+05	6.903000e+03	1.291488206387e-01	2.747101850192e+00	4.127495642685e-01	1.291499551001e-01	2.747037048789e+00	4.127967431500e-01	-1.247828480774e+02	5.543876525935e+01	4.127967431500e-01
184   	12    	2  	2  	3  	2.407280e+05	2.676000e+03	1.339473634334e-01	2.735804469105e+00	-7.543699173386e-01	1.339483021633e-01	2.735771218823e+00	-7.561486483214e-01	-1.288385908808e+02	5.887118490736e+01	-7.561486483214e-01
185   	12    	2  	2  	-3 	4.832070e+05	7.049000e+03	1.339454431530e-01	2.200694125487e+00	-7.916167844722e-01	1.339451999094e-01	2.200700236416e+00	-7.914881260961e-01	-8.224803766452e+01	1.175016226992e+02	-7.914881260961e-01
186   	12    	-2 	4  	-3 	5.606700e+04	8.890000e+02	1.339400577152e-01	2.526113436007e+00	6.003907202338e-01	1.339363333592e-01	2.526171057940e+00	6.003907202338e-01	-1.144721668743e+02	8.475181755527e+01	6.003907202338e-01
187   	12    	-2 	4  	3  	1.888770e+05	3.281000e+03	1.339439190409e-01	2.976858975136e+00	2.654242087799e-01	1.339426157572e-01	2.976880970334e+00	2.654653523734e-01	-1.384207677672e+02	2.615591093587e+01	2.654653523734e-01
188   	10    	-4 	3  	2  	6.565000e+03	1.500000e+02	1.364988126603e-01	-2.937534211457e+00	9.268123380626e-01	1.364968021420e-01	-2.937535464036e+00	9.268123380626e-01	-1.399779608395e+02	-2.633921467595e+01	9.268123380626e-01
189   	10    	1  	3  	-2 	3.907260e+05	3.607000e+03	1.365024757424e-01	2.296083862589e+00	-3.645222070033e-01	1.365025826041e-01	2.296063333954e+00	-3.644763543987e-01	-9.460289826560e+01	1.110637412267e+02	-3.644763543987e-01
190   	10    	-1 	4  	-2 	2.984570e+05	3.656000e+03	1.364996308609e-01	2.453468004026e+00	2.535424655596e-01	1.364990253169e-01	2.453457902766e+00	2.534449528014e-01	-1.103555062413e+02	9.468669615088e+01	2.534449528014e-01
191   	10    	-3 	4  	2  	1.039570e+05	2.267000e+03	1.364991929668e-01	3.049018321447e+00	5.490131398902e-01	1.365001881541e-01	3.048985926838e+00	5.490350494747e-01	-1.424499757475e+02	1.627273810510e+01	5.490350494747e-01
192   	106   	1  	2  	8  	1.002380e+05	1.457000e+03	1.367044589153e-01	-3.054872856098e+00	-5.780160747000e-01	1.367050738286e-01	-3.054864022931e+00	-5.780160747000e-01	-1.426237273627e+02	-9.608813501588e+00	-5.780160747000e-01
193   	106   	-3 	1  	8  	1.044200e+04	1.600000e+02	1.367013396687e-01	-2.232432608577e+00	7.860867010122e-01	1.367111037290e-01	-2.232386695904e+00	7.860867010122e-01	-8.721954505068e+01	-1.110592559063e+02	7.860867010122e-01
194   	106   	-1 	3  	8  	1.077670e+05	1.971000e+03	1.367039242870e-01	-2.940563545436e+00	-1.087268669149e-01	1.367041909037e-01	-2.940624211210e+00	-1.129808711211e-01	-1.402503557932e+02	-2.594550390295e+01	-1.129808711211e-01
195   	191   	0  	2  	10 	7.089210e+05	9.909000e+03	1.398435012124e-01	-2.784498262506e+00	-3.951786466223e-01	1.398420766348e-01	-2.784502710065e+00	-3.951602189139e-01	-1.371177913244e+02	-4.879686514920e+01	-3.951602189139e-01
196   	191   	-2 	0  	10 	1.305679e+06	1.446200e+04	1.398403979118e-01	-1.958651101595e+00	5.080439325558e-01	1.398333458304e-01	-1.958669108548e+00	5.082592984478e-01	-5.427384290365e+01	-1.338390074791e+02	5.082592984478e-01
197   	302   	0  	0  	12 	1.084538e+06	1.116000e+04	1.419587098337e-01	-2.246549401269e+00	-5.754859366463e-01	1.419622801635e-01	-2.246592192595e+00	-5.755459589025e-01	-9.228382283172e+01	-1.141849260944e+02	-5.755459589025e-01
198   	24    	1  	3  	4  	3.933190e+05	5.337000e+03	1.425331240610e-01	2.807126446859e+00	-4.645329096343e-01	1.425312103597e-01	2.807087320133e+00	-4.644963895075e-01	-1.411979939070e+02	5.245053252515e+01	-4.644963895075e-01
199   	24    	-3 	4  	-4 	1.384957e+06	5.700000e+02	1.425236313302e-01	2.644149924918e+00	8.951212873728e-01	1.437343589283e-01	2.644198366029e+00	8.953540471717e-01	-1.325205708115e+02	7.554230202819e+01	8.953540471717e-01
200   	24    	-1 	4  	4  	3.877740e+05	8.014000e+03	1.425313111561e-01	2.919987229162e+00	-5.810615804604e-03	1.425285858654e-01	2.919991394155e+00	-5.775373813024e-03	-1.458661277254e+02	3.607061409285e+01	-5.775373813024e-03
201   	54    	2  	2  	6  	7.530150e+05	9.517000e+03	1.474003480267e-01	2.969716767891e+00	-7.312532124911e-01	1.473947753397e-01	2.969682597278e+00	-7.313045109375e-01	-1.524214950520e+02	2.959879348949e+01	-7.313045109375e-01
202   	54    	-4 	2  	6  	1.240590e+05	9.800000e+02	1.473962471716e-01	-2.515943470551e+00	9.204615989195e-01	1.473943313586e-01	-2.516024663624e+00	9.235206626920e-01	-1.249623533766e+02	-8.844694399306e+01	9.235206626920e-01
203   	54    	2  	2  	-6 	1.746720e+06	1.438500e+04	1.473968557662e-01	1.966449325802e+00	-7.987171618194e-01	1.473929529237e-01	1.966415654633e+00	-7.946373178020e-01	-5.902339020921e+01	1.470971462721e+02	-7.946373178020e-01
204   	54    	-2 	4  	-6 	1.088800e+05	1.313000e+03	1.473910762370e-01	2.347912611541e+00	8.257653170825e-01	1.473921339098e-01	2.347815801568e+00	8.257653170825e-01	-1.083188052501e+02	1.142773046041e+02	8.257653170825e-01
205   	54    	-2 	4  	6  	6.754500e+05	8.681000e+03	1.473980984815e-01	-3.102783954685e+00	1.537528799603e-01	1.473976866135e-01	-3.102765711073e+00	1.498200817149e-01	-1.545969615576e+02	-3.168739930630e+00	1.498200817149e-01
206   	16    	0  	4  	2  	2.745890e+05	2.876000e+03	1.510361310964e-01	2.671583011418e+00	-1.679726171311e-01	1.510272559589e-01	2.671611737746e+00	-1.679401530879e-01	-1.414150352079e+02	7.537763939430e+01	-1.679401530879e-01
207   	16    	-4 	4  	-2 	1.662000e+04	3.950000e+02	1.510284846770e-01	2.935016621641e+00	9.565204946565e-01	1.510277522058e-01	2.934939581349e+00	9.563220185864e-01	-1.553224180242e+02	3.572324343641e+01	9.563220185864e-01
208   	195   	2  	1  	10 	5.749970e+05	9.447000e+03	1.540625850985e-01	-2.922761150706e+00	-8.190000021173e-01	1.540665822648e-01	-2.922771330076e+00	-8.192022792446e-01	-1.578689085939e+02	-3.256269930143e+01	-8.192022792446e-01
209   	195   	-3 	2  	10 	1.250082e+06	1.245100e+04	1.540614043313e-01	-2.394394091068e+00	4.391692459936e-01	1.540550482859e-01	-2.394415428690e+00	4.393002243618e-01	-1.181438906979e+02	-1.079727761413e+02	4.393002243618e-01
210   	195   	-2 	3  	10 	6.612600e+05	9.036000e+03	1.540628389064e-01	-2.710447714882e+00	7.718261098860e-02	1.540615586720e-01	-2.710425017697e+00	7.725318852875e-02	-1.467942166050e+02	-6.533068598603e+01	7.725318852875e-02
211   	34    	-4 	4  	4  	1.743500e+04	4.010000e+02	1.565049693835e-01	-2.984799213831e+00	6.657904877091e-01	1.565142128214e-01	-2.984793149142e+00	6.657904877091e-01	-1.624754667399e+02	-2.303948093163e+01	6.657904877091e-01
212   	34    	0  	4  	-4 	4.522200e+05	6.127000e+03	1.565057339681e-01	2.228598194425e+00	7.193256129646e-02	1.564992651758e-01	2.228626481207e+00	7.207906675488e-02	-1.003241504109e+02	1.342657349037e+02	7.207906675488e-02
213   	115   	3  	1  	8  	1.239030e+05	2.221000e+03	1.644633375273e-01	3.119547111862e+00	-9.409608523874e-01	1.644604952547e-01	3.119613754616e+00	-9.420972962243e-01	-1.730284918909e+02	6.684314734863e+00	-9.420972962243e-01
214   	115   	-4 	3  	8  	1.855500e+04	2.810000e+02	1.644609032201e-01	-2.611561227379e+00	6.329215878340e-01	1.644513398453e-01	-2.611577237597e+00	6.329215878340e-01	-1.489879983239e+02	-8.531387478170e+01	6.329215878340e-01
215   	115   	1  	3  	-8 	5.308410e+05	5.259000e+03	1.644592234522e-01	1.857579121527e+00	2.016532053691e-02	1.644510667313e-01	1.857598212416e+00	2.253898883585e-02	-4.833791232146e+01	1.704339592313e+02	2.253898883585e-02
216   	115   	-1 	4  	-8 	2.715600e+04	4.770000e+02	1.644560672454e-01	2.096323410433e+00	7.431866282426e-01	1.644458657668e-01	2.096377915374e+00	7.431866282426e-01	-8.649832898799e+01	1.539442064638e+02	7.431866282426e-01
217   	115   	-3 	4  	8  	1.384320e+05	2.027000e+03	1.644620024891e-01	-2.878261398286e+00	3.041426272044e-01	1.644659481143e-01	-2.878278602085e+00	3.041565588736e-01	-1.670293059311e+02	-4.256285496253e+01	3.041565588736e-01
218   	155   	2  	2  	9  	8.036800e+04	1.303000e+03	1.674523424207e-01	-3.126724388431e+00	-7.067266297237e-01	1.674428693593e-01	-3.126728087279e+00	-7.110899528537e-01	-1.762825026955e+02	1.995976781687e-01	-7.110899528537e-01
219   	155   	-4 	2  	9  	7.554000e+03	8.100000e+01	1.674487371057e-01	-2.391621815348e+00	7.614942167732e-01	1.674477773719e-01	-2.391557390839e+00	7.614942167732e-01	-1.283946345114e+02	-1.182018983201e+02	7.614942167732e-01
220   	155   	2  	2  	-9 	4.805440e+05	3.435000e+03	1.674477264425e-01	1.777442813337e+00	-7.783717244800e-01	1.674463477405e-01	1.777459385977e+00	-7.762203536812e-01	-3.541221702499e+01	1.770381334088e+02	-7.762203536812e-01
221   	155   	-2 	4  	9  	9.187900e+04	1.633000e+03	1.674511377629e-01	-2.940472880324e+00	7.082756696180e-02	1.674505082845e-01	-2.940440956733e+00	6.991077473480e-02	-1.727042278107e+02	-3.266534864679e+01	6.991077473480e-02
222   	29    	3  	2  	4  	5.483660e+05	8.999000e+03	1.693470286979e-01	2.764604890535e+00	-8.527446347537e-01	1.693508522796e-01	2.764619562691e+00	-8.527094888871e-01	-1.658718067655e+02	6.904753758983e+01	-8.527094888871e-01
223   	29    	-5 	3  	4  	1.611630e+05	2.508000e+03	1.693413080962e-01	-2.748917419466e+00	1.004248412548e+00	1.693328317501e-01	-2.748878661477e+00	1.004166107662e+00	-1.645837446510e+02	-6.593979170910e+01	1.004166107662e+00
224   	29    	2  	3  	-4 	1.091744e+06	1.175700e+04	1.693445308859e-01	2.174408012535e+00	-5.689558018846e-01	1.693377963847e-01	2.174361889917e+00	-5.684718670233e-01	-1.009241152861e+02	1.509866767907e+02	-5.684718670233e-01
225   	29    	-2 	5  	-4 	9.052230e+05	9.169000e+03	1.693388411331e-01	2.446493970182e+00	5.281870060056e-01	1.693394328372e-01	2.446526106449e+00	5.281202660177e-01	-1.369510130077e+02	1.180557962132e+02	5.281202660177e-01
226   	29    	-3 	5  	4  	4.243280e+05	9.474000e+03	1.693424447057e-01	3.047602880637e+00	3.696492766213e-01	1.693424291190e-01	3.047583880405e+00	3.696925779206e-01	-1.776777570879e+02	1.971697626591e+01	3.696925779206e-01
227   	491   	0  	1  	14 	6.227920e+05	6.528000e+03	1.698275377491e-01	-2.454890124009e+00	-4.707001443695e-01	1.698241804974e-01	-2.454898359044e+00	-4.707267604221e-01	-1.377522205240e+02	-1.113760416054e+02	-4.707267604221e-01
228   	491   	-1 	0  	14 	7.769930e+05	1.025200e+04	1.698257599157e-01	-2.083175187752e+00	-2.431198442988e-01	1.698281345457e-01	-2.083182454255e+00	-2.430342785929e-01	-8.662170201946e+01	-1.540827373596e+02	-2.430342785929e-01
229   	491   	1  	-1 	14 	7.901880e+05	9.384000e+03	1.698236799462e-01	-2.246253337244e+00	-9.069650605957e-01	1.698336555533e-01	-2.246257849832e+00	-9.069376831158e-01	-1.109584860349e+02	-1.377142729463e+02	-9.069376831158e-01
230   	13    	1  	4  	0  	4.714690e+05	2.792000e+03	1.709424012215e-01	2.475854586121e+00	-3.236026330952e-01	1.709394777648e-01	2.475865997667e+00	-3.225161265901e-01	-1.415827207090e+02	1.150129403398e+02	-3.225161265901e-01
231   	13    	-5 	4  	0  	1.630300e+04	3.580000e+02	1.709352877368e-01	-3.105971879006e+00	1.012810871759e+00	1.709416533258e-01	-3.106054838818e+00	1.008447548630e+00	-1.800532751046e+02	-3.617522116621e+00	1.008447548630e+00
232   	13    	-4 	5  	0  	1.775900e+04	2.960000e+02	1.709353558332e-01	2.939782537410e+00	7.152568419988e-01	1.709261729287e-01	2.939721165416e+00	7.152568419988e-01	-1.765524190733e+02	3.923694582836e+01	7.152568419988e-01
233   	13    	-1 	5  	0  	3.758090e+05	4.597000e+03	1.709398017938e-01	2.586445260390e+00	1.133730035101e-01	1.709364117858e-01	2.586451878058e+00	1.171655321894e-01	-1.530773693589e+02	9.855522114529e+01	1.171655321894e-01
234   	22    	-5 	4  	3  	5.920000e+02	3.700000e+01	1.745940242101e-01	-2.946602919897e+00	8.857466025643e-01	1.745503909788e-01	-2.946602919897e+00	8.857466025643e-01	-1.805011983470e+02	-3.310318705318e+01	8.857466025643e-01
235   	22    	1  	4  	-3 	1.601310e+05	1.321000e+03	1.745980217223e-01	2.272535186494e+00	-2.474261318162e-01	1.745914083031e-01	2.272561862736e+00	-2.474261318162e-01	-1.186292465416e+02	1.445875408112e+02	-2.474261318162e-01
236   	22    	-1 	5  	-3 	1.552360e+05	1.850000e+03	1.745951031438e-01	2.400586424004e+00	2.425628193754e-01	1.745937237055e-01	2.400625299475e+00	2.426703312346e-01	-1.357355948538e+02	1.281122538555e+02	2.426703312346e-01
237   	22    	-4 	5  	3  	1.212400e+04	2.400000e+02	1.745944599688e-01	3.104182047444e+00	5.912954054185e-01	1.745719610749e-01	3.104246522530e+00	5.912954054185e-01	-1.840035196655e+02	9.749632147985e+00	5.912954054185e-01
238   	23    	1  	4  	3  	8.671200e+04	6.940000e+02	1.746009821702e-01	2.679357788748e+00	-3.708155972559e-01	1.745933363183e-01	2.679366367580e+00	-3.720637274676e-01	-1.647848565154e+02	8.557648613432e+01	-3.720637274676e-01
239   	23    	-4 	5  	-3 	4.793000e+03	9.500000e+01	1.745907453807e-01	2.778486502738e+00	8.540020202666e-01	1.746171152798e-01	2.778351276265e+00	8.540020202666e-01	-1.721960089623e+02	6.876650966303e+01	8.540020202666e-01
240   	23    	-1 	5  	3  	7.651500e+04	1.206000e+03	1.745988097070e-01	2.776266348487e+00	1.800079179247e-02	1.745995887870e-01	2.776334083640e+00	1.771514995024e-02	-1.720157950853e+02	6.910613495884e+01	1.771514995024e-02
241   	127   	0  	4  	8  	1.527330e+05	2.980000e+03	1.767300468095e-01	3.067878236054e+00	-2.710981424181e-01	1.767195025484e-01	3.067871564056e+00	-2.710798587020e-01	-1.859259898932e+02	1.665260995252e+01	-2.710798587020e-01
242   	211   	1  	3  	10 	4.141730e+05	5.751000e+03	1.791749220003e-01	-3.093522307619e+00	-4.871972382791e-01	1.791761638580e-01	-3.093583153899e+00	-4.881880679655e-01	-1.888226848324e+02	-6.328420208908e+00	-4.881880679655e-01
243   	211   	-4 	1  	10 	2.551180e+05	3.031000e+03	1.791704984623e-01	-2.196657483471e+00	9.470103711037e-01	1.791645538326e-01	-2.196701321782e+00	9.469958505236e-01	-1.098401215136e+02	-1.513402896084e+02	9.469958505236e-01
244   	211   	-1 	4  	10 	4.487350e+05	6.365000e+03	1.791742042133e-01	-3.006672403910e+00	-1.328185938843e-01	1.791724653891e-01	-3.006658662450e+00	-1.327927193640e-01	-1.872937388085e+02	-2.280781064411e+01	-1.327927193640e-01
245   	338   	3  	0  	12 	1.807350e+05	2.632000e+03	1.808320237505e-01	-2.831843488733e+00	-1.000940199216e+00	1.808466242913e-01	-2.831848418416e+00	-1.000940199216e+00	-1.815511227476e+02	-5.578420703017e+01	-1.000940199216e+00
246   	338   	-3 	3  	12 	2.672890e+05	3.010000e+03	1.808338887538e-01	-2.544984874417e+00	2.543098476445e-01	1.808324749928e-01	-2.544979988654e+00	2.543211114561e-01	-1.574232360475e+02	-1.051370142556e+02	2.543211114561e-01
247   	341   	0  	3  	12 	1.658530e+05	2.211000e+03	1.808363964687e-01	-2.885919236646e+00	-3.486836069456e-01	1.808426240560e-01	-2.885898898768e+00	-3.526306000210e-01	-1.845190852244e+02	-4.581114116211e+01	-3.526306000210e-01
248   	341   	-3 	0  	12 	8.585000e+03	2.160000e+02	1.808320544007e-01	-1.966555951117e+00	8.248432987952e-01	1.808393562538e-01	-1.966605141440e+00	8.248432987952e-01	-7.234566794686e+01	-1.742987427761e+02	8.248432987952e-01
249   	504   	2  	0  	14 	5.226970e+05	6.362000e+03	1.817321721853e-01	-2.609186100678e+00	-8.776500985232e-01	1.817462418154e-01	-2.609173985020e+00	-8.773203389233e-01	-1.648334383863e+02	-9.523261624586e+01	-8.773203389233e-01
250   	504   	-2 	2  	14 	7.669780e+05	9.317000e+03	1.817344311743e-01	-2.396403521910e+00	1.947137603114e-02	1.817293534526e-01	-2.396359427609e+00	1.953784039403e-02	-1.403187067224e+02	-1.281104706498e+02	1.953784039403e-02
251   	504   	0  	-2 	14 	1.176928e+06	1.447800e+04	1.817288898299e-01	-1.881980020807e+00	-9.143260277327e-01	1.817432759227e-01	-1.882011624189e+00	-9.135316541428e-01	-5.729103988472e+01	-1.808109883022e+02	-9.135316541428e-01
252   	66    	4  	1  	6  	3.092480e+05	3.876000e+03	1.851427774958e-01	2.919588926247e+00	-1.032622168150e+00	1.851559785913e-01	2.919580338287e+00	-1.032648087233e+00	-1.907894065155e+02	4.618301436634e+01	-1.032648087233e+00
253   	66    	-5 	4  	6  	2.327700e+04	4.290000e+02	1.851384285734e-01	-2.802365013027e+00	7.672507073640e-01	1.851386561938e-01	-2.802385566899e+00	7.672507073640e-01	-1.842386499661e+02	-6.271965944629e+01	7.672507073640e-01
254   	66    	1  	4  	-6 	7.577190e+05	1.043800e+04	1.851393996596e-01	2.085105584633e+00	-1.227338832766e-01	1.851405755187e-01	2.085125893559e+00	-1.184619762978e-01	-9.585592477626e+01	1.744397124149e+02	-1.184619762978e-01
255   	66    	-1 	5  	-6 	7.797060e+05	1.011400e+04	1.851362934935e-01	2.235755692775e+00	4.151299935797e-01	1.851338944621e-01	2.235762243280e+00	4.151890717480e-01	-1.204737574202e+02	1.579141788688e+02	4.151890717480e-01
256   	66    	-4 	5  	6  	2.984990e+05	4.562000e+03	1.851391880493e-01	-3.026712910024e+00	4.841394706034e-01	1.851387251847e-01	-3.026754718296e+00	4.842025745534e-01	-1.942667263128e+02	-1.977117193917e+01	4.842025745534e-01
257   	68    	1  	4  	6  	3.215430e+05	5.058000e+03	1.851449869357e-01	2.867261987075e+00	-3.994871945677e-01	1.851448061161e-01	2.867260243714e+00	-3.994656997635e-01	-1.883109671626e+02	5.617356485320e+01	-3.994656997635e-01
258   	68    	-4 	5  	-6 	1.605340e+05	1.720000e+03	1.851321775090e-01	2.635099621046e+00	1.003494051353e+00	1.851356716288e-01	2.635100971895e+00	1.007558366686e+00	-1.710705987379e+02	9.839520349970e+01	1.007558366686e+00
259   	68    	-1 	5  	6  	3.125830e+05	4.187000e+03	1.851432889075e-01	2.953278656303e+00	-5.182890346617e-02	1.851479470711e-01	2.953282709576e+00	-5.552947072368e-02	-1.921910850588e+02	3.968002745531e+01	-5.552947072368e-02
260   	605   	1  	1  	15 	1.097180e+05	1.553000e+03	1.889608476440e-01	-2.593792897551e+00	-6.308103272241e-01	1.889663042316e-01	-2.593780773832e+00	-6.308103272241e-01	-1.700245493289e+02	-1.018944811439e+02	-6.308103272241e-01
261   	605   	-2 	1  	15 	1.769830e+05	2.301000e+03	1.889600607318e-01	-2.186072613873e+00	4.831112598766e-02	1.889591330257e-01	-2.186046992726e+00	4.831112598766e-02	-1.142993674888e+02	-1.612329774499e+02	4.831112598766e-02
262   	605   	-1 	2  	15 	1.339670e+05	1.502000e+03	1.889617878487e-01	-2.494539353169e+00	-2.246289477439e-01	1.889611287106e-01	-2.494532343353e+00	-2.246289477439e-01	-1.587802355780e+02	-1.183580560820e+02	-2.246289477439e-01
263   	605   	2  	-1 	15 	1.649890e+05	1.686000e+03	1.889566108798e-01	-2.430629796256e+00	-9.930800952546e-01	1.889680102875e-01	-2.430649203788e+00	-9.930800952546e-01	-1.506360239478e+02	-1.283359021155e+02	-9.930800952546e-01
264   	605   	-1 	-1 	15 	2.526550e+05	3.890000e+03	1.889574344899e-01	-1.893546942502e+00	-2.610403561748e-01	1.889571982214e-01	-1.893539473976e+00	-2.609506045756e-01	-6.193214921651e+01	-1.875853297225e+02	-2.609506045756e-01
265   	223   	-4 	4  	10 	5.541040e+05	7.940000e+03	1.905000401369e-01	-2.708112486149e+00	4.421557994119e-01	1.904998343246e-01	-2.708126800911e+00	4.421807460062e-01	-1.824956790674e+02	-8.236086512348e+01	4.421807460062e-01
266   	223   	0  	4  	-10	1.419950e+05	2.169000e+03	1.904952229450e-01	1.910117945430e+00	6.368703555274e-01	1.904907656725e-01	1.910139315630e+00	6.412511018358e-01	-6.654837472886e+01	1.942516836464e+02	6.412511018358e-01
267   	50    	0  	5  	4  	3.480940e+05	5.385000e+03	1.924907352572e-01	2.759199057691e+00	-1.753042511321e-01	1.924908939132e-01	2.759208921692e+00	-1.751661290801e-01	-1.889499989058e+02	7.929673740057e+01	-1.751661290801e-01
268   	508   	1  	2  	14 	2.738590e+05	3.282000e+03	1.929163942380e-01	-2.784625290380e+00	-5.540860809307e-01	1.929219090131e-01	-2.784643052929e+00	-5.578540295844e-01	-1.909258370932e+02	-6.898519050411e+01	-5.578540295844e-01
269   	508   	-3 	1  	14 	5.506500e+05	7.714000e+03	1.929135154225e-01	-2.128080032145e+00	4.192130584458e-01	1.929085836249e-01	-2.128096236439e+00	4.192339459783e-01	-1.068665156372e+02	-1.713242983505e+02	4.192339459783e-01
270   	508   	-1 	3  	14 	3.013750e+05	5.029000e+03	1.929166902012e-01	-2.697318310630e+00	-1.969860972527e-01	1.929194542589e-01	-2.697295377033e+00	-1.968030222764e-01	-1.839074839669e+02	-8.548612551452e+01	-1.968030222764e-01
271   	15    	3  	3  	0  	1.169189e+06	8.139000e+03	1.938990855589e-01	2.466123691958e+00	-7.337059855007e-01	1.938939677343e-01	2.466103815022e+00	-7.300063811153e-01	-1.599883594906e+02	1.319801983689e+02	-7.300063811153e-01
272   	15    	-3 	6  	0  	6.491240e+05	7.080000e+03	1.938922008594e-01	2.745976923312e+00	4.478222045869e-01	1.938961270041e-01	2.745960460606e+00	4.478991564839e-01	-1.893774939830e+02	8.240288878283e+01	4.478991564839e-01
273   	215   	-5 	3  	10 	9.700000e+03	1.190000e+02	2.011987391301e-01	-2.499474639463e+00	7.581571801966e-01	2.012112593185e-01	-2.499495790908e+00	7.588431665649e-01	-1.701433142217e+02	-1.256216051746e+02	7.588431665649e-01
274   	215   	-2 	5  	-10	8.982400e+04	1.231000e+03	2.011914911631e-01	2.186483300281e+00	9.380093517470e-01	2.011935184166e-01	2.186446276645e+00	9.423726748770e-01	-1.228755707189e+02	1.780410098101e+02	9.423726748770e-01
275   	37    	2  	4  	4  	1.928880e+05	2.159000e+03	2.030882727547e-01	2.696741612804e+00	-5.137895235555e-01	2.030926283291e-01	2.696727150432e+00	-5.137895235555e-01	-1.942949471046e+02	9.600425404803e+01	-5.137895235555e-01
276   	37    	4  	2  	-4 	3.958290e+05	3.479000e+03	2.030856532542e-01	2.271521600812e+00	-1.025962554287e+00	2.030898935180e-01	2.271529095522e+00	-1.021654115933e+00	-1.385288391766e+02	1.684300319943e+02	-1.021654115933e+00
277   	37    	-4 	6  	-4 	1.514200e+04	2.620000e+02	2.030761443642e-01	2.664935316417e+00	7.776886497777e-01	2.030822716999e-01	2.664994999104e+00	7.776886497777e-01	-1.913055891472e+02	1.021659775033e+02	7.776886497777e-01
278   	52    	1  	5  	-4 	4.339780e+05	3.728000e+03	2.131607330861e-01	2.258189307771e+00	-1.585138010380e-01	2.131605623248e-01	2.258188880465e+00	-1.546433070603e-01	-1.434208515253e+02	1.788271647333e+02	-1.546433070603e-01
279   	52    	-1 	6  	-4 	4.421550e+05	3.266000e+03	2.131577699245e-01	2.366088437043e+00	2.450325105669e-01	2.131653103742e-01	2.366112284346e+00	2.450672470223e-01	-1.615261926622e+02	1.622222074821e+02	2.450672470223e-01
280   	523   	-4 	3  	14 	2.069240e+05	2.026000e+03	2.135467320347e-01	-2.432711058418e+00	4.168268551037e-01	2.135509208062e-01	-2.432704456324e+00	4.169173587808e-01	-1.714283945710e+02	-1.456325177219e+02	4.169173587808e-01
