#
# ID	PID	H	K	L	sum(int)	max(int)	pred tth          	pred eta          	 pred ome          	meas tth          	meas eta          	 meas ome          	meas X            	meas Y            	 meas ome
#
0     	1     	0  	-1 	-2 	1.073869e+06	1.445000e+04	4.412860725962e-02	-7.334217447751e-02	-3.818369241638e-01	4.412603370551e-02	-7.324467576269e-02	-3.819185818938e-01	4.767719529294e+01	-4.015858204435e-02	-3.819185818938e-01
1     	14    	0  	-1 	4  	5.195812e+06	1.444200e+04	6.020297329111e-02	-1.330037691326e+00	9.607533479929e-01	6.020797024681e-02	-1.330014172672e+00	9.594813941188e-01	1.661189990914e+01	-5.822600705394e+01	9.594813941188e-01
2     	14    	1  	-1 	-4 	2.686306e+06	1.440900e+04	6.020494333145e-02	5.942762168332e-01	1.088073052839e-01	6.021058921458e-02	5.941799631716e-01	1.091259702604e-01	5.377337461854e+01	3.881956621409e+01	1.091259702604e-01
3     	0     	1  	-2 	0  	1.128168e+06	1.447000e+04	6.454072117261e-02	-3.937432996681e-01	3.078699831502e-01	6.454639067551e-02	-3.936766469204e-01	3.079052983723e-01	6.413976951688e+01	-2.265322852181e+01	3.079052983723e-01
4     	0     	-1 	-1 	0  	1.867077e+06	1.446000e+04	6.454301236227e-02	-6.719744074666e-01	-8.989191480034e-01	6.453653071676e-02	-6.721012487070e-01	-8.986378152418e-01	5.466934746076e+01	-3.889938445335e+01	-8.986378152418e-01
5     	8     	1  	-2 	3  	1.311540e+05	7.140000e+02	7.364554832950e-02	-7.914649668748e-01	6.684938139920e-01	7.345462360853e-02	-7.911027173038e-01	6.673864652998e-01	5.584532557572e+01	-5.160288234671e+01	6.673864652998e-01
6     	8     	1  	-2 	-3 	1.495975e+06	1.442300e+04	7.364894766430e-02	3.883145525751e-02	4.313633745092e-02	7.364248670960e-02	3.867324110852e-02	4.326712558071e-02	7.881742021124e+01	6.422013645359e+00	4.326712558071e-02
7     	8     	-1 	-1 	-3 	1.541163e+06	1.448200e+04	7.365017943190e-02	-1.714183724788e-01	-8.434346483602e-01	7.364130739576e-02	-1.715054624693e-01	-8.433828800765e-01	7.783207481350e+01	-9.802166439150e+00	-8.433828800765e-01
8     	8     	2  	-1 	-3 	1.043140e+05	8.290000e+02	7.364806697468e-02	6.243029682617e-01	7.842413549696e-01	7.334990371765e-02	6.249057007135e-01	7.851189637526e-01	6.386727529331e+01	4.855051164314e+01	7.851189637526e-01
9     	4     	0  	-2 	2  	1.150260e+05	1.473000e+03	7.819289701064e-02	-9.098507139433e-01	-1.192629699699e-01	7.820178922338e-02	-9.097937180657e-01	-1.191953727152e-01	5.208204217201e+01	-6.161886503118e+01	-1.191953727152e-01
10    	4     	2  	-2 	-2 	7.097000e+03	2.220000e+02	7.819256261806e-02	1.565394750409e-01	5.469813520831e-01	7.819883046801e-02	1.565546813993e-01	5.469813520831e-01	8.264466985317e+01	1.626834763337e+01	5.469813520831e-01
11    	17    	0  	-2 	-4 	1.642215e+06	1.449300e+04	8.827871612586e-02	-7.337548891970e-02	-4.039715152779e-01	8.828937334786e-02	-7.349338652989e-02	-4.042422157955e-01	9.415899715514e+01	-3.366332989059e+00	-4.042422157955e-01
12    	45    	1  	-2 	-6 	1.879399e+06	1.444300e+04	9.592309707009e-02	3.236334037025e-01	-1.417288126386e-01	9.593603141405e-02	3.235795618701e-01	-1.416723452545e-01	9.715849144247e+01	3.560823179995e+01	-1.416723452545e-01
13    	45    	1  	1  	-6 	9.883654e+06	1.439600e+04	9.592060998566e-02	1.477588823840e+00	9.483412819558e-01	9.591987450358e-02	1.477471499875e+00	9.487947271820e-01	1.055761851141e+01	1.039226131125e+02	9.487947271820e-01
14    	45    	-1 	-1 	-6 	1.703512e+06	1.444500e+04	9.592344683636e-02	1.577863443787e-01	-8.270938807282e-01	9.592200683461e-02	1.578736156339e-01	-8.271538910467e-01	1.012156949307e+02	1.936669275897e+01	-8.271538910467e-01
15    	45    	2  	-1 	-6 	3.844391e+06	1.442200e+04	9.592171124725e-02	8.290269607099e-01	4.085548546717e-01	9.592424637856e-02	8.289740909222e-01	4.089816053344e-01	6.949215652329e+01	7.792274394414e+01	4.089816053344e-01
16    	2     	1  	-3 	1  	1.114190e+05	1.270000e+03	9.931762231758e-02	-5.949678457397e-01	1.693515630124e-01	9.933532752341e-02	-5.949321663063e-01	1.694216619040e-01	8.822289380379e+01	-5.522987891705e+01	1.694216619040e-01
17    	2     	2  	-3 	-1 	6.324900e+04	9.730000e+02	9.931742474350e-02	-1.892546279199e-01	3.879582369419e-01	9.932466940861e-02	-1.892940627456e-01	3.879582369419e-01	1.042281974867e+02	-1.621299591050e+01	3.879582369419e-01
18    	2     	3  	-2 	-1 	2.272800e+04	4.120000e+02	9.931724887285e-02	2.185762963093e-01	9.129176432547e-01	9.932967705662e-02	2.184290576965e-01	9.119819323723e-01	1.035150986118e+02	2.616805909599e+01	9.119819323723e-01
19    	2     	-1 	-2 	1  	1.822490e+05	2.575000e+03	9.932029828564e-02	-7.978576413420e-01	-6.772322671854e-01	9.933690957603e-02	-7.978207151879e-01	-6.771801703776e-01	7.471273211766e+01	-7.153137098372e+01	-6.771801703776e-01
20    	5     	2  	-3 	2  	2.900000e+03	5.100000e+01	1.014071933652e-01	-4.745020132646e-01	6.065238988536e-01	1.014278277997e-01	-4.744131705604e-01	6.021605757236e-01	9.658962019192e+01	-4.537499899757e+01	6.021605757236e-01
21    	5     	1  	-3 	-2 	9.404100e+04	1.494000e+03	1.014110929729e-01	-2.799674268253e-01	-6.105937801331e-03	1.014232792002e-01	-2.800194274888e-01	-6.105937801331e-03	1.041983513512e+02	-2.606187383296e+01	-6.105937801331e-03
22    	5     	-1 	-2 	-2 	1.123860e+05	2.343000e+03	1.014131495030e-01	-4.428511748071e-01	-6.823126726612e-01	1.014151007082e-01	-4.428114074914e-01	-6.822917074654e-01	9.812513860538e+01	-4.233338158523e+01	-6.822917074654e-01
23    	95    	0  	-1 	-8 	6.415300e+05	8.125000e+03	1.016803510152e-01	5.375130310892e-01	-5.843520800686e-01	1.016771509411e-01	5.374844094237e-01	-5.876716009226e-01	9.336023275134e+01	5.832856716232e+01	-5.876716009226e-01
24    	95    	1  	0  	-8 	1.121613e+06	1.441200e+04	1.016785767833e-01	1.137541308176e+00	-2.514918320856e-01	1.016790384044e-01	1.137578545933e+00	-2.514698834553e-01	4.617602040068e+01	1.006356007879e+02	-2.514698834553e-01
25    	19    	1  	-3 	4  	2.603548e+06	1.448900e+04	1.093759837330e-01	-8.663200945855e-01	3.970326171277e-01	1.093844387337e-01	-8.663235388996e-01	3.992430625196e-01	7.629685469187e+01	-8.449320204866e+01	3.992430625196e-01
26    	19    	2  	-3 	-4 	1.049235e+06	1.446700e+04	1.093792413265e-01	8.205456316120e-02	1.978920672142e-01	1.093892574310e-01	8.211627939437e-02	1.976030295717e-01	1.163344087170e+02	1.297493688523e+01	1.976030295717e-01
27    	19    	3  	-2 	-4 	1.710000e+04	3.430000e+02	1.093784593325e-01	4.665504603485e-01	6.731265466055e-01	1.093868433285e-01	4.664562711459e-01	6.731265466055e-01	1.042901627038e+02	5.536781661737e+01	6.731265466055e-01
28    	19    	-1 	-2 	4  	2.989512e+06	1.446700e+04	1.093789379008e-01	-1.126897758069e+00	-6.941224156102e-01	1.093789789210e-01	-1.126952680568e+00	-6.919122404013e-01	5.121732873816e+01	-1.008360829344e+02	-6.919122404013e-01
29    	6     	3  	-3 	0  	2.339600e+04	5.690000e+02	1.118253969583e-01	-8.371805365717e-02	7.230276630063e-01	1.118254440737e-01	-8.368320504658e-02	7.230276630063e-01	1.189383978112e+02	-6.341698783465e+00	7.230276630063e-01
30    	6     	0  	-3 	0  	4.011490e+06	1.449800e+04	1.118292856751e-01	-6.205795918941e-01	-2.696353233557e-01	1.118363299924e-01	-6.206219149663e-01	-2.696985484625e-01	9.753650674183e+01	-6.513869783008e+01	-2.696985484625e-01
31    	32    	2  	-3 	5  	2.030000e+03	3.900000e+01	1.149902231242e-01	-6.992700808106e-01	8.380552624813e-01	1.150238228617e-01	-6.996474575964e-01	8.380552624813e-01	9.440845824408e+01	-7.469919223174e+01	8.380552624813e-01
32    	32    	1  	-3 	-5 	4.291400e+04	9.980000e+02	1.149969336388e-01	-3.252927687396e-03	-1.412216886081e-01	1.149975105163e-01	-3.312019920001e-03	-1.412216886081e-01	1.227268923231e+02	3.125042579989e+00	-1.412216886081e-01
33    	32    	-1 	-2 	-5 	3.965000e+04	8.680000e+02	1.149982501480e-01	-1.379749620022e-01	-6.964650597896e-01	1.150096485949e-01	-1.379621466476e-01	-6.965155708947e-01	1.216621679059e+02	-1.316325697223e+01	-6.965155708947e-01
34    	32    	3  	-1 	-5 	9.294000e+03	1.030000e+02	1.149950329441e-01	7.707195746784e-01	8.623131049842e-01	1.149895364469e-01	7.706333160274e-01	8.623131049842e-01	8.822605012804e+01	8.796727933168e+01	8.623131049842e-01
35    	102   	0  	-2 	8  	1.221700e+04	1.820000e+02	1.204605831377e-01	-1.335533077822e+00	8.331287334374e-01	1.204721066394e-01	-1.335516229576e+00	8.360391631817e-01	3.130540000126e+01	-1.203895333839e+02	8.360391631817e-01
36    	102   	2  	-2 	-8 	1.648510e+05	2.226000e+03	1.204645285879e-01	5.952310405758e-01	7.243250394231e-02	1.204638297101e-01	5.952238500252e-01	7.245198459953e-02	1.065084140982e+02	7.478470837123e+01	7.245198459953e-02
37    	184   	1  	-1 	-10	2.623443e+06	1.445300e+04	1.240132366930e-01	8.018588147403e-01	-3.357698503152e-01	1.240166539073e-01	8.018627350701e-01	-3.360099439150e-01	9.224828200984e+01	9.756143888830e+01	-3.360099439150e-01
38    	184   	-1 	0  	-10	1.858336e+06	1.446500e+04	1.240120951664e-01	6.361307977768e-01	-9.953032983879e-01	1.240114934591e-01	6.361619197568e-01	-9.948963124527e-01	1.065996444617e+02	8.128041283122e+01	-9.948963124527e-01
39    	137   	1  	-2 	-9 	4.358380e+05	6.140000e+03	1.245049689765e-01	4.865052685926e-01	-2.756444473680e-01	1.245064270829e-01	4.865087617807e-01	-2.755466866166e-01	1.174727255252e+02	6.497931262174e+01	-2.755466866166e-01
40    	137   	1  	1  	-9 	1.785794e+06	1.440600e+04	1.245014967485e-01	1.430529971191e+00	-6.446893094632e-01	1.244949274755e-01	1.430468243570e+00	-6.446848356859e-01	1.952197922269e+01	1.334809747539e+02	-6.446848356859e-01
41    	137   	-1 	-1 	-9 	3.691020e+05	5.557000e+03	1.245047786246e-01	3.506002951051e-01	-8.277138688170e-01	1.245048635027e-01	3.506570475521e-01	-8.277708600573e-01	1.247996502805e+02	4.868995402528e+01	-8.277708600573e-01
42    	137   	2  	-1 	-9 	7.532630e+05	6.382000e+03	1.245033531922e-01	9.122698472849e-01	1.063715756927e-01	1.245031157695e-01	9.122902416996e-01	1.064002488779e-01	8.159643423996e+01	1.074138149788e+02	1.064002488779e-01
43    	3     	2  	-4 	0  	5.903270e+05	1.173000e+04	1.291487762826e-01	-3.943620164328e-01	2.728852214015e-01	1.291586264749e-01	-3.943624306336e-01	2.729357044337e-01	1.274635436044e+02	-4.888502887366e+01	2.729357044337e-01
44    	3     	-2 	-2 	0  	1.010256e+06	1.196800e+04	1.291533658419e-01	-6.731833511372e-01	-9.402163544157e-01	1.291490768320e-01	-6.732234091391e-01	-9.401521563956e-01	1.083121048098e+02	-8.157319710404e+01	-9.401521563956e-01
45    	12    	2  	-4 	3  	3.051600e+05	1.997000e+03	1.339400861594e-01	-6.153278987743e-01	4.364724643085e-01	1.339467146845e-01	-6.153331421640e-01	4.348693477051e-01	1.171588654560e+02	-7.820204802011e+01	4.348693477051e-01
46    	12    	2  	-4 	-3 	1.852500e+05	3.486000e+03	1.339438321829e-01	-1.646085767616e-01	1.296400949672e-01	1.339531024238e-01	-1.646260735379e-01	1.296663337902e-01	1.410819643906e+02	-1.963017935485e+01	1.296663337902e-01
47    	12    	-2 	-2 	-3 	2.341830e+05	4.342000e+03	1.339474026852e-01	-4.056532799846e-01	-9.001229954777e-01	1.339466351311e-01	-4.056654025867e-01	-9.000936871706e-01	1.316424691893e+02	-5.231396348923e+01	-9.000936871706e-01
48    	12    	4  	-2 	-3 	2.435400e+05	4.721000e+03	1.339429084240e-01	4.528168380069e-01	9.410664339375e-01	1.339375364502e-01	4.528046959094e-01	9.411025530943e-01	1.285083346919e+02	6.546586536638e+01	9.411025530943e-01
49    	12    	-2 	-2 	3  	4.876250e+05	6.565000e+03	1.339453681881e-01	-9.406892237386e-01	-1.018346501445e+00	1.339443452325e-01	-9.407749683005e-01	-1.018229227489e+00	8.512862824593e+01	-1.109516172118e+02	-1.018229227489e+00
50    	10    	1  	-4 	2  	3.059020e+05	4.359000e+03	1.364995575896e-01	-6.879621153158e-01	7.701884323589e-02	1.365062798305e-01	-6.879230230109e-01	7.710693642800e-02	1.130797924294e+02	-8.811923410581e+01	7.710693642800e-02
51    	10    	3  	-4 	-2 	1.362280e+05	3.137000e+03	1.364991736798e-01	-9.244800359638e-02	4.119211713548e-01	1.365015978119e-01	-9.242713510504e-02	4.118583293548e-01	1.450758926460e+02	-9.738775067089e+00	4.118583293548e-01
52    	10    	4  	-3 	-2 	1.224000e+03	3.600000e+01	1.364988944335e-01	2.041867288608e-01	7.874202503414e-01	1.365220656756e-01	2.046479599759e-01	7.874202503414e-01	1.425999981162e+02	3.290025112990e+01	7.874202503414e-01
53    	10    	-1 	-3 	2  	3.852480e+05	4.135000e+03	1.365023714299e-01	-8.453196412670e-01	-5.698824012207e-01	1.365076293128e-01	-8.453332924416e-01	-5.698510848000e-01	9.741963037737e+01	-1.045029737453e+02	-5.698510848000e-01
54    	106   	1  	-3 	-8 	1.085790e+05	2.200000e+03	1.367038976057e-01	2.011579652913e-01	-2.482441330148e-01	1.367053328380e-01	2.011885883404e-01	-2.523142210913e-01	1.429216744256e+02	3.244941484411e+01	-2.523142210913e-01
55    	106   	2  	1  	-8 	4.616240e+05	5.694000e+03	1.367006222690e-01	1.328143323358e+00	1.005473402101e+00	1.366974811422e-01	1.328104770362e+00	1.005948474852e+00	3.578137254153e+01	1.436286910750e+02	1.005948474852e+00
56    	106   	-1 	-2 	-8 	1.017550e+05	2.191000e+03	1.367045868107e-01	8.684657286317e-02	-7.152468487461e-01	1.367147542703e-01	8.682045028554e-02	-7.195582433782e-01	1.453717783761e+02	1.610973094547e+01	-7.195582433782e-01
57    	106   	3  	-1 	-8 	1.100300e+05	1.954000e+03	1.367013003960e-01	9.093656859962e-01	5.641222212464e-01	1.367035644093e-01	9.093101877619e-01	5.641222212464e-01	8.988093819082e+01	1.174852550930e+02	5.641222212464e-01
58    	191   	0  	-2 	-10	6.934990e+05	1.220900e+04	1.398436115814e-01	3.572320420940e-01	-5.444197830561e-01	1.398495220210e-01	3.572249730869e-01	-5.445535708526e-01	1.398345151555e+02	5.527112326403e+01	-5.445535708526e-01
59    	191   	2  	0  	-10	1.431351e+06	1.443700e+04	1.398403926964e-01	1.183283200270e+00	1.416748047154e-01	1.398396814187e-01	1.183229660766e+00	1.419533030277e-01	5.695898432991e+01	1.402932064066e+02	1.419533030277e-01
60    	302   	0  	0  	-12	1.062311e+06	1.281000e+04	1.419589147711e-01	8.952513246428e-01	-8.018960626826e-01	1.419643110058e-01	8.952438401368e-01	-8.018844880641e-01	9.506109239836e+01	1.206285680566e+02	-8.018844880641e-01
61    	24    	3  	-4 	4  	1.572700e+04	2.440000e+02	1.425237921297e-01	-4.972926935156e-01	7.330227097181e-01	1.425522185379e-01	-4.971547773251e-01	7.336089436962e-01	1.340613946350e+02	-6.835920150134e+01	7.336089436962e-01
62    	24    	1  	-4 	-4 	3.725430e+05	4.988000e+03	1.425312034377e-01	-2.214707371991e-01	-1.519098079935e-01	1.425336021686e-01	-2.214645873913e-01	-1.546511812358e-01	1.485407209819e+02	-2.952694599546e+01	-1.546511812358e-01
63    	24    	-1 	-3 	-4 	4.017750e+05	7.508000e+03	1.425330944935e-01	-3.343268423729e-01	-6.154041303761e-01	1.425422742781e-01	-3.343349079484e-01	-6.152717347012e-01	1.439525923463e+02	-4.589422557276e+01	-6.152717347012e-01
64    	54    	2  	-4 	6  	6.612900e+04	7.650000e+02	1.473911915451e-01	-7.934854868403e-01	6.159809022856e-01	1.474069912995e-01	-7.934480209119e-01	6.159809022856e-01	1.110427668760e+02	-1.076955519296e+02	6.159809022856e-01
65    	54    	2  	-4 	-6 	7.502910e+05	1.363900e+04	1.473980040979e-01	3.894485715495e-02	6.233899859798e-03	1.474012739130e-01	3.892921655454e-02	6.138630211734e-03	1.572268472511e+02	9.676823988807e+00	6.138630211734e-03
66    	54    	-2 	-2 	-6 	7.109830e+05	1.077000e+04	1.474004726640e-01	-1.717373796899e-01	-8.808592046734e-01	1.473993574367e-01	-1.717570561000e-01	-8.849789368573e-01	1.551825264347e+02	-2.305535161719e+01	-8.849789368573e-01
67    	54    	4  	-2 	-6 	6.329100e+04	8.590000e+02	1.473962391217e-01	6.258169184143e-01	7.387725653295e-01	1.473982484546e-01	6.257439487840e-01	7.387725653295e-01	1.275778363957e+02	9.489185256315e+01	7.387725653295e-01
68    	16    	4  	-4 	2  	6.773000e+03	1.140000e+02	1.510286679668e-01	-2.064335769711e-01	8.022185329770e-01	1.509093481833e-01	-2.063171058756e-01	8.027880262071e-01	1.578056024227e+02	-2.911824208599e+01	8.027880262071e-01
69    	16    	0  	-4 	-2 	2.479670e+05	3.055000e+03	1.510360120592e-01	-4.698535894586e-01	-3.372986365710e-01	1.510351579641e-01	-4.698732385734e-01	-3.372640948646e-01	1.441292517526e+02	-6.881376104531e+01	-3.372640948646e-01
70    	195   	1  	-3 	10 	9.841580e+05	1.170100e+04	1.540555982498e-01	-1.123745995248e+00	9.590855992784e-01	1.540610528370e-01	-1.123725450687e+00	9.622748315937e-01	7.225590712217e+01	-1.437381253895e+02	9.622748315937e-01
71    	195   	2  	-3 	-10	6.564060e+05	6.867000e+03	1.540628056156e-01	4.313016460959e-01	-9.234526569643e-02	1.540678285636e-01	4.312993523643e-01	-9.220358528950e-02	1.494302661318e+02	7.178631802535e+01	-9.220358528950e-02
72    	195   	-2 	-1 	-10	5.796950e+05	7.552000e+03	1.540628912937e-01	2.189770991884e-01	-9.768251522781e-01	1.540575559429e-01	2.190350527785e-01	-9.806346966578e-01	1.605970183290e+02	3.905848208782e+01	-9.806346966578e-01
73    	195   	3  	-2 	-10	1.292018e+06	9.581000e+03	1.540613640517e-01	7.473926875964e-01	2.294857525599e-01	1.540599439911e-01	7.474123742329e-01	2.296101460623e-01	1.207726040549e+02	1.144103789535e+02	2.296101460623e-01
74    	34    	0  	-4 	4  	4.537300e+05	6.454000e+03	1.565056351792e-01	-9.127589543938e-01	-1.831556763631e-01	1.565112714468e-01	-9.127484364730e-01	-1.832328108150e-01	1.030969491872e+02	-1.276946636264e+02	-1.832328108150e-01
75    	34    	4  	-4 	-4 	1.714200e+04	4.070000e+02	1.565049648538e-01	1.569395752251e-01	5.073393074255e-01	1.565170784081e-01	1.568706967256e-01	5.073393074255e-01	1.650523341181e+02	2.952377764521e+01	5.073393074255e-01
76    	115   	1  	-4 	8  	2.573830e+05	2.348000e+03	1.644561274589e-01	-1.044966142988e+00	4.176154592624e-01	1.644639706010e-01	-1.044965511502e+00	4.189520059480e-01	8.925141709407e+01	-1.473837975785e+02	4.189520059480e-01
77    	115   	3  	-4 	-8 	1.390850e+05	2.188000e+03	1.644619194720e-01	2.634886472844e-01	1.338232600823e-01	1.644694563492e-01	2.635013047567e-01	1.338232600823e-01	1.696077862508e+02	4.904623264520e+01	1.338232600823e-01
78    	115   	4  	-3 	-8 	1.870930e+05	2.720000e+03	1.644608576152e-01	5.302075190913e-01	4.424341515919e-01	1.644583629374e-01	5.301672846580e-01	4.424498237610e-01	1.515729856592e+02	9.175171190133e+01	4.424498237610e-01
79    	115   	-1 	-3 	8  	5.110250e+05	7.982000e+03	1.644591642541e-01	-1.283478174428e+00	-5.463694270386e-01	1.644663458387e-01	-1.283449602624e+00	-5.425661871610e-01	5.123723753629e+01	-1.639003149443e+02	-5.425661871610e-01
80    	155   	2  	-4 	9  	6.707000e+03	1.360000e+02	1.674420581715e-01	-9.168577354639e-01	8.003918213112e-01	1.674335547766e-01	-9.167588336899e-01	8.003918213112e-01	1.097381760457e+02	-1.374478945187e+02	8.003918213112e-01
81    	155   	2  	-4 	-9 	9.583200e+04	1.908000e+03	1.674510627668e-01	2.012777269484e-01	-1.000648854814e-01	1.674452074851e-01	2.012484562314e-01	-1.041659047406e-01	1.752910846390e+02	3.914161578058e+01	-1.041659047406e-01
82    	155   	-2 	-2 	-9 	8.254400e+04	1.561000e+03	1.674525523713e-01	1.502319985895e-02	-8.742090679933e-01	1.674381831983e-01	1.507551477433e-02	-8.742090679933e-01	1.789763152997e+02	6.333435102366e+00	-8.742090679933e-01
83    	155   	4  	-2 	-9 	2.132200e+05	1.741000e+03	1.674486924253e-01	7.501823691037e-01	5.330770538756e-01	1.674507158376e-01	7.502115725862e-01	5.330770538756e-01	1.309955271423e+02	1.246158056326e+02	5.330770538756e-01
84    	29    	2  	-5 	4  	9.091990e+05	9.762000e+03	1.693388373560e-01	-6.948952121460e-01	3.080674198248e-01	1.693484636483e-01	-6.948842958667e-01	3.082291393854e-01	1.396281340825e+02	-1.114589306794e+02	3.082291393854e-01
85    	29    	3  	-5 	-4 	4.125330e+05	7.543000e+03	1.693423539671e-01	-9.383281422211e-02	1.995520313010e-01	1.693449901220e-01	-9.378099035311e-02	1.995863427870e-01	1.802532809186e+02	-1.316091595538e+01	1.995863427870e-01
86    	29    	-3 	-2 	-4 	5.504010e+05	8.534000e+03	1.693471355642e-01	-3.768189853824e-01	-1.034818663092e+00	1.693440923345e-01	-3.768914283620e-01	-1.034745951742e+00	1.686254693587e+02	-6.247372962849e+01	-1.034745951742e+00
87    	29    	5  	-3 	-4 	5.842200e+04	9.220000e+02	1.693413780059e-01	3.928441645514e-01	8.210160627607e-01	1.693446208140e-01	3.927666445633e-01	8.210160627607e-01	1.671536593324e+02	7.237915238889e+01	8.210160627607e-01
88    	29    	-2 	-3 	4  	1.126901e+06	8.776000e+03	1.693444178572e-01	-9.669098540248e-01	-8.657645873642e-01	1.693480420685e-01	-9.669468407384e-01	-8.654716111329e-01	1.037982358804e+02	-1.444025826619e+02	-8.654716111329e-01
89    	491   	0  	-1 	-14	6.122420e+05	3.691000e+03	1.698277640136e-01	6.869045902385e-01	-6.899799842962e-01	1.698254540199e-01	6.869060729595e-01	-6.871001676546e-01	1.404505705281e+02	1.177975662802e+02	-6.871001676546e-01
90    	491   	1  	0  	-14	7.769890e+05	1.287000e+04	1.698258946638e-01	1.058736479956e+00	-5.870422781159e-01	1.698212282618e-01	1.058727007211e+00	-5.868131751380e-01	8.933725320943e+01	1.604950479187e+02	-5.868131751380e-01
91    	13    	4  	-5 	0  	2.045900e+04	4.410000e+02	1.709354157636e-01	-2.016490794525e-01	5.407932121278e-01	1.709355362621e-01	-2.017032439695e-01	5.407932121278e-01	1.791270748339e+02	-3.267437262110e+01	5.407932121278e-01
92    	13    	1  	-5 	0  	3.648600e+05	3.093000e+03	1.709396676057e-01	-5.549621100010e-01	-8.758394540208e-02	1.709457116322e-01	-5.549744138177e-01	-8.618077214984e-02	1.557542060950e+02	-9.196007735750e+01	-8.618077214984e-02
93    	13    	-1 	-4 	0  	4.557170e+05	4.199000e+03	1.709422737186e-01	-6.655377576680e-01	-5.406269477150e-01	1.709431026823e-01	-6.655545602152e-01	-5.406895179432e-01	1.443334802210e+02	-1.084125132602e+02	-5.406895179432e-01
94    	13    	5  	-4 	0  	1.758400e+04	3.470000e+02	1.709354708238e-01	3.577849324601e-02	8.417587691456e-01	1.709373932687e-01	3.566161851931e-02	8.417587691456e-01	1.825903183032e+02	1.013121474702e+01	8.417587691456e-01
95    	22    	1  	-5 	3  	1.558070e+05	1.700000e+03	1.745950045380e-01	-7.407882107209e-01	6.432910389955e-03	1.745973831036e-01	-7.407768567378e-01	6.458114590132e-03	1.384355464291e+02	-1.215060422200e+02	6.458114590132e-03
96    	22    	4  	-5 	-3 	3.227900e+04	5.450000e+02	1.745944406547e-01	-3.724936246685e-02	4.165713371973e-01	1.746009653525e-01	-3.728305388339e-02	4.165713371973e-01	1.865766923941e+02	-3.233179149406e+00	4.165713371973e-01
-999  	22    	5  	-4 	-3 	    nan     	    nan     	1.745941035448e-01	1.951538496405e-01	7.077861247734e-01	       nan        	       nan        	       nan        	       nan        	       nan        	       nan        
98    	22    	-1 	-4 	3  	1.737140e+05	1.352000e+03	1.745978855511e-01	-8.688084413619e-01	-5.169072781700e-01	1.746012778682e-01	-8.688024399468e-01	-5.167862101071e-01	1.214256571784e+02	-1.379910472396e+02	-5.167862101071e-01
99    	23    	4  	-5 	3  	5.320000e+02	2.800000e+01	1.745909029363e-01	-3.629335082496e-01	6.673005307942e-01	1.745263826193e-01	-3.628482102034e-01	6.673005307942e-01	1.747007313611e+02	-6.210309826098e+01	6.673005307942e-01
100   	23    	1  	-5 	-3 	7.730000e+04	1.368000e+03	1.745986663675e-01	-3.651539174941e-01	-1.688683803649e-01	1.745936700359e-01	-3.651511016145e-01	-1.688683803649e-01	1.746401555920e+02	-6.252474947317e+01	-1.688683803649e-01
101   	23    	-1 	-4 	-3 	7.990600e+04	1.104000e+03	1.746008894879e-01	-4.620547757876e-01	-5.657668835140e-01	1.746033179524e-01	-4.620747112959e-01	-5.657668835140e-01	1.674973713390e+02	-7.898537307913e+01	-5.657668835140e-01
102   	23    	5  	-4 	3  	6.781800e+04	1.599000e+03	1.745913478894e-01	-1.241742465265e-01	9.683541768506e-01	1.746010353701e-01	-1.242577230877e-01	9.683541768506e-01	1.853180577029e+02	-1.929742344769e+01	9.683541768506e-01
103   	127   	0  	-4 	-8 	1.480300e+05	2.512000e+03	1.767300131043e-01	-7.355058546465e-02	-4.483167510442e-01	1.767303447861e-01	-7.358213722345e-02	-4.518852849768e-01	1.885601020894e+02	-1.011400725811e+01	-4.518852849768e-01
104   	211   	1  	-4 	-10	4.556760e+05	8.807000e+03	1.791741697912e-01	1.350874339800e-01	-3.136401458668e-01	1.791658970425e-01	1.350968934422e-01	-3.176624664790e-01	1.898736822443e+02	2.930723656079e+01	-3.176624664790e-01
105   	211   	3  	1  	-10	1.342404e+06	1.446600e+04	1.791700007226e-01	1.251578236872e+00	9.799904263674e-01	1.791667087052e-01	1.251546537680e+00	9.831020411562e-01	6.068703036141e+01	1.840892581097e+02	9.831020411562e-01
106   	211   	-1 	-3 	-10	4.164940e+05	7.546000e+03	1.791750358615e-01	4.823626594647e-02	-6.665904389113e-01	1.791793156023e-01	4.826628429191e-02	-6.703835780178e-01	1.914637561840e+02	1.286595160494e+01	-6.703835780178e-01
107   	211   	4  	-1 	-10	3.363000e+04	4.480000e+02	1.791704459869e-01	9.452181543967e-01	6.426315827105e-01	1.791754011633e-01	9.451565793356e-01	6.426315827105e-01	1.124498676356e+02	1.577495446993e+02	6.426315827105e-01
108   	338   	0  	-3 	12 	1.002800e+04	1.250000e+02	1.808279139852e-01	-1.345119607152e+00	7.011796362761e-01	1.808335226045e-01	-1.345100213500e+00	7.044473423697e-01	4.480274965611e+01	-1.839524866972e+02	7.044473423697e-01
109   	338   	3  	-3 	-12	2.744760e+05	3.129000e+03	1.808338456577e-01	5.968099509191e-01	3.596019757426e-02	1.808309401154e-01	5.968214773496e-01	3.597393251350e-02	1.599965400483e+02	1.115536546249e+02	3.597393251350e-02
110   	341   	0  	-3 	-12	1.710400e+05	3.526000e+03	1.808364984454e-01	2.558461609405e-01	-5.355770184345e-01	1.808353645018e-01	2.558434334991e-01	-5.356144934209e-01	1.871258495018e+02	5.228029912963e+01	-5.356144934209e-01
111   	341   	3  	0  	-12	4.672310e+05	8.315000e+03	1.808320184295e-01	1.175470936412e+00	3.626368905593e-01	1.808285280293e-01	1.175478980048e+00	3.626673720271e-01	7.494780991941e+01	1.807091019068e+02	3.626673720271e-01
112   	504   	2  	-2 	-14	5.875760e+05	6.885000e+03	1.817344742451e-01	7.454175539929e-01	-2.272619591306e-01	1.817270005180e-01	7.454208772770e-01	-2.231204646467e-01	1.429434637490e+02	1.345056867264e+02	-2.231204646467e-01
113   	66    	1  	-5 	6  	7.612310e+05	4.904000e+03	1.851362510850e-01	-9.055601242301e-01	1.165100454328e-01	1.851441059161e-01	-9.055489973807e-01	1.183144284712e-01	1.232102393820e+02	-1.513024335178e+02	1.183144284712e-01
114   	66    	5  	-4 	-6 	2.745200e+04	4.250000e+02	1.851384288057e-01	3.394089112627e-01	5.709783331787e-01	1.851437117924e-01	3.394439819808e-01	5.709783331787e-01	1.867487589052e+02	6.918773168466e+01	5.709783331787e-01
115   	66    	-1 	-4 	6  	7.988070e+05	1.111300e+04	1.851392801748e-01	-1.056140406203e+00	-4.956719604779e-01	1.851412219975e-01	-1.056144006268e+00	-4.954258565709e-01	9.868719699219e+01	-1.678407366603e+02	-4.954258565709e-01
116   	68    	4  	-5 	6  	2.282900e+04	3.500000e+02	1.851324391742e-01	-5.062968744092e-01	7.919712717422e-01	1.851411590788e-01	-5.062195094733e-01	7.919712717422e-01	1.736810998542e+02	-9.176589361957e+01	7.919712717422e-01
117   	68    	1  	-5 	-6 	2.938870e+05	4.855000e+03	1.851431620712e-01	-1.881399092788e-01	-2.402916447168e-01	1.851412670818e-01	-1.881311338879e-01	-2.402255609797e-01	1.947750102058e+02	-3.310527200495e+01	-2.402255609797e-01
118   	68    	-1 	-4 	-6 	3.089460e+05	3.983000e+03	1.851449495266e-01	-2.741528171138e-01	-5.917869280142e-01	1.851446714397e-01	-2.741877698160e-01	-5.917843717051e-01	1.909609525227e+02	-4.959174891034e+01	-5.917843717051e-01
119   	605   	1  	-2 	-15	1.424800e+05	1.432000e+03	1.889619189682e-01	6.472718906287e-01	-4.610949883757e-01	1.889583726964e-01	6.472539830105e-01	-4.610949883757e-01	1.614021846360e+02	1.247559105482e+02	-4.610949883757e-01
120   	605   	1  	1  	-15	2.497790e+05	3.586000e+03	1.889575685922e-01	1.248595277009e+00	-8.421516713738e-01	1.889610402953e-01	1.248604866400e+00	-8.377626692035e-01	6.464114137245e+01	1.940147913149e+02	-8.377626692035e-01
121   	605   	-1 	-1 	-15	1.171540e+05	1.875000e+03	1.889611847530e-01	5.480035924728e-01	-8.519424506399e-01	1.889576951205e-01	5.480449939880e-01	-8.518358573456e-01	1.726769441744e+02	1.083116759152e+02	-8.518358573456e-01
122   	605   	2  	-1 	-15	1.788850e+05	1.989000e+03	1.889601275240e-01	9.558223927065e-01	-2.772273094149e-01	1.889553913522e-01	9.558441915814e-01	-2.770992525827e-01	1.169400750845e+02	1.676215839558e+02	-2.770992525827e-01
123   	223   	0  	-4 	10 	1.372726e+06	1.451800e+04	1.904952314597e-01	-1.230946090209e+00	7.823581622833e-02	1.905016330950e-01	-1.230925990023e+00	8.255555463219e-02	6.938944304510e+01	-1.876814705305e+02	8.255555463219e-02
124   	223   	4  	-4 	-10	5.292170e+05	6.273000e+03	1.904999636046e-01	4.336743151344e-01	2.323567881524e-01	1.904992695832e-01	4.337092059265e-01	2.323712084226e-01	1.850083016281e+02	8.880376151514e+01	2.323712084226e-01
125   	50    	0  	-5 	-4 	3.406450e+05	4.646000e+03	1.924905990746e-01	-3.822020164016e-01	-3.826789116811e-01	1.924874795942e-01	-3.822346205715e-01	-3.826725840332e-01	1.915740753473e+02	-7.268990726892e+01	-3.826725840332e-01
126   	508   	1  	-3 	-14	3.107980e+05	4.478000e+03	1.929167695854e-01	4.444718100138e-01	-4.105161896803e-01	1.929088636596e-01	4.444585865887e-01	-4.095700107292e-01	1.864781698951e+02	9.190544661064e+01	-4.095700107292e-01
127   	508   	-1 	-2 	-14	2.748050e+05	4.000000e+03	1.929166634337e-01	3.571574453848e-01	-7.599126045673e-01	1.929148159280e-01	3.571685448431e-01	-7.598011417905e-01	1.935360879403e+02	7.543752042700e+01	-7.598011417905e-01
128   	508   	3  	-1 	-14	5.737260e+05	8.809000e+03	1.929135062983e-01	1.013850064734e+00	5.721416630541e-02	1.929130974671e-01	1.013830404308e+00	5.726114386434e-02	1.094789530881e+02	1.777181631189e+02	5.726114386434e-02
129   	15    	3  	-6 	0  	6.343720e+05	8.577000e+03	1.938921341506e-01	-3.954217681072e-01	2.378149520917e-01	1.938971349131e-01	-3.953817099550e-01	2.378582846091e-01	1.919517974623e+02	-7.577493610831e+01	2.378582846091e-01
130   	15    	-3 	-3 	0  	1.144490e+06	1.021500e+04	1.938990365528e-01	-6.752392314641e-01	-9.816539426921e-01	1.938954373459e-01	-6.752754295615e-01	-9.817640579941e-01	1.627804769028e+02	-1.253452201588e+02	-9.817640579941e-01
131   	215   	2  	-5 	10 	1.105500e+04	1.190000e+02	2.011916497879e-01	-9.547864398411e-01	5.920249488665e-01	2.012014036208e-01	-9.547118687414e-01	5.957891291189e-01	1.256226416841e+02	-1.713957176895e+02	5.957891291189e-01
132   	215   	5  	-3 	-10	2.529800e+05	2.782000e+03	2.011986909433e-01	6.423504017771e-01	5.073589963640e-01	2.011981607203e-01	6.423239893100e-01	5.073710697540e-01	1.726420377504e+02	1.320020766797e+02	5.073710697540e-01
133   	37    	4  	-6 	4  	2.770600e+04	4.370000e+02	2.030762694853e-01	-4.764459025506e-01	5.493503378607e-01	2.030847007440e-01	-4.763960342426e-01	5.500788707705e-01	1.938680052815e+02	-9.552801203869e+01	5.500788707705e-01
134   	52    	1  	-6 	4  	4.287270e+05	2.945000e+03	2.131576460194e-01	-7.752287271587e-01	-5.237041053931e-02	2.131555091062e-01	-7.752342743831e-01	-4.798597949643e-02	1.641977381151e+02	-1.555493079766e+02	-4.798597949643e-02
135   	52    	-1 	-5 	4  	4.411990e+05	3.384000e+03	2.131605674551e-01	-8.830934750175e-01	-4.925343102191e-01	2.131616300434e-01	-8.831006254565e-01	-4.925059762456e-01	1.461950353067e+02	-1.721671332461e+02	-4.925059762456e-01
136   	523   	4  	-3 	-14	2.099740e+05	1.961000e+03	2.135466774750e-01	7.091420743443e-01	1.362461215137e-01	2.135465297750e-01	7.091590906671e-01	1.362461215137e-01	1.739344743651e+02	1.519990220381e+02	1.362461215137e-01
137   	1     	0  	1  	2  	1.025366e+06	1.434800e+04	4.412860725962e-02	3.068209676335e+00	-3.375893184146e-01	4.412603006642e-02	3.068023511921e+00	-3.375660159476e-01	-4.486875960568e+01	6.551827917801e+00	-3.375660159476e-01
138   	14    	-1 	1  	4  	2.665396e+06	1.443700e+04	6.020494333145e-02	-2.547383450210e+00	1.814583438454e-01	6.020902267267e-02	-2.547269483485e+00	1.815936800768e-01	-5.102254373660e+01	-3.234256673631e+01	1.815936800768e-01
139   	0     	1  	1  	0  	2.223490e+06	1.435000e+04	6.454301236227e-02	2.469542177440e+00	-8.164615574643e-01	6.454623183612e-02	2.469576702500e+00	-8.163054171032e-01	-5.180390761353e+01	4.540849855567e+01	-8.163054171032e-01
140   	0     	-1 	2  	0  	1.276224e+06	1.434300e+04	6.454072117261e-02	2.747784893600e+00	3.777554023666e-01	6.454238024358e-02	2.747719925475e+00	3.778034007536e-01	-6.140478425756e+01	2.916866387323e+01	3.778034007536e-01
141   	8     	1  	1  	3  	1.324917e+06	1.433300e+04	7.365017943190e-02	2.970105334288e+00	-7.686895171990e-01	7.364799434038e-02	2.970051581602e+00	-7.685703827821e-01	-7.498770536743e+01	1.630792859223e+01	-7.685703827821e-01
142   	8     	-2 	1  	3  	3.057390e+05	7.570000e+02	7.364806697468e-02	-2.517373410210e+00	8.749873117303e-01	7.307664755949e-02	-2.517676120845e+00	8.758988830431e-01	-6.097065026898e+01	-4.184220167517e+01	8.758988830431e-01
143   	8     	1  	1  	-3 	3.528031e+06	1.436500e+04	7.364833321397e-02	1.971386280132e+00	-8.937790692918e-01	7.365424338358e-02	1.971424533326e+00	-8.946975395034e-01	-2.895105822096e+01	7.456753986188e+01	-8.946975395034e-01
144   	8     	-1 	2  	-3 	8.327800e+04	1.088000e+03	7.364554832950e-02	2.350031023953e+00	7.732386894574e-01	7.364527950455e-02	2.350060485475e+00	7.730721792037e-01	-5.324460226671e+01	5.827996758360e+01	7.730721792037e-01
145   	8     	-1 	2  	3  	1.340343e+06	1.433900e+04	7.364894766430e-02	-3.102829184276e+00	1.168407308425e-01	7.363788731191e-02	-3.102749889081e+00	1.169534678384e-01	-7.607886615986e+01	5.963842357748e-02	1.169534678384e-01
146   	4     	-2 	2  	2  	4.136000e+03	1.100000e+02	7.819256261806e-02	-2.985126201025e+00	6.261404076451e-01	7.820950864040e-02	-2.985069233073e+00	6.261404076451e-01	-7.995988359812e+01	-9.777894680613e+00	6.261404076451e-01
147   	4     	0  	2  	-2 	1.160610e+05	1.999000e+03	7.819289701064e-02	2.231624428553e+00	8.017834107855e-03	7.819080938691e-02	2.231593210782e+00	8.236374335448e-03	-4.929080595524e+01	6.813139549773e+01	8.236374335448e-03
148   	17    	0  	2  	4  	1.554915e+06	1.434100e+04	8.827871612586e-02	3.068135499115e+00	-3.154546276579e-01	8.828203658286e-02	3.068177554869e+00	-3.153770909556e-01	-9.138126394263e+01	9.858395894606e+00	-3.153770909556e-01
149   	45    	1  	1  	6  	1.668289e+06	1.443900e+04	9.592344683636e-02	-2.983895930861e+00	-7.299663743324e-01	9.591849514631e-02	-2.984021475416e+00	-7.298887870675e-01	-9.839651756930e+01	-1.284889385099e+01	-7.298887870675e-01
150   	45    	-2 	1  	6  	3.153753e+06	1.444300e+04	9.592171124725e-02	-2.312696690340e+00	5.503968383967e-01	9.592005240647e-02	-2.312735473265e+00	5.500379926796e-01	-6.679021661259e+01	-7.145117993919e+01	5.500379926796e-01
151   	45    	-1 	2  	6  	1.852333e+06	1.443800e+04	9.592309707009e-02	-2.818052603477e+00	-4.056357272504e-02	9.592861621158e-02	-2.817998862847e+00	-4.041830866573e-02	-9.442084637813e+01	-2.912989214214e+01	-4.041830866573e-02
152   	2     	2  	1  	1  	1.037920e+05	1.716000e+03	9.932101479090e-02	2.619149262899e+00	-1.002493380784e+00	9.932947917427e-02	2.619176641824e+00	-1.002610039309e+00	-8.942888444252e+01	5.530015486638e+01	-1.002610039309e+00
153   	2     	-3 	2  	1  	9.763000e+03	2.620000e+02	9.931724887285e-02	-2.923110235454e+00	1.014650386546e+00	9.931080610448e-02	-2.923084713718e+00	1.014650386546e+00	-1.008216826251e+02	-1.968953165877e+01	1.014650386546e+00
154   	2     	1  	2  	-1 	1.755220e+05	2.258000e+03	9.932029828564e-02	2.343603747595e+00	-5.351019436885e-01	9.931740487485e-02	2.343557626271e+00	-5.351019436885e-01	-7.185326713867e+01	7.805501472600e+01	-5.351019436885e-01
155   	2     	-1 	3  	-1 	1.172840e+05	1.962000e+03	9.931762231758e-02	2.546514142573e+00	2.892356954333e-01	9.932435154151e-02	2.546585232759e+00	2.891966322253e-01	-8.549210939467e+01	6.175264558053e+01	2.891966322253e-01
156   	2     	-2 	3  	1  	6.487800e+04	1.653000e+03	9.931742474350e-02	2.952244713066e+00	4.890791371268e-01	9.931405565808e-02	2.952203673797e+00	4.848762154529e-01	-1.015327584803e+02	2.272845596978e+01	4.848762154529e-01
157   	5     	1  	2  	2  	1.162040e+05	2.438000e+03	1.014131495030e-01	2.698637902013e+00	-5.700908922707e-01	1.014109208911e-01	2.698526575125e+00	-5.701145480275e-01	-9.530172128443e+01	4.887619865599e+01	-5.701145480275e-01
158   	5     	-2 	3  	-2 	1.100000e+03	5.500000e+01	1.014071933652e-01	2.666985437774e+00	7.205033744286e-01	1.014238155486e-01	2.667068548691e+00	7.205033744286e-01	-9.389426371203e+01	5.190488804445e+01	7.205033744286e-01
159   	5     	-1 	3  	2  	9.094700e+04	1.751000e+03	1.014110929729e-01	2.861527853276e+00	9.940766653816e-02	1.014122345749e-01	2.861548375244e+00	9.940766653816e-02	-1.014730099922e+02	3.257445384393e+01	9.940766653816e-02
160   	95    	0  	1  	8  	6.442110e+05	8.120000e+03	1.016803510152e-01	-2.604188852307e+00	-4.660193486351e-01	1.016848328859e-01	-2.604158408023e+00	-4.663672570935e-01	-9.058128740287e+01	-5.186424309891e+01	-4.663672570935e-01
161   	95    	-1 	0  	8  	1.128120e+06	1.445200e+04	1.016785767833e-01	-2.004274783696e+00	-1.032565261062e-02	1.016838693467e-01	-2.004317745185e+00	-1.014054439369e-02	-4.343253750396e+01	-9.416618837132e+01	-1.014054439369e-02
162   	19    	2  	1  	4  	1.013742e+06	1.434100e+04	1.093814554509e-01	2.939784256578e+00	-9.285347385255e-01	1.093862080305e-01	2.939787569153e+00	-9.321723906369e-01	-1.116934183490e+02	2.612622239196e+01	-9.321723906369e-01
163   	19    	-3 	2  	4  	3.164000e+04	6.040000e+02	1.093784593325e-01	-2.675155216972e+00	7.955592890893e-01	1.093846374892e-01	-2.675207405128e+00	7.955592890893e-01	-1.016259417642e+02	-4.889726985995e+01	7.955592890893e-01
164   	19    	1  	2  	-4 	2.266820e+06	1.437500e+04	1.093789379008e-01	2.014459782100e+00	-4.404861627965e-01	1.093862306288e-01	2.014420508320e+00	-4.408616289442e-01	-4.835801127456e+01	1.073702237207e+02	-4.408616289442e-01
165   	19    	-1 	3  	-4 	1.263839e+06	1.192000e+04	1.093759837330e-01	2.275116677662e+00	5.657010192903e-01	1.093707565655e-01	2.275086353895e+00	5.658939345033e-01	-7.355743278840e+01	9.102363682587e+01	5.658939345033e-01
166   	19    	-2 	3  	4  	9.658620e+05	1.443500e+04	1.093792413265e-01	-3.059639378743e+00	3.076394180311e-01	1.093793266367e-01	-3.059655230156e+00	3.076108581241e-01	-1.136500825838e+02	-6.463447172281e+00	3.076108581241e-01
167   	6     	0  	3  	0  	3.731808e+06	1.435300e+04	1.118292856751e-01	2.520886186213e+00	-1.322422971855e-01	1.118311129602e-01	2.520798830087e+00	-1.318229067086e-01	-9.476773726465e+01	7.168234289839e+01	-1.318229067086e-01
168   	6     	-3 	3  	0  	2.901100e+04	7.960000e+02	1.118253969583e-01	3.057771026538e+00	8.352457952734e-01	1.118222218851e-01	3.057560556327e+00	8.352457952734e-01	-1.162778622547e+02	1.288573795204e+01	8.352457952734e-01
169   	32    	1  	2  	5  	3.917500e+04	1.075000e+03	1.149982501480e-01	3.003510527380e+00	-5.803649971189e-01	1.149978966622e-01	3.003486119907e+00	-5.803649971189e-01	-1.188697735511e+02	1.968708308247e+01	-5.803649971189e-01
170   	32    	-3 	1  	5  	6.007500e+04	8.400000e+02	1.149950329441e-01	-2.371021020051e+00	1.022427603280e+00	1.149829630249e-01	-2.370954826338e+00	1.022427603280e+00	-8.553746184106e+01	-8.151722673088e+01	1.022427603280e+00
171   	32    	-2 	3  	-5 	7.922700e+04	9.820000e+02	1.149902231242e-01	2.442183879379e+00	9.881998773730e-01	1.149870303923e-01	2.442219604500e+00	9.881998773730e-01	-9.170852800357e+01	8.118181609377e+01	9.881998773730e-01
172   	32    	-1 	3  	5  	4.131500e+04	6.370000e+02	1.149969336388e-01	3.138233581553e+00	-2.622407898100e-02	1.149957602438e-01	3.138263061455e+00	-2.622407898100e-02	-1.200249937143e+02	3.374026731571e+00	-2.622407898100e-02
173   	102   	2  	0  	8  	1.129320e+05	2.691000e+03	1.204636323637e-01	-2.832543040688e+00	-1.032639776460e+00	1.204711360029e-01	-2.832591236788e+00	-1.032697770191e+00	-1.196782327662e+02	-3.572787597131e+01	-1.032697770191e+00
174   	102   	-2 	2  	8  	1.688090e+05	2.296000e+03	1.204645285879e-01	-2.546495906227e+00	2.178306693931e-01	1.204611936736e-01	-2.546496305430e+00	2.180156354809e-01	-1.038250882251e+02	-6.832255196782e+01	2.180156354809e-01
175   	184   	1  	0  	10 	2.010571e+06	1.443100e+04	1.240120951664e-01	-2.505604172326e+00	-8.412517284089e-01	1.240164703710e-01	-2.505628813348e+00	-8.413256776679e-01	-1.037916042532e+02	-7.481953129736e+01	-8.413256776679e-01
176   	184   	-1 	1  	10 	2.434335e+06	1.443900e+04	1.240132366930e-01	-2.339898465531e+00	-1.576873428083e-01	1.240173421568e-01	-2.339961663452e+00	-1.571763826646e-01	-8.952241396513e+01	-9.110364314254e+01	-1.571763826646e-01
177   	184   	0  	-1 	10 	2.353095e+06	1.445300e+04	1.240102562930e-01	-1.977043823027e+00	-8.242884797592e-01	1.240142473897e-01	-1.977045522819e+00	-8.244456327847e-01	-5.005214306695e+01	-1.172183935756e+02	-8.244456327847e-01
178   	137   	1  	1  	9  	3.682330e+05	5.056000e+03	1.245047786246e-01	-2.791114742420e+00	-6.951702354178e-01	1.245077537011e-01	-2.791103974201e+00	-6.951324241295e-01	-1.220269393434e+02	-4.220777474906e+01	-6.951324241295e-01
179   	137   	-2 	1  	9  	8.066620e+05	6.289000e+03	1.245033531922e-01	-2.229510608944e+00	3.093630186744e-01	1.245029957853e-01	-2.229504564171e+00	3.113682459040e-01	-7.890635820382e+01	-1.009616739099e+02	3.113682459040e-01
180   	137   	-1 	2  	9  	4.700740e+05	4.123000e+03	1.245049689765e-01	-2.655217409127e+00	-1.348528798389e-01	1.244990720762e-01	-2.655226472129e+00	-1.368237054045e-01	-1.147604420955e+02	-5.850804347998e+01	-1.368237054045e-01
181   	137   	-1 	-1 	9  	2.026560e+06	1.446500e+04	1.245014967485e-01	-1.711882425970e+00	1.919328007177e-01	1.245030051885e-01	-1.711844236809e+00	1.949795868617e-01	-1.681225731114e+01	-1.270141298539e+02	1.949795868617e-01
182   	3     	2  	2  	0  	1.024250e+06	1.435800e+04	1.291533658419e-01	2.468256775245e+00	-7.751605920717e-01	1.291495002308e-01	2.468265291707e+00	-7.751390576822e-01	-1.054686965179e+02	8.812682800360e+01	-7.751390576822e-01
183   	3     	-2 	4  	0  	5.698340e+05	6.903000e+03	1.291487762826e-01	2.747101479552e+00	4.127415722960e-01	1.291499708031e-01	2.747036792850e+00	4.127887635139e-01	-1.247830467125e+02	5.543866736071e+01	4.127887635139e-01
184   	12    	2  	2  	3  	2.407280e+05	2.676000e+03	1.339474026852e-01	2.735804761541e+00	-7.543808315427e-01	1.339483414152e-01	2.735771511259e+00	-7.561595625255e-01	-1.288385572734e+02	5.887102108716e+01	-7.561595625255e-01
185   	12    	2  	2  	-3 	4.810250e+05	7.049000e+03	1.339453681881e-01	2.200693495414e+00	-7.916270877346e-01	1.339463667793e-01	2.200694052250e+00	-7.914987709756e-01	-8.224798323231e+01	1.175029916051e+02	-7.914987709756e-01
186   	12    	-2 	4  	-3 	5.606700e+04	8.890000e+02	1.339400861594e-01	2.526113289894e+00	6.003838430105e-01	1.339363618034e-01	2.526170911826e+00	6.003838430105e-01	-1.144724071933e+02	8.475171449552e+01	6.003838430105e-01
187   	12    	-2 	4  	3  	1.888340e+05	3.281000e+03	1.339438321829e-01	2.976858700056e+00	2.654151845712e-01	1.339425547494e-01	2.976879821321e+00	2.654563375336e-01	-1.384208427350e+02	2.615592795926e+01	2.654563375336e-01
188   	10    	-4 	3  	2  	6.565000e+03	1.500000e+02	1.364988944335e-01	-2.937534644315e+00	9.268038364695e-01	1.364968839152e-01	-2.937535896895e+00	9.268038364695e-01	-1.399783178372e+02	-2.633929987037e+01	9.268038364695e-01
189   	10    	1  	3  	-2 	3.906040e+05	3.607000e+03	1.365023714299e-01	2.296083011588e+00	-3.645316558164e-01	1.365025359830e-01	2.296062757123e+00	-3.644857888904e-01	-9.460282513321e+01	1.110636038429e+02	-3.644857888904e-01
190   	10    	-1 	4  	-2 	2.984570e+05	3.656000e+03	1.364995575896e-01	2.453467367332e+00	2.535348263903e-01	1.364989520456e-01	2.453457266072e+00	2.534373136321e-01	-1.103555554368e+02	9.468657248561e+01	2.534373136321e-01
191   	10    	-3 	4  	2  	1.041220e+05	2.267000e+03	1.364991736798e-01	3.049018061153e+00	5.490047664296e-01	1.364998397626e-01	3.048982260645e+00	5.490266412944e-01	-1.424497727467e+02	1.627310104728e+01	5.490266412944e-01
192   	106   	1  	2  	8  	1.002380e+05	1.457000e+03	1.367045868107e-01	-3.054872795400e+00	-5.780274157198e-01	1.367052017240e-01	-3.054863962234e+00	-5.780274157198e-01	-1.426238169555e+02	-9.608959923299e+00	-5.780274157198e-01
193   	106   	-3 	1  	8  	1.044200e+04	1.600000e+02	1.367013003960e-01	-2.232432452072e+00	7.860756679688e-01	1.367110644562e-01	-2.232386539399e+00	7.860756679688e-01	-8.721975146969e+01	-1.110593588892e+02	7.860756679688e-01
194   	106   	-1 	3  	8  	1.077670e+05	1.971000e+03	1.367038976057e-01	-2.940563521622e+00	-1.087377854923e-01	1.367041642224e-01	-2.940624187396e+00	-1.129917896986e-01	-1.402504038738e+02	-2.594562382510e+01	-1.129917896986e-01
195   	191   	0  	2  	10 	7.089280e+05	9.909000e+03	1.398436115814e-01	-2.784498456412e+00	-3.951902915004e-01	1.398421820633e-01	-2.784502939318e+00	-3.951718639740e-01	-1.371179127468e+02	-4.879698911199e+01	-3.951718639740e-01
196   	191   	-2 	0  	10 	1.307998e+06	1.446200e+04	1.398403926964e-01	-1.958651060250e+00	5.080295021458e-01	1.398336894222e-01	-1.958666992885e+00	5.082446896959e-01	-5.427391257162e+01	-1.338395788199e+02	5.082446896959e-01
197   	302   	0  	0  	12 	1.074963e+06	1.116000e+04	1.419589147711e-01	-2.246550962665e+00	-5.754986422280e-01	1.419626613542e-01	-2.246583723814e+00	-5.755593736584e-01	-9.228305024506e+01	-1.141861386037e+02	-5.755593736584e-01
198   	24    	1  	3  	4  	3.940080e+05	5.337000e+03	1.425330944935e-01	2.807126454072e+00	-4.645436848233e-01	1.425310696869e-01	2.807082763191e+00	-4.645072285591e-01	-1.411976108135e+02	5.245099199309e+01	-4.645072285591e-01
199   	24    	-3 	4  	-4 	1.385207e+06	5.700000e+02	1.425237921297e-01	2.644150184126e+00	8.951143633171e-01	1.437342166846e-01	2.644196211618e+00	8.953465771170e-01	-1.325205369529e+02	7.554238639974e+01	8.953465771170e-01
200   	24    	-1 	4  	4  	3.877740e+05	8.014000e+03	1.425312034377e-01	2.919986982492e+00	-5.820435999926e-03	1.425284781471e-01	2.919991147485e+00	-5.785194008345e-03	-1.458661091435e+02	3.607048918958e+01	-5.785194008345e-03
201   	54    	2  	2  	6  	7.530150e+05	9.517000e+03	1.474004726640e-01	2.969717090177e+00	-7.312642892110e-01	1.473948999770e-01	2.969682919564e+00	-7.313155876574e-01	-1.524215475767e+02	2.959863142485e+01	-7.313155876574e-01
202   	54    	-4 	2  	6  	1.240590e+05	9.800000e+02	1.473962391217e-01	-2.515943705159e+00	9.204519745843e-01	1.473943233086e-01	-2.516024898232e+00	9.235110383568e-01	-1.249626264014e+02	-8.844703613086e+01	9.235110383568e-01
203   	54    	2  	2  	-6 	1.747112e+06	1.438500e+04	1.473967726876e-01	1.966448082180e+00	-7.987267464515e-01	1.473929741153e-01	1.966414635344e+00	-7.946470636002e-01	-5.902317130179e+01	1.470970652661e+02	-7.946470636002e-01
204   	54    	-2 	4  	-6 	1.084140e+05	1.313000e+03	1.473911915451e-01	2.347913039407e+00	8.257593432427e-01	1.473914425662e-01	2.347812153944e+00	8.257593432427e-01	-1.083181299180e+02	1.142770411155e+02	8.257593432427e-01
205   	54    	-2 	4  	6  	6.754600e+05	8.681000e+03	1.473980040979e-01	-3.102784046416e+00	1.537430220399e-01	1.473975864561e-01	-3.102765856136e+00	1.498102174207e-01	-1.545969924485e+02	-3.168840709122e+00	1.498102174207e-01
206   	16    	0  	4  	2  	2.745520e+05	2.876000e+03	1.510360120592e-01	2.671582581254e+00	-1.679824538792e-01	1.510272132377e-01	2.671611440083e+00	-1.679499854610e-01	-1.414150351235e+02	7.537751542196e+01	-1.679499854610e-01
207   	16    	-4 	4  	-2 	1.632500e+04	3.950000e+02	1.510286679668e-01	2.935016534920e+00	9.565128918863e-01	1.510267395517e-01	2.934935383607e+00	9.563220549666e-01	-1.553214733510e+02	3.572355015389e+01	9.563220549666e-01
208   	195   	2  	1  	10 	5.749970e+05	9.447000e+03	1.540628912937e-01	-2.922761361004e+00	-8.190111841109e-01	1.540668884600e-01	-2.922771540374e+00	-8.192134612382e-01	-1.578691270147e+02	-3.256285811421e+01	-8.192134612382e-01
209   	195   	-3 	2  	10 	1.249928e+06	1.245100e+04	1.540613640517e-01	-2.394393994516e+00	4.391581875506e-01	1.540549927496e-01	-2.394414935019e+00	4.392891820562e-01	-1.181439939442e+02	-1.079729081255e+02	4.392891820562e-01
210   	195   	-2 	3  	10 	6.612600e+05	9.036000e+03	1.540628056156e-01	-2.710447676760e+00	7.717162718735e-02	1.540615253812e-01	-2.710424979574e+00	7.724220472749e-02	-1.467943036664e+02	-6.533079167544e+01	7.724220472749e-02
211   	34    	-4 	4  	4  	1.734500e+04	4.010000e+02	1.565049648538e-01	-2.984799468070e+00	6.657817654404e-01	1.565137053359e-01	-2.984816364575e+00	6.657817654404e-01	-1.624757681285e+02	-2.303571740521e+01	6.657817654404e-01
212   	34    	0  	4  	-4 	4.528120e+05	6.127000e+03	1.565056351792e-01	2.228597232134e+00	7.192512075626e-02	1.564990559994e-01	2.228622860925e+00	7.207141540340e-02	-1.003236682360e+02	1.342657689507e+02	7.207141540340e-02
213   	115   	3  	1  	8  	1.239110e+05	2.221000e+03	1.644636405085e-01	3.119547399647e+00	-9.409716897981e-01	1.644607969367e-01	3.119613919963e+00	-9.421080602634e-01	-1.730286752166e+02	6.684163024127e+00	-9.421080602634e-01
214   	115   	-4 	3  	8  	1.855500e+04	2.810000e+02	1.644608576152e-01	-2.611561287056e+00	6.329117899736e-01	1.644512942404e-01	-2.611577297273e+00	6.329117899736e-01	-1.489881894880e+02	-8.531396151268e+01	6.329117899736e-01
215   	115   	1  	3  	-8 	5.303970e+05	5.259000e+03	1.644591642541e-01	1.857577705537e+00	2.016165553884e-02	1.644512741548e-01	1.857597958979e+00	2.253572313747e-02	-4.833806411159e+01	1.704340223107e+02	2.253572313747e-02
216   	115   	-1 	4  	-8 	2.715600e+04	4.770000e+02	1.644561274589e-01	2.096323659720e+00	7.431820442605e-01	1.644459259803e-01	2.096378164660e+00	7.431820442605e-01	-8.649864562641e+01	1.539441011490e+02	7.431820442605e-01
217   	115   	-3 	4  	8  	1.384320e+05	2.027000e+03	1.644619194720e-01	-2.878261411591e+00	3.041326940425e-01	1.644658650972e-01	-2.878278615390e+00	3.041466257117e-01	-1.670293889105e+02	-4.256295071480e+01	3.041466257117e-01
218   	155   	2  	2  	9  	8.036800e+04	1.303000e+03	1.674525523713e-01	-3.126724223463e+00	-7.067378272804e-01	1.674430793100e-01	-3.126727922311e+00	-7.111011504104e-01	-1.762826406307e+02	1.994365698381e-01	-7.111011504104e-01
219   	155   	-4 	2  	9  	7.554000e+03	8.100000e+01	1.674486924253e-01	-2.391621795027e+00	7.614838798547e-01	1.674477326915e-01	-2.391557370519e+00	7.614838798547e-01	-1.283948420455e+02	-1.182019891980e+02	7.614838798547e-01
220   	155   	2  	2  	-9 	4.803920e+05	3.435000e+03	1.674476618413e-01	1.777441001951e+00	-7.783793578137e-01	1.674464276651e-01	1.777457968127e+00	-7.762279784335e-01	-3.541191800100e+01	1.770380990374e+02	-7.762279784335e-01
221   	155   	-2 	4  	9  	9.146300e+04	1.633000e+03	1.674510627668e-01	-2.940472863655e+00	7.081707687509e-02	1.674501327406e-01	-2.940437693984e+00	6.990069457838e-02	-1.727038274370e+02	-3.266595617538e+01	6.990069457838e-02
222   	29    	3  	2  	4  	5.477060e+05	8.999000e+03	1.693471355642e-01	2.764605341475e+00	-8.527555135957e-01	1.693507730116e-01	2.764616271571e+00	-8.527203253774e-01	-1.658713888287e+02	6.904791240973e+01	-8.527203253774e-01
223   	29    	-5 	3  	4  	1.594000e+05	2.508000e+03	1.693413780059e-01	-2.748917894519e+00	1.004239495573e+00	1.693339579842e-01	-2.748885733971e+00	1.004156636231e+00	-1.645856233738e+02	-6.593921669005e+01	1.004156636231e+00
224   	29    	2  	3  	-4 	1.091878e+06	1.175700e+04	1.693444178572e-01	2.174407125374e+00	-5.689655640297e-01	1.693377742873e-01	2.174361414590e+00	-5.684815766664e-01	-1.009239982131e+02	1.509865399268e+02	-5.684815766664e-01
225   	29    	-2 	5  	-4 	9.052580e+05	9.169000e+03	1.693388373560e-01	2.446493674958e+00	5.281801924598e-01	1.693394108176e-01	2.446525690659e+00	5.281134550522e-01	-1.369511611505e+02	1.180556956511e+02	5.281134550522e-01
226   	29    	-3 	5  	4  	4.243630e+05	9.474000e+03	1.693423539671e-01	3.047602639428e+00	3.696403560378e-01	1.693423213351e-01	3.047583314629e+00	3.696836537657e-01	-1.776778120555e+02	1.971693522965e+01	3.696836537657e-01
227   	491   	0  	1  	14 	6.215240e+05	6.528000e+03	1.698277640136e-01	-2.454891041100e+00	-4.707123974729e-01	1.698239991342e-01	-2.454899210061e+00	-4.707389765614e-01	-1.377521497121e+02	-1.113758984242e+02	-4.707389765614e-01
228   	491   	-1 	0  	14 	7.843860e+05	1.025200e+04	1.698258946638e-01	-2.083176418413e+00	-2.431339032795e-01	1.698276359988e-01	-2.083173953675e+00	-2.430481149440e-01	-8.662015643801e+01	-1.540831051798e+02	-2.430481149440e-01
229   	491   	1  	-1 	14 	7.901510e+05	9.384000e+03	1.698240255319e-01	-2.246255520752e+00	-9.069765021462e-01	1.698340089616e-01	-2.246260128236e+00	-9.069491233843e-01	-1.109589250330e+02	-1.377144118069e+02	-9.069491233843e-01
230   	13    	1  	4  	0  	4.714690e+05	2.792000e+03	1.709422737186e-01	2.475854020509e+00	-3.236125428890e-01	1.709393502618e-01	2.475865432055e+00	-3.225260363839e-01	-1.415825704161e+02	1.150127798810e+02	-3.225260363839e-01
231   	13    	-5 	4  	0  	1.630300e+04	3.580000e+02	1.709354708238e-01	-3.105972247848e+00	1.012802764680e+00	1.709418364127e-01	-3.106055207660e+00	1.008439441550e+00	-1.800537386592e+02	-3.617591805653e+00	1.008439441550e+00
232   	13    	-4 	5  	0  	1.775900e+04	2.960000e+02	1.709354157636e-01	2.939782317361e+00	7.152490284222e-01	1.709262328591e-01	2.939720945367e+00	7.152490284222e-01	-1.765527117031e+02	3.923686600075e+01	7.152490284222e-01
233   	13    	-1 	5  	0  	3.786140e+05	4.597000e+03	1.709396676057e-01	2.586444644086e+00	1.133643284938e-01	1.709382825656e-01	2.586454623664e+00	1.171579858807e-01	-1.530794875331e+02	9.855571422223e+01	1.171579858807e-01
234   	22    	-5 	4  	3  	5.920000e+02	3.700000e+01	1.745941035448e-01	-2.946603309314e+00	8.857380912545e-01	1.745504703135e-01	-2.946603309314e+00	8.857380912545e-01	-1.805015513458e+02	-3.310326104541e+01	8.857380912545e-01
235   	22    	1  	4  	-3 	1.614430e+05	1.321000e+03	1.745978855511e-01	2.272534245548e+00	-2.474351739795e-01	1.745916692285e-01	2.272567796136e+00	-2.474351739795e-01	-1.186303159235e+02	1.445868819377e+02	-2.474351739795e-01
236   	22    	-1 	5  	-3 	1.552360e+05	1.850000e+03	1.745950045380e-01	2.400585721846e+00	2.425552390815e-01	1.745936250998e-01	2.400624597316e+00	2.426627509406e-01	-1.357355895608e+02	1.281121268951e+02	2.426627509406e-01
237   	22    	-4 	5  	3  	1.214000e+04	2.400000e+02	1.745944406547e-01	3.104181792974e+00	5.912869567887e-01	1.745719411467e-01	3.104245660297e+00	5.912869567887e-01	-1.840037113556e+02	9.749661383795e+00	5.912869567887e-01
238   	23    	1  	4  	3  	8.681700e+04	6.940000e+02	1.746008894879e-01	2.679357571746e+00	-3.708260431422e-01	1.745935140008e-01	2.679364101322e+00	-3.720743223568e-01	-1.647848454990e+02	8.557679912112e+01	-3.720743223568e-01
239   	23    	-4 	5  	-3 	4.793000e+03	9.500000e+01	1.745909029363e-01	2.778486512280e+00	8.539947522506e-01	1.746172728354e-01	2.778351285807e+00	8.539947522506e-01	-1.721964215101e+02	6.876643656362e+01	8.539947522506e-01
240   	23    	-1 	5  	3  	7.657600e+04	1.206000e+03	1.745986663675e-01	2.776265949155e+00	1.799128902404e-02	1.745996599953e-01	2.776333729659e+00	1.770587472245e-02	-1.720159467391e+02	6.910608081754e+01	1.770587472245e-02
241   	127   	0  	4  	8  	1.527330e+05	2.980000e+03	1.767300131043e-01	3.067878254354e+00	-2.711089911120e-01	1.767194688431e-01	3.067871582356e+00	-2.710907073959e-01	-1.859259783352e+02	1.665247176713e+01	-2.710907073959e-01
242   	211   	1  	3  	10 	4.141730e+05	5.751000e+03	1.791750358615e-01	-3.093522222008e+00	-4.872085078034e-01	1.791762777192e-01	-3.093583068287e+00	-4.881993374897e-01	-1.888227736483e+02	-6.328569118525e+00	-4.881993374897e-01
243   	211   	-4 	1  	10 	2.550860e+05	3.031000e+03	1.791704459869e-01	-2.196657311790e+00	9.469993663072e-01	1.791645165764e-01	-2.196700795137e+00	9.469848439056e-01	-1.098402765711e+02	-1.513404414657e+02	9.469848439056e-01
244   	211   	-1 	4  	10 	4.487350e+05	6.365000e+03	1.791741697912e-01	-3.006672381984e+00	-1.328294985501e-01	1.791724309670e-01	-3.006658640525e+00	-1.328036240298e-01	-1.872937621213e+02	-2.280793266429e+01	-1.328036240298e-01
245   	338   	3  	0  	12 	1.807350e+05	2.632000e+03	1.808324982555e-01	-2.831844032473e+00	-1.000950873236e+00	1.808470987963e-01	-2.831848962156e+00	-1.000950873236e+00	-1.815514878959e+02	-5.578438124867e+01	-1.000950873236e+00
246   	338   	-3 	3  	12 	2.673280e+05	3.010000e+03	1.808338456577e-01	-2.544984813581e+00	2.542988164383e-01	1.808323463062e-01	-2.544980068263e+00	2.543100786067e-01	-1.574232891740e+02	-1.051370329222e+02	2.543100786067e-01
247   	341   	0  	3  	12 	1.658160e+05	2.211000e+03	1.808364984454e-01	-2.885919300323e+00	-3.486950584379e-01	1.808425091456e-01	-2.885898537630e+00	-3.526419586140e-01	-1.845189497674e+02	-4.581129319384e+01	-3.526419586140e-01
248   	341   	-3 	0  	12 	8.585000e+03	2.160000e+02	1.808320184295e-01	-1.966555609043e+00	8.248298880185e-01	1.808393202827e-01	-1.966604799366e+00	8.248298880185e-01	-7.234584619654e+01	-1.742988521883e+02	8.248298880185e-01
249   	504   	2  	0  	14 	5.264900e+05	6.362000e+03	1.817326137664e-01	-2.609187241503e+00	-8.776612457443e-01	1.817469892425e-01	-2.609177376807e+00	-8.773315661794e-01	-1.648343459840e+02	-9.523257220782e+01	-8.773315661794e-01
250   	504   	-2 	2  	14 	7.669780e+05	9.317000e+03	1.817344742451e-01	-2.396403736551e+00	1.945924465415e-02	1.817293965234e-01	-2.396359642250e+00	1.952570901705e-02	-1.403188790201e+02	-1.281105733911e+02	1.952570901705e-02
251   	504   	0  	-2 	14 	1.176517e+06	1.447800e+04	1.817290829739e-01	-1.881982794395e+00	-9.143385230118e-01	1.817434207430e-01	-1.882013519662e+00	-9.135442576210e-01	-5.729132664416e+01	-1.808111128062e+02	-9.135442576210e-01
252   	66    	4  	1  	6  	3.092870e+05	3.876000e+03	1.851430548293e-01	2.919589521409e+00	-1.032632781251e+00	1.851562239992e-01	2.919580583016e+00	-1.032658697065e+00	-1.907895107800e+02	4.618288766133e+01	-1.032658697065e+00
253   	66    	-5 	4  	6  	2.327700e+04	4.290000e+02	1.851384288057e-01	-2.802365279474e+00	7.672416870506e-01	1.851386564262e-01	-2.802385833346e+00	7.672416870506e-01	-1.842389103122e+02	-6.271973510955e+01	7.672416870506e-01
254   	66    	1  	4  	-6 	7.577190e+05	1.043800e+04	1.851392801748e-01	2.085104365642e+00	-1.227414246423e-01	1.851404560339e-01	2.085124674568e+00	-1.184695176635e-01	-9.585573741558e+01	1.744395496012e+02	-1.184695176635e-01
255   	66    	-1 	5  	-6 	7.797840e+05	1.011400e+04	1.851362510850e-01	2.235755144398e+00	4.151237651030e-01	1.851338924473e-01	2.235761743845e+00	4.151828373618e-01	-1.204738763352e+02	1.579140866142e+02	4.151828373618e-01
256   	66    	-4 	5  	6  	2.983530e+05	4.562000e+03	1.851391159076e-01	-3.026713075653e+00	4.841303778902e-01	1.851385780842e-01	-3.026755575449e+00	4.841935127203e-01	-1.942667866458e+02	-1.977111172067e+01	4.841935127203e-01
257   	68    	1  	4  	6  	3.215590e+05	5.058000e+03	1.851449495266e-01	2.867261998522e+00	-3.994979908329e-01	1.851447849991e-01	2.867260273340e+00	-3.994764970982e-01	-1.883109363201e+02	5.617341107625e+01	-3.994764970982e-01
258   	68    	-4 	5  	-6 	1.618920e+05	1.720000e+03	1.851324391742e-01	2.635100032022e+00	1.003487153918e+00	1.851349947197e-01	2.635095564718e+00	1.007551363071e+00	-1.710697001707e+02	9.839564970171e+01	1.007551363071e+00
259   	68    	-1 	5  	6  	3.125830e+05	4.187000e+03	1.851431620712e-01	2.953278475663e+00	-5.183901731491e-02	1.851478202348e-01	2.953282528936e+00	-5.553958457241e-02	-1.921910224521e+02	3.967989978096e+01	-5.553958457241e-02
260   	605   	1  	1  	15 	1.097540e+05	1.553000e+03	1.889611847530e-01	-2.593793767994e+00	-6.308220868536e-01	1.889666582186e-01	-2.593780796348e+00	-6.308220868536e-01	-1.700248142616e+02	-1.018947817475e+02	-6.308220868536e-01
261   	605   	-2 	1  	15 	1.769830e+05	2.301000e+03	1.889601275240e-01	-2.186073072649e+00	4.829796387361e-02	1.889591998178e-01	-2.186047451502e+00	4.829796387361e-02	-1.142996068763e+02	-1.612330789557e+02	4.829796387361e-02
262   	605   	-1 	2  	15 	1.340800e+05	1.502000e+03	1.889619189682e-01	-2.494539793993e+00	-2.246410946868e-01	1.889609971967e-01	-2.494532465381e+00	-2.246410946868e-01	-1.587801795750e+02	-1.183580497823e+02	-2.246410946868e-01
263   	605   	2  	-1 	15 	1.649600e+05	1.686000e+03	1.889570856250e-01	-2.430631607979e+00	-9.930908953737e-01	1.889684191802e-01	-2.430650676188e+00	-9.930908953737e-01	-1.506364054943e+02	-1.283360689858e+02	-9.930908953737e-01
264   	605   	-1 	-1 	15 	2.559910e+05	3.890000e+03	1.889575685922e-01	-1.893548747035e+00	-2.610567300634e-01	1.889565230948e-01	-1.893533691843e+00	-2.609677901394e-01	-6.193087044073e+01	-1.875850793920e+02	-2.609677901394e-01
265   	223   	-4 	4  	10 	5.542820e+05	7.940000e+03	1.904999636046e-01	-2.708112475627e+00	4.421457731748e-01	1.904996368439e-01	-2.708126330395e+00	4.421707117578e-01	-1.824956369179e+02	-8.236097796340e+01	4.421707117578e-01
266   	223   	0  	4  	-10	1.439410e+05	2.169000e+03	1.904952314597e-01	1.910117680711e+00	6.368678733955e-01	1.904911153500e-01	1.910127895487e+00	6.412479900799e-01	-6.654655828829e+01	1.942526710678e+02	6.412479900799e-01
267   	50    	0  	5  	4  	3.480940e+05	5.385000e+03	1.924905990746e-01	2.759198759836e+00	-1.753143732117e-01	1.924907577306e-01	2.759208623837e+00	-1.751762511597e-01	-1.889498874608e+02	7.929659212169e+01	-1.751762511597e-01
268   	508   	1  	2  	14 	2.739770e+05	3.282000e+03	1.929166634337e-01	-2.784625641464e+00	-5.540976821007e-01	1.929221131919e-01	-2.784642384457e+00	-5.578654412536e-01	-1.909259447667e+02	-6.898550822251e+01	-5.578654412536e-01
269   	508   	-3 	1  	14 	5.505940e+05	7.714000e+03	1.929135062983e-01	-2.128080031406e+00	4.192002691873e-01	1.929085141844e-01	-2.128096165104e+00	4.192211588443e-01	-1.068666632612e+02	-1.713243458527e+02	4.192211588443e-01
270   	508   	-1 	3  	14 	3.021540e+05	5.029000e+03	1.929167695854e-01	-2.697318458115e+00	-1.969977231753e-01	1.929193595953e-01	-2.697293901660e+00	-1.968146147694e-01	-1.839073044621e+02	-8.548646221310e+01	-1.968146147694e-01
271   	15    	3  	3  	0  	1.168949e+06	8.139000e+03	1.938990365528e-01	2.466123646641e+00	-7.337166740977e-01	1.938939320109e-01	2.466103310554e+00	-7.300170977342e-01	-1.599881742802e+02	1.319800950024e+02	-7.300170977342e-01
272   	15    	-3 	6  	0  	6.490880e+05	7.080000e+03	1.938921341506e-01	2.745976552293e+00	4.478142059280e-01	1.938960386177e-01	2.745959983186e+00	4.478911620930e-01	-1.893775607774e+02	8.240280285353e+01	4.478911620930e-01
273   	215   	-5 	3  	10 	9.700000e+03	1.190000e+02	2.011986909433e-01	-2.499474697150e+00	7.581472135789e-01	2.012112111317e-01	-2.499495848596e+00	7.588331999473e-01	-1.701435218017e+02	-1.256216843106e+02	7.588331999473e-01
274   	215   	-2 	5  	-10	8.986200e+04	1.231000e+03	2.011916497879e-01	2.186484001768e+00	9.380041150793e-01	2.011934993600e-01	2.186446472341e+00	9.423674382093e-01	-1.228758523657e+02	1.780408357128e+02	9.423674382093e-01
275   	37    	2  	4  	4  	1.942050e+05	2.159000e+03	2.030882280479e-01	2.696741609975e+00	-5.138002759616e-01	2.030932265816e-01	2.696727950200e+00	-5.138002759616e-01	-1.942955728176e+02	9.600422689958e+01	-5.138002759616e-01
276   	37    	4  	2  	-4 	3.966250e+05	3.479000e+03	2.030855957860e-01	2.271521486662e+00	-1.025973211155e+00	2.030899857869e-01	2.271531606601e+00	-1.021664959682e+00	-1.385291661456e+02	1.684295925606e+02	-1.021664959682e+00
277   	37    	-4 	6  	-4 	1.529800e+04	2.620000e+02	2.030762694853e-01	2.664935311089e+00	7.776815944656e-01	2.030833455789e-01	2.664985072344e+00	7.776815944656e-01	-1.913058980726e+02	1.021682928393e+02	7.776815944656e-01
278   	52    	1  	5  	-4 	4.359670e+05	3.728000e+03	2.131605674551e-01	2.258188325649e+00	-1.585225516753e-01	2.131602890220e-01	2.258193391621e+00	-1.546523814306e-01	-1.434215176312e+02	1.788261096638e+02	-1.546523814306e-01
279   	52    	-1 	6  	-4 	4.421550e+05	3.266000e+03	2.131576460194e-01	2.366087690087e+00	2.450249698228e-01	2.131651864691e-01	2.366111537390e+00	2.450597062781e-01	-1.615261336255e+02	1.622220765752e+02	2.450597062781e-01
280   	523   	-4 	3  	14 	2.069240e+05	2.026000e+03	2.135466774750e-01	-2.432710973812e+00	4.168157955497e-01	2.135508662465e-01	-2.432704371717e+00	4.169062992268e-01	-1.714285269426e+02	-1.456326009890e+02	4.169062992268e-01
