#
# ID	PID	H	K	L	sum(int)	max(int)	pred tth          	pred eta          	 pred ome          	meas tth          	meas eta          	 meas ome          	meas X            	meas Y            	 meas ome
#
0     	1     	0  	-1 	-2 	1.143933e+06	1.403800e+04	4.412863793738e-02	-7.335993380605e-02	-3.818557246529e-01	4.412830322103e-02	-7.346508393141e-02	-3.819392505674e-01	4.757996970537e+01	-1.106212088430e-02	-3.819392505674e-01
1     	14    	0  	-1 	4  	5.749964e+06	1.444200e+04	6.020356222764e-02	-1.329985230933e+00	9.608501346835e-01	6.020232558423e-02	-1.330000013079e+00	9.599128786599e-01	1.671280267914e+01	-5.818728730490e+01	9.599128786599e-01
2     	14    	1  	-1 	-4 	2.784451e+06	1.440800e+04	6.020485540194e-02	5.942635137773e-01	1.087830644615e-01	6.020760101190e-02	5.942297051792e-01	1.092288238808e-01	5.374462949412e+01	3.886591274999e+01	1.092288238808e-01
3     	0     	1  	-2 	0  	1.196481e+06	1.447000e+04	6.454253544455e-02	-3.937400422639e-01	3.078966660453e-01	6.454346029046e-02	-3.936630261225e-01	3.079251074138e-01	6.414707278718e+01	-2.261510119891e+01	3.079251074138e-01
4     	0     	-1 	-1 	0  	1.775599e+06	1.446200e+04	6.454318426332e-02	-6.719898195439e-01	-8.989418444751e-01	6.454197683944e-02	-6.720345421875e-01	-8.986388813518e-01	5.452622118904e+01	-3.886206819745e+01	-8.986388813518e-01
5     	8     	1  	-2 	3  	2.069290e+05	6.100000e+01	7.364831512625e-02	-7.914273548814e-01	6.685347029219e-01	7.515710526436e-02	-7.922085322425e-01	6.674690120280e-01	5.711651889152e+01	-5.290850250553e+01	6.674690120280e-01
6     	8     	1  	-2 	-3 	1.336658e+06	1.442300e+04	7.364957300540e-02	3.881775274579e-02	4.313678216704e-02	7.365244718203e-02	3.881907434229e-02	4.327723746998e-02	7.879621757134e+01	6.474252987272e+00	4.327723746998e-02
7     	8     	-1 	-1 	-3 	1.260557e+06	1.448300e+04	7.365102335674e-02	-1.714352507728e-01	-8.434740085714e-01	7.365414951513e-02	-1.715624153571e-01	-8.434081930423e-01	7.769962167357e+01	-9.769930649259e+00	-8.434081930423e-01
8     	8     	2  	-1 	-3 	1.087320e+05	7.280000e+02	7.364928762672e-02	6.242893994785e-01	7.842239126811e-01	7.330726754842e-02	6.239432123519e-01	7.846394099376e-01	6.395833570673e+01	4.851050245978e+01	7.846394099376e-01
9     	4     	0  	-2 	2  	1.096790e+05	1.007000e+03	7.819344035229e-02	-9.098543465821e-01	-1.192106132918e-01	7.820116432285e-02	-9.097881377552e-01	-1.191440171073e-01	5.202121969496e+01	-6.158732006298e+01	-1.191440171073e-01
10    	4     	2  	-2 	-2 	8.264000e+03	2.960000e+02	7.819505483393e-02	1.565292794191e-01	5.469849758581e-01	7.819382655858e-02	1.564933055869e-01	5.469849758581e-01	8.269144624235e+01	1.630472156716e+01	5.469849758581e-01
11    	17    	0  	-2 	-4 	1.495375e+06	1.449400e+04	8.827877752626e-02	-7.339326133957e-02	-4.039903600705e-01	8.827843900624e-02	-7.344697039283e-02	-4.042267053419e-01	9.405145487553e+01	-3.322131083388e+00	-4.042267053419e-01
12    	45    	1  	-2 	-6 	1.818909e+06	1.444000e+04	9.592299872018e-02	3.236176017582e-01	-1.417493769511e-01	9.592378201065e-02	3.235997060745e-01	-1.416436228423e-01	9.708768051076e+01	3.565051986704e+01	-1.416436228423e-01
13    	45    	1  	1  	-6 	1.003254e+07	1.439600e+04	9.592014809468e-02	1.477631143364e+00	9.480789257952e-01	9.592444444192e-02	1.477581538672e+00	9.484370909297e-01	1.064620326956e+01	1.039813738159e+02	9.484370909297e-01
14    	45    	-1 	-1 	-6 	1.501901e+06	1.444500e+04	9.592479035320e-02	1.577645648746e-01	-8.271428816314e-01	9.592029183413e-02	1.577973185862e-01	-8.271968631569e-01	1.010728613790e+02	1.939956462757e+01	-8.271968631569e-01
15    	45    	2  	-1 	-6 	3.738795e+06	1.442200e+04	9.592161890099e-02	8.290190246136e-01	4.085243796064e-01	9.592905146872e-02	8.289679458523e-01	4.088171000678e-01	6.952318164598e+01	7.797787430804e+01	4.088171000678e-01
16    	2     	1  	-3 	1  	1.049280e+05	8.840000e+02	9.931970572679e-02	-5.949634551321e-01	1.693874674189e-01	9.932397405043e-02	-5.949545236179e-01	1.694456849812e-01	8.820237507902e+01	-5.519405021804e+01	1.694456849812e-01
17    	2     	2  	-3 	-1 	6.731600e+04	1.417000e+03	9.932065962769e-02	-1.892555990867e-01	3.879755051519e-01	9.932377842169e-02	-1.891814739980e-01	3.880058402167e-01	1.042586081147e+02	-1.616409651711e+01	3.880058402167e-01
18    	2     	3  	-2 	-1 	2.380000e+04	3.690000e+02	9.932180130523e-02	2.185680568431e-01	9.129078423476e-01	9.933188075534e-02	2.186631776733e-01	9.123686602751e-01	1.036184129393e+02	2.623576334723e+01	9.123686602751e-01
19    	2     	-1 	-2 	1  	1.674880e+05	1.899000e+03	9.932019102929e-02	-7.978758701293e-01	-6.772312515148e-01	9.933038720779e-02	-7.978740104489e-01	-6.771587239809e-01	7.457342273915e+01	-7.149704369599e+01	-6.771587239809e-01
20    	5     	2  	-3 	2  	2.040000e+03	6.700000e+01	1.014118267866e-01	-4.744810395466e-01	6.065487757640e-01	1.013880342497e-01	-4.741844476476e-01	6.021854526340e-01	9.662494534979e+01	-4.530103090691e+01	6.021854526340e-01
21    	5     	1  	-3 	-2 	8.954800e+04	1.469000e+03	1.014122638809e-01	-2.799773168445e-01	-6.092949709061e-03	1.014196989937e-01	-2.799869110099e-01	-6.092949709061e-03	1.041602260063e+02	-2.602182603756e+01	-6.092949709061e-03
22    	5     	-1 	-2 	-2 	1.030460e+05	1.475000e+03	1.014133800085e-01	-4.428683386495e-01	-6.823326618445e-01	1.014184543669e-01	-4.428558695118e-01	-6.823326618445e-01	9.799733798331e+01	-4.230335073104e+01	-6.823326618445e-01
23    	95    	0  	-1 	-8 	5.501590e+05	4.965000e+03	1.016806420223e-01	5.374912733736e-01	-5.844062303571e-01	1.016871472268e-01	5.374511456468e-01	-5.872801551425e-01	9.325201916746e+01	5.837614129866e+01	-5.872801551425e-01
24    	95    	1  	0  	-8 	9.004300e+05	1.441200e+04	1.016780179143e-01	1.137532869465e+00	-2.515922682233e-01	1.016826043229e-01	1.137523992843e+00	-2.515506183868e-01	4.610173713742e+01	1.006894379298e+02	-2.515506183868e-01
25    	19    	1  	-3 	4  	2.713283e+06	1.448900e+04	1.093788253481e-01	-8.662941589994e-01	3.970900994779e-01	1.093818740039e-01	-8.663394562678e-01	3.950261332331e-01	7.631972216634e+01	-8.446576747935e+01	3.950261332331e-01
26    	19    	2  	-3 	-4 	1.070529e+06	1.446700e+04	1.093809636628e-01	8.204240040349e-02	1.978962013501e-01	1.093865854066e-01	8.204637203501e-02	1.976258864373e-01	1.163320458105e+02	1.300827071348e+01	1.976258864373e-01
27    	19    	3  	-2 	-4 	1.830600e+04	3.080000e+02	1.093809824686e-01	4.665358315329e-01	6.731166203015e-01	1.093800494797e-01	4.667201523429e-01	6.731166203015e-01	1.043436009847e+02	5.543958536820e+01	6.731166203015e-01
28    	19    	-1 	-2 	4  	2.603219e+06	1.446700e+04	1.093786718708e-01	-1.126917848558e+00	-6.940816261542e-01	1.093825047321e-01	-1.126899776057e+00	-6.919385263827e-01	5.109052040692e+01	-1.008058836803e+02	-6.919385263827e-01
29    	6     	3  	-3 	0  	2.890000e+04	6.660000e+02	1.118310516507e-01	-8.371487176630e-02	7.230332913092e-01	1.118368842480e-01	-8.374293967452e-02	7.230332913092e-01	1.190329602456e+02	-6.310800841709e+00	7.230332913092e-01
30    	6     	0  	-3 	0  	3.849216e+06	1.449800e+04	1.118297530444e-01	-6.205918764160e-01	-2.696172027118e-01	1.118371235107e-01	-6.206198831460e-01	-2.696922252137e-01	9.746027999078e+01	-6.510803237057e+01	-2.696922252137e-01
31    	32    	2  	-3 	5  	2.856000e+03	5.600000e+01	1.149957394801e-01	-6.992268917247e-01	8.380768966916e-01	1.149843972844e-01	-6.992836376238e-01	8.380768966916e-01	9.450013492822e+01	-7.460855483914e+01	8.380768966916e-01
32    	32    	1  	-3 	-5 	3.933100e+04	7.570000e+02	1.149973351061e-01	-3.268314928838e-03	-1.412273308038e-01	1.150130550951e-01	-3.379157643375e-03	-1.412273308038e-01	1.226892318066e+02	3.156824753702e+00	-1.412273308038e-01
33    	32    	-1 	-2 	-5 	3.704000e+04	9.640000e+02	1.149988852454e-01	-1.379931234657e-01	-6.964978639809e-01	1.150040486185e-01	-1.379488519710e-01	-6.965759655801e-01	1.215279921954e+02	-1.312247351609e+01	-6.965759655801e-01
34    	32    	3  	-1 	-5 	8.728000e+03	1.560000e+02	1.149962012754e-01	7.707097849605e-01	8.622874570056e-01	1.150086608811e-01	7.706345966242e-01	8.622874570056e-01	8.833845021248e+01	8.803317430121e+01	8.622874570056e-01
35    	102   	0  	-2 	8  	1.239900e+04	1.440000e+02	1.204617626159e-01	-1.335479452861e+00	8.332520937796e-01	1.204766923670e-01	-1.335442716592e+00	8.361465475859e-01	3.140239498630e+01	-1.203684060288e+02	8.361465475859e-01
36    	102   	2  	-2 	-8 	1.664860e+05	2.799000e+03	1.204643524892e-01	5.952183092409e-01	7.240862918450e-02	1.204699499087e-01	5.952764432409e-01	7.242852132111e-02	1.064877292985e+02	7.484483381740e+01	7.242852132111e-02
37    	184   	1  	-1 	-10	2.519687e+06	1.444800e+04	1.240126989972e-01	8.018441153731e-01	-3.358278541407e-01	1.240161909619e-01	8.018235437859e-01	-3.361233189818e-01	9.216443462884e+01	9.760921070220e+01	-3.361233189818e-01
38    	184   	-1 	0  	-10	1.765883e+06	1.446300e+04	1.240145599970e-01	6.360957777513e-01	-9.953707431289e-01	1.240099933900e-01	6.362219139550e-01	-9.949622314383e-01	1.064396856115e+02	8.132867556610e+01	-9.949622314383e-01
39    	137   	1  	-2 	-9 	4.065310e+05	4.705000e+03	1.245045720896e-01	4.864891939820e-01	-2.756792770335e-01	1.245104710302e-01	4.865083851128e-01	-2.755823145358e-01	1.174012519767e+02	6.502925919505e+01	-2.755823145358e-01
40    	137   	1  	1  	-9 	1.713113e+06	1.441400e+04	1.245011057919e-01	1.430519651253e+00	-6.449564815005e-01	1.245081696409e-01	1.430499451627e+00	-6.449050394548e-01	1.938769275635e+01	1.335471783734e+02	-6.449050394548e-01
41    	137   	-1 	-1 	-9 	3.372550e+05	6.874000e+03	1.245064762922e-01	3.505753351945e-01	-8.277688984275e-01	1.245055497548e-01	3.506032812665e-01	-8.278370545298e-01	1.246619932028e+02	4.872628052598e+01	-8.278370545298e-01
42    	137   	2  	-1 	-9 	7.698370e+05	9.308000e+03	1.245026128218e-01	9.122634915587e-01	1.063244240152e-01	1.245012387688e-01	9.123162825301e-01	1.063686842811e-01	8.157193444278e+01	1.074703428965e+02	1.063686842811e-01
43    	3     	2  	-4 	0  	5.881090e+05	1.085900e+04	1.291524105119e-01	-3.943587888907e-01	2.729109659922e-01	1.291558255891e-01	-3.943860451892e-01	2.729623590831e-01	1.274734983784e+02	-4.885486986831e+01	2.729623590831e-01
44    	3     	-2 	-2 	0  	8.773170e+05	1.040600e+04	1.291537101827e-01	-6.731988087995e-01	-9.402396686391e-01	1.291510542795e-01	-6.732404222712e-01	-9.401891628967e-01	1.081618740230e+02	-8.154085145186e+01	-9.401891628967e-01
45    	12    	2  	-4 	3  	3.042220e+05	2.005000e+03	1.339448293011e-01	-6.153077685493e-01	4.365088757746e-01	1.339417885531e-01	-6.152971818873e-01	4.349712096204e-01	1.171962225394e+02	-7.816727564742e+01	4.349712096204e-01
46    	12    	2  	-4 	-3 	1.829540e+05	3.176000e+03	1.339462154631e-01	-1.646169013760e-01	1.296528722072e-01	1.339488790523e-01	-1.646060242649e-01	1.296779139624e-01	1.410703402266e+02	-1.959008821559e+01	1.296779139624e-01
47    	12    	-2 	-2 	-3 	2.299600e+05	4.842000e+03	1.339484404424e-01	-4.056683249101e-01	-9.001557550022e-01	1.339504943619e-01	-4.057660775381e-01	-9.001337448490e-01	1.314943472319e+02	-5.229207419788e+01	-9.001337448490e-01
48    	12    	4  	-2 	-3 	2.498170e+05	4.216000e+03	1.339472511412e-01	4.528035399867e-01	9.410487239368e-01	1.339434459482e-01	4.527607786620e-01	9.410970700398e-01	1.286298855210e+02	6.551123778843e+01	9.410970700398e-01
49    	12    	-2 	-2 	3  	4.490540e+05	5.245000e+03	1.339451111599e-01	-9.407081930482e-01	-1.018357664858e+00	1.339477864104e-01	-9.407408317579e-01	-1.018246913908e+00	8.497854344468e+01	-1.109164017817e+02	-1.018246913908e+00
50    	10    	1  	-4 	2  	3.121460e+05	4.241000e+03	1.365018898621e-01	-6.879586441859e-01	7.705922853827e-02	1.365090912338e-01	-6.879454400395e-01	7.713805312398e-02	1.130595110354e+02	-8.809748240315e+01	7.713805312398e-02
51    	10    	3  	-4 	-2 	1.406000e+05	3.512000e+03	1.365037434073e-01	-9.245155857990e-02	4.119338252078e-01	1.365050036978e-01	-9.247400302900e-02	4.118598721564e-01	1.451182892804e+02	-9.707672241550e+00	4.118598721564e-01
52    	10    	4  	-3 	-2 	1.360000e+03	8.000000e+01	1.365047447127e-01	2.041777988216e-01	7.874143737384e-01	1.365162946857e-01	2.043653624856e-01	7.874143737384e-01	1.426976455994e+02	3.290348217074e+01	7.874143737384e-01
53    	10    	-1 	-3 	2  	3.641910e+05	4.877000e+03	1.365022895905e-01	-8.453367783791e-01	-5.698673803761e-01	1.365062613855e-01	-8.453575246560e-01	-5.698351039264e-01	9.729931551892e+01	-1.044751691615e+02	-5.698351039264e-01
54    	106   	1  	-3 	-8 	9.972000e+04	2.139000e+03	1.367038180489e-01	2.011412361885e-01	-2.482637623817e-01	1.367061301026e-01	2.011878798152e-01	-2.522869720872e-01	1.428540162470e+02	3.249327370821e+01	-2.522869720872e-01
55    	106   	2  	1  	-8 	5.012660e+05	1.070800e+04	1.366997356921e-01	1.328169987323e+00	1.005381078428e+00	1.366982442449e-01	1.328156209271e+00	1.005747890533e+00	3.588392505912e+01	1.436883933341e+02	1.005747890533e+00
56    	106   	-1 	-2 	-8 	8.858300e+04	1.698000e+03	1.367055992815e-01	8.682653470263e-02	-7.152881573160e-01	1.367033850547e-01	8.681071376831e-02	-7.195939483979e-01	1.452308206248e+02	1.614803292633e+01	-7.195939483979e-01
57    	106   	3  	-1 	-8 	1.202860e+05	1.904000e+03	1.367012320920e-01	9.093605881858e-01	5.640883312852e-01	1.366986581088e-01	9.093278662550e-01	5.640883312852e-01	8.993068007224e+01	1.175401732553e+02	5.640883312852e-01
58    	191   	0  	-2 	-10	6.751530e+05	1.424800e+04	1.398438314773e-01	3.572120664593e-01	-5.444626769676e-01	1.398427890732e-01	3.571748197408e-01	-5.446013410349e-01	1.397209678226e+02	5.530680058270e+01	-5.446013410349e-01
59    	191   	2  	0  	-10	1.428794e+06	1.443700e+04	1.398393775395e-01	1.183286381669e+00	1.415838610435e-01	1.398463454954e-01	1.183280477922e+00	1.418566767691e-01	5.693615439799e+01	1.403638842306e+02	1.418566767691e-01
60    	302   	0  	0  	-12	9.648040e+05	1.446300e+04	1.419597949703e-01	8.952218189357e-01	-8.019758026766e-01	1.419601663050e-01	8.952571404348e-01	-8.019464109691e-01	9.491622136764e+01	1.206742570258e+02	-8.019464109691e-01
61    	24    	3  	-4 	4  	2.053850e+05	5.100000e+01	1.425312370224e-01	-4.972640046802e-01	7.330404612365e-01	1.439800467326e-01	-4.966875259591e-01	7.342274397886e-01	1.355299682753e+02	-6.899388338204e+01	7.342274397886e-01
62    	24    	1  	-4 	-4 	3.637780e+05	5.448000e+03	1.425320677314e-01	-2.214843019103e-01	-1.519057991481e-01	1.425346365864e-01	-2.214654483855e-01	-1.546456951907e-01	1.484890759919e+02	-2.949193142888e+01	-1.546456951907e-01
63    	24    	-1 	-3 	-4 	3.666310e+05	6.313000e+03	1.425333640575e-01	-3.343444620518e-01	-6.154236227842e-01	1.425377870529e-01	-3.343859022109e-01	-6.152847365991e-01	1.438279923679e+02	-4.586476642447e+01	-6.152847365991e-01
64    	54    	2  	-4 	6  	7.053500e+04	9.270000e+02	1.473967364383e-01	-7.934478751326e-01	6.160218157499e-01	1.474031055390e-01	-7.935197204326e-01	6.160218157499e-01	1.110979763003e+02	-1.076766979389e+02	6.160218157499e-01
65    	54    	2  	-4 	-6 	6.910270e+05	1.074900e+04	1.473992573341e-01	3.893112824307e-02	6.234050075924e-03	1.474055553418e-01	3.896143375240e-02	6.130306808257e-03	1.572056833148e+02	9.723023854842e+00	6.130306808257e-03
66    	54    	-2 	-2 	-6 	6.553680e+05	1.006800e+04	1.474021639607e-01	-1.717543011258e-01	-8.808991044569e-01	1.474034363755e-01	-1.718152477745e-01	-8.850250163317e-01	1.550414978911e+02	-2.302684699601e+01	-8.850250163317e-01
67    	54    	4  	-2 	-6 	7.043000e+04	1.021000e+03	1.473986854112e-01	6.258033567740e-01	7.387548123830e-01	1.474023798525e-01	6.257997416564e-01	7.387548123830e-01	1.276627942668e+02	9.495480764491e+01	7.387548123830e-01
68    	16    	4  	-4 	2  	7.093000e+03	1.120000e+02	1.510373333485e-01	-2.064205165191e-01	8.022219712588e-01	1.508468032122e-01	-2.068600158406e-01	8.028309787167e-01	1.578216549239e+02	-2.915366302013e+01	8.028309787167e-01
69    	16    	0  	-4 	-2 	2.309740e+05	3.116000e+03	1.510364412552e-01	-4.698683246280e-01	-3.372929095924e-01	1.510459247025e-01	-4.698400188694e-01	-3.372626462569e-01	1.440610484423e+02	-6.878333644133e+01	-3.372626462569e-01
70    	195   	1  	-3 	10 	1.013934e+06	1.253200e+04	1.540592744251e-01	-1.123686869018e+00	9.591278315713e-01	1.540570883592e-01	-1.123739349840e+00	9.624839747842e-01	7.236070758372e+01	-1.437130842819e+02	9.624839747842e-01
71    	195   	2  	-3 	-10	6.255510e+05	7.171000e+03	1.540626050758e-01	4.312868283456e-01	-9.236662084069e-02	1.540676436380e-01	4.312956011448e-01	-9.219764740315e-02	1.493876968344e+02	7.183553308705e+01	-9.219764740315e-02
72    	195   	-2 	-1 	-10	5.120910e+05	9.388000e+03	1.540661506712e-01	2.189529610310e-01	-9.768796537775e-01	1.540593331252e-01	2.189980722174e-01	-9.806804979474e-01	1.604493525249e+02	3.909424370571e+01	-9.806804979474e-01
73    	195   	3  	-2 	-10	1.281543e+06	1.153600e+04	1.540611697566e-01	7.473826192420e-01	2.294585806533e-01	1.540640492908e-01	7.474116745236e-01	2.295891184572e-01	1.207816862016e+02	1.144707507359e+02	2.295891184572e-01
74    	34    	0  	-4 	4  	4.225470e+05	5.043000e+03	1.565067243653e-01	-9.127626501697e-01	-1.831040665994e-01	1.565094799663e-01	-9.127266174415e-01	-1.832163335166e-01	1.030352007072e+02	-1.276690077400e+02	-1.832163335166e-01
75    	34    	4  	-4 	-4 	1.815900e+04	3.830000e+02	1.565099607653e-01	1.569293799244e-01	5.073417276844e-01	1.565046829200e-01	1.568655363781e-01	5.073417276844e-01	1.650969002210e+02	2.956506651968e+01	5.073417276844e-01
76    	115   	1  	-4 	8  	2.668020e+05	2.986000e+03	1.644596349171e-01	-1.044931388928e+00	4.176946979989e-01	1.644576853523e-01	-1.044961829475e+00	4.190292466806e-01	8.928038948253e+01	-1.473607836775e+02	4.190292466806e-01
77    	115   	3  	-4 	-8 	1.452750e+05	2.264000e+03	1.644634368699e-01	2.634743805923e-01	1.338187006869e-01	1.644656893388e-01	2.634796094843e-01	1.338187006869e-01	1.696023107596e+02	4.908864701716e+01	1.338187006869e-01
78    	115   	4  	-3 	-8 	1.921740e+05	2.349000e+03	1.644629112935e-01	5.301933235482e-01	4.424228385275e-01	1.644622821568e-01	5.301881985105e-01	4.424228385275e-01	1.516200722670e+02	9.181091294527e+01	4.424228385275e-01
79    	115   	-1 	-3 	8  	4.815870e+05	8.821000e+03	1.644591746472e-01	-1.283489197781e+00	-5.462546634985e-01	1.644638865020e-01	-1.283509815345e+00	-5.423002861100e-01	5.110814466819e+01	-1.638782201106e+02	-5.423002861100e-01
80    	155   	2  	-4 	9  	7.928000e+03	1.220000e+02	1.674481231511e-01	-9.168065076604e-01	8.004281505159e-01	1.674268880917e-01	-9.168494639382e-01	8.004281505159e-01	1.098135473028e+02	-1.374310393575e+02	8.004281505159e-01
81    	155   	2  	-4 	-9 	8.892900e+04	1.195000e+03	1.674514551961e-01	2.012622550474e-01	-1.000758367287e-01	1.674450686185e-01	2.012750626095e-01	-1.041800953676e-01	1.752491031114e+02	3.919133810388e+01	-1.041800953676e-01
82    	155   	-2 	-2 	-9 	7.297600e+04	1.383000e+03	1.674547949273e-01	1.500369643185e-02	-8.742544005414e-01	1.674548855582e-01	1.503844476692e-02	-8.742544005414e-01	1.788529342024e+02	6.367056952937e+00	-8.742544005414e-01
83    	155   	4  	-2 	-9 	2.303430e+05	2.945000e+03	1.674496174042e-01	7.501716945693e-01	5.330547596021e-01	1.674578348293e-01	7.501446985490e-01	5.330735507811e-01	1.310656706912e+02	1.246711172478e+02	5.330735507811e-01
84    	29    	2  	-5 	4  	9.142480e+05	9.314000e+03	1.693436967781e-01	-6.948778461655e-01	3.081104290798e-01	1.693461724498e-01	-6.948643064680e-01	3.082655809332e-01	1.396501743969e+02	-1.114323484765e+02	3.082655809332e-01
85    	29    	3  	-5 	-4 	4.083320e+05	8.631000e+03	1.693460051049e-01	-9.384083597414e-02	1.995633504152e-01	1.693440461305e-01	-9.378435390750e-02	1.995957709024e-01	1.802622525006e+02	-1.312386120947e+01	1.995957709024e-01
86    	29    	-3 	-2 	-4 	4.902080e+05	7.367000e+03	1.693492828657e-01	-3.768321097443e-01	-1.034857526827e+00	1.693522122149e-01	-3.768428799091e-01	-1.034774151509e+00	1.684826902590e+02	-6.243146462505e+01	-1.034774151509e+00
87    	29    	5  	-3 	-4 	6.338800e+04	1.151000e+03	1.693470993073e-01	3.928308549827e-01	8.210029391454e-01	1.693407277938e-01	3.928190517773e-01	8.210029391454e-01	1.672493308214e+02	7.243596110752e+01	8.210029391454e-01
88    	29    	-2 	-3 	4  	1.045410e+06	1.082100e+04	1.693439945650e-01	-9.669300339749e-01	-8.657603164789e-01	1.693470511957e-01	-9.669518006175e-01	-8.654537473364e-01	1.036516557529e+02	-1.443714445369e+02	-8.654537473364e-01
89    	491   	0  	-1 	-14	5.682760e+05	5.258000e+03	1.698284739644e-01	6.868804262851e-01	-6.900435855225e-01	1.698284751929e-01	6.869147982953e-01	-6.868433832018e-01	1.403261967705e+02	1.178503844193e+02	-6.868433832018e-01
90    	491   	1  	0  	-14	6.777640e+05	7.467000e+03	1.698255826574e-01	1.058717624434e+00	-5.871336484883e-01	1.698258528703e-01	1.058697111749e+00	-5.869045457619e-01	8.922492539231e+01	1.605520267064e+02	-5.869045457619e-01
91    	13    	4  	-5 	0  	2.229500e+04	3.360000e+02	1.709430112715e-01	-2.016437815159e-01	5.408065701749e-01	1.709381449773e-01	-2.017868326379e-01	5.408065701749e-01	1.791917852211e+02	-3.265502105365e+01	5.408065701749e-01
92    	13    	1  	-5 	0  	3.500050e+05	3.570000e+03	1.709415914029e-01	-5.549682443443e-01	-8.755858328378e-02	1.709399118456e-01	-5.549547310304e-01	-8.604288621434e-02	1.557099681999e+02	-9.192747948885e+01	-8.604288621434e-02
93    	13    	-1 	-4 	0  	4.356260e+05	3.513000e+03	1.709423294087e-01	-6.655544703969e-01	-5.406226512827e-01	1.709448717741e-01	-6.655766961309e-01	-5.406511474108e-01	1.442240497030e+02	-1.083885674361e+02	-5.406511474108e-01
94    	13    	5  	-4 	0  	1.920000e+04	3.720000e+02	1.709446011832e-01	3.577818161317e-02	8.417529615877e-01	1.709472038672e-01	3.573545740752e-02	8.417529615877e-01	1.827083849531e+02	1.018625633839e+01	8.417529615877e-01
95    	22    	1  	-5 	3  	1.515590e+05	1.458000e+03	1.745975914737e-01	-7.407857434347e-01	6.475756970638e-03	1.745997140424e-01	-7.407815355728e-01	6.526714564315e-03	1.384085345731e+02	-1.214869609773e+02	6.526714564315e-03
96    	22    	4  	-5 	-3 	3.109400e+04	4.360000e+02	1.746003139474e-01	-3.725445266804e-02	4.165811185771e-01	1.745934157748e-01	-3.722641281166e-02	4.165811185771e-01	1.866154827006e+02	-3.183212981275e+00	4.165811185771e-01
-999  	22    	5  	-4 	-3 	    nan     	    nan     	1.746012310256e-01	1.951446063722e-01	7.077818931155e-01	       nan        	       nan        	       nan        	       nan        	       nan        	       nan        
98    	22    	-1 	-4 	3  	1.571820e+05	1.775000e+03	1.745979407180e-01	-8.688240068603e-01	-5.168840666726e-01	1.745956317783e-01	-8.688158493857e-01	-5.168183594934e-01	1.213119392616e+02	-1.379631517705e+02	-5.168183594934e-01
99    	23    	4  	-5 	3  	7.020000e+02	3.900000e+01	1.745999952285e-01	-3.629147540342e-01	6.673147541750e-01	1.746369334138e-01	-3.627900876591e-01	6.673147541750e-01	1.748997808110e+02	-6.210457738784e+01	6.673147541750e-01
100   	23    	1  	-5 	-3 	7.839600e+04	1.133000e+03	1.745999368516e-01	-3.651657612540e-01	-1.688576720586e-01	1.746038222731e-01	-3.651564934899e-01	-1.688576720586e-01	1.745987646422e+02	-6.249875066676e+01	-1.688576720586e-01
101   	23    	-1 	-4 	-3 	8.045600e+04	9.620000e+02	1.746010330015e-01	-4.620720736466e-01	-5.657761420392e-01	1.746012671869e-01	-4.621087259642e-01	-5.657761420392e-01	1.673832998185e+02	-7.895846343658e+01	-5.657761420392e-01
102   	23    	5  	-4 	3  	6.827300e+04	1.337000e+03	1.746021920263e-01	-1.241622119160e-01	9.683444182584e-01	1.745888128005e-01	-1.242501151927e-01	9.683444182584e-01	1.854285424658e+02	-1.925684368251e+01	9.683444182584e-01
103   	127   	0  	-4 	-8 	1.413380e+05	2.472000e+03	1.767301362660e-01	-7.356841062340e-02	-4.483356848771e-01	1.767376426021e-01	-7.360633398378e-02	-4.517566539442e-01	1.884757182879e+02	-1.008075767611e+01	-4.517566539442e-01
104   	211   	1  	-4 	-10	4.196920e+05	5.403000e+03	1.791741161625e-01	1.350702981917e-01	-3.136594180200e-01	1.791677988401e-01	1.350893598479e-01	-3.176921224133e-01	1.898035943723e+02	2.934930088690e+01	-3.176921224133e-01
105   	211   	3  	1  	-10	1.518040e+06	1.446600e+04	1.791689103983e-01	1.251598625026e+00	9.799198624315e-01	1.791683885667e-01	1.251573363258e+00	9.830948091958e-01	6.079259448273e+01	1.841549911363e+02	9.830948091958e-01
106   	211   	-1 	-3 	-10	3.903170e+05	7.421000e+03	1.791758774527e-01	4.821684576837e-02	-6.666268840945e-01	1.791655552484e-01	4.820812456559e-02	-6.704112061607e-01	1.913296572575e+02	1.289475471050e+01	-6.704112061607e-01
107   	211   	4  	-1 	-10	3.851800e+04	5.210000e+02	1.791704084932e-01	9.452148095464e-01	6.425959122056e-01	1.791671044901e-01	9.452291270466e-01	6.425959122056e-01	1.125037362011e+02	1.578133761064e+02	6.425959122056e-01
108   	338   	0  	-3 	12 	1.065200e+04	2.030000e+02	1.808296872373e-01	-1.345063812670e+00	7.013323713713e-01	1.808334926515e-01	-1.345075375792e+00	7.046712229327e-01	4.487708347800e+01	-1.839379976746e+02	7.046712229327e-01
109   	338   	3  	-3 	-12	2.598450e+05	2.501000e+03	1.808335809073e-01	5.967971722782e-01	3.593669184784e-02	1.808289519307e-01	5.968246952225e-01	3.594789212696e-02	1.599741897347e+02	1.116093019625e+02	3.594789212696e-02
110   	341   	0  	-3 	-12	1.566770e+05	2.612000e+03	1.808366901008e-01	2.558268289402e-01	-5.356140104705e-01	1.808341367504e-01	2.558044183219e-01	-5.356889804142e-01	1.870230327213e+02	5.231761665970e+01	-5.356889804142e-01
111   	341   	3  	0  	-12	4.652750e+05	6.898000e+03	1.808307775039e-01	1.175477642746e+00	3.625605669749e-01	1.808245904274e-01	1.175518144568e+00	3.625695510458e-01	7.495969621078e+01	1.807759374190e+02	3.625695510458e-01
112   	504   	2  	-2 	-14	7.562710e+05	7.159000e+03	1.817335074420e-01	7.454048634736e-01	-2.273072527676e-01	1.817321878411e-01	7.454167069252e-01	-2.230832463159e-01	1.428840824701e+02	1.345665738946e+02	-2.230832463159e-01
113   	66    	1  	-5 	6  	7.517380e+05	4.361000e+03	1.851394402450e-01	-9.055465179360e-01	1.165727032181e-01	1.851389912697e-01	-9.055698987667e-01	1.183959948501e-01	1.231913218280e+02	-1.512842395092e+02	1.183959948501e-01
114   	66    	5  	-4 	-6 	2.762500e+04	4.560000e+02	1.851435279119e-01	3.393952830950e-01	5.709731075043e-01	1.851390519566e-01	3.394649639300e-01	5.709731075043e-01	1.868133007708e+02	6.924013248802e+01	5.709731075043e-01
115   	66    	-1 	-4 	6  	7.344130e+05	6.429000e+03	1.851394173924e-01	-1.056153510600e+00	-4.956207790913e-01	1.851426378410e-01	-1.056154273009e+00	-4.953837355392e-01	9.857857864135e+01	-1.678218205410e+02	-4.953837355392e-01
116   	68    	4  	-5 	6  	2.319700e+04	3.630000e+02	1.851426647950e-01	-5.062644269370e-01	7.919832673056e-01	1.851285804852e-01	-5.063477781273e-01	7.919832673056e-01	1.737571804045e+02	-9.175422363756e+01	7.919832673056e-01
117   	68    	1  	-5 	-6 	2.829350e+05	5.511000e+03	1.851438666888e-01	-1.881549600575e-01	-2.402929586402e-01	1.851401413591e-01	-1.881807569447e-01	-2.402092962160e-01	1.947121809950e+02	-3.307954694995e+01	-2.402092962160e-01
118   	68    	-1 	-4 	-6 	2.852600e+05	4.633000e+03	1.851452534778e-01	-2.741706178829e-01	-5.918063010899e-01	1.851426981361e-01	-2.741733516094e-01	-5.918018805599e-01	1.908493770015e+02	-4.955375548746e+01	-5.918018805599e-01
119   	605   	1  	-2 	-15	1.276530e+05	1.410000e+03	1.889614807148e-01	6.472541757941e-01	-4.611457253920e-01	1.889600509468e-01	6.472358661049e-01	-4.611457253920e-01	1.613096050921e+02	1.248076154237e+02	-4.611457253920e-01
120   	605   	1  	1  	-15	2.371920e+05	4.615000e+03	1.889575128348e-01	1.248570451740e+00	-8.422744910118e-01	1.889546345141e-01	1.248600152413e+00	-8.378675515746e-01	6.449431781084e+01	1.940600076855e+02	-8.378675515746e-01
121   	605   	-1 	-1 	-15	1.045020e+05	1.494000e+03	1.889634303595e-01	5.479758584719e-01	-8.520041856413e-01	1.889583012157e-01	5.479846465873e-01	-8.519480689518e-01	1.725439460150e+02	1.083479515911e+02	-8.519480689518e-01
122   	605   	2  	-1 	-15	1.673270e+05	2.554000e+03	1.889590019088e-01	9.558119985246e-01	-2.772932614441e-01	1.889629487144e-01	9.558176462361e-01	-2.771048317648e-01	1.168735816986e+02	1.676866398938e+02	-2.771048317648e-01
123   	223   	0  	-4 	10 	1.299552e+06	1.451800e+04	1.904970124698e-01	-1.230923740275e+00	7.837322773914e-02	1.904998455145e-01	-1.230941680776e+00	8.269771733624e-02	6.935947619177e+01	-1.876697083976e+02	8.269771733624e-02
124   	223   	4  	-4 	-10	5.325510e+05	8.516000e+03	1.905016319200e-01	4.336600421039e-01	2.323476043246e-01	1.905002405112e-01	4.336966262227e-01	2.323596484012e-01	1.850265739191e+02	8.885536246185e+01	2.323596484012e-01
125   	50    	0  	-5 	-4 	3.187090e+05	5.077000e+03	1.924910157186e-01	-3.822177909184e-01	-3.826795019923e-01	1.924950718575e-01	-3.822304694837e-01	-3.826809258166e-01	1.915003358963e+02	-7.266144092780e+01	-3.826809258166e-01
126   	508   	1  	-3 	-14	2.797190e+05	2.851000e+03	1.929163629686e-01	4.444542277864e-01	-4.105538080459e-01	1.929139090408e-01	4.444493074872e-01	-4.097481377970e-01	1.863977285789e+02	9.195640379161e+01	-4.097481377970e-01
127   	508   	-1 	-2 	-14	2.451990e+05	3.512000e+03	1.929183058484e-01	3.571342736995e-01	-7.599641915023e-01	1.929147896355e-01	3.571751735187e-01	-7.598657316110e-01	1.934060855133e+02	7.548394721937e+01	-7.598657316110e-01
128   	508   	3  	-1 	-14	5.597890e+05	6.126000e+03	1.929122057524e-01	1.013846491215e+00	5.715646943115e-02	1.929139840363e-01	1.013857606113e+00	5.719728187996e-02	1.094503809712e+02	1.777884483971e+02	5.719728187996e-02
129   	15    	3  	-6 	0  	6.375990e+05	8.913000e+03	1.938975997977e-01	-3.954185916415e-01	2.378397514626e-01	1.938962488196e-01	-3.954154786120e-01	2.378848355558e-01	1.919664603881e+02	-7.575319076545e+01	2.378848355558e-01
130   	15    	-3 	-3 	0  	1.053667e+06	1.031400e+04	1.938995544193e-01	-6.752547663183e-01	-9.816778809693e-01	1.938952180919e-01	-6.752908449364e-01	-9.817752461268e-01	1.626274643353e+02	-1.253134347345e+02	-9.817752461268e-01
131   	215   	2  	-5 	10 	1.420000e+04	1.650000e+02	2.011978069928e-01	-9.547425242075e-01	5.920803327350e-01	2.012000245032e-01	-9.546717037056e-01	5.957882355666e-01	1.256939897169e+02	-1.713753645397e+02	5.957882355666e-01
132   	215   	5  	-3 	-10	2.619610e+05	3.834000e+03	2.012007674281e-01	6.423372896765e-01	5.073425351225e-01	2.011997776919e-01	6.423497929509e-01	5.073596079166e-01	1.726989188573e+02	1.320675235999e+02	5.073596079166e-01
133   	37    	4  	-6 	4  	3.013700e+04	3.960000e+02	2.030855723355e-01	-4.764250077520e-01	5.493732051379e-01	2.030825417655e-01	-4.763850308284e-01	5.506103752658e-01	1.939356715683e+02	-9.549956448022e+01	5.506103752658e-01
134   	52    	1  	-6 	4  	4.305040e+05	3.563000e+03	2.131604945774e-01	-7.752271075649e-01	-5.232611143601e-02	2.131583755315e-01	-7.752107573814e-01	-5.231475980651e-02	1.641698531506e+02	-1.555308478716e+02	-5.231475980651e-02
135   	52    	-1 	-5 	4  	3.962150e+05	4.256000e+03	2.131608110103e-01	-8.831076571923e-01	-4.925060213865e-01	2.131554335998e-01	-8.831046226094e-01	-4.924730058704e-01	1.460878879841e+02	-1.721417081464e+02	-4.924730058704e-01
136   	523   	4  	-3 	-14	2.090440e+05	2.334000e+03	2.135463879090e-01	7.091311197692e-01	1.362204886499e-01	2.135420597035e-01	7.091623524919e-01	1.362204886499e-01	1.739288007624e+02	1.520593842431e+02	1.362204886499e-01
137   	1     	0  	1  	2  	1.109980e+06	1.434800e+04	4.412863793738e-02	3.068191916924e+00	-3.376080304025e-01	4.412407078608e-02	3.068136133519e+00	-3.375901247313e-01	-4.497161493995e+01	6.586762051758e+00	-3.375901247313e-01
138   	14    	-1 	1  	4  	2.761837e+06	1.443600e+04	6.020485540194e-02	-2.547396152593e+00	1.814333739087e-01	6.020353458868e-02	-2.547352658861e+00	1.816684432527e-01	-5.104949937897e+01	-3.230038285542e+01	1.816684432527e-01
139   	0     	1  	1  	0  	1.821518e+06	1.435000e+04	6.454318426332e-02	2.469526764227e+00	-8.164830245018e-01	6.454719755070e-02	2.469582115482e+00	-8.162997308098e-01	-5.195664527129e+01	4.545143010087e+01	-8.162997308098e-01
140   	0     	-1 	2  	0  	1.335543e+06	1.434300e+04	6.454253544455e-02	2.747788149278e+00	3.777839550594e-01	6.454495221648e-02	2.747717531890e+00	3.778221079961e-01	-6.140554024392e+01	2.921405140056e+01	3.778221079961e-01
141   	8     	1  	1  	3  	1.337854e+06	1.433900e+04	7.365102335674e-02	2.970088455002e+00	-7.687278027007e-01	7.365760887952e-02	2.969944226916e+00	-7.686159289761e-01	-7.514657005500e+01	1.635855279940e+01	-7.686159289761e-01
142   	8     	-2 	1  	3  	3.245350e+05	7.310000e+02	7.364928762672e-02	-2.517386979564e+00	8.749704869822e-01	7.314037991754e-02	-2.517503230821e+00	8.761297553926e-01	-6.093729278632e+01	-4.185806948802e+01	8.761297553926e-01
143   	8     	1  	1  	-3 	3.271069e+06	1.436700e+04	7.364800217894e-02	1.971361673038e+00	-8.937629355899e-01	7.365841875400e-02	1.971311277697e+00	-8.941977180288e-01	-2.909963426404e+01	7.461879295449e+01	-8.941977180288e-01
144   	8     	-1 	2  	-3 	9.381000e+04	9.490000e+02	7.364831512625e-02	2.350068635992e+00	7.732795291373e-01	7.364442633638e-02	2.349913317317e+00	7.731337129342e-01	-5.316984339365e+01	5.833531887191e+01	7.731337129342e-01
145   	8     	-1 	2  	3  	1.298082e+06	1.433900e+04	7.364957300540e-02	-3.102842887329e+00	1.168417622084e-01	7.365395883939e-02	-3.102872016890e+00	1.169585964187e-01	-7.613926981175e+01	1.079783137081e-01	1.169585964187e-01
146   	4     	-2 	2  	2  	4.320000e+03	1.670000e+02	7.819505483393e-02	-2.985136398859e+00	6.261464271451e-01	7.821759441735e-02	-2.985139361609e+00	6.261464271451e-01	-7.992992795292e+01	-9.735222555872e+00	6.261464271451e-01
147   	4     	0  	2  	-2 	1.073970e+05	1.239000e+03	7.819344035229e-02	2.231620794548e+00	8.071666916015e-03	7.819098523734e-02	2.231595162570e+00	8.263227840043e-03	-4.934707318456e+01	6.818116558936e+01	8.263227840043e-03
148   	17    	0  	2  	4  	1.488238e+06	1.433700e+04	8.827877752626e-02	3.068117726531e+00	-3.154732953176e-01	8.827472120437e-02	3.068048184255e+00	-3.153579056364e-01	-9.148031298323e+01	9.910583764591e+00	-3.153579056364e-01
149   	45    	1  	1  	6  	1.578168e+06	1.444200e+04	9.592479035320e-02	-2.983917711312e+00	-7.300143508465e-01	9.592733120687e-02	-2.983969417116e+00	-7.299449432398e-01	-9.855435875486e+01	-1.281713298055e+01	-7.299449432398e-01
150   	45    	-2 	1  	6  	3.222902e+06	1.444300e+04	9.592161890099e-02	-2.312704625176e+00	5.503650029704e-01	9.592528433300e-02	-2.312780586155e+00	5.500099221848e-01	-6.676829387597e+01	-7.142328822797e+01	5.500099221848e-01
151   	45    	-1 	2  	6  	1.871736e+06	1.443600e+04	9.592299872018e-02	-2.818068404830e+00	-4.058477593692e-02	9.592019153278e-02	-2.818136137407e+00	-4.039391423530e-02	-9.448693856822e+01	-2.907863668281e+01	-4.039391423530e-02
152   	2     	2  	1  	1  	8.864500e+04	1.202000e+03	9.932222120545e-02	2.619139142788e+00	-1.002528517713e+00	9.932591758690e-02	2.619156261010e+00	-1.002595854010e+00	-8.958695705192e+01	5.534193370222e+01	-1.002595854010e+00
153   	2     	-3 	2  	1  	8.547000e+03	2.530000e+02	9.932180130523e-02	-2.923118479059e+00	1.014645062534e+00	9.931515124965e-02	-2.923107650888e+00	1.014645062534e+00	-1.007322126723e+02	-1.965055863062e+01	1.014645062534e+00
154   	2     	1  	2  	-1 	1.669250e+05	1.738000e+03	9.932019102929e-02	2.343585516496e+00	-5.350984333460e-01	9.931517718641e-02	2.343553048317e+00	-5.350984333460e-01	-7.198151535059e+01	7.810129491968e+01	-5.350984333460e-01
155   	2     	-1 	3  	-1 	1.116240e+05	1.412000e+03	9.931970572679e-02	2.546518531184e+00	2.892737574430e-01	9.932164694392e-02	2.546476212582e+00	2.892432676555e-01	-8.549997737726e+01	6.180978554228e+01	2.892432676555e-01
156   	2     	-2 	3  	1  	6.574300e+04	1.399000e+03	9.932065962769e-02	2.952243738838e+00	4.890997175776e-01	9.931497735955e-02	2.952184023848e+00	4.848740445727e-01	-1.015202429878e+02	2.277385726144e+01	4.848740445727e-01
157   	5     	1  	2  	2  	1.020890e+05	2.015000e+03	1.014133800085e-01	2.698620737092e+00	-5.701097147038e-01	1.014130163082e-01	2.698646566531e+00	-5.701097147038e-01	-9.544526985604e+01	4.890992719695e+01	-5.701097147038e-01
158   	5     	-2 	3  	-2 	6.400000e+02	3.200000e+01	1.014118267866e-01	2.667006407810e+00	7.205322315400e-01	1.014533822450e-01	2.667837516978e+00	7.205322315400e-01	-9.390744117213e+01	5.189311332328e+01	7.205322315400e-01
159   	5     	-1 	3  	2  	8.868400e+04	1.673000e+03	1.014122638809e-01	2.861517961853e+00	9.942217229861e-02	1.014113418581e-01	2.861438207368e+00	9.942217229861e-02	-1.015185782996e+02	3.263007521182e+01	9.942217229861e-02
160   	95    	0  	1  	8  	5.797970e+05	8.192000e+03	1.016806420223e-01	-2.604210608920e+00	-4.660746912439e-01	1.016855414305e-01	-2.604220201671e+00	-4.664386219700e-01	-9.071046113112e+01	-5.182529783121e+01	-4.664386219700e-01
161   	95    	-1 	0  	8  	9.674500e+05	1.445200e+04	1.016780179143e-01	-2.004283217102e+00	-1.043175812448e-02	1.016834130150e-01	-2.004304775513e+00	-1.021642658330e-02	-4.348906255180e+01	-9.414077885697e+01	-1.021642658330e-02
162   	19    	2  	1  	4  	1.004891e+06	1.434300e+04	1.093835706759e-01	2.939769950957e+00	-9.285768102569e-01	1.093918282950e-01	2.939747471978e+00	-9.322180358030e-01	-1.118595269500e+02	2.617281414891e+01	-9.322180358030e-01
163   	19    	-3 	2  	4  	3.348900e+04	6.250000e+02	1.093809824686e-01	-2.675169847568e+00	7.955512859226e-01	1.093782717905e-01	-2.675187958049e+00	7.955512859226e-01	-1.015561365920e+02	-4.886307994436e+01	7.955512859226e-01
164   	19    	1  	2  	-4 	2.119799e+06	1.437500e+04	1.093786718708e-01	2.014439682245e+00	-4.404353779343e-01	1.093736541910e-01	2.014279367448e+00	-4.407096593797e-01	-4.845502009812e+01	1.074169945522e+02	-4.407096593797e-01
165   	19    	-1 	3  	-4 	1.226033e+06	1.435700e+04	1.093788253481e-01	2.275142613948e+00	5.657577485442e-01	1.093749146489e-01	2.275105298930e+00	5.659828878223e-01	-7.353138253075e+01	9.107906206347e+01	5.659828878223e-01
166   	19    	-2 	3  	4  	1.022071e+06	1.443500e+04	1.093809636628e-01	-3.059651542998e+00	3.076451707889e-01	1.093809232412e-01	-3.059701745376e+00	3.076203886644e-01	-1.136702382816e+02	-6.419613617342e+00	3.076203886644e-01
167   	6     	0  	3  	0  	3.787996e+06	1.435500e+04	1.118297530444e-01	2.520873900046e+00	-1.322224000493e-01	1.118317417831e-01	2.520837866352e+00	-1.317125726180e-01	-9.485446417340e+01	7.172865167862e+01	-1.317125726180e-01
168   	6     	-3 	3  	0  	3.068700e+04	6.710000e+02	1.118310516507e-01	3.057774203208e+00	8.352570681500e-01	1.118273854454e-01	3.057696900332e+00	8.352570681500e-01	-1.162178763917e+02	1.291175061079e+01	8.352570681500e-01
169   	32    	1  	2  	5  	3.698800e+04	6.990000e+02	1.149988852454e-01	3.003492365053e+00	-5.803968678821e-01	1.149945565173e-01	3.003530382249e+00	-5.803968678821e-01	-1.190063397506e+02	1.972270659561e+01	-5.803968678821e-01
170   	32    	-3 	1  	5  	6.492800e+04	9.190000e+02	1.149962012754e-01	-2.371030809869e+00	1.022402063270e+00	1.149987322245e-01	-2.370965793702e+00	1.022402063270e+00	-8.545308597021e+01	-8.149760334672e+01	1.022402063270e+00
171   	32    	-2 	3  	-5 	8.253000e+04	9.030000e+02	1.149957394801e-01	2.442227066835e+00	9.882232692439e-01	1.149958731343e-01	2.442202018002e+00	9.882232692439e-01	-9.162239691120e+01	8.123927057744e+01	9.882232692439e-01
172   	32    	-1 	3  	5  	3.730400e+04	7.770000e+02	1.149973351061e-01	3.138218193935e+00	-2.622931385636e-02	1.149972366079e-01	3.138154861822e+00	-2.622931385636e-02	-1.200983495523e+02	3.427198041680e+00	-2.622931385636e-02
173   	102   	2  	0  	8  	1.082970e+05	2.414000e+03	1.204676959105e-01	-2.832572393358e+00	-1.032694326767e+00	1.204734572279e-01	-2.832552813931e+00	-1.032716083551e+00	-1.198434247359e+02	-3.569505708339e+01	-1.032716083551e+00
174   	102   	-2 	2  	8  	1.687710e+05	3.002000e+03	1.204643524892e-01	-2.546508636208e+00	2.178053335094e-01	1.204686928443e-01	-2.546542455474e+00	2.180213137514e-01	-1.038661136806e+02	-6.829322846239e+01	2.180213137514e-01
175   	184   	1  	0  	10 	1.861839e+06	1.443200e+04	1.240145599970e-01	-2.505639191507e+00	-8.413200834104e-01	1.240266471680e-01	-2.505600140518e+00	-8.413912759410e-01	-1.039547394328e+02	-7.479436894921e+01	-8.413912759410e-01
176   	184   	-1 	1  	10 	2.294996e+06	1.443900e+04	1.240126989972e-01	-2.339913161682e+00	-1.577488069037e-01	1.240131466646e-01	-2.339929796049e+00	-1.572511875705e-01	-8.960265151387e+01	-9.107655782646e+01	-1.572511875705e-01
177   	184   	0  	-1 	10 	2.134407e+06	1.446000e+04	1.240113216894e-01	-1.977087159253e+00	-8.244100719626e-01	1.240203951433e-01	-1.977086386433e+00	-8.245822677046e-01	-5.021176254968e+01	-1.171906621059e+02	-8.245822677046e-01
178   	137   	1  	1  	9  	3.341630e+05	5.416000e+03	1.245064762922e-01	-2.791139702886e+00	-6.952246644471e-01	1.244995299144e-01	-2.791149614550e+00	-6.951938488194e-01	-1.221696885300e+02	-4.216320513087e+01	-6.951938488194e-01
179   	137   	-2 	1  	9  	7.568890e+05	8.160000e+03	1.245026128218e-01	-2.229516962009e+00	3.093130097658e-01	1.245025837815e-01	-2.229513583232e+00	3.108094686055e-01	-7.891905989976e+01	-1.009367224172e+02	3.108094686055e-01
180   	137   	-1 	2  	9  	4.392110e+05	4.952000e+03	1.245045720896e-01	-2.655233482217e+00	-1.348893507656e-01	1.245121461653e-01	-2.655237409766e+00	-1.367411734311e-01	-1.148605021339e+02	-5.848209951443e+01	-1.367411734311e-01
181   	137   	-1 	-1 	9  	1.942989e+06	1.446500e+04	1.245011057919e-01	-1.711892683772e+00	1.916093565090e-01	1.245036644793e-01	-1.711866682684e+00	1.947062959679e-01	-1.683662837451e+01	-1.269945290525e+02	1.947062959679e-01
182   	3     	2  	2  	0  	8.885150e+05	7.979000e+03	1.291537101827e-01	2.468241315294e+00	-7.751814411259e-01	1.291502768145e-01	2.468228739992e+00	-7.751731074913e-01	-1.056192260884e+02	8.817727591809e+01	-7.751731074913e-01
183   	3     	-2 	4  	0  	5.647240e+05	8.272000e+03	1.291524105119e-01	2.747104703623e+00	4.127710633559e-01	1.291527125801e-01	2.747054713361e+00	4.128392726344e-01	-1.247890875802e+02	5.548581630047e+01	4.128392726344e-01
184   	12    	2  	2  	3  	2.106850e+05	1.818000e+03	1.339484404424e-01	2.735789714699e+00	-7.544115239211e-01	1.339390069579e-01	2.735787796323e+00	-7.562008415839e-01	-1.289838520549e+02	5.890898712015e+01	-7.562008415839e-01
185   	12    	2  	2  	-3 	4.231420e+05	3.988000e+03	1.339451111599e-01	2.200674521046e+00	-7.916328347070e-01	1.339436126087e-01	2.200700122726e+00	-7.915152707521e-01	-8.239924310353e+01	1.175480341146e+02	-7.915152707521e-01
186   	12    	-2 	4  	-3 	5.622100e+04	6.750000e+02	1.339448293011e-01	2.526133416894e+00	6.004237281593e-01	1.339341153815e-01	2.526107382427e+00	6.004237281593e-01	-1.144352216744e+02	8.481010802427e+01	6.004237281593e-01
187   	12    	-2 	4  	3  	1.874880e+05	2.826000e+03	1.339462154631e-01	2.976850373030e+00	2.654305647595e-01	1.339483486981e-01	2.976841722804e+00	2.654623550576e-01	-1.384548890237e+02	2.620596681120e+01	2.654623550576e-01
188   	10    	-4 	3  	2  	6.259000e+03	2.020000e+02	1.365047447127e-01	-2.937543579651e+00	9.268036760814e-01	1.365045320887e-01	-2.937580500613e+00	9.268036760814e-01	-1.399103247581e+02	-2.629808228689e+01	9.268036760814e-01
189   	10    	1  	3  	-2 	3.694830e+05	4.951000e+03	1.365022895905e-01	2.296065870917e+00	-3.645128158561e-01	1.364977864902e-01	2.296047357113e+00	-3.644640790142e-01	-9.471183893722e+01	1.111144078655e+02	-3.644640790142e-01
190   	10    	-1 	4  	-2 	2.977860e+05	3.122000e+03	1.365018898621e-01	2.453470836131e+00	2.535777204916e-01	1.364975520051e-01	2.453455165011e+00	2.534524705265e-01	-1.103805766949e+02	9.474025798954e+01	2.534524705265e-01
191   	10    	-3 	4  	2  	1.095280e+05	2.397000e+03	1.365037434073e-01	3.049014501876e+00	5.490220545537e-01	1.364971031229e-01	3.049005817298e+00	5.490457578739e-01	-1.424297305193e+02	1.631165229515e+01	5.490457578739e-01
192   	106   	1  	2  	8  	9.102300e+04	1.741000e+03	1.367055992815e-01	-3.054892834281e+00	-5.780679464801e-01	1.367012312581e-01	-3.054931093131e+00	-5.780679464801e-01	-1.427619904102e+02	-9.560392594560e+00	-5.780679464801e-01
193   	106   	-3 	1  	8  	1.148100e+04	1.410000e+02	1.367012320920e-01	-2.232437548434e+00	7.860402265071e-01	1.367013096850e-01	-2.232597156426e+00	7.860402265071e-01	-8.717414055404e+01	-1.110079327321e+02	7.860402265071e-01
194   	106   	-1 	3  	8  	1.041590e+05	2.386000e+03	1.367038180489e-01	-2.940580250211e+00	-1.087579702116e-01	1.367008988756e-01	-2.940612275869e+00	-1.130084809184e-01	-1.403339738556e+02	-2.591080169692e+01	-1.130084809184e-01
195   	191   	0  	2  	10 	6.831520e+05	1.061300e+04	1.398438314773e-01	-2.784518431237e+00	-3.952340590758e-01	1.398426655859e-01	-2.784533386961e+00	-3.952234501927e-01	-1.372427606258e+02	-4.875932678062e+01	-3.952234501927e-01
196   	191   	-2 	0  	10 	1.412971e+06	1.446300e+04	1.398393775395e-01	-1.958647879024e+00	5.079387402848e-01	1.398349615270e-01	-1.958694563592e+00	5.081258389739e-01	-5.425405581998e+01	-1.338200425575e+02	5.081258389739e-01
197   	302   	0  	0  	12 	9.828400e+05	8.797000e+03	1.419597949703e-01	-2.246580461960e+00	-5.755852479656e-01	1.419602586396e-01	-2.246600780530e+00	-5.756563999128e-01	-9.241970456001e+01	-1.141544308724e+02	-5.756563999128e-01
198   	24    	1  	3  	4  	4.027950e+05	8.544000e+03	1.425333640575e-01	2.807108833275e+00	-4.645619719270e-01	1.425279876682e-01	2.807063198177e+00	-4.645354536857e-01	-1.413241913427e+02	5.249809476678e+01	-4.645354536857e-01
199   	24    	-3 	4  	-4 	3.677100e+04	5.480000e+02	1.425312370224e-01	2.644178867443e+00	8.951380601587e-01	1.425248956133e-01	2.644069219732e+00	8.951380601587e-01	-1.312947013310e+02	7.499167859034e+01	8.951380601587e-01
200   	24    	-1 	4  	4  	3.618320e+05	7.676000e+03	1.425320677314e-01	2.919973416547e+00	-5.815096645247e-03	1.425307888771e-01	2.919965604118e+00	-5.785407448199e-03	-1.459402967667e+02	3.611970783779e+01	-5.785407448199e-03
201   	54    	2  	2  	6  	7.019580e+05	1.004000e+04	1.474021639607e-01	2.969700166744e+00	-7.313020350536e-01	1.473940642906e-01	2.969669273562e+00	-7.313435885584e-01	-1.525742208122e+02	2.964244740289e+01	-7.313435885584e-01
202   	54    	-4 	2  	6  	1.303570e+05	1.273000e+03	1.473986854112e-01	-2.515957267951e+00	9.204354605557e-01	1.473941969414e-01	-2.516030525590e+00	9.236387409591e-01	-1.248842553555e+02	-8.841754135556e+01	9.236387409591e-01
203   	54    	2  	2  	-6 	1.673303e+06	1.439000e+04	1.473961092656e-01	1.966423178032e+00	-7.987054538843e-01	1.474008545338e-01	1.966449279782e+00	-7.946248922567e-01	-5.918229571071e+01	1.471527676983e+02	-7.946248922567e-01
204   	54    	-2 	4  	-6 	1.162960e+05	1.413000e+03	1.473967364383e-01	2.347950651207e+00	8.258001577984e-01	1.473953251637e-01	2.347923294961e+00	8.258001577984e-01	-1.082669949897e+02	1.143231652681e+02	8.258001577984e-01
205   	54    	-2 	4  	6  	7.016090e+05	1.319600e+04	1.473992573341e-01	-3.102797776418e+00	1.537443479552e-01	1.473985717031e-01	-3.102825788012e+00	1.498461704978e-01	-1.546483781958e+02	-3.120438183453e+00	1.498461704978e-01
206   	16    	0  	4  	2  	2.392020e+05	3.636000e+03	1.510364412552e-01	2.671567844467e+00	-1.679749850620e-01	1.510327470876e-01	2.671575759992e+00	-1.679483529612e-01	-1.415129099170e+02	7.543531841343e+01	-1.679483529612e-01
207   	16    	-4 	4  	-2 	1.525000e+04	3.140000e+02	1.510373333485e-01	2.935029587552e+00	9.565247610799e-01	1.510451243838e-01	2.935028877186e+00	9.563805568270e-01	-1.552641541354e+02	3.575728076381e+01	9.563805568270e-01
208   	195   	2  	1  	10 	5.336380e+05	9.274000e+03	1.540661506712e-01	-2.922785501476e+00	-8.190631914810e-01	1.540664204977e-01	-2.922805665963e+00	-8.192520209579e-01	-1.580290601485e+02	-3.252002955801e+01	-8.192520209579e-01
209   	195   	-3 	2  	10 	1.264288e+06	1.394300e+04	1.540611697566e-01	-2.394404060815e+00	4.391288106204e-01	1.540545621765e-01	-2.394442622155e+00	4.392735750665e-01	-1.181437123445e+02	-1.079462912640e+02	4.392735750665e-01
210   	195   	-2 	3  	10 	6.510840e+05	1.215800e+04	1.540626050758e-01	-2.710462493237e+00	7.714890146299e-02	1.540644217277e-01	-2.710480515173e+00	7.721578371603e-02	-1.468610597800e+02	-6.529426351519e+01	7.721578371603e-02
211   	34    	-4 	4  	4  	1.785300e+04	2.670000e+02	1.565099607653e-01	-2.984809667827e+00	6.657889884602e-01	1.565169372431e-01	-2.984838564384e+00	6.657889884602e-01	-1.624461879260e+02	-2.299619425351e+01	6.657889884602e-01
212   	34    	0  	4  	-4 	4.411690e+05	4.705000e+03	1.565067243653e-01	2.228593533574e+00	7.197970093038e-02	1.565006504851e-01	2.228600488640e+00	7.214677889287e-02	-1.003756244447e+02	1.343294074736e+02	7.214677889287e-02
213   	115   	3  	1  	8  	1.069120e+05	1.626000e+03	1.644678847823e-01	3.119529523872e+00	-9.410179743287e-01	1.644770954709e-01	3.119632065399e+00	-9.421776962502e-01	-1.732110762933e+02	6.721211951818e+00	-9.421776962502e-01
214   	115   	-4 	3  	8  	1.864700e+04	3.130000e+02	1.644629112935e-01	-2.611575483343e+00	6.329012766243e-01	1.644545182830e-01	-2.611557589150e+00	6.329012766243e-01	-1.489592243567e+02	-8.529150847912e+01	6.329012766243e-01
215   	115   	1  	3  	-8 	4.921560e+05	4.163000e+03	1.644591746472e-01	1.857566662087e+00	2.029651371704e-02	1.644551855998e-01	1.857601475600e+00	2.233815877875e-02	-4.839357268006e+01	1.705030746383e+02	2.233815877875e-02
216   	115   	-1 	4  	-8 	2.821500e+04	3.830000e+02	1.644596349171e-01	2.096358425437e+00	7.432489718837e-01	1.644490620846e-01	2.096444318132e+00	7.432489718837e-01	-8.645352611261e+01	1.540028395156e+02	7.432489718837e-01
217   	115   	-3 	4  	8  	1.439290e+05	2.862000e+03	1.644634368699e-01	-2.878275679136e+00	3.041290533943e-01	1.644648727779e-01	-2.878286800299e+00	3.041486980343e-01	-1.670556573354e+02	-4.252829908544e+01	3.041486980343e-01
218   	155   	2  	2  	9  	7.760400e+04	1.445000e+03	1.674547949273e-01	-3.126743728927e+00	-7.067809655887e-01	1.674467481715e-01	-3.126739504987e+00	-7.111442887187e-01	-1.764412947216e+02	2.409364328755e-01	-7.111442887187e-01
219   	155   	-4 	2  	9  	6.671000e+03	1.020000e+02	1.674496174042e-01	-2.391632468632e+00	7.614605903258e-01	1.674676975002e-01	-2.391670328830e+00	7.614605903258e-01	-1.283705758618e+02	-1.181787969304e+02	7.614605903258e-01
220   	155   	2  	2  	-9 	4.326880e+05	4.158000e+03	1.674467919977e-01	1.777407054065e+00	-7.782920344523e-01	1.674427964260e-01	1.777404993101e+00	-7.762713977915e-01	-3.554978855093e+01	1.770887750398e+02	-7.762713977915e-01
221   	155   	-2 	4  	9  	8.492900e+04	1.026000e+03	1.674514551961e-01	-2.940488335429e+00	7.080598942439e-02	1.674513604071e-01	-2.940445274207e+00	6.996850717048e-02	-1.727706035423e+02	-3.263031182104e+01	6.996850717048e-02
222   	29    	3  	2  	4  	4.861850e+05	8.550000e+03	1.693492828657e-01	2.764592214094e+00	-8.527911297778e-01	1.693510914216e-01	2.764598353522e+00	-8.527601135088e-01	-1.660317822786e+02	6.909493614945e+01	-8.527601135088e-01
223   	29    	-5 	3  	4  	1.702240e+05	3.613000e+03	1.693470993073e-01	-2.748931208905e+00	1.004231552380e+00	1.693421543679e-01	-2.748886918387e+00	1.004190642380e+00	-1.645083678130e+02	-6.591031527190e+01	1.004190642380e+00
224   	29    	2  	3  	-4 	1.043405e+06	1.272000e+04	1.693439945650e-01	2.174386938048e+00	-5.689534681510e-01	1.693442097829e-01	2.174369276971e+00	-5.684405438677e-01	-1.010656331513e+02	1.510461615863e+02	-5.684405438677e-01
225   	29    	-2 	5  	-4 	9.519830e+05	1.208800e+04	1.693436967781e-01	2.446511038013e+00	5.282263361880e-01	1.693397018278e-01	2.446474122715e+00	5.281624526966e-01	-1.369306780213e+02	1.181207458366e+02	5.281624526966e-01
226   	29    	-3 	5  	4  	4.247160e+05	8.734000e+03	1.693460051049e-01	3.047594614151e+00	3.696554701473e-01	1.693443656694e-01	3.047613571984e+00	3.697000468975e-01	-1.776982936774e+02	1.975446446753e+01	3.697000468975e-01
227   	491   	0  	1  	14 	5.715440e+05	7.053000e+03	1.698284739644e-01	-2.454915201885e+00	-4.707793944049e-01	1.698241504005e-01	-2.454932555519e+00	-4.708011902554e-01	-1.378870042066e+02	-1.113443475183e+02	-4.708011902554e-01
228   	491   	-1 	0  	14 	7.494640e+05	1.196600e+04	1.698255826574e-01	-2.083195262608e+00	-2.432371989561e-01	1.698256627882e-01	-2.083183344341e+00	-2.431581255720e-01	-8.671829690506e+01	-1.540614685679e+02	-2.431581255720e-01
229   	491   	1  	-1 	14 	7.014130e+05	8.943000e+03	1.698272914159e-01	-2.246300242621e+00	-9.070594063632e-01	1.698347259478e-01	-2.246347293580e+00	-9.070453598833e-01	-1.111318397347e+02	-1.376732981911e+02	-9.070453598833e-01
230   	13    	1  	4  	0  	4.312950e+05	3.643000e+03	1.709423294087e-01	2.475837305078e+00	-3.236053502039e-01	1.709422620898e-01	2.475834751945e+00	-3.219431405403e-01	-1.416965452921e+02	1.150732066795e+02	-3.219431405403e-01
231   	13    	-5 	4  	0  	1.595200e+04	2.540000e+02	1.709446011832e-01	-3.105972567965e+00	1.012806091301e+00	1.709261279469e-01	-3.105976158023e+00	1.008442768171e+00	-1.799518410508e+02	-3.591743490986e+00	1.008442768171e+00
232   	13    	-4 	5  	0  	2.274300e+04	5.240000e+02	1.709430112715e-01	2.939787608271e+00	7.152699488876e-01	1.709362378853e-01	2.939746720230e+00	7.152699488876e-01	-1.765246628138e+02	3.927986517449e+01	7.152699488876e-01
233   	13    	-1 	5  	0  	3.648790e+05	3.385000e+03	1.709415914029e-01	2.586438506933e+00	1.133927073427e-01	1.709413254612e-01	2.586446171872e+00	1.172058422353e-01	-1.531363526264e+02	9.861348099473e+01	1.172058422353e-01
234   	22    	-5 	4  	3  	5.280000e+02	3.300000e+01	1.746012310256e-01	-2.946612559031e+00	8.857407993167e-01	1.746121393334e-01	-2.946496864858e+00	8.857407993167e-01	-1.804973534975e+02	-3.310015323636e+01	8.857407993167e-01
235   	22    	1  	4  	-3 	1.554820e+05	1.715000e+03	1.745979407180e-01	2.272518675367e+00	-2.474069758390e-01	1.745934128884e-01	2.272534809752e+00	-2.474069758390e-01	-1.187294565347e+02	1.446510661956e+02	-2.474069758390e-01
236   	22    	-1 	5  	-3 	1.517080e+05	1.428000e+03	1.745975914737e-01	2.400588186368e+00	2.426010418075e-01	1.745870685898e-01	2.400596005526e+00	2.427403616670e-01	-1.357588482877e+02	1.281708722557e+02	2.427403616670e-01
237   	22    	-4 	5  	3  	1.080000e+04	1.850000e+02	1.746003139474e-01	3.104176697282e+00	5.913026485630e-01	1.745974560984e-01	3.104218224757e+00	5.913026485630e-01	-1.840130620672e+02	9.796947234661e+00	5.913026485630e-01
238   	23    	1  	4  	3  	8.358300e+04	1.083000e+03	1.746010330015e-01	2.679340272184e+00	-3.708334724276e-01	1.745980267931e-01	2.679352322722e+00	-3.714990667459e-01	-1.649118348681e+02	8.563089661128e+01	-3.714990667459e-01
239   	23    	-4 	5  	-3 	5.569000e+03	9.900000e+01	1.745999952285e-01	2.778505258689e+00	8.540173691135e-01	1.746079085996e-01	2.778500893463e+00	8.540173691135e-01	-1.721345145150e+02	6.878591127261e+01	8.540173691135e-01
240   	23    	-1 	5  	3  	7.116200e+04	1.119000e+03	1.745999368516e-01	2.776254103348e+00	1.800419749770e-02	1.745993190264e-01	2.776279242643e+00	1.767560852250e-02	-1.720850335761e+02	6.916532816681e+01	1.767560852250e-02
241   	127   	0  	4  	8  	1.368510e+05	2.936000e+03	1.767301362660e-01	3.067860428865e+00	-2.711275696324e-01	1.767316111412e-01	3.067884655685e+00	-2.711081843121e-01	-1.860538501767e+02	1.669265650087e+01	-2.711081843121e-01
242   	211   	1  	3  	10 	3.955820e+05	6.196000e+03	1.791758774527e-01	-3.093541642814e+00	-4.872442773828e-01	1.791750099035e-01	-3.093557195954e+00	-4.881984944200e-01	-1.889595317727e+02	-6.294636310577e+00	-4.881984944200e-01
243   	211   	-4 	1  	10 	2.601760e+05	3.519000e+03	1.791704084932e-01	-2.196660655272e+00	9.469622457651e-01	1.791654466141e-01	-2.196667116475e+00	9.469542797018e-01	-1.097516233045e+02	-1.513239465545e+02	9.469542797018e-01
244   	211   	-1 	4  	10 	4.166700e+05	5.764000e+03	1.791741161625e-01	-3.006689517333e+00	-1.328492433410e-01	1.791751356012e-01	-3.006699461318e+00	-1.328239432506e-01	-1.873945954835e+02	-2.276435057527e+01	-1.328239432506e-01
245   	338   	3  	0  	12 	1.668720e+05	3.102000e+03	1.808386074776e-01	-2.831873410233e+00	-1.001004647149e+00	1.808461654775e-01	-2.831893500402e+00	-1.000988749332e+00	-1.817194707011e+02	-5.573870732708e+01	-1.000988749332e+00
246   	338   	-3 	3  	12 	2.567790e+05	3.774000e+03	1.808335809073e-01	-2.544997590170e+00	2.542731117216e-01	1.808295698591e-01	-2.545014159538e+00	2.542902401850e-01	-1.574580660549e+02	-1.051066987518e+02	2.542902401850e-01
247   	341   	0  	3  	12 	1.623470e+05	2.135000e+03	1.808366901008e-01	-2.885938631634e+00	-3.487327916388e-01	1.808375650660e-01	-2.885960027651e+00	-3.527126136400e-01	-1.846406459820e+02	-4.576469220566e+01	-3.527126136400e-01
248   	341   	-3 	0  	12 	1.024900e+04	2.410000e+02	1.808307775039e-01	-1.966548906681e+00	8.247576475451e-01	1.808280345761e-01	-1.966602606394e+00	8.247576475451e-01	-7.226959731088e+01	-1.742713792586e+02	8.247576475451e-01
249   	504   	2  	0  	14 	4.607370e+05	4.482000e+03	1.817371663249e-01	-2.609221737841e+00	-8.777242333904e-01	1.817427598617e-01	-2.609258033522e+00	-8.774569054239e-01	-1.650004767941e+02	-9.518300116755e+01	-8.774569054239e-01
250   	504   	-2 	2  	14 	7.439230e+05	6.205000e+03	1.817335074420e-01	-2.396416423170e+00	1.940978482325e-02	1.817309359867e-01	-2.396401353586e+00	1.946739955368e-02	-1.403935480034e+02	-1.280854708490e+02	1.946739955368e-02
251   	504   	0  	-2 	14 	1.060048e+06	1.447700e+04	1.817307611572e-01	-1.882035201848e+00	-9.144798006734e-01	1.817436492127e-01	-1.882156828318e+00	-9.139906243241e-01	-5.747527250063e+01	-1.807731452568e+02	-9.139906243241e-01
252   	66    	4  	1  	6  	2.914720e+05	3.848000e+03	1.851479041546e-01	2.919577993100e+00	-1.032674793851e+00	1.851546174315e-01	2.919599641320e+00	-1.032698042193e+00	-1.909557039280e+02	4.622011369878e+01	-1.032698042193e+00
253   	66    	-5 	4  	6  	2.787300e+04	4.850000e+02	1.851435279119e-01	-2.802378911797e+00	7.672409248671e-01	1.851501362630e-01	-2.802420065683e+00	7.672409248671e-01	-1.842060537194e+02	-6.268646555975e+01	7.672409248671e-01
254   	66    	1  	4  	-6 	7.232450e+05	1.065800e+04	1.851394173924e-01	2.085091252918e+00	-1.226815221074e-01	1.851354566035e-01	2.085086240567e+00	-1.184202227141e-01	-9.592825785000e+01	1.745029811431e+02	-1.184202227141e-01
255   	66    	-1 	5  	-6 	7.609220e+05	7.821000e+03	1.851394402450e-01	2.235768750699e+00	4.151864160326e-01	1.851378173582e-01	2.235755448524e+00	4.152296752756e-01	-1.204768946965e+02	1.579824436818e+02	4.152296752756e-01
256   	66    	-4 	5  	6  	3.129400e+05	6.231000e+03	1.851432663154e-01	-3.026724290773e+00	4.841386076836e-01	1.851475493268e-01	-3.026800411598e+00	4.841968476041e-01	-1.942787933429e+02	-1.972679743388e+01	4.841968476041e-01
257   	68    	1  	4  	6  	3.004220e+05	4.340000e+03	1.851452534778e-01	2.867244196569e+00	-3.995160912637e-01	1.851404024685e-01	2.867209825570e+00	-3.994984010560e-01	-1.884331154044e+02	5.622791623130e+01	-3.994984010560e-01
258   	68    	-4 	5  	-6 	1.735870e+05	1.957000e+03	1.851426647950e-01	2.635132472143e+00	1.003507034128e+00	1.851420205077e-01	2.635144427563e+00	1.007652199899e+00	-1.709958097627e+02	9.844258438334e+01	1.007652199899e+00
259   	68    	-1 	5  	6  	2.989410e+05	5.354000e+03	1.851438666888e-01	2.953263423717e+00	-5.183907704521e-02	1.851440337393e-01	2.953298866398e+00	-5.550893275110e-02	-1.922743317402e+02	3.972133250093e+01	-5.550893275110e-02
260   	605   	1  	1  	15 	9.987200e+04	1.172000e+03	1.889634303595e-01	-2.593821500978e+00	-6.308849114776e-01	1.889649921518e-01	-2.593789884594e+00	-6.308849114776e-01	-1.701727269579e+02	-1.018622937452e+02	-6.308849114776e-01
261   	605   	-2 	1  	15 	1.720060e+05	1.687000e+03	1.889590019088e-01	-2.186083460563e+00	4.822539237514e-02	1.889616809042e-01	-2.186057453799e+00	4.822539237514e-02	-1.143624461229e+02	-1.612189409580e+02	4.822539237514e-02
262   	605   	-1 	2  	15 	1.258660e+05	1.722000e+03	1.889614807148e-01	-2.494557505385e+00	-2.246955140331e-01	1.889560221987e-01	-2.494526139211e+00	-2.246955140331e-01	-1.588801111576e+02	-1.183322733124e+02	-2.246955140331e-01
263   	605   	2  	-1 	15 	1.444450e+05	1.360000e+03	1.889624556635e-01	-2.430675449472e+00	-9.931587834517e-01	1.889672750386e-01	-2.430659720359e+00	-9.931587834517e-01	-1.508014430673e+02	-1.282998013884e+02	-9.931587834517e-01
264   	605   	-1 	-1 	15 	2.292120e+05	2.786000e+03	1.889575128348e-01	-1.893573531212e+00	-2.612204599088e-01	1.889642795657e-01	-1.893572446664e+00	-2.610912232164e-01	-6.203775552586e+01	-1.875758898101e+02	-2.610912232164e-01
265   	223   	-4 	4  	10 	5.750890e+05	9.471000e+03	1.905016319200e-01	-2.708126749085e+00	4.421370481160e-01	1.905020916706e-01	-2.708138504145e+00	4.421705532516e-01	-1.825055691307e+02	-8.233290964319e+01	4.421705532516e-01
266   	223   	0  	4  	-10	5.130000e+02	2.700000e+01	1.904970124698e-01	1.910140059150e+00	6.369767183445e-01	1.893892314345e-01	1.914376471219e+00	6.369767183445e-01	-6.690679874642e+01	1.928994854345e+02	6.369767183445e-01
267   	50    	0  	5  	4  	3.157110e+05	4.682000e+03	1.924910157186e-01	2.759182983684e+00	-1.753132091986e-01	1.924906984365e-01	2.759193219806e+00	-1.751731924534e-01	-1.890514207914e+02	7.935004808256e+01	-1.751731924534e-01
268   	508   	1  	2  	14 	2.538300e+05	3.512000e+03	1.929183058484e-01	-2.784648813134e+00	-5.541492848432e-01	1.929212715227e-01	-2.784672682471e+00	-5.534513387937e-01	-1.910720234981e+02	-6.894697835705e+01	-5.534513387937e-01
269   	508   	-3 	1  	14 	5.477820e+05	8.153000e+03	1.929122057524e-01	-2.128083600701e+00	4.191381397475e-01	1.929108237837e-01	-2.128124129957e+00	4.191637088010e-01	-1.068714252033e+02	-1.713103407967e+02	4.191637088010e-01
270   	508   	-1 	3  	14 	2.960580e+05	4.012000e+03	1.929163629686e-01	-2.697336038269e+00	-1.970375647129e-01	1.929264320171e-01	-2.697315063050e+00	-1.968570528480e-01	-1.840210492174e+02	-8.545812435150e+01	-1.968570528480e-01
271   	15    	3  	3  	0  	1.063351e+06	7.800000e+03	1.938995544193e-01	2.466108108310e+00	-7.337368987064e-01	1.938994442684e-01	2.466096890830e+00	-7.300499464468e-01	-1.601465150441e+02	1.320350000206e+02	-7.300499464468e-01
272   	15    	-3 	6  	0  	6.496120e+05	8.150000e+03	1.938975997977e-01	2.745979723504e+00	4.478446423140e-01	1.938988131742e-01	2.745965683640e+00	4.479330557398e-01	-1.893873884581e+02	8.245532619545e+01	4.479330557398e-01
273   	215   	-5 	3  	10 	9.025000e+03	1.090000e+02	2.012007674281e-01	-2.499487809386e+00	7.581308968744e-01	2.011748272102e-01	-2.499414373272e+00	7.590253176822e-01	-1.700535384700e+02	-1.255894160625e+02	7.590253176822e-01
274   	215   	-2 	5  	-10	9.078900e+04	1.027000e+03	2.011978069928e-01	2.186527927471e+00	9.380489013092e-01	2.011958006863e-01	2.186542944145e+00	9.424122244392e-01	-1.228124564804e+02	1.780932021243e+02	9.424122244392e-01
275   	37    	2  	4  	4  	1.929700e+05	2.770000e+03	2.030886908504e-01	2.696724354234e+00	-5.138185093222e-01	2.030963869509e-01	2.696696009221e+00	-5.138030883429e-01	-1.944370695334e+02	9.606177553862e+01	-5.138030883429e-01
276   	37    	4  	2  	-4 	3.612640e+05	4.256000e+03	2.030860700005e-01	2.271509053681e+00	-1.025998566227e+00	2.030914294448e-01	2.271550809034e+00	-1.021712747206e+00	-1.386982408277e+02	1.684741191734e+02	-1.021712747206e+00
277   	37    	-4 	6  	-4 	1.582600e+04	2.670000e+02	2.030855723355e-01	2.664956198415e+00	7.777124612982e-01	2.030913370972e-01	2.664912572749e+00	7.777124612982e-01	-1.912589235757e+02	1.022403051354e+02	7.777124612982e-01
278   	52    	1  	5  	-4 	4.336790e+05	4.381000e+03	2.131608110103e-01	2.258174137746e+00	-1.584882225349e-01	2.131605870484e-01	2.258214373766e+00	-1.546540571845e-01	-1.435190279872e+02	1.788879532988e+02	-1.546540571845e-01
279   	52    	-1 	6  	-4 	4.468770e+05	3.767000e+03	2.131604945774e-01	2.366089306399e+00	2.450727499945e-01	2.131611448983e-01	2.366074878816e+00	2.450996206217e-01	-1.615528541967e+02	1.622898926814e+02	2.450996206217e-01
280   	523   	-4 	3  	14 	2.085960e+05	1.903000e+03	2.135463879090e-01	-2.432721925584e+00	4.167871826686e-01	2.135440261535e-01	-2.432747675518e+00	4.168616701643e-01	-1.714382126407e+02	-1.456030986783e+02	4.168616701643e-01
