#
# ID	PID	H	K	L	sum(int)	max(int)	pred tth          	pred eta          	 pred ome          	meas tth          	meas eta          	 meas ome          	meas X            	meas Y            	 meas ome
#
0     	1     	0  	-1 	-2 	1.131943e+06	1.445000e+04	4.412849390080e-02	-7.334823406068e-02	-3.818142309364e-01	4.413212076611e-02	-7.328492114406e-02	-3.818946596657e-01	4.765221560049e+01	-2.016704479374e-03	-3.818946596657e-01
1     	14    	0  	-1 	4  	5.267514e+06	1.444200e+04	6.020274796749e-02	-1.330051676151e+00	9.607442144719e-01	6.020310841998e-02	-1.330061670419e+00	9.595875786561e-01	1.653987475430e+01	-5.818229406430e+01	9.595875786561e-01
2     	14    	1  	-1 	-4 	2.771988e+06	1.440700e+04	6.020505349670e-02	5.942636934119e-01	1.088428110256e-01	6.020977628952e-02	5.942521180978e-01	1.093065499117e-01	5.371308169494e+01	3.886165391305e+01	1.093065499117e-01
3     	0     	1  	-2 	0  	1.138809e+06	1.447000e+04	6.454114640551e-02	-3.937497153327e-01	3.078866321845e-01	6.454226809024e-02	-3.936841425114e-01	3.079141575319e-01	6.407154437490e+01	-2.261106970226e+01	3.079141575319e-01
4     	0     	-1 	-1 	0  	1.949602e+06	1.446000e+04	6.454300118345e-02	-6.719736300799e-01	-8.989142359248e-01	6.453255560539e-02	-6.719943947857e-01	-8.986337893030e-01	5.467352796003e+01	-3.884798758101e+01	-8.986337893030e-01
5     	8     	1  	-2 	3  	1.348970e+05	1.119000e+03	7.364568601460e-02	-7.914709462379e-01	6.685009068801e-01	7.348674587848e-02	-7.903637291793e-01	6.678976616161e-01	5.584039841469e+01	-5.154608067426e+01	6.678976616161e-01
6     	8     	1  	-2 	-3 	1.414530e+06	1.442300e+04	7.364925320750e-02	3.882200551973e-02	4.316191757415e-02	7.365903799420e-02	3.869603830566e-02	4.332028634174e-02	7.877943580949e+01	6.464580751471e+00	4.332028634174e-02
7     	8     	-1 	-1 	-3 	1.454126e+06	1.448300e+04	7.364980679054e-02	-1.714205142575e-01	-8.434197121628e-01	7.364473761883e-02	-1.715741209585e-01	-8.433650523230e-01	7.783235666152e+01	-9.766832055107e+00	-8.433650523230e-01
8     	8     	2  	-1 	-3 	9.452300e+04	8.490000e+02	7.364868897964e-02	6.242846819634e-01	7.842618185531e-01	7.337546851509e-02	6.244640465309e-01	7.847244952322e-01	6.383988046252e+01	4.857902062424e+01	7.847244952322e-01
9     	4     	0  	-2 	2  	1.149620e+05	1.308000e+03	7.819299125073e-02	-9.098541820462e-01	-1.192594219279e-01	7.819995147011e-02	-9.098320006481e-01	-1.192594219279e-01	5.203189033188e+01	-6.157572348954e+01	-1.192594219279e-01
10    	4     	2  	-2 	-2 	7.120000e+03	1.960000e+02	7.819337425060e-02	1.565268320790e-01	5.470018279005e-01	7.820030241300e-02	1.566112386856e-01	5.470018279005e-01	8.257661883375e+01	1.631322001743e+01	5.470018279005e-01
11    	17    	0  	-2 	-4 	1.627359e+06	1.449300e+04	8.827848924243e-02	-7.338155272510e-02	-4.039487749953e-01	8.829271269980e-02	-7.339382818283e-02	-4.041974992597e-01	9.413050046756e+01	-3.316682420895e+00	-4.041974992597e-01
12    	45    	1  	-2 	-6 	1.839896e+06	1.444000e+04	9.592304800808e-02	3.236245325828e-01	-1.416975521657e-01	9.592673437080e-02	3.236130931901e-01	-1.415874882329e-01	9.710040486385e+01	3.564684389710e+01	-1.415874882329e-01
13    	45    	1  	1  	-6 	9.556980e+06	1.439600e+04	9.592046341380e-02	1.477568964329e+00	9.484125884259e-01	9.592287801381e-02	1.477552981830e+00	9.488972894892e-01	1.048160771654e+01	1.039680058013e+02	9.488972894892e-01
14    	45    	-1 	-1 	-6 	1.640954e+06	1.444500e+04	9.592264958230e-02	1.577852311198e-01	-8.270732053392e-01	9.592036537550e-02	1.578153128646e-01	-8.271358517589e-01	1.012098568007e+02	1.939986370879e+01	-8.271358517589e-01
15    	45    	2  	-1 	-6 	3.437432e+06	1.442200e+04	9.592206798674e-02	8.290095121619e-01	4.085902101925e-01	9.592699943276e-02	8.291078463803e-01	4.087999788009e-01	6.941761551113e+01	7.797250984176e+01	4.087999788009e-01
16    	2     	1  	-3 	1  	1.053220e+05	1.275000e+03	9.931805278289e-02	-5.949730221134e-01	1.693649938650e-01	9.932605278922e-02	-5.949443716651e-01	1.694289179036e-01	8.815343919536e+01	-5.518304932557e+01	1.694289179036e-01
17    	2     	2  	-3 	-1 	5.920800e+04	1.165000e+03	9.931827907617e-02	-1.892629418872e-01	3.879766891189e-01	9.931639636736e-02	-1.892883161786e-01	3.879766891189e-01	1.041527299174e+02	-1.617008055506e+01	3.879766891189e-01
18    	2     	3  	-2 	-1 	2.330300e+04	4.070000e+02	9.931828510389e-02	2.185634926860e-01	9.129310890612e-01	9.933870739992e-02	2.185035453682e-01	9.124796462399e-01	1.034550976386e+02	2.621822535435e+01	9.124796462399e-01
19    	2     	-1 	-2 	1  	1.823380e+05	2.567000e+03	9.932032877402e-02	-7.978583971771e-01	-6.772284172591e-01	9.931663271483e-02	-7.978936974047e-01	-6.771625622795e-01	7.467857585352e+01	-7.147614976100e+01	-6.771625622795e-01
20    	5     	2  	-3 	2  	2.240000e+03	8.600000e+01	1.014078405608e-01	-4.745079806742e-01	6.065360009995e-01	1.014105119831e-01	-4.745614091207e-01	6.021726778695e-01	9.649659363881e+01	-4.534000432248e+01	6.021726778695e-01
21    	5     	1  	-3 	-2 	8.730700e+04	1.469000e+03	1.014115080115e-01	-2.799745093989e-01	-6.085695503974e-03	1.014120340171e-01	-2.800010745587e-01	-6.085695503974e-03	1.041330006405e+02	-2.601513359213e+01	-6.085695503974e-03
22    	5     	-1 	-2 	-2 	1.198500e+05	2.703000e+03	1.014129578978e-01	-4.428543867867e-01	-6.822999768514e-01	1.014178287453e-01	-4.428481768722e-01	-6.822810454536e-01	9.811125430556e+01	-4.229487832608e+01	-6.822810454536e-01
23    	95    	0  	-1 	-8 	6.201800e+05	7.217000e+03	1.016795096951e-01	5.375118159402e-01	-5.843196500067e-01	1.016785960937e-01	5.374622861292e-01	-5.875127036727e-01	9.334187727241e+01	5.836406651144e+01	-5.875127036727e-01
24    	95    	1  	0  	-8 	9.719840e+05	1.441200e+04	1.016781700696e-01	1.137536300490e+00	-2.514281712502e-01	1.016784023907e-01	1.137519435623e+00	-2.514051197758e-01	4.614254524181e+01	1.006671354818e+02	-2.514051197758e-01
25    	19    	1  	-3 	4  	2.760890e+06	1.448900e+04	1.093761771166e-01	-8.663254789005e-01	3.970382367676e-01	1.093865493496e-01	-8.663230218982e-01	3.994448625993e-01	7.623184401967e+01	-8.445256980850e+01	3.994448625993e-01
26    	19    	2  	-3 	-4 	1.029093e+06	1.446600e+04	1.093799894434e-01	8.204382190533e-02	1.979167275110e-01	1.093904961999e-01	8.199149078607e-02	1.976739044467e-01	1.162744058021e+02	1.300057796717e+01	1.976739044467e-01
27    	19    	3  	-2 	-4 	1.377800e+04	2.050000e+02	1.093795154026e-01	4.665337827795e-01	6.731474736943e-01	1.093817201522e-01	4.664809097026e-01	6.731474736943e-01	1.042143322460e+02	5.540779466645e+01	6.731474736943e-01
28    	19    	-1 	-2 	4  	3.160250e+06	1.446800e+04	1.093789672692e-01	-1.126895830394e+00	-6.941352835858e-01	1.093888310445e-01	-1.126930127675e+00	-6.920270981594e-01	5.121311643811e+01	-1.007972680106e+02	-6.920270981594e-01
29    	6     	3  	-3 	0  	2.553600e+04	7.390000e+02	1.118265245886e-01	-8.372742628688e-02	7.230420866184e-01	1.118449479161e-01	-8.374985087243e-02	7.230420866184e-01	1.188887961603e+02	-6.310965630586e+00	7.230420866184e-01
30    	6     	0  	-3 	0  	4.043348e+06	1.449800e+04	1.118294494641e-01	-6.205840428837e-01	-2.696228031582e-01	1.118381917809e-01	-6.206456018752e-01	-2.696273441633e-01	9.749567437690e+01	-6.509798237288e+01	-2.696273441633e-01
31    	32    	2  	-3 	5  	1.764000e+03	3.200000e+01	1.149904330538e-01	-6.992764502413e-01	8.380629955422e-01	1.149589894236e-01	-6.994891746116e-01	8.380629955422e-01	9.429911644107e+01	-7.460026361018e+01	8.380629955422e-01
32    	32    	1  	-3 	-5 	4.581700e+04	7.970000e+02	1.149971002186e-01	-3.261126344083e-03	-1.411964006459e-01	1.150087874004e-01	-3.329880757663e-03	-1.411964006459e-01	1.226898711592e+02	3.163112001953e+00	-1.411964006459e-01
33    	32    	-1 	-2 	-5 	3.920000e+04	9.450000e+02	1.149976918871e-01	-1.379787145931e-01	-6.964468599143e-01	1.150048285684e-01	-1.379326629150e-01	-6.965252216358e-01	1.216421671029e+02	-1.311763130441e+01	-6.965252216358e-01
34    	32    	3  	-1 	-5 	9.408000e+03	1.090000e+02	1.149958312177e-01	7.707003076498e-01	8.623325442118e-01	1.150021102018e-01	7.706824981676e-01	8.623325442118e-01	8.816297665163e+01	8.802167532571e+01	8.623325442118e-01
35    	102   	0  	-2 	8  	1.192600e+04	1.820000e+02	1.204601318763e-01	-1.335547360397e+00	8.331126620045e-01	1.204786191074e-01	-1.335509119401e+00	8.358244640370e-01	3.123885439541e+01	-1.203563913003e+02	8.358244640370e-01
36    	102   	2  	-2 	-8 	1.675230e+05	2.421000e+03	1.204647492186e-01	5.952184954277e-01	7.246825135554e-02	1.204703671389e-01	5.952588910210e-01	7.248825477098e-02	1.064539170973e+02	7.482952211708e+01	7.248825477098e-02
37    	184   	1  	-1 	-10	2.732282e+06	1.445300e+04	1.240126018322e-01	8.018543246331e-01	-3.357264101717e-01	1.240149436886e-01	8.018930113935e-01	-3.359564814455e-01	9.220748691443e+01	9.759759233826e+01	-3.359564814455e-01
38    	184   	-1 	0  	-10	1.900720e+06	1.446500e+04	1.240107981614e-01	6.361359910413e-01	-9.952771015183e-01	1.240124720289e-01	6.362050662833e-01	-9.948600661529e-01	1.066033669718e+02	8.132087881912e+01	-9.948600661529e-01
39    	137   	1  	-2 	-9 	4.448320e+05	5.899000e+03	1.245045331778e-01	4.864983727403e-01	-2.756098061249e-01	1.245093710281e-01	4.865152078714e-01	-2.755125506468e-01	1.174334783681e+02	6.501827500004e+01	-2.755125506468e-01
40    	137   	1  	1  	-9 	1.773912e+06	1.441200e+04	1.245010614638e-01	1.430528086077e+00	-6.445470107017e-01	1.245063287037e-01	1.430483046182e+00	-6.444119943255e-01	1.950944338060e+01	1.335251378763e+02	-6.444119943255e-01
41    	137   	-1 	-1 	-9 	3.667210e+05	5.716000e+03	1.245035905872e-01	3.506006103673e-01	-8.276894943442e-01	1.245046699332e-01	3.506160585260e-01	-8.277538041642e-01	1.247947472921e+02	4.872216170641e+01	-8.277538041642e-01
42    	137   	2  	-1 	-9 	7.557360e+05	1.087800e+04	1.245033558232e-01	9.122565914495e-01	1.064169750499e-01	1.245031149194e-01	9.123161886182e-01	1.064692492933e-01	8.153570169522e+01	1.074519200967e+02	1.064692492933e-01
43    	3     	2  	-4 	0  	5.594440e+05	7.025000e+03	1.291496280809e-01	-3.943684521952e-01	2.729015460057e-01	1.291587314571e-01	-3.944013452316e-01	2.729392014709e-01	1.273965819519e+02	-4.884812008901e+01	2.729392014709e-01
44    	3     	-2 	-2 	0  	1.004593e+06	1.451300e+04	1.291533434492e-01	-6.731825713554e-01	-9.402114095688e-01	1.291488353347e-01	-6.732300456944e-01	-9.401598971530e-01	1.083136676274e+02	-8.152784364759e+01	-9.401598971530e-01
45    	12    	2  	-4 	3  	2.890120e+05	3.036000e+03	1.339407319003e-01	-6.153332392428e-01	4.364835753026e-01	1.339429919120e-01	-6.152961669030e-01	4.351464610086e-01	1.170905300849e+02	-7.815349605492e+01	4.351464610086e-01
46    	12    	2  	-4 	-3 	1.772180e+05	2.559000e+03	1.339446628916e-01	-1.646168730354e-01	1.296613551850e-01	1.339448424969e-01	-1.645967082573e-01	1.296834157970e-01	1.410126478888e+02	-1.958352122913e+01	1.296834157970e-01
47    	12    	-2 	-2 	-3 	2.507490e+05	4.627000e+03	1.339470645026e-01	-4.056547304585e-01	-9.001122246620e-01	1.339525262291e-01	-4.057174332780e-01	-9.000738377061e-01	1.316433797820e+02	-5.227921387592e+01	-9.000738377061e-01
48    	12    	4  	-2 	-3 	2.182980e+05	4.039000e+03	1.339442032736e-01	4.528011693184e-01	9.410803250196e-01	1.339520193121e-01	4.527528313874e-01	9.411182620932e-01	1.284586093039e+02	6.550703509677e+01	9.411182620932e-01
49    	12    	-2 	-2 	3  	5.020820e+05	7.052000e+03	1.339454966601e-01	-9.406849879439e-01	-1.018349555651e+00	1.339490033328e-01	-9.407321642418e-01	-1.018237883251e+00	8.514570064674e+01	-1.109043115557e+02	-1.018237883251e+00
50    	10    	1  	-4 	2  	2.923410e+05	3.395000e+03	1.365000104244e-01	-6.879668763775e-01	7.703009214635e-02	1.365110229642e-01	-6.879433316946e-01	7.710519704778e-02	1.130236454105e+02	-8.808064349853e+01	7.710519704778e-02
51    	10    	3  	-4 	-2 	1.305700e+05	2.524000e+03	1.365004501391e-01	-9.245743172096e-02	4.119401197340e-01	1.365064607164e-01	-9.241614311296e-02	4.118277700950e-01	1.450128611654e+02	-9.697141798020e+00	4.118277700950e-01
52    	10    	4  	-3 	-2 	9.180000e+02	5.100000e+01	1.365003793541e-01	2.041736807051e-01	7.874355244118e-01	1.364858349436e-01	2.043974408656e-01	7.874355244118e-01	1.425002881899e+02	3.289718134625e+01	7.874355244118e-01
53    	10    	-1 	-3 	2  	3.812140e+05	3.234000e+03	1.365024482089e-01	-8.453211627169e-01	-5.698790050403e-01	1.365112674222e-01	-8.453290219849e-01	-5.698524964222e-01	9.740035853439e+01	-1.044582515131e+02	-5.698524964222e-01
54    	106   	1  	-3 	-8 	1.055620e+05	2.427000e+03	1.367037066151e-01	2.011501650429e-01	-2.482152450925e-01	1.367082769400e-01	2.011642313965e-01	-2.522905513645e-01	1.428811188640e+02	3.248521822640e+01	-2.522905513645e-01
55    	106   	2  	1  	-8 	4.593900e+05	9.435000e+03	1.367006324725e-01	1.328123882932e+00	1.005502632580e+00	1.366976087586e-01	1.328102098720e+00	1.005991707733e+00	3.571493332509e+01	1.436712156768e+02	1.005991707733e+00
56    	106   	-1 	-2 	-8 	9.487500e+04	1.983000e+03	1.367036258732e-01	8.684358410616e-02	-7.152248781617e-01	1.367045967512e-01	8.682907772611e-02	-7.195296097379e-01	1.453454425735e+02	1.614947607628e+01	-7.195296097379e-01
57    	106   	3  	-1 	-8 	1.088030e+05	1.252000e+03	1.367018699290e-01	9.093463703297e-01	5.641545486142e-01	1.367034919270e-01	9.092844099923e-01	5.641545486142e-01	8.981472799565e+01	1.175216324964e+02	5.641545486142e-01
58    	191   	0  	-2 	-10	6.937540e+05	1.031300e+04	1.398426335847e-01	3.572285641924e-01	-5.443901894910e-01	1.398454395548e-01	3.571981453230e-01	-5.445448593631e-01	1.398051341723e+02	5.530284462738e+01	-5.445448593631e-01
59    	191   	2  	0  	-10	1.366403e+06	1.443700e+04	1.398402335700e-01	1.183269166512e+00	1.417380196772e-01	1.398439583925e-01	1.183288879271e+00	1.420359346174e-01	5.689418551775e+01	1.403357172991e+02	1.420359346174e-01
60    	302   	0  	0  	-12	1.053859e+06	1.440000e+04	1.419576573178e-01	8.952560608330e-01	-8.018566265824e-01	1.419646495919e-01	8.952522684133e-01	-8.018407732621e-01	9.505392794493e+01	1.206622357643e+02	-8.018407732621e-01
61    	24    	3  	-4 	4  	1.411000e+04	2.420000e+02	1.425245614495e-01	-4.972987404063e-01	7.330329407319e-01	1.425310048080e-01	-4.972316567613e-01	7.334847348561e-01	1.339662319682e+02	-6.831819646806e+01	7.334847348561e-01
62    	24    	1  	-4 	-4 	3.658700e+05	6.068000e+03	1.425315315467e-01	-2.214778821500e-01	-1.518884492515e-01	1.425377991950e-01	-2.214714033032e-01	-1.548406660248e-01	1.484951889545e+02	-2.948695260835e+01	-1.548406660248e-01
63    	24    	-1 	-3 	-4 	4.157760e+05	7.551000e+03	1.425327560483e-01	-3.343311675245e-01	-6.153881579510e-01	1.425363334872e-01	-3.343851964868e-01	-6.152617003303e-01	1.439217733511e+02	-4.585582500847e+01	-6.152617003303e-01
64    	54    	2  	-4 	6  	6.211200e+04	6.390000e+02	1.473914674775e-01	-7.934914983883e-01	6.159875775704e-01	1.473973111767e-01	-7.935920953538e-01	6.159875775704e-01	1.109498026380e+02	-1.076626226559e+02	6.159875775704e-01
65    	54    	2  	-4 	-6 	7.006810e+05	1.324300e+04	1.473986164322e-01	3.893538888048e-02	6.259340047889e-03	1.474149650559e-01	3.894324835047e-02	6.159554425280e-03	1.571840683641e+02	9.719560269120e+00	6.159554425280e-03
66    	54    	-2 	-2 	-6 	7.172280e+05	9.122000e+03	1.473997258593e-01	-1.717395225448e-01	-8.808440924980e-01	1.473989151405e-01	-1.717648185584e-01	-8.849803637757e-01	1.551772609720e+02	-2.301438815343e+01	-8.849803637757e-01
67    	54    	4  	-2 	-6 	5.895400e+04	1.059000e+03	1.473974856720e-01	6.257986000778e-01	7.387932441664e-01	1.473898778208e-01	6.256785041819e-01	7.387932441664e-01	1.275069872244e+02	9.491837428664e+01	7.387932441664e-01
68    	16    	4  	-4 	2  	6.001000e+03	1.310000e+02	1.510299569676e-01	-2.064414633323e-01	8.022303548984e-01	1.509856148144e-01	-2.060291478626e-01	8.022303548984e-01	1.578262183584e+02	-2.904961023461e+01	8.022303548984e-01
69    	16    	0  	-4 	-2 	2.478320e+05	3.744000e+03	1.510361396236e-01	-4.698588067611e-01	-3.372828594733e-01	1.510394569239e-01	-4.698438934029e-01	-3.372488095244e-01	1.440958102684e+02	-6.876713444828e+01	-3.372488095244e-01
70    	195   	1  	-3 	10 	8.968750e+05	9.636000e+03	1.540550198586e-01	-1.123757549787e+00	9.590872543642e-01	1.540575174951e-01	-1.123775515580e+00	9.623647662056e-01	7.217975174163e+01	-1.436998681587e+02	9.623647662056e-01
71    	195   	2  	-3 	-10	6.263760e+05	7.005000e+03	1.540628633514e-01	4.312915481353e-01	-9.231192339549e-02	1.540672261119e-01	4.313030441803e-01	-9.215087688757e-02	1.493766813823e+02	7.182340793099e+01	-9.215087688757e-02
72    	195   	-2 	-1 	-10	5.631840e+05	7.825000e+03	1.540615147302e-01	2.189777249674e-01	-9.768055625872e-01	1.540591437328e-01	2.190277083364e-01	-9.806221609820e-01	1.606007021077e+02	3.909572521314e+01	-9.806221609820e-01
73    	195   	3  	-2 	-10	1.240248e+06	1.427400e+04	1.540618439114e-01	7.473771193342e-01	2.295226581782e-01	1.540630906467e-01	7.473743068345e-01	2.296578378583e-01	1.207156822799e+02	1.144446191666e+02	2.296578378583e-01
74    	34    	0  	-4 	4  	4.420280e+05	5.361000e+03	1.565058240935e-01	-9.127624506743e-01	-1.831524923073e-01	1.565107042238e-01	-9.127503550517e-01	-1.832783889093e-01	1.030504819862e+02	-1.276470816019e+02	-1.832783889093e-01
75    	34    	4  	-4 	-4 	1.518600e+04	2.830000e+02	1.565065918574e-01	1.569269103064e-01	5.073594497535e-01	1.564941564152e-01	1.569086364126e-01	5.073594497535e-01	1.649571096587e+02	2.956585085366e+01	5.073594497535e-01
76    	115   	1  	-4 	8  	2.416570e+05	1.654000e+03	1.644560522007e-01	-1.044973122532e+00	4.176139068899e-01	1.644649390450e-01	-1.044847165407e+00	4.194929794520e-01	8.920254164364e+01	-1.473306702007e+02	4.194929794520e-01
77    	115   	3  	-4 	-8 	1.385050e+05	2.877000e+03	1.644628305437e-01	2.634765994052e-01	1.338512147550e-01	1.644634339837e-01	2.635297597346e-01	1.338693604835e-01	1.695376676303e+02	4.908774876227e+01	1.338693604835e-01
78    	115   	4  	-3 	-8 	1.828870e+05	2.290000e+03	1.644621322760e-01	5.301908642636e-01	4.424610187213e-01	1.644661641743e-01	5.302169682596e-01	4.424610187213e-01	1.515069211438e+02	9.180180918123e+01	4.424610187213e-01
79    	115   	-1 	-3 	8  	4.944170e+05	6.255000e+03	1.644590422089e-01	-1.283478899888e+00	-5.464012562577e-01	1.644639013135e-01	-1.283465246495e+00	-5.426029658094e-01	5.121270271583e+01	-1.638475827313e+02	-5.426029658094e-01
80    	155   	2  	-4 	9  	6.746000e+03	1.180000e+02	1.674418936163e-01	-9.168656711482e-01	8.003961341241e-01	1.674250282663e-01	-9.169400209842e-01	8.003961341241e-01	1.096379634432e+02	-1.374202901327e+02	8.003961341241e-01
81    	155   	2  	-4 	-9 	8.685500e+04	1.171000e+03	1.674513428809e-01	2.012681789506e-01	-1.000360886584e-01	1.674492382073e-01	2.012555710668e-01	-1.041893714452e-01	1.752415865844e+02	3.918216492837e+01	-1.041893714452e-01
82    	155   	-2 	-2 	-9 	8.343100e+04	1.407000e+03	1.674513737770e-01	1.502137256286e-02	-8.741906182455e-01	1.674378705580e-01	1.506134723831e-02	-8.741906182455e-01	1.789691062465e+02	6.371059751806e+00	-8.741906182455e-01
83    	155   	4  	-2 	-9 	1.968770e+05	2.281000e+03	1.674497183528e-01	7.501636210705e-01	5.331057990066e-01	1.674525752082e-01	7.501612517247e-01	5.331057990066e-01	1.309336403831e+02	1.246490330386e+02	5.331057990066e-01
84    	29    	2  	-5 	4  	8.521190e+05	6.713000e+03	1.693394937781e-01	-6.949002926114e-01	3.080774115707e-01	1.693423795802e-01	-6.948797008571e-01	3.082334297940e-01	1.395573296252e+02	-1.114104991909e+02	3.082334297940e-01
85    	29    	3  	-5 	-4 	3.956800e+05	6.594000e+03	1.693436092252e-01	-9.384197153272e-02	1.995734055023e-01	1.693404057063e-01	-9.383692994156e-02	1.995990772983e-01	1.801825205752e+02	-1.312965092483e+01	1.995990772983e-01
86    	29    	-3 	-2 	-4 	5.331620e+05	7.008000e+03	1.693467054103e-01	-3.768192109504e-01	-1.034808889978e+00	1.693493456015e-01	-3.768041228011e-01	-1.034734482323e+00	1.686415109442e+02	-6.241661498726e+01	-1.034734482323e+00
87    	29    	5  	-3 	-4 	5.722200e+04	1.035000e+03	1.693431236343e-01	3.928287277724e-01	8.210317146755e-01	1.693422783203e-01	3.928098305976e-01	8.210317146755e-01	1.670796286493e+02	7.242581619444e+01	8.210317146755e-01
88    	29    	-2 	-3 	4  	1.114380e+06	1.018300e+04	1.693445277841e-01	-9.669077705287e-01	-8.657678846589e-01	1.693441494815e-01	-9.669597776283e-01	-8.654793613950e-01	1.037913456457e+02	-1.443503536649e+02	-8.654793613950e-01
89    	491   	0  	-1 	-14	6.096750e+05	4.528000e+03	1.698262567299e-01	6.869055952710e-01	-6.899445169891e-01	1.698276218755e-01	6.869005863825e-01	-6.869008222272e-01	1.404357158762e+02	1.178311088819e+02	-6.869008222272e-01
90    	491   	1  	0  	-14	7.769600e+05	1.320800e+04	1.698248327547e-01	1.058737150452e+00	-5.869880952473e-01	1.698236941583e-01	1.058698766288e+00	-5.867792907821e-01	8.932232930375e+01	1.605250844932e+02	-5.867792907821e-01
91    	13    	4  	-5 	0  	1.834100e+04	3.740000e+02	1.709370112000e-01	-2.016572752034e-01	5.408084866458e-01	1.709444967221e-01	-2.017813220088e-01	5.408084866458e-01	1.790634905390e+02	-3.264940189774e+01	5.408084866458e-01
92    	13    	1  	-5 	0  	3.624790e+05	4.156000e+03	1.709402091966e-01	-5.549673833632e-01	-8.756939867960e-02	1.709435916679e-01	-5.549743539975e-01	-8.627217075626e-02	1.556989207511e+02	-9.191387077416e+01	-8.627217075626e-02
93    	13    	-1 	-4 	0  	4.837750e+05	5.612000e+03	1.709423189163e-01	-6.655409344187e-01	-5.406174587065e-01	1.709395989514e-01	-6.655375935294e-01	-5.406750470858e-01	1.443051499968e+02	-1.083603317387e+02	-5.406750470858e-01
94    	13    	5  	-4 	0  	1.611500e+04	3.150000e+02	1.709372021558e-01	3.576797558562e-02	8.417713698191e-01	1.709397230888e-01	3.563045407842e-02	8.417713698191e-01	1.825247171313e+02	1.016594195741e+01	8.417713698191e-01
95    	22    	1  	-5 	3  	1.481370e+05	1.305000e+03	1.745954894753e-01	-7.407927610025e-01	6.442610624507e-03	1.746004823780e-01	-7.407768802614e-01	6.442610624507e-03	1.383814936621e+02	-1.214623767382e+02	6.442610624507e-03
96    	22    	4  	-5 	-3 	2.732600e+04	5.900000e+02	1.745961353244e-01	-3.725948208428e-02	4.165904327282e-01	1.745912727513e-01	-3.708512490013e-02	4.165904327282e-01	1.864980567531e+02	-3.155778401749e+00	4.165904327282e-01
-999  	22    	5  	-4 	-3 	    nan     	    nan     	1.745960209841e-01	1.951407571307e-01	7.078023725753e-01	       nan        	       nan        	       nan        	       nan        	       nan        	       nan        
98    	22    	-1 	-4 	3  	1.687410e+05	1.446000e+03	1.745980096273e-01	-8.688104133682e-01	-5.169041419464e-01	1.745998514486e-01	-8.688308057944e-01	-5.168158106469e-01	1.213933387771e+02	-1.379440252655e+02	-5.168158106469e-01
99    	23    	4  	-5 	3  	6.460000e+02	3.400000e+01	1.745922049335e-01	-3.629402054220e-01	6.673124149512e-01	1.746020470157e-01	-3.628811529285e-01	6.673124149512e-01	1.747050985551e+02	-6.209705999558e+01	6.673124149512e-01
100   	23    	1  	-5 	-3 	7.339200e+04	1.040000e+03	1.745991141286e-01	-3.651602298001e-01	-1.688498254796e-01	1.746011462648e-01	-3.651840514870e-01	-1.688498254796e-01	1.745951414394e+02	-6.248957369243e+01	-1.688498254796e-01
101   	23    	-1 	-4 	-3 	8.786600e+04	1.359000e+03	1.746007259174e-01	-4.620590360811e-01	-5.657527433880e-01	1.746027637354e-01	-4.620755764993e-01	-5.657527433880e-01	1.674696621939e+02	-7.893966760124e+01	-5.657527433880e-01
102   	23    	5  	-4 	3  	5.634700e+04	1.121000e+03	1.745926932709e-01	-1.241825127496e-01	9.683642135296e-01	1.745828955983e-01	-1.242796582051e-01	9.683642135296e-01	1.852324475852e+02	-1.925909938781e+01	9.683642135296e-01
103   	127   	0  	-4 	-8 	1.480160e+05	2.669000e+03	1.767295580037e-01	-7.355666615977e-02	-4.482939161563e-01	1.767289175396e-01	-7.363158142917e-02	-4.518855157144e-01	1.885223022933e+02	-1.008203179206e+01	-4.518855157144e-01
104   	211   	1  	-4 	-10	4.442900e+05	6.884000e+03	1.791738479457e-01	1.350801004850e-01	-3.136125893667e-01	1.791644396314e-01	1.350573345070e-01	-3.176296966685e-01	1.898296519286e+02	2.933831307788e+01	-3.176296966685e-01
105   	211   	3  	1  	-10	1.371361e+06	1.446600e+04	1.791701843659e-01	1.251558519228e+00	9.800159660226e-01	1.791676541933e-01	1.251497083975e+00	9.833648369915e-01	6.062939410109e+01	1.841301766868e+02	9.833648369915e-01
106   	211   	-1 	-3 	-10	4.254990e+05	7.574000e+03	1.791739385815e-01	4.823236374304e-02	-6.665679208399e-01	1.791606066807e-01	4.822363918751e-02	-6.703765827726e-01	1.914221250343e+02	1.289651186773e+01	-6.703765827726e-01
107   	211   	4  	-1 	-10	3.148400e+04	4.030000e+02	1.791712145578e-01	9.451981355326e-01	6.426615326895e-01	1.791607592037e-01	9.451536587363e-01	6.426615326895e-01	1.123713121298e+02	1.577753121501e+02	6.426615326895e-01
108   	338   	0  	-3 	12 	8.112000e+03	1.540000e+02	1.808272355494e-01	-1.345134445182e+00	7.011558954892e-01	1.808490898170e-01	-1.345139608878e+00	7.042637950263e-01	4.472977701944e+01	-1.839296574248e+02	7.042637950263e-01
109   	338   	3  	-3 	-12	2.650360e+05	3.129000e+03	1.808341773587e-01	5.967973694441e-01	3.599618862510e-02	1.808281863528e-01	5.968104612493e-01	3.601080788791e-02	1.599365949969e+02	1.115856857302e+02	3.601080788791e-02
110   	341   	0  	-3 	-12	1.653100e+05	3.421000e+03	1.808354017377e-01	2.558416887050e-01	-5.355489005172e-01	1.808329913653e-01	2.558141506410e-01	-5.356078136939e-01	1.870945054325e+02	5.231137870921e+01	-5.356078136939e-01
111   	341   	3  	0  	-12	4.354730e+05	7.886000e+03	1.808320897790e-01	1.175452827038e+00	3.626908784766e-01	1.808324545450e-01	1.175473073669e+00	3.627035534387e-01	7.488481054473e+01	1.807482829114e+02	3.627035534387e-01
112   	504   	2  	-2 	-14	7.711100e+05	8.949000e+03	1.817339246859e-01	7.454097597145e-01	-2.272197814494e-01	1.817329533832e-01	7.454077937560e-01	-2.230131477422e-01	1.429040082993e+02	1.345412569005e+02	-2.230131477422e-01
113   	66    	1  	-5 	6  	7.445240e+05	4.284000e+03	1.851365450259e-01	-9.055648789111e-01	1.165141009901e-01	1.851367399714e-01	-9.055471592596e-01	1.184041296653e-01	1.231453807468e+02	-1.512495017659e+02	1.184041296653e-01
114   	66    	5  	-4 	-6 	2.555100e+04	4.310000e+02	1.851403268979e-01	3.393937938077e-01	5.709989725189e-01	1.851438390506e-01	3.393803861200e-01	5.709989725189e-01	1.866826086228e+02	6.921536249497e+01	5.709989725189e-01
115   	66    	-1 	-4 	6  	7.840630e+05	8.534000e+03	1.851393517733e-01	-1.056141677521e+00	-4.956780586075e-01	1.851459311652e-01	-1.056163217611e+00	-4.954525919848e-01	9.865919354913e+01	-1.677959842181e+02	-4.954525919848e-01
116   	68    	4  	-5 	6  	2.182000e+04	2.800000e+02	1.851333013083e-01	-5.063030478890e-01	7.919805823891e-01	1.851417127307e-01	-5.063312835089e-01	7.919805823891e-01	1.736018985491e+02	-9.174533768809e+01	7.919805823891e-01
117   	68    	1  	-5 	-6 	2.813600e+05	5.284000e+03	1.851433858580e-01	-1.881469799136e-01	-2.402698127527e-01	1.851389577115e-01	-1.881645491172e-01	-2.402086027854e-01	1.947233898430e+02	-3.306896850592e+01	-2.402086027854e-01
118   	68    	-1 	-4 	-6 	3.105180e+05	5.321000e+03	1.851444782522e-01	-2.741576371660e-01	-5.917692274270e-01	1.851453623887e-01	-2.741723571609e-01	-5.917563560186e-01	1.909355628803e+02	-4.954530648525e+01	-5.917563560186e-01
119   	605   	1  	-2 	-15	1.351410e+05	1.402000e+03	1.889607494867e-01	6.472682684091e-01	-4.610569333328e-01	1.889636761860e-01	6.472547285967e-01	-4.610569333328e-01	1.613733725900e+02	1.247922612432e+02	-4.610569333328e-01
120   	605   	1  	1  	-15	2.481720e+05	3.990000e+03	1.889564995637e-01	1.248599636924e+00	-8.420843430883e-01	1.889587667852e-01	1.248587752543e+00	-8.420458036709e-01	6.464234061724e+01	1.940391572059e+02	-8.420458036709e-01
121   	605   	-1 	-1 	-15	1.153980e+05	1.640000e+03	1.889592863017e-01	5.480056322232e-01	-8.519135719369e-01	1.889553368520e-01	5.480283926935e-01	-8.518367398202e-01	1.726684477411e+02	1.083409125566e+02	-8.518367398202e-01
122   	605   	2  	-1 	-15	1.762500e+05	2.654000e+03	1.889594137769e-01	9.558158509716e-01	-2.771761171171e-01	1.889588220980e-01	9.558294578038e-01	-2.770710755282e-01	1.169031476745e+02	1.676538535975e+02	-2.770710755282e-01
123   	223   	0  	-4 	10 	1.307430e+06	1.451800e+04	1.904949713213e-01	-1.230953151751e+00	7.821604433638e-02	1.904947293491e-01	-1.230923108243e+00	8.255553226770e-02	6.933084353363e+01	-1.876259452351e+02	8.255553226770e-02
124   	223   	4  	-4 	-10	5.171460e+05	6.938000e+03	1.905011481982e-01	4.336599775559e-01	2.323860620580e-01	1.904958154140e-01	4.336397738669e-01	2.323997642557e-01	1.849449128906e+02	8.882676689399e+01	2.323997642557e-01
125   	50    	0  	-5 	-4 	3.231890e+05	4.438000e+03	1.924906519098e-01	-3.822076276332e-01	-3.826614601888e-01	1.924895015739e-01	-3.822378151663e-01	-3.826521311080e-01	1.915359777246e+02	-7.264646649085e+01	-3.826521311080e-01
126   	508   	1  	-3 	-14	3.093840e+05	3.639000e+03	1.929158149382e-01	4.444663056723e-01	-4.104827985690e-01	1.929136032905e-01	4.444704816477e-01	-4.096648940827e-01	1.864437920823e+02	9.194475622776e+01	-4.096648940827e-01
127   	508   	-1 	-2 	-14	2.916180e+05	4.911000e+03	1.929149345389e-01	3.571564911304e-01	-7.598857685103e-01	1.929189057187e-01	3.571249817209e-01	-7.597841434711e-01	1.935275937953e+02	7.546629476862e+01	-7.597841434711e-01
128   	508   	3  	-1 	-14	5.559510e+05	5.323000e+03	1.929134172881e-01	1.013836509879e+00	5.726552930696e-02	1.929120704011e-01	1.013840443385e+00	5.729919892214e-02	1.094193346056e+02	1.777510720256e+02	5.729919892214e-02
129   	15    	3  	-6 	0  	6.074400e+05	1.009200e+04	1.938934152004e-01	-3.954282378974e-01	2.378309498849e-01	1.938939401849e-01	-3.954460097085e-01	2.378709312107e-01	1.918771912364e+02	-7.574296728212e+01	2.378709312107e-01
130   	15    	-3 	-3 	0  	1.160646e+06	1.026500e+04	1.938990028756e-01	-6.752384476258e-01	-9.816489647425e-01	1.938907931758e-01	-6.752653100004e-01	-9.817488781001e-01	1.627794881961e+02	-1.252916953249e+02	-9.817488781001e-01
131   	215   	2  	-5 	10 	1.070200e+04	1.600000e+02	2.011915918106e-01	-9.547937352619e-01	5.920274113536e-01	2.011802200712e-01	-9.548073138109e-01	5.959320596078e-01	1.255227529626e+02	-1.713464663425e+02	5.959320596078e-01
132   	215   	5  	-3 	-10	2.335110e+05	2.241000e+03	2.012001724133e-01	6.423323379594e-01	5.073857477169e-01	2.011986932043e-01	6.423236347832e-01	5.073857477169e-01	1.725725808153e+02	1.320404120311e+02	5.073857477169e-01
133   	37    	4  	-6 	4  	2.622600e+04	3.170000e+02	2.030775689058e-01	-4.764519244972e-01	5.493618968994e-01	2.030838124662e-01	-4.764761299719e-01	5.502255440575e-01	1.937886822394e+02	-9.550132355310e+01	5.502255440575e-01
134   	52    	1  	-6 	4  	4.277280e+05	3.819000e+03	2.131581685364e-01	-7.752331505146e-01	-5.236187494686e-02	2.131563964055e-01	-7.751857544531e-01	-4.798516789077e-02	1.641506778628e+02	-1.554941893898e+02	-4.798516789077e-02
135   	52    	-1 	-5 	4  	4.288150e+05	4.098000e+03	2.131607392339e-01	-8.830957462883e-01	-4.925313707026e-01	2.131549054877e-01	-8.831119643537e-01	-4.925078250483e-01	1.461579024918e+02	-1.721117259020e+02	-4.925078250483e-01
136   	523   	4  	-3 	-14	2.088770e+05	2.349000e+03	2.135472737258e-01	7.091273258375e-01	1.362833581943e-01	2.135445183286e-01	7.091606153247e-01	1.363003204179e-01	1.738698023425e+02	1.520322918440e+02	1.363003204179e-01
137   	1     	0  	1  	2  	1.045723e+06	1.434800e+04	4.412849390080e-02	3.068203616838e+00	-3.375667191519e-01	4.412689017331e-02	3.067961675700e+00	-3.375471916554e-01	-4.489796355977e+01	6.594814878918e+00	-3.375471916554e-01
138   	14    	-1 	1  	4  	2.813369e+06	1.443600e+04	6.020505349670e-02	-2.547395973187e+00	1.814933682565e-01	6.020417491142e-02	-2.547463728318e+00	1.817602203394e-01	-5.108115506473e+01	-3.228800893954e+01	1.817602203394e-01
139   	0     	1  	1  	0  	2.064916e+06	1.435000e+04	6.454300118345e-02	2.469542954887e+00	-8.164567106002e-01	6.454122512600e-02	2.469553395856e+00	-8.162839835937e-01	-5.179450188805e+01	4.544400237285e+01	-8.162839835937e-01
140   	0     	-1 	2  	0  	1.126817e+06	1.434300e+04	6.454114640551e-02	2.747778477338e+00	3.777726979361e-01	6.454314683198e-02	2.747782883667e+00	3.778086944216e-01	-6.146977933206e+01	2.920459306575e+01	3.778086944216e-01
141   	8     	1  	1  	3  	1.415985e+06	1.433300e+04	7.364980679054e-02	2.970103192833e+00	-7.686749314810e-01	7.365305464953e-02	2.969879605151e+00	-7.685613020708e-01	-7.498822512191e+01	1.636142812682e+01	-7.685613020708e-01
142   	8     	-2 	1  	3  	2.661070e+05	8.830000e+02	7.364868897964e-02	-2.517391696113e+00	8.750073476624e-01	7.305951113190e-02	-2.517541136265e+00	8.758263551557e-01	-6.101928635993e+01	-4.180009595146e+01	8.758263551557e-01
143   	8     	1  	1  	-3 	3.437743e+06	1.436500e+04	7.364838403943e-02	1.971394327416e+00	-8.937976905953e-01	7.365518231593e-02	1.971416045223e+00	-8.946320462387e-01	-2.894266184722e+01	7.460436415911e+01	-8.946320462387e-01
144   	8     	-1 	2  	-3 	8.970600e+04	1.289000e+03	7.364568601460e-02	2.350025043824e+00	7.732466108952e-01	7.364963635199e-02	2.350001307377e+00	7.731143093890e-01	-5.331397361895e+01	5.832673346428e+01	7.731143093890e-01
145   	8     	-1 	2  	3  	1.253843e+06	1.433900e+04	7.364925320750e-02	-3.102838634271e+00	1.168665897303e-01	7.365517948732e-02	-3.102864848559e+00	1.169716949536e-01	-7.614964709174e+01	1.081408893546e-01	1.169716949536e-01
146   	4     	-2 	2  	2  	4.182000e+03	1.090000e+02	7.819337425060e-02	-2.985138844600e+00	6.261615473521e-01	7.820244597379e-02	-2.984958274110e+00	6.261615473521e-01	-8.001899511622e+01	-9.745399114386e+00	6.261615473521e-01
147   	4     	0  	2  	-2 	1.042470e+05	1.381000e+03	7.819299125073e-02	2.231620959785e+00	8.022101547625e-03	7.819216756695e-02	2.231633694909e+00	8.201871448373e-03	-4.934237779469e+01	6.816777427819e+01	8.201871448373e-03
148   	17    	0  	2  	4  	1.444371e+06	1.434100e+04	8.827848924243e-02	3.068129435483e+00	-3.154320754426e-01	8.827667899841e-02	3.068090727068e+00	-3.153507342646e-01	-9.140223078919e+01	9.905920352672e+00	-3.153507342646e-01
149   	45    	1  	1  	6  	1.653356e+06	1.443900e+04	9.592264958230e-02	-2.983897043358e+00	-7.299465233396e-01	9.591899913658e-02	-2.983954578028e+00	-7.298736216547e-01	-9.839461004776e+01	-1.281428549930e+01	-7.298736216547e-01
150   	45    	-2 	1  	6  	3.109163e+06	1.444300e+04	9.592206798674e-02	-2.312714136883e+00	5.504300292011e-01	9.591411033498e-02	-2.312708753944e+00	5.501332138829e-01	-6.685074736281e+01	-7.140707844814e+01	5.501332138829e-01
151   	45    	-1 	2  	6  	1.877992e+06	1.443800e+04	9.592304800808e-02	-2.818061474271e+00	-4.053266444452e-02	9.592047891059e-02	-2.818156199213e+00	-4.035171587355e-02	-9.446119596001e+01	-2.907028639935e+01	-4.035171587355e-02
152   	2     	2  	1  	1  	1.036280e+05	1.432000e+03	9.932096586578e-02	2.619151454400e+00	-1.002487589974e+00	9.932286674398e-02	2.619238532689e+00	-1.002589822465e+00	-8.940654866493e+01	5.532802978278e+01	-1.002589822465e+00
153   	2     	-3 	2  	1  	6.579000e+03	2.110000e+02	9.931828510389e-02	-2.923123039792e+00	1.014664604932e+00	9.931953824027e-02	-2.923073507744e+00	1.014664604932e+00	-1.008993985895e+02	-1.965283576953e+01	1.014664604932e+00
154   	2     	1  	2  	-1 	1.846720e+05	2.624000e+03	9.932032877402e-02	2.343602991617e+00	-5.350979404151e-01	9.933014033330e-02	2.343638905298e+00	-5.350767702457e-01	-7.188264390271e+01	7.809425628476e+01	-5.350767702457e-01
155   	2     	-1 	3  	-1 	1.032940e+05	1.262000e+03	9.931805278289e-02	2.546508965331e+00	2.892500645680e-01	9.931457426357e-02	2.546500112921e+00	2.892162711385e-01	-8.553750815192e+01	6.179270042399e+01	2.892162711385e-01
156   	2     	-2 	3  	1  	6.040000e+04	9.400000e+02	9.931827907617e-02	2.952236398146e+00	4.890986199148e-01	9.931983870945e-02	2.952320159046e+00	4.849231941931e-01	-1.016058279639e+02	2.275747942662e+01	4.849231941931e-01
157   	5     	1  	2  	2  	1.098630e+05	2.522000e+03	1.014129578978e-01	2.698634690072e+00	-5.700782377901e-01	1.014050840986e-01	2.698561845184e+00	-5.700782377901e-01	-9.530766201336e+01	4.890750847622e+01	-5.700782377901e-01
158   	5     	-2 	3  	-2 	6.000000e+02	3.000000e+01	1.014078405608e-01	2.666979469369e+00	7.205165523636e-01	1.013579740107e-01	2.667145691203e+00	7.205165523636e-01	-9.390473748932e+01	5.190581916640e+01	7.205165523636e-01
159   	5     	-1 	3  	2  	9.081300e+04	1.591000e+03	1.014115080115e-01	2.861520770105e+00	9.942855512215e-02	1.014071902372e-01	2.861516534732e+00	9.945320340781e-02	-1.015172410092e+02	3.261529475476e+01	9.945320340781e-02
160   	95    	0  	1  	8  	6.264690e+05	6.018000e+03	1.016795096951e-01	-2.604190066472e+00	-4.659879825413e-01	1.016788341903e-01	-2.604190734157e+00	-4.662980062443e-01	-9.059491207418e+01	-5.181429131275e+01	-4.662980062443e-01
161   	95    	-1 	0  	8  	9.593190e+05	1.445200e+04	1.016781700696e-01	-2.004279788068e+00	-1.026553270805e-02	1.016825480777e-01	-2.004250859016e+00	-1.007067664223e-02	-4.347284186742e+01	-9.412317977978e+01	-1.007067664223e-02
162   	19    	2  	1  	4  	1.077108e+06	1.434100e+04	1.093809845172e-01	2.939784076739e+00	-9.285234242044e-01	1.093873647817e-01	2.939729626028e+00	-9.322160174720e-01	-1.116771087310e+02	2.617187006215e+01	-9.322160174720e-01
163   	19    	-3 	2  	4  	3.049300e+04	6.980000e+02	1.093795154026e-01	-2.675171894685e+00	7.955803720558e-01	1.093911869903e-01	-2.675151196028e+00	7.955803720558e-01	-1.016987807367e+02	-4.886608929295e+01	7.955803720558e-01
164   	19    	1  	2  	-4 	2.227194e+06	1.437500e+04	1.093789672692e-01	2.014461710665e+00	-4.404999809427e-01	1.093793694283e-01	2.014387558094e+00	-4.408377358192e-01	-4.837305771081e+01	1.073991475752e+02	-4.408377358192e-01
165   	19    	-1 	3  	-4 	1.228597e+06	1.435700e+04	1.093761771166e-01	2.275111292084e+00	5.657080000386e-01	1.093792215061e-01	2.275093439116e+00	5.658914866412e-01	-7.363090091559e+01	9.106905285151e+01	5.658914866412e-01
166   	19    	-2 	3  	4  	1.023779e+06	1.443500e+04	1.093799894434e-01	-3.059650120604e+00	3.076647322643e-01	1.093833023234e-01	-3.059731459228e+00	3.076451271675e-01	-1.137138910949e+02	-6.414534558015e+00	3.076451271675e-01
167   	6     	0  	3  	0  	3.809932e+06	1.435500e+04	1.118294494641e-01	2.520881734634e+00	-1.322291401389e-01	1.118286618112e-01	2.520855745308e+00	-1.318358396638e-01	-9.480777683728e+01	7.171208334214e+01	-1.318358396638e-01
168   	6     	-3 	3  	0  	2.369600e+04	6.210000e+02	1.118265245886e-01	3.057761652780e+00	8.352614385995e-01	1.118266505774e-01	3.057713636724e+00	8.352614385995e-01	-1.163538088395e+02	1.290839709980e+01	8.352614385995e-01
169   	32    	1  	2  	5  	4.109600e+04	1.087000e+03	1.149976918871e-01	3.003506775255e+00	-5.803473004478e-01	1.149932895814e-01	3.003517035516e+00	-5.803473004478e-01	-1.188731309928e+02	1.972193654490e+01	-5.803473004478e-01
170   	32    	-3 	1  	5  	5.805300e+04	7.420000e+02	1.149958312177e-01	-2.371040285341e+00	1.022445169446e+00	1.150020617778e-01	-2.371188735887e+00	1.022445169446e+00	-8.564044045523e+01	-8.147228810468e+01	1.022445169446e+00
171   	32    	-2 	3  	-5 	7.298700e+04	7.370000e+02	1.149904330538e-01	2.442177508951e+00	9.882086855999e-01	1.149932444909e-01	2.442164269330e+00	9.882086855999e-01	-9.177833917963e+01	8.123262245837e+01	9.882086855999e-01
172   	32    	-1 	3  	5  	3.709600e+04	6.810000e+02	1.149971002186e-01	3.138225382739e+00	-2.619862132396e-02	1.150050341637e-01	3.138223040983e+00	-2.619862132396e-02	-1.200778878288e+02	3.419124433230e+00	-2.619862132396e-02
173   	102   	2  	0  	8  	1.192980e+05	2.699000e+03	1.204625751528e-01	-2.832539755593e+00	-1.032623993415e+00	1.204742520841e-01	-2.832489443646e+00	-1.032655886806e+00	-1.196540100658e+02	-3.569834947974e+01	-1.032655886806e+00
174   	102   	-2 	2  	8  	1.616450e+05	2.885000e+03	1.204647492186e-01	-2.546508450481e+00	2.178654522323e-01	1.204685875407e-01	-2.546515599692e+00	2.180888753233e-01	-1.038885828866e+02	-6.828229295197e+01	2.180888753233e-01
175   	184   	1  	0  	10 	2.070292e+06	1.443100e+04	1.240107981614e-01	-2.505598978115e+00	-8.412265519838e-01	1.240294704099e-01	-2.505629014591e+00	-8.413020963776e-01	-1.037933222457e+02	-7.478229607476e+01	-8.413020963776e-01
176   	184   	-1 	1  	10 	2.513955e+06	1.443900e+04	1.240126018322e-01	-2.339902954030e+00	-1.576456335634e-01	1.240142078541e-01	-2.339979707921e+00	-1.571004878474e-01	-8.955884907514e+01	-9.105439006964e+01	-1.571004878474e-01
177   	184   	0  	-1 	10 	2.306121e+06	1.445300e+04	1.240093583656e-01	-1.977033088508e+00	-8.242408210551e-01	1.240189187459e-01	-1.977039897584e+00	-8.243886818898e-01	-5.004869330771e+01	-1.171749753737e+02	-8.243886818898e-01
178   	137   	1  	1  	9  	3.653390e+05	5.272000e+03	1.245035905872e-01	-2.791114426001e+00	-6.951471099923e-01	1.245036509602e-01	-2.791135737000e+00	-6.951114833746e-01	-1.220237793556e+02	-4.215904672971e+01	-6.951114833746e-01
179   	137   	-2 	1  	9  	7.262410e+05	5.666000e+03	1.245033558232e-01	-2.229523861567e+00	3.094049696493e-01	1.245003771361e-01	-2.229499270445e+00	3.114281707778e-01	-7.896407683063e+01	-1.009166543435e+02	3.114281707778e-01
180   	137   	-1 	2  	9  	4.364170e+05	4.142000e+03	1.245045331778e-01	-2.655224304049e+00	-1.348192427344e-01	1.245101007790e-01	-2.655206092583e+00	-1.363849188549e-01	-1.148065828428e+02	-5.847251151884e+01	-1.363849188549e-01
181   	137   	-1 	-1 	9  	1.728184e+06	1.446500e+04	1.245010614638e-01	-1.711884297338e+00	1.920626508690e-01	1.245106302523e-01	-1.711873053341e+00	1.912339728457e-01	-1.687451763288e+01	-1.269767423718e+02	1.912339728457e-01
182   	3     	2  	2  	0  	9.686710e+05	1.105400e+04	1.291533434492e-01	2.468257555148e+00	-7.751557779879e-01	1.291523768521e-01	2.468194375687e+00	-7.751378728277e-01	-1.054601180813e+02	8.817105050323e+01	-7.751378728277e-01
183   	3     	-2 	4  	0  	5.402440e+05	1.017800e+04	1.291496280809e-01	2.747095042589e+00	4.127591923472e-01	1.291548087061e-01	2.747139199730e+00	4.128283197835e-01	-1.248554037129e+02	5.546677681914e+01	4.128283197835e-01
184   	12    	2  	2  	3  	2.455500e+05	2.430000e+03	1.339470645026e-01	2.735803311324e+00	-7.543703380096e-01	1.339433234113e-01	2.735760893335e+00	-7.563673735216e-01	-1.288278035856e+02	5.890695103617e+01	-7.563673735216e-01
185   	12    	2  	2  	-3 	4.755930e+05	6.136000e+03	1.339454966601e-01	2.200697732227e+00	-7.916312317133e-01	1.339430549843e-01	2.200682380346e+00	-7.915195139510e-01	-8.223998268840e+01	1.175339064915e+02	-7.915195139510e-01
186   	12    	-2 	4  	-3 	5.466300e+04	6.150000e+02	1.339407319003e-01	2.526107948121e+00	6.003963592549e-01	1.339356388943e-01	2.526041821832e+00	6.003963592549e-01	-1.145284281133e+02	8.480558583956e+01	6.003963592549e-01
187   	12    	-2 	4  	3  	1.851360e+05	2.945000e+03	1.339446628916e-01	2.976850402829e+00	2.654374734130e-01	1.339420619541e-01	2.976863305515e+00	2.654735327661e-01	-1.384763963007e+02	2.619765795380e+01	2.654735327661e-01
188   	10    	-4 	3  	2  	6.089000e+03	2.050000e+02	1.365003793541e-01	-2.937547693528e+00	9.268202513716e-01	1.365060870021e-01	-2.937582172584e+00	9.268202513716e-01	-1.400593672196e+02	-2.629485514721e+01	9.268202513716e-01
189   	10    	1  	3  	-2 	3.718640e+05	4.495000e+03	1.365024482089e-01	2.296081489705e+00	-3.645277946270e-01	1.365023656978e-01	2.296078610128e+00	-3.644885807588e-01	-9.462825482702e+01	1.110957992182e+02	-3.644885807588e-01
190   	10    	-1 	4  	-2 	3.018690e+05	3.244000e+03	1.365000104244e-01	2.453462605089e+00	2.535473470321e-01	1.365042101098e-01	2.453505612065e+00	2.534244560653e-01	-1.104211832182e+02	9.472203469484e+01	2.534244560653e-01
191   	10    	-3 	4  	2  	1.014850e+05	2.565000e+03	1.365004501391e-01	3.049008631730e+00	5.490251162471e-01	1.365032536237e-01	3.048967007842e+00	5.490492363069e-01	-1.425189558832e+02	1.631567083289e+01	5.490492363069e-01
192   	106   	1  	2  	8  	9.987500e+04	1.693000e+03	1.367036258732e-01	-3.054875783231e+00	-5.780064452317e-01	1.366957931032e-01	-3.054909135537e+00	-5.780064452317e-01	-1.426206990367e+02	-9.560434611890e+00	-5.780064452317e-01
193   	106   	-3 	1  	8  	1.018300e+04	1.500000e+02	1.367018699290e-01	-2.232451763500e+00	7.861034546785e-01	1.367070564547e-01	-2.232479896607e+00	7.861034546785e-01	-8.729726683374e+01	-1.110076246319e+02	7.861034546785e-01
194   	106   	-1 	3  	8  	1.089070e+05	2.559000e+03	1.367037066151e-01	-2.940571321485e+00	-1.087093135466e-01	1.367033790864e-01	-2.940538605600e+00	-1.129379392525e-01	-1.402841487068e+02	-2.591585434872e+01	-1.129379392525e-01
195   	191   	0  	2  	10 	6.916250e+05	1.298200e+04	1.398426335847e-01	-2.784501933168e+00	-3.951619340234e-01	1.398389195000e-01	-2.784529038697e+00	-3.951463702162e-01	-1.371352444035e+02	-4.874872559430e+01	-3.951463702162e-01
196   	191   	-2 	0  	10 	1.318513e+06	1.446300e+04	1.398402335700e-01	-1.958665081883e+00	5.080800031867e-01	1.398438282157e-01	-1.958677540715e+00	5.082608319429e-01	-5.434557055363e+01	-1.338065428274e+02	5.082608319429e-01
197   	302   	0  	0  	12 	1.057623e+06	1.444700e+04	1.419576573178e-01	-2.246546225851e+00	-5.754598746139e-01	1.419590580773e-01	-2.246576486233e+00	-5.755185529378e-01	-9.228953206782e+01	-1.141359446735e+02	-5.755185529378e-01
198   	24    	1  	3  	4  	4.001300e+05	6.510000e+03	1.425327560483e-01	2.807122129043e+00	-4.645278446259e-01	1.425265915854e-01	2.807086978316e+00	-4.645004845736e-01	-1.412075701272e+02	5.248605055976e+01	-4.645004845736e-01
199   	24    	-3 	4  	-4 	1.400763e+06	4.340000e+02	1.425245614495e-01	2.644144135932e+00	8.951259982553e-01	1.436876193593e-01	2.644171364955e+00	8.953542283859e-01	-1.325446729754e+02	7.556281372052e+01	8.953542283859e-01
200   	24    	-1 	4  	4  	3.656350e+05	8.162000e+03	1.425315315467e-01	2.919979837012e+00	-5.798506736935e-03	1.425295699696e-01	2.919949831208e+00	-5.770319694575e-03	-1.459088538932e+02	3.611556412494e+01	-5.770319694575e-03
201   	54    	2  	2  	6  	7.574170e+05	1.125000e+04	1.473997258593e-01	2.969714947973e+00	-7.312498794688e-01	1.473953677900e-01	2.969668407549e+00	-7.312967838516e-01	-1.524166504304e+02	2.963953598091e+01	-7.312967838516e-01
202   	54    	-4 	2  	6  	1.143790e+05	9.300000e+02	1.473974856720e-01	-2.515962022698e+00	9.204717954613e-01	1.473973786988e-01	-2.516030349023e+00	9.235889398637e-01	-1.250356372417e+02	-8.840900090774e+01	9.235889398637e-01
203   	54    	2  	2  	-6 	1.762587e+06	1.438500e+04	1.473968745461e-01	1.966456234312e+00	-7.987471298183e-01	1.473965551920e-01	1.966399135322e+00	-7.947228541997e-01	-5.901916760374e+01	1.471324075231e+02	-7.947228541997e-01
204   	54    	-2 	4  	-6 	1.076120e+05	9.370000e+02	1.473914674775e-01	2.347907026308e+00	8.257676824998e-01	1.473905745467e-01	2.347941347622e+00	8.257676824998e-01	-1.084015356493e+02	1.143029265155e+02	8.257676824998e-01
205   	54    	-2 	4  	6  	6.791780e+05	1.293300e+04	1.473986164322e-01	-3.102793515208e+00	1.537690208975e-01	1.474002596630e-01	-3.102828174024e+00	1.498703566228e-01	-1.546509609842e+02	-3.118765921039e+00	1.498703566228e-01
206   	16    	0  	4  	2  	2.448130e+05	3.428000e+03	1.510361396236e-01	2.671577363404e+00	-1.679660873828e-01	1.510412296539e-01	2.671552382678e+00	-1.679395666310e-01	-1.414579343938e+02	7.542919356373e+01	-1.679395666310e-01
207   	16    	-4 	4  	-2 	1.323500e+04	2.310000e+02	1.510299569676e-01	2.935008647102e+00	9.565262843953e-01	1.510316136128e-01	2.935057860462e+00	9.565262843953e-01	-1.554007431887e+02	3.574609800847e+01	9.565262843953e-01
208   	195   	2  	1  	10 	5.636580e+05	1.125200e+04	1.540615147302e-01	-2.922760733938e+00	-8.189929823227e-01	1.540653164533e-01	-2.922773642451e+00	-8.191979661897e-01	-1.578560552854e+02	-3.251945100506e+01	-8.191979661897e-01
209   	195   	-3 	2  	10 	1.212196e+06	9.596000e+03	1.540618439114e-01	-2.394409560586e+00	4.391927419186e-01	1.540588787380e-01	-2.394405535585e+00	4.393263524827e-01	-1.182091841662e+02	-1.079343248854e+02	4.393263524827e-01
210   	195   	-2 	3  	10 	6.464070e+05	1.162100e+04	1.540628633514e-01	-2.710457774051e+00	7.720424917519e-02	1.540680135302e-01	-2.710436131699e+00	7.726539173849e-02	-1.468487711409e+02	-6.528898433864e+01	7.726539173849e-02
211   	34    	-4 	4  	4  	1.505500e+04	2.830000e+02	1.565065918574e-01	-2.984812134224e+00	6.658032386817e-01	1.564916875803e-01	-2.984928267308e+00	6.658032386817e-01	-1.625232504724e+02	-2.297322555076e+01	6.658032386817e-01
212   	34    	0  	4  	-4 	4.396070e+05	4.762000e+03	1.565058240935e-01	2.228593734496e+00	7.192975245329e-02	1.565038048728e-01	2.228624377224e+00	7.207271948148e-02	-1.003760461146e+02	1.343044017559e+02	7.207271948148e-02
213   	115   	3  	1  	8  	1.288420e+05	1.638000e+03	1.644626289212e-01	3.119547894932e+00	-9.409588616766e-01	1.644805135700e-01	3.119642021884e+00	-9.426841153481e-01	-1.730291382449e+02	6.719813347357e+00	-9.426841153481e-01
214   	115   	-4 	3  	8  	1.711700e+04	3.500000e+02	1.644621322760e-01	-2.611577941535e+00	6.329382831487e-01	1.644646779167e-01	-2.611614358500e+00	6.329382831487e-01	-1.490714248182e+02	-8.527475708668e+01	6.329382831487e-01
215   	115   	1  	3  	-8 	4.903290e+05	4.423000e+03	1.644590422089e-01	1.857576979157e+00	2.013074602551e-02	1.644565425010e-01	1.857607698532e+00	2.170391440742e-02	-4.839006804255e+01	1.704718025848e+02	2.170391440742e-02
216   	115   	-1 	4  	-8 	2.439800e+04	3.260000e+02	1.644560522007e-01	2.096316676671e+00	7.431841939596e-01	1.644415532046e-01	2.096261425239e+00	7.431841939596e-01	-8.654791462916e+01	1.539903279111e+02	7.431841939596e-01
217   	115   	-3 	4  	8  	1.362160e+05	2.951000e+03	1.644628305437e-01	-2.878273459834e+00	3.041610412062e-01	1.644649360323e-01	-2.878271029377e+00	3.041817981906e-01	-1.670852661369e+02	-4.252240491254e+01	3.041817981906e-01
218   	155   	2  	2  	9  	8.323200e+04	1.761000e+03	1.674513737770e-01	-3.126726049660e+00	-7.067205608083e-01	1.674331149044e-01	-3.126662302533e+00	-7.110838839383e-01	-1.762664819199e+02	2.284839005032e-01	-7.110838839383e-01
219   	155   	-4 	2  	9  	5.281000e+03	1.050000e+02	1.674497183528e-01	-2.391640540668e+00	7.615100638231e-01	1.674401563239e-01	-2.391557590972e+00	7.615100638231e-01	-1.284582324482e+02	-1.181561043417e+02	7.615100638231e-01
220   	155   	2  	2  	-9 	4.767190e+05	4.159000e+03	1.674476049818e-01	1.777454209876e+00	-7.784388417836e-01	1.674426789799e-01	1.777367110785e+00	-7.757061484282e-01	-3.539493967759e+01	1.770663702132e+02	-7.757061484282e-01
221   	155   	-2 	4  	9  	8.387600e+04	9.390000e+02	1.674513428809e-01	-2.940482411611e+00	7.084582834727e-02	1.674548891603e-01	-2.940413681962e+00	6.975151215000e-02	-1.727538948594e+02	-3.262943050599e+01	6.975151215000e-02
222   	29    	3  	2  	4  	5.601050e+05	1.004600e+04	1.693467054103e-01	2.764605116321e+00	-8.527461864389e-01	1.693537160971e-01	2.764603932900e+00	-8.527034728393e-01	-1.658592178711e+02	6.908714767910e+01	-8.527034728393e-01
223   	29    	-5 	3  	4  	1.554180e+05	3.293000e+03	1.693431236343e-01	-2.748933331970e+00	1.004255869457e+00	1.693453238933e-01	-2.748959680958e+00	1.004240652937e+00	-1.646721878404e+02	-6.589252746723e+01	1.004240652937e+00
224   	29    	2  	3  	-4 	1.058894e+06	1.015300e+04	1.693445277841e-01	2.174409209523e+00	-5.689695542495e-01	1.693402559683e-01	2.174350736345e+00	-5.684965745944e-01	-1.009336450070e+02	1.510206872129e+02	-5.684965745944e-01
225   	29    	-2 	5  	-4 	8.786050e+05	9.060000e+03	1.693394937781e-01	2.446488592836e+00	5.281919596694e-01	1.693428787560e-01	2.446495713995e+00	5.281189466810e-01	-1.370159111450e+02	1.181007263329e+02	5.281189466810e-01
226   	29    	-3 	5  	4  	3.914900e+05	7.570000e+03	1.693436092252e-01	3.047593480811e+00	3.696631369891e-01	1.693398241209e-01	3.047613010385e+00	3.696927392426e-01	-1.777351025664e+02	1.975118909036e+01	3.696927392426e-01
227   	491   	0  	1  	14 	6.181340e+05	7.181000e+03	1.698262567299e-01	-2.454890034425e+00	-4.706786906012e-01	1.698238568859e-01	-2.454897159400e+00	-4.707114507837e-01	-1.377658668552e+02	-1.113286559451e+02	-4.707114507837e-01
228   	491   	-1 	0  	14 	7.730850e+05	1.115300e+04	1.698248327547e-01	-2.083175746288e+00	-2.430814363248e-01	1.698307009920e-01	-2.083197903723e+00	-2.430030913972e-01	-8.665756632675e+01	-1.540348398764e+02	-2.430030913972e-01
229   	491   	1  	-1 	14 	7.897210e+05	8.773000e+03	1.698224183955e-01	-2.246246333065e+00	-9.069473279050e-01	1.698349256665e-01	-2.246296037675e+00	-9.069216194047e-01	-1.109501720080e+02	-1.376615248205e+02	-9.069216194047e-01
230   	13    	1  	4  	0  	4.625390e+05	3.784000e+03	1.709423189163e-01	2.475850843204e+00	-3.236024595587e-01	1.709444602626e-01	2.475836738866e+00	-3.225810846650e-01	-1.416075502562e+02	1.150540490513e+02	-3.225810846650e-01
231   	13    	-5 	4  	0  	1.413800e+04	2.820000e+02	1.709372021558e-01	-3.105982767058e+00	1.012817033841e+00	1.709485692573e-01	-3.106130192784e+00	1.008453710711e+00	-1.801318732421e+02	-3.564111364067e+00	1.008453710711e+00
232   	13    	-4 	5  	0  	1.776200e+04	4.040000e+02	1.709370112000e-01	2.939774119827e+00	7.152662218733e-01	1.709277844002e-01	2.939688393695e+00	7.152662218733e-01	-1.766219581813e+02	3.928312759306e+01	7.152662218733e-01
233   	13    	-1 	5  	0  	3.505740e+05	3.550000e+03	1.709402091966e-01	2.586439369524e+00	1.133801634503e-01	1.709384548199e-01	2.586446446186e+00	1.171824605105e-01	-1.531280130865e+02	9.859354128853e+01	1.171824605105e-01
-999  	22    	-5 	4  	3  	    nan     	    nan     	1.745960209841e-01	-2.946616403214e+00	8.857558350598e-01	       nan        	       nan        	       nan        	       nan        	       nan        	       nan        
235   	22    	1  	4  	-3 	1.689910e+05	1.864000e+03	1.745980096273e-01	2.272532272780e+00	-2.474312265386e-01	1.745998966456e-01	2.272517648534e+00	-2.474312265386e-01	-1.186589900642e+02	1.446320816624e+02	-2.474312265386e-01
236   	22    	-1 	5  	-3 	1.450360e+05	1.291000e+03	1.745954894753e-01	2.400581170043e+00	2.425665662601e-01	1.745901622198e-01	2.400612881751e+00	2.427008330016e-01	-1.357869399544e+02	1.281473573400e+02	2.427008330016e-01
237   	22    	-4 	5  	3  	1.054400e+04	2.310000e+02	1.745961353244e-01	3.104171671720e+00	5.913078138653e-01	1.745947414028e-01	3.104106664285e+00	5.913078138653e-01	-1.840938263600e+02	9.816463208850e+00	5.913078138653e-01
238   	23    	1  	4  	3  	8.452000e+04	7.320000e+02	1.746007259174e-01	2.679353311239e+00	-3.708116743214e-01	1.745988059463e-01	2.679330322882e+00	-3.722158156585e-01	-1.648063470321e+02	8.562031980529e+01	-3.722158156585e-01
239   	23    	-4 	5  	-3 	4.352000e+03	7.600000e+01	1.745922049335e-01	2.778479813374e+00	8.540084999045e-01	1.745833247459e-01	2.778338303288e+00	8.540084999045e-01	-1.722312805829e+02	6.879632907004e+01	8.540084999045e-01
240   	23    	-1 	5  	3  	7.420300e+04	1.230000e+03	1.745991141286e-01	2.776259635986e+00	1.801077121947e-02	1.745949226293e-01	2.776265706086e+00	1.769876506706e-02	-1.720497433525e+02	6.915335345480e+01	1.769876506706e-02
241   	127   	0  	4  	8  	1.467940e+05	2.971000e+03	1.767295580037e-01	3.067872174010e+00	-2.710865334704e-01	1.767271296992e-01	3.067892845787e+00	-2.710675100308e-01	-1.859592536749e+02	1.668859225301e+01	-2.710675100308e-01
242   	211   	1  	3  	10 	4.058830e+05	5.702000e+03	1.791739385815e-01	-3.093526123159e+00	-4.871871218113e-01	1.791581453506e-01	-3.093544120573e+00	-4.885526551233e-01	-1.888123367324e+02	-6.294092211857e+00	-4.885526551233e-01
243   	211   	-4 	1  	10 	2.376830e+05	3.668000e+03	1.791712145578e-01	-2.196677324040e+00	9.470223075308e-01	1.791624691591e-01	-2.196692399328e+00	9.470255201356e-01	-1.099072575792e+02	-1.513011602109e+02	9.470255201356e-01
244   	211   	-1 	4  	10 	4.185260e+05	7.022000e+03	1.791738479457e-01	-3.006679715011e+00	-1.328024459194e-01	1.791740470718e-01	-3.006685101290e+00	-1.327763822870e-01	-1.873296781764e+02	-2.276158713183e+01	-1.327763822870e-01
245   	338   	3  	0  	12 	1.826670e+05	3.406000e+03	1.808309088225e-01	-2.831840751750e+00	-1.000935336311e+00	1.808432268672e-01	-2.831831041117e+00	-1.000918543918e+00	-1.815210674123e+02	-5.574216474686e+01	-1.000918543918e+00
246   	338   	-3 	3  	12 	2.554780e+05	4.168000e+03	1.808341773587e-01	-2.544997393702e+00	2.543333558080e-01	1.808327042530e-01	-2.544992730703e+00	2.543510326312e-01	-1.574803618887e+02	-1.050915373579e+02	2.543510326312e-01
247   	341   	0  	3  	12 	1.616000e+05	2.554000e+03	1.808354017377e-01	-2.885923771302e+00	-3.486682907124e-01	1.808286537073e-01	-2.885956179931e+00	-3.525767320059e-01	-1.845265009994e+02	-4.575354953808e+01	-3.525767320059e-01
248   	341   	-3 	0  	12 	7.415000e+03	1.370000e+02	1.808320897790e-01	-1.966573699781e+00	8.248647241304e-01	1.808371420036e-01	-1.966626898431e+00	8.248647241304e-01	-7.241840234472e+01	-1.742554705486e+02	8.248647241304e-01
249   	504   	2  	0  	14 	5.078170e+05	4.558000e+03	1.817307330371e-01	-2.609182618468e+00	-8.776399736337e-01	1.817402732328e-01	-2.609207566467e+00	-8.773404799361e-01	-1.648150687024e+02	-9.517698676649e+01	-8.773404799361e-01
250   	504   	-2 	2  	14 	7.659450e+05	6.761000e+03	1.817339246859e-01	-2.396411528490e+00	1.949892328618e-02	1.817317555098e-01	-2.396409985812e+00	1.956396767383e-02	-1.403719518587e+02	-1.280590781485e+02	1.956396767383e-02
251   	504   	0  	-2 	14 	1.101074e+06	1.447700e+04	1.817279499551e-01	-1.881969253898e+00	-9.142863118728e-01	1.817462968723e-01	-1.882061073023e+00	-9.136079617770e-01	-5.728965798609e+01	-1.807588229562e+02	-9.136079617770e-01
252   	66    	4  	1  	6  	3.207180e+05	3.827000e+03	1.851424893774e-01	2.919591109165e+00	-1.032623724241e+00	1.851478541814e-01	2.919643174204e+00	-1.032645247128e+00	-1.907552799118e+02	4.620647808182e+01	-1.032645247128e+00
253   	66    	-5 	4  	6  	2.572000e+04	5.170000e+02	1.851403268979e-01	-2.802380397832e+00	7.672632965470e-01	1.851475150874e-01	-2.802390035621e+00	7.672632965470e-01	-1.843177661108e+02	-6.268197962051e+01	7.672632965470e-01
254   	66    	1  	4  	-6 	7.608120e+05	1.157900e+04	1.851393517733e-01	2.085103093406e+00	-1.227465613144e-01	1.851386612688e-01	2.085116550502e+00	-1.185134762786e-01	-9.589238200928e+01	1.744701982952e+02	-1.185134762786e-01
255   	66    	-1 	5  	-6 	7.270470e+05	8.265000e+03	1.851365450259e-01	2.235750387593e+00	4.151300743456e-01	1.851354467398e-01	2.235826774501e+00	4.151988807635e-01	-1.205473953502e+02	1.579442728501e+02	4.151988807635e-01
256   	66    	-4 	5  	6  	2.852680e+05	5.382000e+03	1.851407191463e-01	-3.026724767178e+00	4.841547037723e-01	1.851444653257e-01	-3.026752790323e+00	4.842151210864e-01	-1.943362355352e+02	-1.973175990090e+01	4.842151210864e-01
257   	68    	1  	4  	6  	3.014710e+05	4.114000e+03	1.851444782522e-01	2.867257178684e+00	-3.994805203431e-01	1.851413319430e-01	2.867229969015e+00	-3.994598522675e-01	-1.883215831064e+02	5.621523010322e+01	-3.994598522675e-01
258   	68    	-4 	5  	-6 	1.552890e+05	2.032000e+03	1.851333013083e-01	2.635093856955e+00	1.003498166792e+00	1.851414782335e-01	2.635031198933e+00	1.007613102873e+00	-1.711399305199e+02	9.845196600601e+01	1.007613102873e+00
259   	68    	-1 	5  	6  	2.995300e+05	4.846000e+03	1.851433858580e-01	2.953271404581e+00	-5.181670528390e-02	1.851434161578e-01	2.953275088010e+00	-5.552872745191e-02	-1.922239775334e+02	3.971895398090e+01	-5.552872745191e-02
260   	605   	1  	1  	15 	1.050120e+05	1.371000e+03	1.889592863017e-01	-2.593791726430e+00	-6.307951516964e-01	1.889639031275e-01	-2.593762904087e+00	-6.307951516964e-01	-1.700212436097e+02	-1.018491293571e+02	-6.307951516964e-01
261   	605   	-2 	1  	15 	1.680610e+05	2.011000e+03	1.889594137769e-01	-2.186079610430e+00	4.834498102010e-02	1.889534569520e-01	-2.186063378891e+00	4.834498102010e-02	-1.143458454825e+02	-1.611787357330e+02	4.834498102010e-02
262   	605   	-1 	2  	15 	1.269010e+05	1.361000e+03	1.889607494867e-01	-2.494543414250e+00	-2.246051392013e-01	1.889554599877e-01	-2.494547860441e+00	-2.246051392013e-01	-1.588064325362e+02	-1.183049713446e+02	-2.246051392013e-01
263   	605   	2  	-1 	15 	1.578280e+05	1.592000e+03	1.889552136071e-01	-2.430623871966e+00	-9.930691771816e-01	1.889662469389e-01	-2.430631564631e+00	-9.930691771816e-01	-1.506092691307e+02	-1.282885012775e+02	-9.930691771816e-01
264   	605   	-1 	-1 	15 	2.442380e+05	3.818000e+03	1.889564995637e-01	-1.893544391173e+00	-2.609853665914e-01	1.889546735858e-01	-1.893517962493e+00	-2.608702263693e-01	-6.195954145845e+01	-1.875330835198e+02	-2.608702263693e-01
265   	223   	-4 	4  	10 	5.240040e+05	8.295000e+03	1.905011481982e-01	-2.708126813131e+00	4.421749676400e-01	1.905049159172e-01	-2.708114816166e+00	4.421982829291e-01	-1.825618468716e+02	-8.232353174810e+01	4.421982829291e-01
266   	223   	0  	4  	-10	1.304840e+05	1.816000e+03	1.904949713213e-01	1.910110609317e+00	6.368579756151e-01	1.904952999840e-01	1.910093528759e+00	6.412147780375e-01	-6.660982226337e+01	1.942980432229e+02	6.412147780375e-01
267   	50    	0  	5  	4  	3.389430e+05	4.512000e+03	1.924906519098e-01	2.759193148119e+00	-1.752964003313e-01	1.924946707777e-01	2.759215421280e+00	-1.751780172418e-01	-1.889851143000e+02	7.933311064724e+01	-1.751780172418e-01
268   	508   	1  	2  	14 	2.772090e+05	4.202000e+03	1.929149345389e-01	-2.784626593933e+00	-5.540727616292e-01	1.929227297570e-01	-2.784642471752e+00	-5.577938848894e-01	-1.909312567539e+02	-6.894080587689e+01	-5.577938848894e-01
269   	508   	-3 	1  	14 	5.234210e+05	8.109000e+03	1.929134172881e-01	-2.128093578764e+00	4.192437643376e-01	1.929120807111e-01	-2.128020449866e+00	4.192741246458e-01	-1.069183022991e+02	-1.712917069221e+02	4.192741246458e-01
270   	508   	-1 	3  	14 	3.020820e+05	4.131000e+03	1.929158149382e-01	-2.697323960955e+00	-1.969659424455e-01	1.929198687596e-01	-2.697317775962e+00	-1.967796993445e-01	-1.839395455088e+02	-8.543723043963e+01	-1.967796993445e-01
271   	15    	3  	3  	0  	1.161980e+06	7.354000e+03	1.938990028756e-01	2.466124430664e+00	-7.337118931369e-01	1.938944148638e-01	2.466080244606e+00	-7.300380470087e-01	-1.599802014777e+02	1.320160095357e+02	-7.300380470087e-01
272   	15    	-3 	6  	0  	6.137680e+05	9.162000e+03	1.938934152004e-01	2.745970080686e+00	4.478321528774e-01	1.939022206369e-01	2.745990504149e+00	4.479195376350e-01	-1.894482632665e+02	8.243821277400e+01	4.479195376350e-01
273   	215   	-5 	3  	10 	9.575000e+03	1.040000e+02	2.012001724133e-01	-2.499492759551e+00	7.581724515487e-01	2.012044806727e-01	-2.499538164678e+00	7.595167652024e-01	-1.702124370324e+02	-1.255697377868e+02	7.595167652024e-01
274   	215   	-2 	5  	-10	8.551600e+04	1.071000e+03	2.011915918106e-01	2.186476703118e+00	9.380099760358e-01	2.012006429491e-01	2.186509260530e+00	9.423732991658e-01	-1.229611661127e+02	1.780817656106e+02	9.423732991658e-01
275   	37    	2  	4  	4  	1.924820e+05	2.736000e+03	2.030878433484e-01	2.696738389767e+00	-5.137876423269e-01	2.030907400004e-01	2.696716926795e+00	-5.137749478362e-01	-1.942996426791e+02	9.603966098837e+01	-5.137749478362e-01
276   	37    	4  	2  	-4 	4.196280e+05	4.317000e+03	2.030859818717e-01	2.271529101626e+00	-1.025975810633e+00	2.030902250059e-01	2.271585947899e+00	-1.021700008094e+00	-1.385144103177e+02	1.684519259652e+02	-1.021700008094e+00
277   	37    	-4 	6  	-4 	1.358800e+04	1.770000e+02	2.030775689058e-01	2.664929287122e+00	7.776953156648e-01	2.030712808722e-01	2.664947508584e+00	7.776953156648e-01	-1.913600101027e+02	1.022098479598e+02	7.776953156648e-01
278   	52    	1  	5  	-4 	4.347500e+05	4.425000e+03	2.131607392339e-01	2.258186053265e+00	-1.585184390270e-01	2.131610636102e-01	2.258199288183e+00	-1.547890046275e-01	-1.434574890847e+02	1.788569947273e+02	-1.547890046275e-01
279   	52    	-1 	6  	-4 	4.324450e+05	2.935000e+03	2.131581685364e-01	2.366083264851e+00	2.450354999094e-01	2.131606645887e-01	2.366154578943e+00	2.450706934510e-01	-1.615842759008e+02	1.622466579987e+02	2.450706934510e-01
280   	523   	-4 	3  	14 	1.958590e+05	1.749000e+03	2.135472737258e-01	-2.432725719757e+00	4.168503084322e-01	2.135477262238e-01	-2.432651529796e+00	4.169019931118e-01	-1.714793483296e+02	-1.455959062609e+02	4.169019931118e-01
